Reading Profile files in heartwall-log/tau_exec/10/profile.*

NODE 0;CONTEXT 0;THREAD 0:
---------------------------------------------------------------------------------------
%Time    Exclusive    Inclusive       #Call      #Subrs  Inclusive Name
              msec   total msec                          usec/call 
---------------------------------------------------------------------------------------
100.0          151          754           1        1286     754138 .TAU application
 77.5          584          584         623           0        938 cudaMalloc
  1.6           12           12         623           0         20 cudaFree
  0.7            5            5          18           0        308 cudaMemcpy
  0.1        0.383        0.383          12           0         32 cudaMemcpyToSymbol
  0.0        0.307        0.307          10           0         31 cudaLaunchKernel: kernel()
---------------------------------------------------------------------------------------

USER EVENTS Profile :NODE 0, CONTEXT 0, THREAD 0
---------------------------------------------------------------------------------------
NumSamples   MaxValue   MinValue  MeanValue  Std. Dev.  Event Name
---------------------------------------------------------------------------------------
         4   1.29E+04       8320  1.061E+04       2288  Bytes copied from Device to Host
         4   1.29E+04       8320  1.061E+04       2288  Bytes copied from Device to Host : cudaMemcpy
        26  1.952E+06         16  7.512E+05  9.495E+05  Bytes copied from Host to Device
        14  1.952E+06         80  1.394E+06  8.819E+05  Bytes copied from Host to Device : cudaMemcpy
        12       8160         16      736.7       2243  Bytes copied from Host to Device : cudaMemcpyToSymbol
---------------------------------------------------------------------------------------

NODE 0;CONTEXT 0;THREAD 1:
---------------------------------------------------------------------------------------
%Time    Exclusive    Inclusive       #Call      #Subrs  Inclusive Name
              msec   total msec                          usec/call 
---------------------------------------------------------------------------------------
100.0           65          102           1          40     102478 .TAU application
 35.5           36           36          10           0       3636 kernel()
  0.6        0.626        0.626          26           0         24 Memory copy Host to Device
  0.0       0.0105       0.0105           4           0          3 Memory copy Device to Host
---------------------------------------------------------------------------------------

USER EVENTS Profile :NODE 0, CONTEXT 0, THREAD 1
---------------------------------------------------------------------------------------
NumSamples   MaxValue   MinValue  MeanValue  Std. Dev.  Event Name
---------------------------------------------------------------------------------------
        10          4          4          4          0  Allocatable Blocks Per SM given Registers used (Blocks)
        10          4          4          4          0  Allocatable Blocks Per SM given Registers used (Blocks) : kernel()
        10          4          4          4          0  Allocatable Blocks Per SM given Shared Memory usage (Blocks)
        10          4          4          4          0  Allocatable Blocks Per SM given Shared Memory usage (Blocks) : kernel()
        10          2          2          2          0  Allocatable Blocks per SM given Thread count (Blocks)
        10          2          2          2          0  Allocatable Blocks per SM given Thread count (Blocks) : kernel()
        10        256        256        256          0  Block Size
        10        256        256        256          0  Block Size : kernel()
         4   1.29E+04       8320  1.061E+04       2288  Bytes copied from Device to Host
         4   1.29E+04       8320  1.061E+04       2288  Bytes copied from Device to Host : Memory copy Device to Host
        26  1.952E+06         16  7.512E+05  9.495E+05  Bytes copied from Host to Device
        26  1.952E+06         16  7.512E+05  9.495E+05  Bytes copied from Host to Device : Memory copy Host to Device
        10         16         16         16          0  GPU Occupancy (Warps)
        10         16         16         16          0  GPU Occupancy (Warps) : kernel()
        10          0          0          0          0  Local Memory (bytes per thread)
        10          0          0          0          0  Local Memory (bytes per thread) : kernel()
        10         54         54         54          0  Local Registers (per thread)
        10         54         54         54          0  Local Registers (per thread) : kernel()
        10          0          0          0          0  Shared Dynamic Memory (bytes)
        10          0          0          0          0  Shared Dynamic Memory (bytes) : kernel()
        10  1.187E+04  1.187E+04  1.187E+04          0  Shared Static Memory (bytes)
        10  1.187E+04  1.187E+04  1.187E+04          0  Shared Static Memory (bytes) : kernel()
---------------------------------------------------------------------------------------

NODE 0;CONTEXT 0;THREAD 2:
---------------------------------------------------------------------------------------
%Time    Exclusive    Inclusive       #Call      #Subrs  Inclusive Name
              msec   total msec                          usec/call 
---------------------------------------------------------------------------------------
100.0          140          140           1           0     140668 .TAU application

FUNCTION SUMMARY (total):
---------------------------------------------------------------------------------------
%Time    Exclusive    Inclusive       #Call      #Subrs  Inclusive Name
              msec   total msec                          usec/call 
---------------------------------------------------------------------------------------
100.0          357          997           3        1326     332428 .TAU application
 58.6          584          584         623           0        938 cudaMalloc
  3.6           36           36          10           0       3636 kernel()
  1.2           12           12         623           0         20 cudaFree
  0.6            5            5          18           0        308 cudaMemcpy
  0.1        0.626        0.626          26           0         24 Memory copy Host to Device
  0.0        0.383        0.383          12           0         32 cudaMemcpyToSymbol
  0.0        0.307        0.307          10           0         31 cudaLaunchKernel: kernel()
  0.0       0.0105       0.0105           4           0          3 Memory copy Device to Host

FUNCTION SUMMARY (mean):
---------------------------------------------------------------------------------------
%Time    Exclusive    Inclusive       #Call      #Subrs  Inclusive Name
              msec   total msec                          usec/call 
---------------------------------------------------------------------------------------
100.0          119          332           1         442     332428 .TAU application
 58.6          194          194     207.667           0        938 cudaMalloc
  3.6           12           12     3.33333           0       3636 kernel()
  1.2            4            4     207.667           0         20 cudaFree
  0.6            1            1           6           0        308 cudaMemcpy
  0.1        0.209        0.209     8.66667           0         24 Memory copy Host to Device
  0.0        0.128        0.128           4           0         32 cudaMemcpyToSymbol
  0.0        0.102        0.102     3.33333           0         31 cudaLaunchKernel: kernel()
  0.0       0.0035       0.0035     1.33333           0          3 Memory copy Device to Host
