Reading Profile files in heartwall-log/tau_exec/40/profile.*

NODE 0;CONTEXT 0;THREAD 0:
---------------------------------------------------------------------------------------
%Time    Exclusive    Inclusive       #Call      #Subrs  Inclusive Name
              msec   total msec                          usec/call 
---------------------------------------------------------------------------------------
100.0          411        1,013           1        1376    1013946 .TAU application
 57.3          580          580         623           0        932 cudaMalloc
  1.2           12           12         623           0         20 cudaFree
  0.7            7            7          48           0        157 cudaMemcpy
  0.1            1            1          42           0         31 cudaMemcpyToSymbol
  0.1        0.965        0.965          40           0         24 cudaLaunchKernel: kernel()
---------------------------------------------------------------------------------------

USER EVENTS Profile :NODE 0, CONTEXT 0, THREAD 0
---------------------------------------------------------------------------------------
NumSamples   MaxValue   MinValue  MeanValue  Std. Dev.  Event Name
---------------------------------------------------------------------------------------
         4   1.29E+04       8320  1.061E+04       2288  Bytes copied from Device to Host
         4   1.29E+04       8320  1.061E+04       2288  Bytes copied from Device to Host : cudaMemcpy
        86  1.952E+06         16  9.081E+05  9.736E+05  Bytes copied from Host to Device
        44  1.952E+06         80  1.775E+06  5.612E+05  Bytes copied from Host to Device : cudaMemcpy
        42       8160         16      221.9       1242  Bytes copied from Host to Device : cudaMemcpyToSymbol
---------------------------------------------------------------------------------------

NODE 0;CONTEXT 0;THREAD 1:
---------------------------------------------------------------------------------------
%Time    Exclusive    Inclusive       #Call      #Subrs  Inclusive Name
              msec   total msec                          usec/call 
---------------------------------------------------------------------------------------
100.0          227          366           1         130     366745 .TAU application
 37.2          136          136          40           0       3411 kernel()
  0.6            2            2          86           0         27 Memory copy Host to Device
  0.0       0.0095       0.0095           4           0          2 Memory copy Device to Host
---------------------------------------------------------------------------------------

USER EVENTS Profile :NODE 0, CONTEXT 0, THREAD 1
---------------------------------------------------------------------------------------
NumSamples   MaxValue   MinValue  MeanValue  Std. Dev.  Event Name
---------------------------------------------------------------------------------------
        40          4          4          4          0  Allocatable Blocks Per SM given Registers used (Blocks)
        40          4          4          4          0  Allocatable Blocks Per SM given Registers used (Blocks) : kernel()
        40          4          4          4          0  Allocatable Blocks Per SM given Shared Memory usage (Blocks)
        40          4          4          4          0  Allocatable Blocks Per SM given Shared Memory usage (Blocks) : kernel()
        40          2          2          2          0  Allocatable Blocks per SM given Thread count (Blocks)
        40          2          2          2          0  Allocatable Blocks per SM given Thread count (Blocks) : kernel()
        40        256        256        256          0  Block Size
        40        256        256        256          0  Block Size : kernel()
         4   1.29E+04       8320  1.061E+04       2288  Bytes copied from Device to Host
         4   1.29E+04       8320  1.061E+04       2288  Bytes copied from Device to Host : Memory copy Device to Host
        86  1.952E+06         16  9.081E+05  9.736E+05  Bytes copied from Host to Device
        86  1.952E+06         16  9.081E+05  9.736E+05  Bytes copied from Host to Device : Memory copy Host to Device
        40         16         16         16          0  GPU Occupancy (Warps)
        40         16         16         16          0  GPU Occupancy (Warps) : kernel()
        40          0          0          0          0  Local Memory (bytes per thread)
        40          0          0          0          0  Local Memory (bytes per thread) : kernel()
        40         54         54         54          0  Local Registers (per thread)
        40         54         54         54          0  Local Registers (per thread) : kernel()
        40          0          0          0          0  Shared Dynamic Memory (bytes)
        40          0          0          0          0  Shared Dynamic Memory (bytes) : kernel()
        40  1.187E+04  1.187E+04  1.187E+04          0  Shared Static Memory (bytes)
        40  1.187E+04  1.187E+04  1.187E+04          0  Shared Static Memory (bytes) : kernel()
---------------------------------------------------------------------------------------

NODE 0;CONTEXT 0;THREAD 2:
---------------------------------------------------------------------------------------
%Time    Exclusive    Inclusive       #Call      #Subrs  Inclusive Name
              msec   total msec                          usec/call 
---------------------------------------------------------------------------------------
100.0          140          140           1           0     140279 .TAU application

FUNCTION SUMMARY (total):
---------------------------------------------------------------------------------------
%Time    Exclusive    Inclusive       #Call      #Subrs  Inclusive Name
              msec   total msec                          usec/call 
---------------------------------------------------------------------------------------
100.0          779        1,520           3        1506     506990 .TAU application
 38.2          580          580         623           0        932 cudaMalloc
  9.0          136          136          40           0       3411 kernel()
  0.8           12           12         623           0         20 cudaFree
  0.5            7            7          48           0        157 cudaMemcpy
  0.2            2            2          86           0         27 Memory copy Host to Device
  0.1            1            1          42           0         31 cudaMemcpyToSymbol
  0.1        0.965        0.965          40           0         24 cudaLaunchKernel: kernel()
  0.0       0.0095       0.0095           4           0          2 Memory copy Device to Host

FUNCTION SUMMARY (mean):
---------------------------------------------------------------------------------------
%Time    Exclusive    Inclusive       #Call      #Subrs  Inclusive Name
              msec   total msec                          usec/call 
---------------------------------------------------------------------------------------
100.0          259          506           1         502     506990 .TAU application
 38.2          193          193     207.667           0        932 cudaMalloc
  9.0           45           45     13.3333           0       3411 kernel()
  0.8            4            4     207.667           0         20 cudaFree
  0.5            2            2          16           0        157 cudaMemcpy
  0.2        0.763        0.763     28.6667           0         27 Memory copy Host to Device
  0.1        0.438        0.438          14           0         31 cudaMemcpyToSymbol
  0.1        0.322        0.322     13.3333           0         24 cudaLaunchKernel: kernel()
  0.0      0.00317      0.00317     1.33333           0          2 Memory copy Device to Host
