Hierarchy Level	Metric Name	Metric Value
0	Elapsed Time	1.334655
1	Paused Time	0.0
0	Effective CPU Utilization	2.1% (1.510 out of 72 logical CPUs)
1	OpenMP Analysis. Collection Time	1.334655
2	Serial Time (outside parallel regions)	1.253s (93.9%)
3	Top Serial Hotspots (outside parallel regions)	
3	Function	Module	Serial CPU Time
3	__isoc99_fscanf	libc.so.6	1.000000
3	__kmp_get_global_thread_id_reg	libiomp5.so	0.040000
3	__kmp_fork_call	libiomp5.so	0.010000
3	create_matrix_from_file	lud_omp	0.010000
2	Parallel Region Time	0.082s (6.1%)
3	Estimated Ideal Time	0.072s (5.4%)
3	OpenMP Potential Gain	0.010s (0.7%)
1	Total Thread Count	18
2	Thread Oversubscription	0s (0.0% of CPU Time)
1	Wait Time with poor CPU Utilization	0.312s (100.0% of Wait Time)
2	Top Waiting Objects	
2	Sync Object	Wait Time with poor CPU Utilization	(% from Object Wait Time)(%)	Wait Count
2	Condition Variable 0x74c978ed	0.309623	100.0	14
2	Stream ../../data/lud/2048.dat 0xee8bdb2f	0.001746	100.0	1
2	Stream 0xef34bf1c	0.000254	100.0	1
2	Stream /proc/cpuinfo 0xbf943bf9	0.000117	100.0	1
2	Stream 0xb00fdbad	0.000079	100.0	2
2	[Others]	0.000073	100.0	5
1	Spin and Overhead Time	1.180s (37.0% of CPU Time)
2	Top Functions with Spin or Overhead Time	
2	Function	Module	Spin and Overhead Time	(% from CPU Time)(%)
2	__kmp_fork_barrier	libiomp5.so	1.059972	33.2
2	__kmp_get_global_thread_id_reg	libiomp5.so	0.040000	1.3
2	__kmp_fork_call	libiomp5.so	0.030000	0.9
2	__kmp_join_barrier	libiomp5.so	0.029971	0.9
2	[OpenMP dispatcher]	libiomp5.so	0.010001	0.3
2	_INTERNAL_25_______src_kmp_runtime_cpp_ddfed41b::__kmp_itt_stack_callee_enter	libiomp5.so	0.009999	0.3
0	Collection and Platform Info	
1	Application Command Line	lud_omp "-n" "18" "-i" "../../data/lud/2048.dat" 
1	Operating System	3.10.0-1160.15.2.1chaos.ch6.x86_64 NAME="Red Hat Enterprise Linux Server" VERSION="7.9 (Maipo)" ID="rhel" ID_LIKE="fedora" VARIANT="Server" VARIANT_ID="server" VERSION_ID="7.9" PRETTY_NAME="Red Hat Enterprise Linux Server 7.9 (Maipo)" ANSI_COLOR="0;31" CPE_NAME="cpe:/o:redhat:enterprise_linux:7.9:GA:server" HOME_URL="https://www.redhat.com/" BUG_REPORT_URL="https://bugzilla.redhat.com/"  REDHAT_BUGZILLA_PRODUCT="Red Hat Enterprise Linux 7" REDHAT_BUGZILLA_PRODUCT_VERSION=7.9 REDHAT_SUPPORT_PRODUCT="Red Hat Enterprise Linux" REDHAT_SUPPORT_PRODUCT_VERSION="7.9"
1	Computer Name	quartz2770
1	Result Size	4380310
1	Collection start time	00:36:18 22/04/2021 UTC
1	Collection stop time	00:36:20 22/04/2021 UTC
1	Collector Type	User-mode sampling and tracing
1	CPU	
2	Name	Intel(R) Xeon(R) Processor code named Broadwell
2	Frequency	2095148286
2	Logical CPU Count	72
