Hierarchy Level	Metric Name	Metric Value
0	Elapsed Time	0.325458
1	Paused Time	0.0
0	Effective CPU Utilization	0.3% (0.218 out of 72 logical CPUs)
1	OpenMP Analysis. Collection Time	0.325458
2	Serial Time (outside parallel regions)	0.307s (94.4%)
3	Top Serial Hotspots (outside parallel regions)	
3	Function	Module	Serial CPU Time
3	__isoc99_fscanf	libc.so.6	0.060000
3	__kmp_get_global_thread_id_reg	libiomp5.so	0.030000
3	__kmp_fork_call	libiomp5.so	0.010000
3	__kmp_join_call	libiomp5.so	0.010000
2	Parallel Region Time	0.018s (5.6%)
3	Estimated Ideal Time	0.011s (3.2%)
3	OpenMP Potential Gain	0.008s (2.4%)
1	Total Thread Count	18
2	Thread Oversubscription	0s (0.0% of CPU Time)
1	Wait Time with poor CPU Utilization	0.336s (100.0% of Wait Time)
2	Top Waiting Objects	
2	Sync Object	Wait Time with poor CPU Utilization	(% from Object Wait Time)(%)	Wait Count
2	Condition Variable 0x74c978ed	0.333406	100.0	13
2	Stream ../../data/lud/512.dat 0xee8bdb2f	0.001725	100.0	1
2	Stream 0xef34bf1c	0.000391	100.0	1
2	Mutex 0x6cb3026d	0.000249	100.0	5
2	Stream 0xb00fdbad	0.000066	100.0	1
2	[Others]	0.000090	100.0	5
1	Spin and Overhead Time	1.030s (93.6% of CPU Time)
2	Top Functions with Spin or Overhead Time	
2	Function	Module	Spin and Overhead Time	(% from CPU Time)(%)
2	__kmp_fork_barrier	libiomp5.so	0.969989	88.2
2	__kmp_get_global_thread_id_reg	libiomp5.so	0.030000	2.7
2	__kmp_join_call	libiomp5.so	0.020000	1.8
2	__kmp_fork_call	libiomp5.so	0.010000	0.9
0	Collection and Platform Info	
1	Application Command Line	lud_omp "-n" "18" "-i" "../../data/lud/512.dat" 
1	Operating System	3.10.0-1160.15.2.1chaos.ch6.x86_64 NAME="Red Hat Enterprise Linux Server" VERSION="7.9 (Maipo)" ID="rhel" ID_LIKE="fedora" VARIANT="Server" VARIANT_ID="server" VERSION_ID="7.9" PRETTY_NAME="Red Hat Enterprise Linux Server 7.9 (Maipo)" ANSI_COLOR="0;31" CPE_NAME="cpe:/o:redhat:enterprise_linux:7.9:GA:server" HOME_URL="https://www.redhat.com/" BUG_REPORT_URL="https://bugzilla.redhat.com/"  REDHAT_BUGZILLA_PRODUCT="Red Hat Enterprise Linux 7" REDHAT_BUGZILLA_PRODUCT_VERSION=7.9 REDHAT_SUPPORT_PRODUCT="Red Hat Enterprise Linux" REDHAT_SUPPORT_PRODUCT_VERSION="7.9"
1	Computer Name	quartz2770
1	Result Size	3952029
1	Collection start time	00:40:51 22/04/2021 UTC
1	Collection stop time	00:40:52 22/04/2021 UTC
1	Collector Type	User-mode sampling and tracing
1	CPU	
2	Name	Intel(R) Xeon(R) Processor code named Broadwell
2	Frequency	2095148469
2	Logical CPU Count	72
