Hierarchy Level	Metric Name	Metric Value
0	Elapsed Time	0.230061
1	Paused Time	0.0
0	Effective CPU Utilization	0.0% (0.000 out of 72 logical CPUs)
1	OpenMP Analysis. Collection Time	0.230061
2	Serial Time (outside parallel regions)	0.221s (95.9%)
3	Top Serial Hotspots (outside parallel regions)	
3	Function	Module	Serial CPU Time
3	__kmp_get_global_thread_id_reg	libiomp5.so	0.030000
3	__kmp_fork_call	libiomp5.so	0.010000
2	Parallel Region Time	0.010s (4.1%)
3	Estimated Ideal Time	0.004s (1.8%)
3	OpenMP Potential Gain	0.006s (2.4%)
1	Total Thread Count	18
2	Thread Oversubscription	0s (0.0% of CPU Time)
1	Wait Time with poor CPU Utilization	0.286s (100.0% of Wait Time)
2	Top Waiting Objects	
2	Sync Object	Wait Time with poor CPU Utilization	(% from Object Wait Time)(%)	Wait Count
2	Condition Variable 0x74c978ed	0.284588	100.0	14
2	Stream ../../data/lud/64.dat 0xee8bdb2f	0.001570	100.0	1
2	Stream 0xef34bf1c	0.000187	100.0	1
2	Stream /proc/cpuinfo 0xbf943bf9	0.000051	100.0	1
2	Stream /sys/kernel/mm/transparent_hugepage/enabled 0x0ce4cfb1	0.000012	100.0	1
2	[Others]	0.000033	100.0	3
1	Spin and Overhead Time	0.830s (100.0% of CPU Time)
2	Top Functions with Spin or Overhead Time	
2	Function	Module	Spin and Overhead Time	(% from CPU Time)(%)
2	__kmp_fork_barrier	libiomp5.so	0.780000	94.0
2	__kmp_get_global_thread_id_reg	libiomp5.so	0.030000	3.6
2	__kmp_fork_call	libiomp5.so	0.010000	1.2
2	__kmp_join_call	libiomp5.so	0.010000	1.2
0	Collection and Platform Info	
1	Application Command Line	lud_omp "-n" "18" "-i" "../../data/lud/64.dat" 
1	Operating System	3.10.0-1160.15.2.1chaos.ch6.x86_64 NAME="Red Hat Enterprise Linux Server" VERSION="7.9 (Maipo)" ID="rhel" ID_LIKE="fedora" VARIANT="Server" VARIANT_ID="server" VERSION_ID="7.9" PRETTY_NAME="Red Hat Enterprise Linux Server 7.9 (Maipo)" ANSI_COLOR="0;31" CPE_NAME="cpe:/o:redhat:enterprise_linux:7.9:GA:server" HOME_URL="https://www.redhat.com/" BUG_REPORT_URL="https://bugzilla.redhat.com/"  REDHAT_BUGZILLA_PRODUCT="Red Hat Enterprise Linux 7" REDHAT_BUGZILLA_PRODUCT_VERSION=7.9 REDHAT_SUPPORT_PRODUCT="Red Hat Enterprise Linux" REDHAT_SUPPORT_PRODUCT_VERSION="7.9"
1	Computer Name	quartz2770
1	Result Size	3649794
1	Collection start time	00:43:01 22/04/2021 UTC
1	Collection stop time	00:43:02 22/04/2021 UTC
1	Collector Type	User-mode sampling and tracing
1	CPU	
2	Name	Intel(R) Xeon(R) Processor code named Broadwell
2	Frequency	2095147420
2	Logical CPU Count	72
