Hierarchy Level	Metric Name	Metric Value
0	Elapsed Time	0.465339
1	Paused Time	0.0
0	Effective CPU Utilization	0.4% (0.282 out of 72 logical CPUs)
1	OpenMP Analysis. Collection Time	0.465339
2	Serial Time (outside parallel regions)	0.444s (95.5%)
3	Top Serial Hotspots (outside parallel regions)	
3	Function	Module	Serial CPU Time
3	__isoc99_fscanf	libc.so.6	0.070000
3	__kmp_get_global_thread_id_reg	libiomp5.so	0.040000
3	__pthread_create_2_1	libpthread.so.0	0.010000
2	Parallel Region Time	0.021s (4.5%)
3	Estimated Ideal Time	0.013s (2.7%)
3	OpenMP Potential Gain	0.008s (1.8%)
1	Total Thread Count	36
2	Thread Oversubscription	0s (0.0% of CPU Time)
1	Wait Time with poor CPU Utilization	1.941s (100.0% of Wait Time)
2	Top Waiting Objects	
2	Sync Object	Wait Time with poor CPU Utilization	(% from Object Wait Time)(%)	Wait Count
2	Condition Variable 0x74c978ed	1.932206	100.0	31
2	Stream 0xc52ef5d8	0.006782	100.0	6
2	Stream ../../data/lud/512.dat 0xee8bdb2f	0.001165	100.0	1
2	Stream 0xef34bf1c	0.000669	100.0	1
2	Mutex 0x6cb3026d	0.000076	100.0	6
2	[Others]	0.000101	100.0	5
1	Spin and Overhead Time	3.150s (96.0% of CPU Time)
2	Top Functions with Spin or Overhead Time	
2	Function	Module	Spin and Overhead Time	(% from CPU Time)(%)
2	__kmp_fork_barrier	libiomp5.so	3.039933	92.7
2	__kmp_get_global_thread_id_reg	libiomp5.so	0.040000	1.2
2	__kmp_join_barrier	libiomp5.so	0.030000	0.9
2	_INTERNAL_25_______src_kmp_runtime_cpp_ddfed41b::__kmp_itt_stack_callee_enter	libiomp5.so	0.010008	0.3
2	__pthread_create_2_1	libpthread.so.0	0.010000	0.3
2	[Others]	N/A	0.020000	0.6
0	Collection and Platform Info	
1	Application Command Line	lud_omp "-n" "36" "-i" "../../data/lud/512.dat" 
1	Operating System	3.10.0-1160.15.2.1chaos.ch6.x86_64 NAME="Red Hat Enterprise Linux Server" VERSION="7.9 (Maipo)" ID="rhel" ID_LIKE="fedora" VARIANT="Server" VARIANT_ID="server" VERSION_ID="7.9" PRETTY_NAME="Red Hat Enterprise Linux Server 7.9 (Maipo)" ANSI_COLOR="0;31" CPE_NAME="cpe:/o:redhat:enterprise_linux:7.9:GA:server" HOME_URL="https://www.redhat.com/" BUG_REPORT_URL="https://bugzilla.redhat.com/"  REDHAT_BUGZILLA_PRODUCT="Red Hat Enterprise Linux 7" REDHAT_BUGZILLA_PRODUCT_VERSION=7.9 REDHAT_SUPPORT_PRODUCT="Red Hat Enterprise Linux" REDHAT_SUPPORT_PRODUCT_VERSION="7.9"
1	Computer Name	quartz2770
1	Result Size	4143781
1	Collection start time	00:40:18 22/04/2021 UTC
1	Collection stop time	00:40:19 22/04/2021 UTC
1	Collector Type	User-mode sampling and tracing
1	CPU	
2	Name	Intel(R) Xeon(R) Processor code named Broadwell
2	Frequency	2095148729
2	Logical CPU Count	72
