Hierarchy Level	Metric Name	Metric Value
0	Elapsed Time	1.417508
1	SP GFLOPS	2.539673
1	DP GFLOPS	0.0
1	x87 GFLOPS	0.0
1	CPI Rate	0.491756
1	Average CPU Frequency	3026324548.000000
1	Total Thread Count	4
0	Effective Physical Core Utilization	3.5% (1.245 out of 36)
1	Effective Logical Core Utilization	1.7% (1.223 out of 72)
1	Serial Time (outside parallel regions)	1.270s (89.6%)
2	Top Serial Hotspots (outside parallel regions)	
2	Function	Module	Serial CPU Time
2	_IO_vfscanf	libc-2.17.so	0.185428
2	____strtof_l_internal	libc-2.17.so	0.155359
2	[Loop@0x5a55f in _IO_vfscanf]	libc-2.17.so	0.145336
2	[Loop@0x3d9a0 in ____strtof_l_internal]	libc-2.17.so	0.135313
2	[Outside any known module]	[Unknown]	0.065151
2	[Others]	N/A	0.491135
1	Parallel Region Time	0.147s (10.4%)
2	Estimated Ideal Time	0.143s (10.1%)
2	OpenMP Potential Gain	0.004s (0.3%)
0	Memory Bound	13.1
1	Cache Bound	11.8
1	DRAM Bound	0.0
1	NUMA: % of Remote Accesses	0.0
0	Vectorization	100.0
1	Instruction Mix	
2	SP FLOPs	11.8
3	Packed	100.0
4	128-bit	100.0
4	256-bit	0.0
3	Scalar	0.0
2	DP FLOPs	0.0
3	Packed	0.0
4	128-bit	0.0
4	256-bit	0.0
3	Scalar	0.0
2	x87 FLOPs	0.0
2	Non-FP	88.2
1	FP Arith/Mem Rd Instr. Ratio	0.445422
1	FP Arith/Mem Wr Instr. Ratio	0.994997
0	Collection and Platform Info	
1	Application Command Line	lud_omp "-n" "4" "-i" "../../data/lud/2048.dat" 
1	Operating System	3.10.0-1160.15.2.1chaos.ch6.x86_64 NAME="Red Hat Enterprise Linux Server" VERSION="7.9 (Maipo)" ID="rhel" ID_LIKE="fedora" VARIANT="Server" VARIANT_ID="server" VERSION_ID="7.9" PRETTY_NAME="Red Hat Enterprise Linux Server 7.9 (Maipo)" ANSI_COLOR="0;31" CPE_NAME="cpe:/o:redhat:enterprise_linux:7.9:GA:server" HOME_URL="https://www.redhat.com/" BUG_REPORT_URL="https://bugzilla.redhat.com/"  REDHAT_BUGZILLA_PRODUCT="Red Hat Enterprise Linux 7" REDHAT_BUGZILLA_PRODUCT_VERSION=7.9 REDHAT_SUPPORT_PRODUCT="Red Hat Enterprise Linux" REDHAT_SUPPORT_PRODUCT_VERSION="7.9"
1	Computer Name	quartz2770
1	Result Size	4888203
1	Collection start time	00:37:46 22/04/2021 UTC
1	Collection stop time	00:37:48 22/04/2021 UTC
1	Collector Type	Driverless Perf per-process sampling
1	CPU	
2	Name	Intel(R) Xeon(R) Processor code named Broadwell
2	Frequency	2095147764
2	Logical CPU Count	72
