Hierarchy Level	Metric Name	Metric Value
0	Elapsed Time	0.174560
1	Paused Time	0.0
0	Effective CPU Utilization	0.1% (0.058 out of 72 logical CPUs)
1	OpenMP Analysis. Collection Time	0.174560
2	Serial Time (outside parallel regions)	0.153s (87.8%)
3	Top Serial Hotspots (outside parallel regions)	
3	Function	Module	Serial CPU Time
3	__kmp_get_global_thread_id_reg	libiomp5.so	0.040000
3	__isoc99_fscanf	libc.so.6	0.010000
2	Parallel Region Time	0.021s (12.2%)
3	Estimated Ideal Time	0.016s (9.0%)
3	OpenMP Potential Gain	0.006s (3.2%)
1	Total Thread Count	9
2	Thread Oversubscription	0s (0.0% of CPU Time)
1	Wait Time with poor CPU Utilization	0.018s (100.0% of Wait Time)
2	Top Waiting Objects	
2	Sync Object	Wait Time with poor CPU Utilization	(% from Object Wait Time)(%)	Wait Count
2	Condition Variable 0x74c978ed	0.016410	100.0	6
2	Stream ../../data/lud/256.dat 0xee8bdb2f	0.000516	100.0	1
2	Stream 0xef34bf1c	0.000477	100.0	1
2	Stream /proc/cpuinfo 0xbf943bf9	0.000079	100.0	2
2	Stream /sys/kernel/mm/transparent_hugepage/enabled 0x0ce4cfb1	0.000011	100.0	1
2	[Others]	0.000030	100.0	3
1	Spin and Overhead Time	0.260s (96.3% of CPU Time)
2	Top Functions with Spin or Overhead Time	
2	Function	Module	Spin and Overhead Time	(% from CPU Time)(%)
2	__kmp_fork_barrier	libiomp5.so	0.210000	77.8
2	__kmp_get_global_thread_id_reg	libiomp5.so	0.040000	14.8
2	__kmp_join_call	libiomp5.so	0.010000	3.7
0	Collection and Platform Info	
1	Application Command Line	lud_omp "-n" "9" "-i" "../../data/lud/256.dat" 
1	Operating System	3.10.0-1160.15.2.1chaos.ch6.x86_64 NAME="Red Hat Enterprise Linux Server" VERSION="7.9 (Maipo)" ID="rhel" ID_LIKE="fedora" VARIANT="Server" VARIANT_ID="server" VERSION_ID="7.9" PRETTY_NAME="Red Hat Enterprise Linux Server 7.9 (Maipo)" ANSI_COLOR="0;31" CPE_NAME="cpe:/o:redhat:enterprise_linux:7.9:GA:server" HOME_URL="https://www.redhat.com/" BUG_REPORT_URL="https://bugzilla.redhat.com/"  REDHAT_BUGZILLA_PRODUCT="Red Hat Enterprise Linux 7" REDHAT_BUGZILLA_PRODUCT_VERSION=7.9 REDHAT_SUPPORT_PRODUCT="Red Hat Enterprise Linux" REDHAT_SUPPORT_PRODUCT_VERSION="7.9"
1	Computer Name	quartz2770
1	Result Size	3758999
1	Collection start time	00:39:14 22/04/2021 UTC
1	Collection stop time	00:39:14 22/04/2021 UTC
1	Collector Type	User-mode sampling and tracing
1	CPU	
2	Name	Intel(R) Xeon(R) Processor code named Broadwell
2	Frequency	2095147972
2	Logical CPU Count	72
