==124974== NVPROF is profiling process 124974, command: hotspot 64 2 2 ../../data/hotspot/temp_64 ../../data/hotspot/power_64 output.out
==124974== Some kernel(s) will be replayed on device 0 in order to collect all events/metrics.
==124974== Profiling application: hotspot 64 2 2 ../../data/hotspot/temp_64 ../../data/hotspot/power_64 output.out
==124974== Profiling result:
==124974== Event result:
Invocations                                Event Name         Min         Max         Avg       Total
Device "Tesla V100-SXM2-16GB (0)"
    Kernel: calculate_temp(int, float*, float*, float*, int, int, int, int, float, float, float, float, float, float)
          1                     fb_subp0_read_sectors           0           0           0           0
          1                     fb_subp1_read_sectors           0           0           0           0
          1                    fb_subp0_write_sectors           0           0           0           0
          1                    fb_subp1_write_sectors           0           0           0           0
          1              l2_subp0_write_sector_misses           8           8           8           8
          1              l2_subp1_write_sector_misses           0           0           0           0
          1               l2_subp0_read_sector_misses           0           0           0           0
          1               l2_subp1_read_sector_misses           0           0           0           0
          1          l2_subp0_read_tex_sector_queries        1260        1260        1260        1260
          1          l2_subp1_read_tex_sector_queries        1260        1260        1260        1260
          1         l2_subp0_write_tex_sector_queries         352         352         352         352
          1         l2_subp1_write_tex_sector_queries         352         352         352         352
          1             l2_subp0_read_tex_hit_sectors        1260        1260        1260        1260
          1             l2_subp1_read_tex_hit_sectors        1260        1260        1260        1260
          1            l2_subp0_write_tex_hit_sectors         352         352         352         352
          1            l2_subp1_write_tex_hit_sectors         352         352         352         352
          1        l2_subp0_total_read_sector_queries        1308        1308        1308        1308
          1        l2_subp1_total_read_sector_queries        1308        1308        1308        1308
          1       l2_subp0_total_write_sector_queries         363         363         363         363
          1       l2_subp1_total_write_sector_queries         357         357         357         357
          1       l2_subp0_read_sysmem_sector_queries           0           0           0           0
          1       l2_subp1_read_sysmem_sector_queries           0           0           0           0
          1      l2_subp0_write_sysmem_sector_queries           0           0           0           0
          1      l2_subp1_write_sysmem_sector_queries           5           5           5           5
          1                         elapsed_cycles_sm      820468      820468      820468      820468
          1                           prof_trigger_00           0           0           0           0
          1                           prof_trigger_01           0           0           0           0
          1                           prof_trigger_02           0           0           0           0
          1                           prof_trigger_03           0           0           0           0
          1                           prof_trigger_04           0           0           0           0
          1                           prof_trigger_05           0           0           0           0
          1                           prof_trigger_06           0           0           0           0
          1                           prof_trigger_07           0           0           0           0
          1                            warps_launched         288         288         288         288
          1                              inst_issued0      262459      262459      262459      262459
          1                              inst_issued1       72384       72384       72384       72384
          1                             inst_executed       70368       70368       70368       70368
          1                      thread_inst_executed     9819740     9819740     9819740     9819740
          1   not_predicated_off_thread_inst_executed     9403284     9403284     9403284     9403284
          1                             active_cycles       85108       85108       85108       85108
          1                              active_warps     3854030     3854030     3854030     3854030
          1                               shared_atom           0           0           0           0
          1                           sm_cta_launched          36          36          36          36
          1                           shared_atom_cas           0           0           0           0
          1                               shared_load        3144        3144        3144        3144
          1                              shared_store        1236        1236        1236        1236
          1                              generic_load           0           0           0           0
          1                             generic_store           0           0           0           0
          1                               global_load         504         504         504         504
          1                              global_store         192         192         192         192
          1                                local_load           0           0           0           0
          1                               local_store           0           0           0           0
          1                                atom_count           0           0           0           0
          1                                gred_count           0           0           0           0
          1                    shared_ld_transactions        3113        3113        3113        3113
          1                    shared_st_transactions        1200        1200        1200        1200
          1                   shared_ld_bank_conflict           0           0           0           0
          1                   shared_st_bank_conflict           0           0           0           0
          1                           global_atom_cas           0           0           0           0
          1                          active_cycles_pm       84895       84895       84895       84895
          1                           active_warps_pm      668404      668404      668404      668404
          1                         elapsed_cycles_pm      759584      759584      759584      759584
          1                inst_executed_fp16_pipe_s0           0           0           0           0
          1                inst_executed_fp16_pipe_s1           0           0           0           0
          1                inst_executed_fp16_pipe_s2           0           0           0           0
          1                inst_executed_fp16_pipe_s3           0           0           0           0
          1                inst_executed_fp64_pipe_s0         770         770         770         770
          1                inst_executed_fp64_pipe_s1         924         924         924         924
          1                inst_executed_fp64_pipe_s2         742         742         742         742
          1                inst_executed_fp64_pipe_s3         672         672         672         672
          1                 inst_executed_fma_pipe_s0        4008        4008        4008        4008
          1                 inst_executed_fma_pipe_s1        4524        4524        4524        4524
          1                 inst_executed_fma_pipe_s2        4524        4524        4524        4524
          1                 inst_executed_fma_pipe_s3        4008        4008        4008        4008
          1              tensor_pipe_active_cycles_s0           0           0           0           0
          1              tensor_pipe_active_cycles_s1           0           0           0           0
          1              tensor_pipe_active_cycles_s2           0           0           0           0
          1              tensor_pipe_active_cycles_s3           0           0           0           0
          1                      pcie_tx_active_pulse           0           0           0           0
          1                      pcie_rx_active_pulse           0           0           0           0
          1                         active_cycles_sys        8838        8838        8838        8838
          1                        elapsed_cycles_sys        8838        8838        8838        8838

==124974== Metric result:
Invocations                               Metric Name                                               Metric Description         Min         Max         Avg
Device "Tesla V100-SXM2-16GB (0)"
    Kernel: calculate_temp(int, float*, float*, float*, int, int, int, int, float, float, float, float, float, float)
          1                             inst_per_warp                                            Instructions per warp  1.1281e+03  1.1281e+03  1.1281e+03
          1                         branch_efficiency                                                Branch Efficiency      82.64%      82.64%      82.64%
          1                 warp_execution_efficiency                                        Warp Execution Efficiency      94.45%      94.45%      94.45%
          1         warp_nonpred_execution_efficiency                         Warp Non-Predicated Execution Efficiency      90.45%      90.45%      90.45%
          1                      inst_replay_overhead                                      Instruction Replay Overhead    0.028649    0.028649    0.028649
          1      shared_load_transactions_per_request                      Shared Memory Load Transactions Per Request    1.001609    1.001609    1.001609
          1     shared_store_transactions_per_request                     Shared Memory Store Transactions Per Request    1.000000    1.000000    1.000000
          1       local_load_transactions_per_request                       Local Memory Load Transactions Per Request    0.000000    0.000000    0.000000
          1      local_store_transactions_per_request                      Local Memory Store Transactions Per Request    0.000000    0.000000    0.000000
          1              gld_transactions_per_request                             Global Load Transactions Per Request    5.000000    5.000000    5.000000
          1              gst_transactions_per_request                            Global Store Transactions Per Request    3.666667    3.666667    3.666667
          1                 shared_store_transactions                                        Shared Store Transactions        1200        1200        1200
          1                  shared_load_transactions                                         Shared Load Transactions        3113        3113        3113
          1                   local_load_transactions                                          Local Load Transactions           0           0           0
          1                  local_store_transactions                                         Local Store Transactions           0           0           0
          1                          gld_transactions                                         Global Load Transactions        2520        2520        2520
          1                          gst_transactions                                        Global Store Transactions         704         704         704
          1                  sysmem_read_transactions                                  System Memory Read Transactions           0           0           0
          1                 sysmem_write_transactions                                 System Memory Write Transactions           5           5           5
          1                      l2_read_transactions                                             L2 Read Transactions        2616        2616        2616
          1                     l2_write_transactions                                            L2 Write Transactions         720         720         720
          1                    dram_read_transactions                                  Device Memory Read Transactions           0           0           0
          1                   dram_write_transactions                                 Device Memory Write Transactions           8           8           8
          1                           global_hit_rate                                Global Hit Rate in unified l1/tex       0.00%       0.00%       0.00%
          1                            local_hit_rate                                                   Local Hit Rate       0.00%       0.00%       0.00%
          1                  gld_requested_throughput                                 Requested Global Load Throughput  9.6232GB/s  9.6232GB/s  9.6232GB/s
          1                  gst_requested_throughput                                Requested Global Store Throughput  2.7931GB/s  2.7931GB/s  2.7931GB/s
          1                            gld_throughput                                           Global Load Throughput  13.747GB/s  13.747GB/s  13.747GB/s
          1                            gst_throughput                                          Global Store Throughput  3.8405GB/s  3.8405GB/s  3.8405GB/s
          1                     local_memory_overhead                                            Local Memory Overhead       0.00%       0.00%       0.00%
          1                        tex_cache_hit_rate                                           Unified Cache Hit Rate       0.00%       0.00%       0.00%
          1                      l2_tex_read_hit_rate                                      L2 Hit Rate (Texture Reads)     100.00%     100.00%     100.00%
          1                     l2_tex_write_hit_rate                                     L2 Hit Rate (Texture Writes)     100.00%     100.00%     100.00%
          1                      dram_read_throughput                                    Device Memory Read Throughput  0.00000B/s  0.00000B/s  0.00000B/s
          1                     dram_write_throughput                                   Device Memory Write Throughput  44.690MB/s  44.690MB/s  44.690MB/s
          1                      tex_cache_throughput                       Unified cache to Multiprocessor throughput  91.387GB/s  91.387GB/s  91.387GB/s
          1                    l2_tex_read_throughput                                    L2 Throughput (Texture Reads)  13.747GB/s  13.747GB/s  13.747GB/s
          1                   l2_tex_write_throughput                                   L2 Throughput (Texture Writes)  3.8405GB/s  3.8405GB/s  3.8405GB/s
          1                        l2_read_throughput                                            L2 Throughput (Reads)  14.271GB/s  14.271GB/s  14.271GB/s
          1                       l2_write_throughput                                           L2 Throughput (Writes)  3.9278GB/s  3.9278GB/s  3.9278GB/s
          1                    sysmem_read_throughput                                    System Memory Read Throughput  0.00000B/s  0.00000B/s  0.00000B/s
          1                   sysmem_write_throughput                                   System Memory Write Throughput  27.931MB/s  27.931MB/s  27.931MB/s
          1                     local_load_throughput                                     Local Memory Load Throughput  0.00000B/s  0.00000B/s  0.00000B/s
          1                    local_store_throughput                                    Local Memory Store Throughput  0.00000B/s  0.00000B/s  0.00000B/s
          1                    shared_load_throughput                                    Shared Memory Load Throughput  67.929GB/s  67.929GB/s  67.929GB/s
          1                   shared_store_throughput                                   Shared Memory Store Throughput  26.185GB/s  26.185GB/s  26.185GB/s
          1                            gld_efficiency                                    Global Memory Load Efficiency      70.00%      70.00%      70.00%
          1                            gst_efficiency                                   Global Memory Store Efficiency      72.73%      72.73%      72.73%
          1                    tex_cache_transactions                     Unified cache to Multiprocessor transactions        4188        4188        4188
          1                             flop_count_dp                      Floating Point Operations(Double Precision)       95720       95720       95720
          1                         flop_count_dp_add                  Floating Point Operations(Double Precision Add)       38288       38288       38288
          1                         flop_count_dp_fma                  Floating Point Operations(Double Precision FMA)       28716       28716       28716
          1                         flop_count_dp_mul                  Floating Point Operations(Double Precision Mul)           0           0           0
          1                             flop_count_sp                      Floating Point Operations(Single Precision)      314768      314768      314768
          1                         flop_count_sp_add                  Floating Point Operations(Single Precision Add)       65580       65580       65580
          1                         flop_count_sp_fma                  Floating Point Operations(Single Precision FMA)      119808      119808      119808
          1                         flop_count_sp_mul                   Floating Point Operation(Single Precision Mul)        9572        9572        9572
          1                     flop_count_sp_special              Floating Point Operations(Single Precision Special)       36864       36864       36864
          1                             inst_executed                                            Instructions Executed       70368       70368       70368
          1                               inst_issued                                              Instructions Issued       72384       72384       72384
          1                          dram_utilization                                        Device Memory Utilization     Low (1)     Low (1)     Low (1)
          1                        sysmem_utilization                                        System Memory Utilization     Low (1)     Low (1)     Low (1)
          1                          stall_inst_fetch                         Issue Stall Reasons (Instructions Fetch)       9.31%       9.31%       9.31%
          1                     stall_exec_dependency                       Issue Stall Reasons (Execution Dependency)      33.34%      33.34%      33.34%
          1                   stall_memory_dependency                               Issue Stall Reasons (Data Request)       9.54%       9.54%       9.54%
          1                             stall_texture                                    Issue Stall Reasons (Texture)       0.00%       0.00%       0.00%
          1                                stall_sync                            Issue Stall Reasons (Synchronization)      10.06%      10.06%      10.06%
          1                               stall_other                                      Issue Stall Reasons (Other)       0.11%       0.11%       0.11%
          1          stall_constant_memory_dependency                         Issue Stall Reasons (Immediate constant)      30.25%      30.25%      30.25%
          1                           stall_pipe_busy                                  Issue Stall Reasons (Pipe Busy)       3.53%       3.53%       3.53%
          1                         shared_efficiency                                         Shared Memory Efficiency      69.28%      69.28%      69.28%
          1                                inst_fp_32                                          FP Instructions(Single)      241040      241040      241040
          1                                inst_fp_64                                          FP Instructions(Double)       67004       67004       67004
          1                              inst_integer                                             Integer Instructions      946660      946660      946660
          1                          inst_bit_convert                                         Bit-Convert Instructions       85080       85080       85080
          1                              inst_control                                        Control-Flow Instructions      140044      140044      140044
          1                        inst_compute_ld_st                                          Load/Store Instructions      114372      114372      114372
          1                                 inst_misc                                                Misc Instructions      266824      266824      266824
          1           inst_inter_thread_communication                                        Inter-Thread Instructions           0           0           0
          1                               issue_slots                                                      Issue Slots       72384       72384       72384
          1                                 cf_issued                                 Issued Control-Flow Instructions        8784        8784        8784
          1                               cf_executed                               Executed Control-Flow Instructions        8784        8784        8784
          1                               ldst_issued                                   Issued Load/Store Instructions        7956        7956        7956
          1                             ldst_executed                                 Executed Load/Store Instructions        7956        7956        7956
          1                       atomic_transactions                                              Atomic Transactions           0           0           0
          1           atomic_transactions_per_request                                  Atomic Transactions Per Request    0.000000    0.000000    0.000000
          1                      l2_atomic_throughput                                  L2 Throughput (Atomic requests)  0.00000B/s  0.00000B/s  0.00000B/s
          1                    l2_atomic_transactions                                L2 Transactions (Atomic requests)           0           0           0
          1                  l2_tex_read_transactions                                  L2 Transactions (Texture Reads)        2520        2520        2520
          1                     stall_memory_throttle                            Issue Stall Reasons (Memory Throttle)       0.67%       0.67%       0.67%
          1                        stall_not_selected                               Issue Stall Reasons (Not Selected)       3.19%       3.19%       3.19%
          1                 l2_tex_write_transactions                                 L2 Transactions (Texture Writes)         704         704         704
          1             nvlink_total_data_transmitted                                    NVLink Total Data Transmitted        4304        4304        4304
          1                nvlink_total_data_received                                       NVLink Total Data Received        3744        3744        3744
          1              nvlink_user_data_transmitted                                     NVLink User Data Transmitted         384         384         384
          1                 nvlink_user_data_received                                        NVLink User Data Received        1824        1824        1824
          1          nvlink_overhead_data_transmitted                                 NVLink Overhead Data Transmitted      91.08%      91.08%      91.08%
          1             nvlink_overhead_data_received                                    NVLink Overhead Data Received      51.28%      51.28%      51.28%
          1      nvlink_total_nratom_data_transmitted                             NVLink Total Nratom Data Transmitted           0           0           0
          1       nvlink_user_nratom_data_transmitted                              NVLink User Nratom Data Transmitted           0           0           0
          1       nvlink_total_ratom_data_transmitted                              NVLink Total Ratom Data Transmitted           0           0           0
          1        nvlink_user_ratom_data_transmitted                               NVLink User Ratom Data Transmitted           0           0           0
          1       nvlink_total_write_data_transmitted                              NVLink Total Write Data Transmitted         384         384         384
          1        nvlink_user_write_data_transmitted                               NVLink User Write Data Transmitted         128         128         128
          1                nvlink_transmit_throughput                                       NVLink Transmit Throughput  751.35MB/s  751.35MB/s  751.35MB/s
          1                 nvlink_receive_throughput                                        NVLink Receive Throughput  653.59MB/s  653.59MB/s  653.59MB/s
          1       nvlink_total_response_data_received                              NVLink Total Response Data Received        2384        2384        2384
          1        nvlink_user_response_data_received                               NVLink User Response Data Received        1696        1696        1696
          1                             flop_count_hp                        Floating Point Operations(Half Precision)           0           0           0
          1                         flop_count_hp_add                    Floating Point Operations(Half Precision Add)           0           0           0
          1                         flop_count_hp_mul                     Floating Point Operation(Half Precision Mul)           0           0           0
          1                         flop_count_hp_fma                    Floating Point Operations(Half Precision FMA)           0           0           0
          1                                inst_fp_16                                            HP Instructions(Half)           0           0           0
          1                                       ipc                                                     Executed IPC    0.662950    0.662950    0.662950
          1                                issued_ipc                                                       Issued IPC    0.851446    0.851446    0.851446
          1                    issue_slot_utilization                                           Issue Slot Utilization      21.29%      21.29%      21.29%
          1                             sm_efficiency                                          Multiprocessor Activity      11.19%      11.19%      11.19%
          1                        achieved_occupancy                                               Achieved Occupancy    0.122880    0.122880    0.122880
          1                  eligible_warps_per_cycle                                  Eligible Warps Per Active Cycle    1.094327    1.094327    1.094327
          1                        shared_utilization                                        Shared Memory Utilization     Low (1)     Low (1)     Low (1)
          1                            l2_utilization                                             L2 Cache Utilization     Low (1)     Low (1)     Low (1)
          1                           tex_utilization                                        Unified Cache Utilization     Low (1)     Low (1)     Low (1)
          1                       ldst_fu_utilization                             Load/Store Function Unit Utilization     Low (1)     Low (1)     Low (1)
          1                         cf_fu_utilization                           Control-Flow Function Unit Utilization     Low (1)     Low (1)     Low (1)
          1                        tex_fu_utilization                                Texture Function Unit Utilization    Idle (0)    Idle (0)    Idle (0)
          1                    special_fu_utilization                                Special Function Unit Utilization     Low (2)     Low (2)     Low (2)
          1             half_precision_fu_utilization                         Half-Precision Function Unit Utilization    Idle (0)    Idle (0)    Idle (0)
          1           single_precision_fu_utilization                       Single-Precision Function Unit Utilization     Low (2)     Low (2)     Low (2)
          1           double_precision_fu_utilization                       Double-Precision Function Unit Utilization     Low (1)     Low (1)     Low (1)
          1                        flop_hp_efficiency                                       FLOP Efficiency(Peak Half)       0.00%       0.00%       0.00%
          1                        flop_sp_efficiency                                     FLOP Efficiency(Peak Single)       0.30%       0.30%       0.30%
          1                        flop_dp_efficiency                                     FLOP Efficiency(Peak Double)       0.18%       0.18%       0.18%
          1                   sysmem_read_utilization                                   System Memory Read Utilization    Idle (0)    Idle (0)    Idle (0)
          1                  sysmem_write_utilization                                  System Memory Write Utilization     Low (1)     Low (1)     Low (1)
          1       nvlink_data_transmission_efficiency                              NVLink Data Transmission Efficiency       0.02%       0.02%       0.02%
          1            nvlink_data_receive_efficiency                                   NVLink Data Receive Efficiency       0.03%       0.03%       0.03%
          1                            stall_sleeping                                   Issue Stall Reasons (Sleeping)       0.00%       0.00%       0.00%
          1               pcie_total_data_transmitted                                      PCIe Total Data Transmitted           0           0           0
          1                  pcie_total_data_received                                         PCIe Total Data Received           0           0           0
          1                inst_executed_global_loads                         Warp level instructions for global loads         504         504         504
          1                 inst_executed_local_loads                          Warp level instructions for local loads           0           0           0
          1                inst_executed_shared_loads                         Warp level instructions for shared loads        3108        3108        3108
          1               inst_executed_surface_loads                        Warp level instructions for surface loads           0           0           0
          1               inst_executed_global_stores                        Warp level instructions for global stores         192         192         192
          1                inst_executed_local_stores                         Warp level instructions for local stores           0           0           0
          1               inst_executed_shared_stores                        Warp level instructions for shared stores        1200        1200        1200
          1              inst_executed_surface_stores                       Warp level instructions for surface stores           0           0           0
          1              inst_executed_global_atomics             Warp level instructions for global atom and atom cas           0           0           0
          1           inst_executed_global_reductions                    Warp level instructions for global reductions           0           0           0
          1             inst_executed_surface_atomics            Warp level instructions for surface atom and atom cas           0           0           0
          1          inst_executed_surface_reductions                   Warp level instructions for surface reductions           0           0           0
          1              inst_executed_shared_atomics             Warp level shared instructions for atom and atom CAS           0           0           0
          1                     inst_executed_tex_ops                              Warp level instructions for texture           0           0           0
          1                           dram_read_bytes                           Total bytes read from DRAM to L2 cache           0           0           0
          1                          dram_write_bytes                        Total bytes written from L2 cache to DRAM         256         256         256
          1                      global_load_requests         Total number of global load requests from Multiprocessor         504         504         504
          1                       local_load_requests          Total number of local load requests from Multiprocessor           0           0           0
          1                     surface_load_requests        Total number of surface load requests from Multiprocessor           0           0           0
          1                     global_store_requests        Total number of global store requests from Multiprocessor         192         192         192
          1                      local_store_requests         Total number of local store requests from Multiprocessor           0           0           0
          1                    surface_store_requests       Total number of surface store requests from Multiprocessor           0           0           0
          1                    global_atomic_requests       Total number of global atomic requests from Multiprocessor           0           0           0
          1                 global_reduction_requests    Total number of global reduction requests from Multiprocessor           0           0           0
          1                   surface_atomic_requests      Total number of surface atomic requests from Multiprocessor           0           0           0
          1                surface_reduction_requests   Total number of surface reduction requests from Multiprocessor           0           0           0
          1                      l2_global_load_bytes             Bytes read from L2 for misses in L1 for global loads       80640       80640       80640
          1                       l2_local_load_bytes              Bytes read from L2 for misses in L1 for local loads           0           0           0
          1                     l2_surface_load_bytes            Bytes read from L2 for misses in L1 for surface loads           0           0           0
          1              l2_global_atomic_store_bytes                   Bytes written to L2 from L1 for global atomics           0           0           0
          1               l2_local_global_store_bytes         Bytes written to L2 from L1 for local and global stores.       22528       22528       22528
          1                    l2_surface_store_bytes           Bytes read from L2 for misses in L1 for surface stores           0           0           0
          1                         sysmem_read_bytes                                         System Memory Read Bytes           0           0           0
          1                        sysmem_write_bytes                                        System Memory Write Bytes         160         160         160
          1                           l2_tex_hit_rate                                                L2 Cache Hit Rate     100.00%     100.00%     100.00%
          1                     texture_load_requests        Total number of texture Load requests from Multiprocessor           0           0           0
          1           tensor_precision_fu_utilization                       Tensor-Precision Function Unit Utilization    Idle (0)    Idle (0)    Idle (0)
