Hierarchy Level	Metric Name	Metric Value
0	Elapsed Time	0.522896
1	Paused Time	0.0
0	Effective CPU Utilization	0.1% (0.077 out of 72 logical CPUs)
1	OpenMP Analysis. Collection Time	0.522896
2	Serial Time (outside parallel regions)	0.339s (64.8%)
3	Top Serial Hotspots (outside parallel regions)	
3	Function	Module	Serial CPU Time
3	__kmp_get_global_thread_id_reg	libiomp5.so	0.030000
3	__kmp_join_call	libiomp5.so	0.029979
3	__kmp_fork_call	libiomp5.so	0.010000
3	[Outside any known module]	[Unknown]	0.009982
2	Parallel Region Time	0.184s (35.2%)
3	Estimated Ideal Time	0.158s (30.1%)
3	OpenMP Potential Gain	0.027s (5.1%)
1	Total Thread Count	18
2	Thread Oversubscription	0s (0.0% of CPU Time)
1	Wait Time with poor CPU Utilization	0.332s (100.0% of Wait Time)
2	Top Waiting Objects	
2	Sync Object	Wait Time with poor CPU Utilization	(% from Object Wait Time)(%)	Wait Count
2	Condition Variable 0x74c978ed	0.323677	100.0	13
2	Stream filelist_4 0xf9eb886f	0.002393	100.0	1
2	Stream ../../data/nn/cane4_0.db 0x98c3002d	0.001822	100.0	1
2	Stream ../../data/nn/cane4_1.db 0x6dcd4047	0.001216	100.0	1
2	Stream ../../data/nn/cane4_2.db 0x6dcd4047	0.001192	100.0	1
2	[Others]	0.002122	100.0	12
1	Spin and Overhead Time	5.120s (99.2% of CPU Time)
2	Top Functions with Spin or Overhead Time	
2	Function	Module	Spin and Overhead Time	(% from CPU Time)(%)
2	__kmp_fork_barrier	libiomp5.so	4.679999	90.7
2	__kmp_fork_call	libiomp5.so	0.150074	2.9
2	__kmp_join_barrier	libiomp5.so	0.139977	2.7
2	__kmp_join_call	libiomp5.so	0.049983	1.0
2	__kmp_get_global_thread_id_reg	libiomp5.so	0.030000	0.6
2	[Others]	N/A	0.070011	1.4
0	Collection and Platform Info	
1	Application Command Line	nn "filelist_4" "5" "30" "90" 
1	Operating System	3.10.0-1160.15.2.1chaos.ch6.x86_64 NAME="Red Hat Enterprise Linux Server" VERSION="7.9 (Maipo)" ID="rhel" ID_LIKE="fedora" VARIANT="Server" VARIANT_ID="server" VERSION_ID="7.9" PRETTY_NAME="Red Hat Enterprise Linux Server 7.9 (Maipo)" ANSI_COLOR="0;31" CPE_NAME="cpe:/o:redhat:enterprise_linux:7.9:GA:server" HOME_URL="https://www.redhat.com/" BUG_REPORT_URL="https://bugzilla.redhat.com/"  REDHAT_BUGZILLA_PRODUCT="Red Hat Enterprise Linux 7" REDHAT_BUGZILLA_PRODUCT_VERSION=7.9 REDHAT_SUPPORT_PRODUCT="Red Hat Enterprise Linux" REDHAT_SUPPORT_PRODUCT_VERSION="7.9"
1	Computer Name	quartz835
1	Result Size	7427742
1	Collection start time	00:44:10 22/04/2021 UTC
1	Collection stop time	00:44:11 22/04/2021 UTC
1	Collector Type	User-mode sampling and tracing
1	CPU	
2	Name	Intel(R) Xeon(R) Processor code named Broadwell
2	Frequency	2095146314
2	Logical CPU Count	72
