Hierarchy Level	Metric Name	Metric Value
0	Elapsed Time	0.974756
1	Paused Time	0.0
0	Effective CPU Utilization	0.2% (0.114 out of 72 logical CPUs)
1	OpenMP Analysis. Collection Time	0.974756
2	Serial Time (outside parallel regions)	0.751s (77.1%)
3	Top Serial Hotspots (outside parallel regions)	
3	Function	Module	Serial CPU Time
3	main	nn	0.049993
3	__kmp_get_global_thread_id_reg	libiomp5.so	0.040000
3	__kmp_join_call	libiomp5.so	0.039880
2	Parallel Region Time	0.223s (22.9%)
3	Estimated Ideal Time	0.195s (20.0%)
3	OpenMP Potential Gain	0.028s (2.9%)
1	Total Thread Count	36
2	Thread Oversubscription	0s (0.0% of CPU Time)
1	Wait Time with poor CPU Utilization	5.017s (100.0% of Wait Time)
2	Top Waiting Objects	
2	Sync Object	Wait Time with poor CPU Utilization	(% from Object Wait Time)(%)	Wait Count
2	Condition Variable 0x74c978ed	4.957762	100.0	32
2	Stream ../../data/nn/cane4_0.db 0x98c3002d	0.025722	100.0	6
2	Stream ../../data/nn/cane4_3.db 0x6dcd4047	0.014935	100.0	5
2	Stream ../../data/nn/cane4_2.db 0x6dcd4047	0.009770	100.0	6
2	Stream ../../data/nn/cane4_1.db 0x6dcd4047	0.006657	100.0	4
2	[Others]	0.002507	100.0	13
1	Spin and Overhead Time	14.130s (99.2% of CPU Time)
2	Top Functions with Spin or Overhead Time	
2	Function	Module	Spin and Overhead Time	(% from CPU Time)(%)
2	__kmp_fork_barrier	libiomp5.so	13.579962	95.4
2	__kmp_join_barrier	libiomp5.so	0.210017	1.5
2	__kmp_fork_call	libiomp5.so	0.160144	1.1
2	__kmp_join_call	libiomp5.so	0.049883	0.4
2	__kmp_get_global_thread_id_reg	libiomp5.so	0.040000	0.3
2	[Others]	N/A	0.090015	0.6
0	Collection and Platform Info	
1	Application Command Line	nn "filelist_4" "5" "30" "90" 
1	Operating System	3.10.0-1160.15.2.1chaos.ch6.x86_64 NAME="Red Hat Enterprise Linux Server" VERSION="7.9 (Maipo)" ID="rhel" ID_LIKE="fedora" VARIANT="Server" VARIANT_ID="server" VERSION_ID="7.9" PRETTY_NAME="Red Hat Enterprise Linux Server 7.9 (Maipo)" ANSI_COLOR="0;31" CPE_NAME="cpe:/o:redhat:enterprise_linux:7.9:GA:server" HOME_URL="https://www.redhat.com/" BUG_REPORT_URL="https://bugzilla.redhat.com/"  REDHAT_BUGZILLA_PRODUCT="Red Hat Enterprise Linux 7" REDHAT_BUGZILLA_PRODUCT_VERSION=7.9 REDHAT_SUPPORT_PRODUCT="Red Hat Enterprise Linux" REDHAT_SUPPORT_PRODUCT_VERSION="7.9"
1	Computer Name	quartz835
1	Result Size	7872840
1	Collection start time	00:43:34 22/04/2021 UTC
1	Collection stop time	00:43:35 22/04/2021 UTC
1	Collector Type	User-mode sampling and tracing
1	CPU	
2	Name	Intel(R) Xeon(R) Processor code named Broadwell
2	Frequency	2095146978
2	Logical CPU Count	72
