Hierarchy Level	Metric Name	Metric Value
0	Elapsed Time	0.377692
1	Paused Time	0.0
0	Effective CPU Utilization	0.1% (0.081 out of 72 logical CPUs)
1	OpenMP Analysis. Collection Time	0.377692
2	Serial Time (outside parallel regions)	0.217s (57.4%)
3	Top Serial Hotspots (outside parallel regions)	
3	Function	Module	Serial CPU Time
3	__kmp_join_call	libiomp5.so	0.039968
3	__kmp_get_global_thread_id_reg	libiomp5.so	0.030000
3	main	nn	0.009999
2	Parallel Region Time	0.161s (42.6%)
3	Estimated Ideal Time	0.140s (37.1%)
3	OpenMP Potential Gain	0.021s (5.5%)
1	Total Thread Count	9
2	Thread Oversubscription	0s (0.0% of CPU Time)
1	Wait Time with poor CPU Utilization	0.028s (100.0% of Wait Time)
2	Top Waiting Objects	
2	Sync Object	Wait Time with poor CPU Utilization	(% from Object Wait Time)(%)	Wait Count
2	Condition Variable 0x74c978ed	0.022028	100.0	4
2	Stream ../../data/nn/cane4_3.db 0x6dcd4047	0.001236	100.0	1
2	Stream ../../data/nn/cane4_2.db 0x6dcd4047	0.001114	100.0	1
2	Stream filelist_4 0xf9eb886f	0.001095	100.0	1
2	Stream ../../data/nn/cane4_0.db 0x98c3002d	0.001042	100.0	2
2	[Others]	0.001250	100.0	7
1	Spin and Overhead Time	2.110s (98.6% of CPU Time)
2	Top Functions with Spin or Overhead Time	
2	Function	Module	Spin and Overhead Time	(% from CPU Time)(%)
2	__kmp_fork_barrier	libiomp5.so	1.600034	74.8
2	_INTERNAL_25_______src_kmp_barrier_cpp_ddfed41b::__kmp_wait_template<kmp_flag_64, (int)1, (bool)0, (bool)1>	libiomp5.so	0.189918	8.9
2	__kmp_fork_call	libiomp5.so	0.150074	7.0
2	__kmp_join_barrier	libiomp5.so	0.049988	2.3
2	sched_yield	libc.so.6	0.040047	1.9
2	[Others]	N/A	0.079926	3.7
0	Collection and Platform Info	
1	Application Command Line	nn "filelist_4" "5" "30" "90" 
1	Operating System	3.10.0-1160.15.2.1chaos.ch6.x86_64 NAME="Red Hat Enterprise Linux Server" VERSION="7.9 (Maipo)" ID="rhel" ID_LIKE="fedora" VARIANT="Server" VARIANT_ID="server" VERSION_ID="7.9" PRETTY_NAME="Red Hat Enterprise Linux Server 7.9 (Maipo)" ANSI_COLOR="0;31" CPE_NAME="cpe:/o:redhat:enterprise_linux:7.9:GA:server" HOME_URL="https://www.redhat.com/" BUG_REPORT_URL="https://bugzilla.redhat.com/"  REDHAT_BUGZILLA_PRODUCT="Red Hat Enterprise Linux 7" REDHAT_BUGZILLA_PRODUCT_VERSION=7.9 REDHAT_SUPPORT_PRODUCT="Red Hat Enterprise Linux" REDHAT_SUPPORT_PRODUCT_VERSION="7.9"
1	Computer Name	quartz835
1	Result Size	7188796
1	Collection start time	00:44:44 22/04/2021 UTC
1	Collection stop time	00:44:45 22/04/2021 UTC
1	Collector Type	User-mode sampling and tracing
1	CPU	
2	Name	Intel(R) Xeon(R) Processor code named Broadwell
2	Frequency	2095146720
2	Logical CPU Count	72
