Hierarchy Level	Metric Name	Metric Value
0	Elapsed Time	8.973375
1	Paused Time	0.0
0	Effective CPU Utilization	3.0% (2.187 out of 72 logical CPUs)
1	OpenMP Analysis. Collection Time	8.973375
2	Serial Time (outside parallel regions)	1.948s (21.7%)
3	Top Serial Hotspots (outside parallel regions)	
3	Function	Module	Serial CPU Time
3	__kmp_join_call	libiomp5.so	0.999124
3	pgain	sc_omp	0.119874
3	_int_free	libc.so.6	0.041002
3	__kmp_fork_call	libiomp5.so	0.039975
3	ompc_set_num_threads	libiomp5.so	0.030000
3	[Others]	N/A	0.119934
2	Parallel Region Time	7.025s (78.3%)
3	Estimated Ideal Time	5.948s (66.3%)
3	OpenMP Potential Gain	1.078s (12.0%)
1	Total Thread Count	18
2	Thread Oversubscription	0s (0.0% of CPU Time)
1	Wait Time with poor CPU Utilization	0.327s (100.0% of Wait Time)
2	Top Waiting Objects	
2	Sync Object	Wait Time with poor CPU Utilization	(% from Object Wait Time)(%)	Wait Count
2	Condition Variable 0x74c978ed	0.323642	100.0	12
2	Stream output.txt 0x27fde40a	0.001766	100.0	1
2	Stream 0x8cce8b5a	0.000881	100.0	1
2	Stream 0x1d353c67	0.000564	100.0	1
2	Stream /proc/cpuinfo 0x482b2eb7	0.000088	100.0	2
2	[Others]	0.000075	100.0	6
1	Spin and Overhead Time	137.531s (87.5% of CPU Time)
2	Top Functions with Spin or Overhead Time	
2	Function	Module	Spin and Overhead Time	(% from CPU Time)(%)
2	__kmp_fork_barrier	libiomp5.so	110.168636	70.1
2	__kmp_barrier	libiomp5.so	16.999805	10.8
2	__kmp_fork_call	libiomp5.so	4.403188	2.8
2	__kmp_join_barrier	libiomp5.so	2.679958	1.7
2	__kmp_join_call	libiomp5.so	1.418415	0.9
2	[Others]	N/A	1.860551	1.2
0	Collection and Platform Info	
1	Application Command Line	sc_omp "10" "20" "256" "16384" "512" "1000" "none" "output.txt" "18" 
1	Operating System	3.10.0-1160.15.2.1chaos.ch6.x86_64 NAME="Red Hat Enterprise Linux Server" VERSION="7.9 (Maipo)" ID="rhel" ID_LIKE="fedora" VARIANT="Server" VARIANT_ID="server" VERSION_ID="7.9" PRETTY_NAME="Red Hat Enterprise Linux Server 7.9 (Maipo)" ANSI_COLOR="0;31" CPE_NAME="cpe:/o:redhat:enterprise_linux:7.9:GA:server" HOME_URL="https://www.redhat.com/" BUG_REPORT_URL="https://bugzilla.redhat.com/"  REDHAT_BUGZILLA_PRODUCT="Red Hat Enterprise Linux 7" REDHAT_BUGZILLA_PRODUCT_VERSION=7.9 REDHAT_SUPPORT_PRODUCT="Red Hat Enterprise Linux" REDHAT_SUPPORT_PRODUCT_VERSION="7.9"
1	Computer Name	quartz2758
1	Result Size	107435857
1	Collection start time	01:54:43 22/04/2021 UTC
1	Collection stop time	01:54:53 22/04/2021 UTC
1	Collector Type	User-mode sampling and tracing
1	CPU	
2	Name	Intel(R) Xeon(R) Processor code named Broadwell
2	Frequency	2095146982
2	Logical CPU Count	72
