Hierarchy Level	Metric Name	Metric Value
0	Elapsed Time	0.282473
1	SP GFLOPS	0.0
1	DP GFLOPS	0.0
1	x87 GFLOPS	0.0
1	CPI Rate	1.108642
1	Average CPU Frequency	2605877169.227147
1	Total Thread Count	18
0	Effective Physical Core Utilization	9.8% (3.513 out of 36)
1	Effective Logical Core Utilization	4.9% (3.513 out of 72)
1	Serial Time (outside parallel regions)	0.215s (76.2%)
2	Top Serial Hotspots (outside parallel regions)	
2	Function	Module	Serial CPU Time
2	[Outside any known module]	[Unknown]	0.095220
2	[Loop@0x408e1a in pgain]	sc_omp	0.010023
2	[Loop@0x409c68 in SimStream::read]	sc_omp	0.005012
2	func@0x16fe0	libittnotify_collector.so	0.005012
2	calloc	libc-2.17.so	0.005012
1	Parallel Region Time	0.067s (23.8%)
2	Estimated Ideal Time	0.051s (18.0%)
2	OpenMP Potential Gain	0.016s (5.8%)
0	Memory Bound	8.6
1	Cache Bound	7.6
1	DRAM Bound	0.0
1	NUMA: % of Remote Accesses	0.0
0	Vectorization	0.0
1	Instruction Mix	
2	SP FLOPs	0.0
3	Packed	0.0
4	128-bit	0.0
4	256-bit	0.0
3	Scalar	0.0
2	DP FLOPs	0.0
3	Packed	0.0
4	128-bit	0.0
4	256-bit	0.0
3	Scalar	0.0
2	x87 FLOPs	0.0
2	Non-FP	100.0
1	FP Arith/Mem Rd Instr. Ratio	0.0
1	FP Arith/Mem Wr Instr. Ratio	0.0
0	Collection and Platform Info	
1	Application Command Line	sc_omp "10" "20" "256" "1024" "1024" "1000" "none" "output.txt" "18" 
1	Operating System	3.10.0-1160.15.2.1chaos.ch6.x86_64 NAME="Red Hat Enterprise Linux Server" VERSION="7.9 (Maipo)" ID="rhel" ID_LIKE="fedora" VARIANT="Server" VARIANT_ID="server" VERSION_ID="7.9" PRETTY_NAME="Red Hat Enterprise Linux Server 7.9 (Maipo)" ANSI_COLOR="0;31" CPE_NAME="cpe:/o:redhat:enterprise_linux:7.9:GA:server" HOME_URL="https://www.redhat.com/" BUG_REPORT_URL="https://bugzilla.redhat.com/"  REDHAT_BUGZILLA_PRODUCT="Red Hat Enterprise Linux 7" REDHAT_BUGZILLA_PRODUCT_VERSION=7.9 REDHAT_SUPPORT_PRODUCT="Red Hat Enterprise Linux" REDHAT_SUPPORT_PRODUCT_VERSION="7.9"
1	Computer Name	quartz2758
1	Result Size	6892460
1	Collection start time	01:01:22 22/04/2021 UTC
1	Collection stop time	01:01:23 22/04/2021 UTC
1	Collector Type	Driverless Perf per-process sampling
1	CPU	
2	Name	Intel(R) Xeon(R) Processor code named Broadwell
2	Frequency	2095148459
2	Logical CPU Count	72
