Hierarchy Level	Metric Name	Metric Value
0	Elapsed Time	2.853153
1	Paused Time	0.0
0	Effective CPU Utilization	8.3% (5.996 out of 72 logical CPUs)
1	OpenMP Analysis. Collection Time	2.853153
2	Serial Time (outside parallel regions)	0.642s (22.5%)
3	Top Serial Hotspots (outside parallel regions)	
3	Function	Module	Serial CPU Time
3	__kmp_join_call	libiomp5.so	0.160914
3	pgain	sc_omp	0.079933
3	pspeedy	sc_omp	0.030007
3	ompc_set_num_threads	libiomp5.so	0.030000
3	[ld-linux-x86-64.so.2]	ld-linux-x86-64.so.2	0.020000
3	[Others]	N/A	0.099996
2	Parallel Region Time	2.211s (77.5%)
3	Estimated Ideal Time	1.945s (68.2%)
3	OpenMP Potential Gain	0.266s (9.3%)
1	Total Thread Count	18
2	Thread Oversubscription	0s (0.0% of CPU Time)
1	Wait Time with poor CPU Utilization	0.291s (100.0% of Wait Time)
2	Top Waiting Objects	
2	Sync Object	Wait Time with poor CPU Utilization	(% from Object Wait Time)(%)	Wait Count
2	Condition Variable 0x74c978ed	0.288003	100.0	11
2	Stream output.txt 0x27fde40a	0.002112	100.0	1
2	Stream 0x8cce8b5a	0.001022	100.0	1
2	Stream /proc/cpuinfo 0x482b2eb7	0.000106	100.0	2
2	Mutex 0x6cb3026d	0.000015	100.0	2
2	[Others]	0.000043	100.0	4
1	Spin and Overhead Time	30.672s (64.2% of CPU Time)
2	Top Functions with Spin or Overhead Time	
2	Function	Module	Spin and Overhead Time	(% from CPU Time)(%)
2	__kmp_fork_barrier	libiomp5.so	24.628617	51.6
2	__kmp_barrier	libiomp5.so	4.230947	8.9
2	__kmp_fork_call	libiomp5.so	0.861149	1.8
2	__kmp_join_barrier	libiomp5.so	0.379973	0.8
2	__kmp_join_call	libiomp5.so	0.200885	0.4
2	[Others]	N/A	0.370149	0.8
0	Collection and Platform Info	
1	Application Command Line	sc_omp "10" "20" "256" "16384" "2048" "1000" "none" "output.txt" "18" 
1	Operating System	3.10.0-1160.15.2.1chaos.ch6.x86_64 NAME="Red Hat Enterprise Linux Server" VERSION="7.9 (Maipo)" ID="rhel" ID_LIKE="fedora" VARIANT="Server" VARIANT_ID="server" VERSION_ID="7.9" PRETTY_NAME="Red Hat Enterprise Linux Server 7.9 (Maipo)" ANSI_COLOR="0;31" CPE_NAME="cpe:/o:redhat:enterprise_linux:7.9:GA:server" HOME_URL="https://www.redhat.com/" BUG_REPORT_URL="https://bugzilla.redhat.com/"  REDHAT_BUGZILLA_PRODUCT="Red Hat Enterprise Linux 7" REDHAT_BUGZILLA_PRODUCT_VERSION=7.9 REDHAT_SUPPORT_PRODUCT="Red Hat Enterprise Linux" REDHAT_SUPPORT_PRODUCT_VERSION="7.9"
1	Computer Name	quartz2758
1	Result Size	25816044
1	Collection start time	02:02:25 22/04/2021 UTC
1	Collection stop time	02:02:28 22/04/2021 UTC
1	Collector Type	User-mode sampling and tracing
1	CPU	
2	Name	Intel(R) Xeon(R) Processor code named Broadwell
2	Frequency	2095147250
2	Logical CPU Count	72
