Hierarchy Level	Metric Name	Metric Value
0	Elapsed Time	1.915362
1	Paused Time	0.0
0	Effective CPU Utilization	11.8% (8.501 out of 72 logical CPUs)
1	OpenMP Analysis. Collection Time	1.915362
2	Serial Time (outside parallel regions)	0.471s (24.6%)
3	Top Serial Hotspots (outside parallel regions)	
3	Function	Module	Serial CPU Time
3	pgain	sc_omp	0.059968
3	__kmp_join_call	libiomp5.so	0.059917
3	pspeedy	sc_omp	0.049998
3	ompc_set_num_threads	libiomp5.so	0.030000
3	SimStream::read	sc_omp	0.020002
3	_int_free	libc.so.6	0.010000
2	Parallel Region Time	1.444s (75.4%)
3	Estimated Ideal Time	1.299s (67.8%)
3	OpenMP Potential Gain	0.145s (7.6%)
1	Total Thread Count	18
2	Thread Oversubscription	0s (0.0% of CPU Time)
1	Wait Time with poor CPU Utilization	0.321s (100.0% of Wait Time)
2	Top Waiting Objects	
2	Sync Object	Wait Time with poor CPU Utilization	(% from Object Wait Time)(%)	Wait Count
2	Condition Variable 0x74c978ed	0.317780	100.0	13
2	Stream output.txt 0x27fde40a	0.001979	100.0	1
2	Stream 0x8cce8b5a	0.000859	100.0	1
2	Stream /proc/cpuinfo 0x482b2eb7	0.000054	100.0	1
2	Stream /sys/kernel/mm/transparent_hugepage/enabled 0x2e8ede6f	0.000015	100.0	1
2	[Others]	0.000047	100.0	4
1	Spin and Overhead Time	14.240s (46.7% of CPU Time)
2	Top Functions with Spin or Overhead Time	
2	Function	Module	Spin and Overhead Time	(% from CPU Time)(%)
2	__kmp_fork_barrier	libiomp5.so	10.719533	35.2
2	__kmp_barrier	libiomp5.so	2.630032	8.6
2	__kmp_fork_call	libiomp5.so	0.310430	1.0
2	__kmp_join_barrier	libiomp5.so	0.219976	0.7
2	__kmp_join_call	libiomp5.so	0.089915	0.3
2	[Others]	N/A	0.270078	0.9
0	Collection and Platform Info	
1	Application Command Line	sc_omp "10" "20" "256" "16384" "8192" "1000" "none" "output.txt" "18" 
1	Operating System	3.10.0-1160.15.2.1chaos.ch6.x86_64 NAME="Red Hat Enterprise Linux Server" VERSION="7.9 (Maipo)" ID="rhel" ID_LIKE="fedora" VARIANT="Server" VARIANT_ID="server" VERSION_ID="7.9" PRETTY_NAME="Red Hat Enterprise Linux Server 7.9 (Maipo)" ANSI_COLOR="0;31" CPE_NAME="cpe:/o:redhat:enterprise_linux:7.9:GA:server" HOME_URL="https://www.redhat.com/" BUG_REPORT_URL="https://bugzilla.redhat.com/"  REDHAT_BUGZILLA_PRODUCT="Red Hat Enterprise Linux 7" REDHAT_BUGZILLA_PRODUCT_VERSION=7.9 REDHAT_SUPPORT_PRODUCT="Red Hat Enterprise Linux" REDHAT_SUPPORT_PRODUCT_VERSION="7.9"
1	Computer Name	quartz2758
1	Result Size	12742082
1	Collection start time	02:07:58 22/04/2021 UTC
1	Collection stop time	02:08:00 22/04/2021 UTC
1	Collector Type	User-mode sampling and tracing
1	CPU	
2	Name	Intel(R) Xeon(R) Processor code named Broadwell
2	Frequency	2095146802
2	Logical CPU Count	72
