Hierarchy Level	Metric Name	Metric Value
0	Elapsed Time	0.977791
1	Paused Time	0.0
0	Effective CPU Utilization	4.2% (3.017 out of 72 logical CPUs)
1	OpenMP Analysis. Collection Time	0.977791
2	Serial Time (outside parallel regions)	0.390s (39.9%)
3	Top Serial Hotspots (outside parallel regions)	
3	Function	Module	Serial CPU Time
3	__kmp_join_call	libiomp5.so	0.049892
3	ompc_set_num_threads	libiomp5.so	0.040000
3	pgain	sc_omp	0.030003
2	Parallel Region Time	0.587s (60.1%)
3	Estimated Ideal Time	0.512s (52.3%)
3	OpenMP Potential Gain	0.076s (7.8%)
1	Total Thread Count	18
2	Thread Oversubscription	0s (0.0% of CPU Time)
1	Wait Time with poor CPU Utilization	0.330s (100.0% of Wait Time)
2	Top Waiting Objects	
2	Sync Object	Wait Time with poor CPU Utilization	(% from Object Wait Time)(%)	Wait Count
2	Condition Variable 0x74c978ed	0.326809	100.0	13
2	Stream output.txt 0x27fde40a	0.001738	100.0	1
2	Stream 0x8cce8b5a	0.000850	100.0	1
2	Stream /proc/cpuinfo 0x482b2eb7	0.000091	100.0	2
2	Mutex 0x6cb3026d	0.000023	100.0	3
2	[Others]	0.000040	100.0	4
1	Spin and Overhead Time	10.800s (78.6% of CPU Time)
2	Top Functions with Spin or Overhead Time	
2	Function	Module	Spin and Overhead Time	(% from CPU Time)(%)
2	__kmp_fork_barrier	libiomp5.so	8.579723	62.4
2	__kmp_barrier	libiomp5.so	1.400032	10.2
2	__kmp_fork_call	libiomp5.so	0.330321	2.4
2	__kmp_join_barrier	libiomp5.so	0.249976	1.8
2	__kmp_join_call	libiomp5.so	0.089866	0.7
2	[Others]	N/A	0.150113	1.1
0	Collection and Platform Info	
1	Application Command Line	sc_omp "10" "20" "256" "2048" "1024" "1000" "none" "output.txt" "18" 
1	Operating System	3.10.0-1160.15.2.1chaos.ch6.x86_64 NAME="Red Hat Enterprise Linux Server" VERSION="7.9 (Maipo)" ID="rhel" ID_LIKE="fedora" VARIANT="Server" VARIANT_ID="server" VERSION_ID="7.9" PRETTY_NAME="Red Hat Enterprise Linux Server 7.9 (Maipo)" ANSI_COLOR="0;31" CPE_NAME="cpe:/o:redhat:enterprise_linux:7.9:GA:server" HOME_URL="https://www.redhat.com/" BUG_REPORT_URL="https://bugzilla.redhat.com/"  REDHAT_BUGZILLA_PRODUCT="Red Hat Enterprise Linux 7" REDHAT_BUGZILLA_PRODUCT_VERSION=7.9 REDHAT_SUPPORT_PRODUCT="Red Hat Enterprise Linux" REDHAT_SUPPORT_PRODUCT_VERSION="7.9"
1	Computer Name	quartz2758
1	Result Size	12248250
1	Collection start time	01:08:41 22/04/2021 UTC
1	Collection stop time	01:08:42 22/04/2021 UTC
1	Collector Type	User-mode sampling and tracing
1	CPU	
2	Name	Intel(R) Xeon(R) Processor code named Broadwell
2	Frequency	2095147397
2	Logical CPU Count	72
