Hierarchy Level	Metric Name	Metric Value
0	Elapsed Time	4.573459
1	SP GFLOPS	7.950231
1	DP GFLOPS	0.0
1	x87 GFLOPS	0.0
1	CPI Rate	2.210583
1	Average CPU Frequency	2615420386.086718
1	Total Thread Count	18
0	Effective Physical Core Utilization	21.7% (7.828 out of 36)
1	Effective Logical Core Utilization	11.0% (7.947 out of 72)
1	Serial Time (outside parallel regions)	2.454s (53.7%)
2	Top Serial Hotspots (outside parallel regions)	
2	Function	Module	Serial CPU Time
2	[Loop@0x408d49 in pgain]	sc_omp	0.135313
2	[Outside any known module]	[Unknown]	0.130301
2	[Loop@0x4093a5 in pspeedy]	sc_omp	0.110255
2	[Loop@0x409169 in pspeedy]	sc_omp	0.020046
2	_simd_lrand48_si64x2	sc_omp	0.020046
2	[Others]	N/A	0.075174
1	Parallel Region Time	2.119s (46.3%)
2	Estimated Ideal Time	1.962s (42.9%)
2	OpenMP Potential Gain	0.157s (3.4%)
0	Memory Bound	76.3
1	Cache Bound	51.9
1	DRAM Bound	1.3
1	NUMA: % of Remote Accesses	0.0
0	Vectorization	100.0
1	Instruction Mix	
2	SP FLOPs	25.2
3	Packed	100.0
4	128-bit	100.0
4	256-bit	0.0
3	Scalar	0.0
2	DP FLOPs	0.0
3	Packed	0.0
4	128-bit	0.0
4	256-bit	0.0
3	Scalar	0.0
2	x87 FLOPs	0.0
2	Non-FP	74.8
1	FP Arith/Mem Rd Instr. Ratio	0.677151
1	FP Arith/Mem Wr Instr. Ratio	6.047732
0	Collection and Platform Info	
1	Application Command Line	sc_omp "10" "20" "256" "32768" "32768" "1000" "none" "output.txt" "18" 
1	Operating System	3.10.0-1160.15.2.1chaos.ch6.x86_64 NAME="Red Hat Enterprise Linux Server" VERSION="7.9 (Maipo)" ID="rhel" ID_LIKE="fedora" VARIANT="Server" VARIANT_ID="server" VERSION_ID="7.9" PRETTY_NAME="Red Hat Enterprise Linux Server 7.9 (Maipo)" ANSI_COLOR="0;31" CPE_NAME="cpe:/o:redhat:enterprise_linux:7.9:GA:server" HOME_URL="https://www.redhat.com/" BUG_REPORT_URL="https://bugzilla.redhat.com/"  REDHAT_BUGZILLA_PRODUCT="Red Hat Enterprise Linux 7" REDHAT_BUGZILLA_PRODUCT_VERSION=7.9 REDHAT_SUPPORT_PRODUCT="Red Hat Enterprise Linux" REDHAT_SUPPORT_PRODUCT_VERSION="7.9"
1	Computer Name	quartz2758
1	Result Size	13757086
1	Collection start time	02:45:15 22/04/2021 UTC
1	Collection stop time	02:45:19 22/04/2021 UTC
1	Collector Type	Driverless Perf per-process sampling
1	CPU	
2	Name	Intel(R) Xeon(R) Processor code named Broadwell
2	Frequency	2095147215
2	Logical CPU Count	72
