Hierarchy Level	Metric Name	Metric Value
0	Elapsed Time	17.501590
1	Paused Time	0.0
0	Effective CPU Utilization	3.3% (2.404 out of 72 logical CPUs)
1	OpenMP Analysis. Collection Time	17.501590
2	Serial Time (outside parallel regions)	3.571s (20.4%)
3	Top Serial Hotspots (outside parallel regions)	
3	Function	Module	Serial CPU Time
3	__kmp_join_call	libiomp5.so	2.209732
3	pgain	sc_omp	0.319772
3	pspeedy	sc_omp	0.069908
3	_simd_lrand48_si64x2	sc_omp	0.060009
3	__kmp_fork_call	libiomp5.so	0.059960
3	[Others]	N/A	0.219861
2	Parallel Region Time	13.931s (79.6%)
3	Estimated Ideal Time	11.809s (67.5%)
3	OpenMP Potential Gain	2.121s (12.1%)
1	Total Thread Count	18
2	Thread Oversubscription	0s (0.0% of CPU Time)
1	Wait Time with poor CPU Utilization	0.363s (100.0% of Wait Time)
2	Top Waiting Objects	
2	Sync Object	Wait Time with poor CPU Utilization	(% from Object Wait Time)(%)	Wait Count
2	Condition Variable 0x74c978ed	0.359101	100.0	11
2	Stream output.txt 0x27fde40a	0.001875	100.0	1
2	Stream 0x1d353c67	0.001327	100.0	3
2	Stream 0x8cce8b5a	0.000817	100.0	1
2	Stream /proc/cpuinfo 0x482b2eb7	0.000095	100.0	2
2	[Others]	0.000059	100.0	5
1	Spin and Overhead Time	268.198s (86.4% of CPU Time)
2	Top Functions with Spin or Overhead Time	
2	Function	Module	Spin and Overhead Time	(% from CPU Time)(%)
2	__kmp_fork_barrier	libiomp5.so	219.376754	70.7
2	__kmp_barrier	libiomp5.so	29.450478	9.5
2	__kmp_fork_call	libiomp5.so	8.958291	2.9
2	__kmp_join_barrier	libiomp5.so	4.789935	1.5
2	__kmp_join_call	libiomp5.so	2.690200	0.9
2	[Others]	N/A	2.932778	0.9
0	Collection and Platform Info	
1	Application Command Line	sc_omp "10" "20" "256" "32768" "512" "1000" "none" "output.txt" "18" 
1	Operating System	3.10.0-1160.15.2.1chaos.ch6.x86_64 NAME="Red Hat Enterprise Linux Server" VERSION="7.9 (Maipo)" ID="rhel" ID_LIKE="fedora" VARIANT="Server" VARIANT_ID="server" VERSION_ID="7.9" PRETTY_NAME="Red Hat Enterprise Linux Server 7.9 (Maipo)" ANSI_COLOR="0;31" CPE_NAME="cpe:/o:redhat:enterprise_linux:7.9:GA:server" HOME_URL="https://www.redhat.com/" BUG_REPORT_URL="https://bugzilla.redhat.com/"  REDHAT_BUGZILLA_PRODUCT="Red Hat Enterprise Linux 7" REDHAT_BUGZILLA_PRODUCT_VERSION=7.9 REDHAT_SUPPORT_PRODUCT="Red Hat Enterprise Linux" REDHAT_SUPPORT_PRODUCT_VERSION="7.9"
1	Computer Name	quartz2758
1	Result Size	204650673
1	Collection start time	02:22:37 22/04/2021 UTC
1	Collection stop time	02:22:55 22/04/2021 UTC
1	Collector Type	User-mode sampling and tracing
1	CPU	
2	Name	Intel(R) Xeon(R) Processor code named Broadwell
2	Frequency	2095146971
2	Logical CPU Count	72
