Hierarchy Level	Metric Name	Metric Value
0	Elapsed Time	4.188898
1	Paused Time	0.0
0	Effective CPU Utilization	13.1% (9.455 out of 72 logical CPUs)
1	OpenMP Analysis. Collection Time	4.188898
2	Serial Time (outside parallel regions)	0.729s (17.4%)
3	Top Serial Hotspots (outside parallel regions)	
3	Function	Module	Serial CPU Time
3	__kmp_join_call	libiomp5.so	0.179981
3	pgain	sc_omp	0.178190
3	pspeedy	sc_omp	0.079993
3	ompc_set_num_threads	libiomp5.so	0.030000
3	streamCluster	sc_omp	0.020005
3	[Others]	N/A	0.060002
2	Parallel Region Time	3.460s (82.6%)
3	Estimated Ideal Time	3.095s (73.9%)
3	OpenMP Potential Gain	0.365s (8.7%)
1	Total Thread Count	18
2	Thread Oversubscription	0s (0.0% of CPU Time)
1	Wait Time with poor CPU Utilization	0.317s (100.0% of Wait Time)
2	Top Waiting Objects	
2	Sync Object	Wait Time with poor CPU Utilization	(% from Object Wait Time)(%)	Wait Count
2	Condition Variable 0x74c978ed	0.313043	100.0	12
2	Stream output.txt 0x27fde40a	0.001796	100.0	1
2	Mutex 0x6cb3026d	0.001222	100.0	4
2	Stream 0x1d353c67	0.000430	100.0	1
2	Stream 0x8cce8b5a	0.000428	100.0	1
2	[Others]	0.000110	100.0	5
1	Spin and Overhead Time	32.276s (44.9% of CPU Time)
2	Top Functions with Spin or Overhead Time	
2	Function	Module	Spin and Overhead Time	(% from CPU Time)(%)
2	__kmp_fork_barrier	libiomp5.so	25.031491	34.8
2	__kmp_barrier	libiomp5.so	5.169875	7.2
2	__kmp_fork_call	libiomp5.so	0.803915	1.1
2	__kmp_join_barrier	libiomp5.so	0.470004	0.7
2	__kmp_join_call	libiomp5.so	0.259911	0.4
2	[Others]	N/A	0.540456	0.8
0	Collection and Platform Info	
1	Application Command Line	sc_omp "10" "20" "256" "32768" "4096" "1000" "none" "output.txt" "18" 
1	Operating System	3.10.0-1160.15.2.1chaos.ch6.x86_64 NAME="Red Hat Enterprise Linux Server" VERSION="7.9 (Maipo)" ID="rhel" ID_LIKE="fedora" VARIANT="Server" VARIANT_ID="server" VERSION_ID="7.9" PRETTY_NAME="Red Hat Enterprise Linux Server 7.9 (Maipo)" ANSI_COLOR="0;31" CPE_NAME="cpe:/o:redhat:enterprise_linux:7.9:GA:server" HOME_URL="https://www.redhat.com/" BUG_REPORT_URL="https://bugzilla.redhat.com/"  REDHAT_BUGZILLA_PRODUCT="Red Hat Enterprise Linux 7" REDHAT_BUGZILLA_PRODUCT_VERSION=7.9 REDHAT_SUPPORT_PRODUCT="Red Hat Enterprise Linux" REDHAT_SUPPORT_PRODUCT_VERSION="7.9"
1	Computer Name	quartz2758
1	Result Size	25873029
1	Collection start time	02:36:35 22/04/2021 UTC
1	Collection stop time	02:36:40 22/04/2021 UTC
1	Collector Type	User-mode sampling and tracing
1	CPU	
2	Name	Intel(R) Xeon(R) Processor code named Broadwell
2	Frequency	2095147157
2	Logical CPU Count	72
