Hierarchy Level	Metric Name	Metric Value
0	Elapsed Time	1.285201
1	Paused Time	0.0
0	Effective CPU Utilization	4.6% (3.297 out of 72 logical CPUs)
1	OpenMP Analysis. Collection Time	1.285201
2	Serial Time (outside parallel regions)	0.410s (31.9%)
3	Top Serial Hotspots (outside parallel regions)	
3	Function	Module	Serial CPU Time
3	__kmp_join_call	libiomp5.so	0.139904
3	ompc_set_num_threads	libiomp5.so	0.030000
3	pgain	sc_omp	0.019998
3	[Outside any known module]	[Unknown]	0.010000
3	_IO_fprintf	libc.so.6	0.010000
3	[Others]	N/A	0.018693
2	Parallel Region Time	0.875s (68.1%)
3	Estimated Ideal Time	0.738s (57.5%)
3	OpenMP Potential Gain	0.137s (10.7%)
1	Total Thread Count	18
2	Thread Oversubscription	0s (0.0% of CPU Time)
1	Wait Time with poor CPU Utilization	0.320s (100.0% of Wait Time)
2	Top Waiting Objects	
2	Sync Object	Wait Time with poor CPU Utilization	(% from Object Wait Time)(%)	Wait Count
2	Condition Variable 0x74c978ed	0.317283	100.0	13
2	Stream output.txt 0x27fde40a	0.002059	100.0	1
2	Stream 0x8cce8b5a	0.000308	100.0	1
2	Stream /proc/cpuinfo 0x482b2eb7	0.000104	100.0	2
2	Mutex 0x6cb3026d	0.000019	100.0	2
2	[Others]	0.000052	100.0	4
1	Spin and Overhead Time	15.303s (78.4% of CPU Time)
2	Top Functions with Spin or Overhead Time	
2	Function	Module	Spin and Overhead Time	(% from CPU Time)(%)
2	__kmp_fork_barrier	libiomp5.so	12.369851	63.4
2	__kmp_barrier	libiomp5.so	1.760978	9.0
2	__kmp_fork_call	libiomp5.so	0.441679	2.3
2	__kmp_join_barrier	libiomp5.so	0.299986	1.5
2	__kmp_join_call	libiomp5.so	0.159891	0.8
2	[Others]	N/A	0.270221	1.4
0	Collection and Platform Info	
1	Application Command Line	sc_omp "10" "20" "256" "4096" "1024" "1000" "none" "output.txt" "18" 
1	Operating System	3.10.0-1160.15.2.1chaos.ch6.x86_64 NAME="Red Hat Enterprise Linux Server" VERSION="7.9 (Maipo)" ID="rhel" ID_LIKE="fedora" VARIANT="Server" VARIANT_ID="server" VERSION_ID="7.9" PRETTY_NAME="Red Hat Enterprise Linux Server 7.9 (Maipo)" ANSI_COLOR="0;31" CPE_NAME="cpe:/o:redhat:enterprise_linux:7.9:GA:server" HOME_URL="https://www.redhat.com/" BUG_REPORT_URL="https://bugzilla.redhat.com/"  REDHAT_BUGZILLA_PRODUCT="Red Hat Enterprise Linux 7" REDHAT_BUGZILLA_PRODUCT_VERSION=7.9 REDHAT_SUPPORT_PRODUCT="Red Hat Enterprise Linux" REDHAT_SUPPORT_PRODUCT_VERSION="7.9"
1	Computer Name	quartz2758
1	Result Size	15941632
1	Collection start time	01:19:43 22/04/2021 UTC
1	Collection stop time	01:19:44 22/04/2021 UTC
1	Collector Type	User-mode sampling and tracing
1	CPU	
2	Name	Intel(R) Xeon(R) Processor code named Broadwell
2	Frequency	2095147293
2	Logical CPU Count	72
