Hierarchy Level	Metric Name	Metric Value
0	Elapsed Time	0.771612
1	Paused Time	0.0
0	Effective CPU Utilization	8.5% (6.117 out of 72 logical CPUs)
1	OpenMP Analysis. Collection Time	0.771612
2	Serial Time (outside parallel regions)	0.339s (44.0%)
3	Top Serial Hotspots (outside parallel regions)	
3	Function	Module	Serial CPU Time
3	ompc_set_num_threads	libiomp5.so	0.040012
3	__kmp_join_call	libiomp5.so	0.039999
3	pgain	sc_omp	0.009993
3	pspeedy	sc_omp	0.009988
2	Parallel Region Time	0.432s (56.0%)
3	Estimated Ideal Time	0.374s (48.5%)
3	OpenMP Potential Gain	0.058s (7.5%)
1	Total Thread Count	18
2	Thread Oversubscription	0s (0.0% of CPU Time)
1	Wait Time with poor CPU Utilization	0.264s (100.0% of Wait Time)
2	Top Waiting Objects	
2	Sync Object	Wait Time with poor CPU Utilization	(% from Object Wait Time)(%)	Wait Count
2	Condition Variable 0x74c978ed	0.260836	100.0	12
2	Stream output.txt 0x27fde40a	0.002049	100.0	1
2	Stream 0x8cce8b5a	0.000469	100.0	1
2	Stream /proc/cpuinfo 0x482b2eb7	0.000158	100.0	4
2	Mutex 0x6cb3026d	0.000022	100.0	3
2	[Others]	0.000040	100.0	4
1	Spin and Overhead Time	5.160s (52.3% of CPU Time)
2	Top Functions with Spin or Overhead Time	
2	Function	Module	Spin and Overhead Time	(% from CPU Time)(%)
2	__kmp_fork_barrier	libiomp5.so	4.319867	43.8
2	__kmp_barrier	libiomp5.so	0.600133	6.1
2	__kmp_fork_call	libiomp5.so	0.090249	0.9
2	__kmp_join_call	libiomp5.so	0.059956	0.6
2	ompc_set_num_threads	libiomp5.so	0.040012	0.4
2	[Others]	N/A	0.049997	0.5
0	Collection and Platform Info	
1	Application Command Line	sc_omp "10" "20" "256" "4096" "4096" "1000" "none" "output.txt" "18" 
1	Operating System	3.10.0-1160.15.2.1chaos.ch6.x86_64 NAME="Red Hat Enterprise Linux Server" VERSION="7.9 (Maipo)" ID="rhel" ID_LIKE="fedora" VARIANT="Server" VARIANT_ID="server" VERSION_ID="7.9" PRETTY_NAME="Red Hat Enterprise Linux Server 7.9 (Maipo)" ANSI_COLOR="0;31" CPE_NAME="cpe:/o:redhat:enterprise_linux:7.9:GA:server" HOME_URL="https://www.redhat.com/" BUG_REPORT_URL="https://bugzilla.redhat.com/"  REDHAT_BUGZILLA_PRODUCT="Red Hat Enterprise Linux 7" REDHAT_BUGZILLA_PRODUCT_VERSION=7.9 REDHAT_SUPPORT_PRODUCT="Red Hat Enterprise Linux" REDHAT_SUPPORT_PRODUCT_VERSION="7.9"
1	Computer Name	quartz2758
1	Result Size	6799965
1	Collection start time	01:24:34 22/04/2021 UTC
1	Collection stop time	01:24:36 22/04/2021 UTC
1	Collector Type	User-mode sampling and tracing
1	CPU	
2	Name	Intel(R) Xeon(R) Processor code named Broadwell
2	Frequency	2095147291
2	Logical CPU Count	72
