Hierarchy Level	Metric Name	Metric Value
0	Elapsed Time	0.705628
1	Paused Time	0.0
0	Effective CPU Utilization	0.9% (0.626 out of 72 logical CPUs)
1	OpenMP Analysis. Collection Time	0.705628
2	Serial Time (outside parallel regions)	0.328s (46.4%)
3	Top Serial Hotspots (outside parallel regions)	
3	Function	Module	Serial CPU Time
3	__kmp_join_call	libiomp5.so	0.090982
3	ompc_set_num_threads	libiomp5.so	0.030000
3	_simd_lrand48_si64x2	sc_omp	0.010000
3	_IO_fprintf	libc.so.6	0.010000
3	pkmedian	sc_omp	0.009979
2	Parallel Region Time	0.378s (53.6%)
3	Estimated Ideal Time	0.329s (46.6%)
3	OpenMP Potential Gain	0.049s (6.9%)
1	Total Thread Count	18
2	Thread Oversubscription	0s (0.0% of CPU Time)
1	Wait Time with poor CPU Utilization	0.305s (100.0% of Wait Time)
2	Top Waiting Objects	
2	Sync Object	Wait Time with poor CPU Utilization	(% from Object Wait Time)(%)	Wait Count
2	Condition Variable 0x74c978ed	0.301490	100.0	14
2	Stream output.txt 0x27fde40a	0.002007	100.0	1
2	Stream 0x8cce8b5a	0.001021	100.0	1
2	Stream /proc/cpuinfo 0x482b2eb7	0.000060	100.0	1
2	Stream /proc/meminfo 0x9ccc627a	0.000012	100.0	1
2	[Others]	0.000041	100.0	4
1	Spin and Overhead Time	8.831s (95.3% of CPU Time)
2	Top Functions with Spin or Overhead Time	
2	Function	Module	Spin and Overhead Time	(% from CPU Time)(%)
2	__kmp_fork_barrier	libiomp5.so	7.378817	79.6
2	__kmp_barrier	libiomp5.so	1.021098	11.0
2	__kmp_fork_call	libiomp5.so	0.220202	2.4
2	__kmp_join_call	libiomp5.so	0.090982	1.0
2	__kmp_join_barrier	libiomp5.so	0.050002	0.5
2	[Others]	N/A	0.070017	0.8
0	Collection and Platform Info	
1	Application Command Line	sc_omp "10" "20" "256" "512" "256" "1000" "none" "output.txt" "18" 
1	Operating System	3.10.0-1160.15.2.1chaos.ch6.x86_64 NAME="Red Hat Enterprise Linux Server" VERSION="7.9 (Maipo)" ID="rhel" ID_LIKE="fedora" VARIANT="Server" VARIANT_ID="server" VERSION_ID="7.9" PRETTY_NAME="Red Hat Enterprise Linux Server 7.9 (Maipo)" ANSI_COLOR="0;31" CPE_NAME="cpe:/o:redhat:enterprise_linux:7.9:GA:server" HOME_URL="https://www.redhat.com/" BUG_REPORT_URL="https://bugzilla.redhat.com/"  REDHAT_BUGZILLA_PRODUCT="Red Hat Enterprise Linux 7" REDHAT_BUGZILLA_PRODUCT_VERSION=7.9 REDHAT_SUPPORT_PRODUCT="Red Hat Enterprise Linux" REDHAT_SUPPORT_PRODUCT_VERSION="7.9"
1	Computer Name	quartz2758
1	Result Size	10824023
1	Collection start time	00:51:59 22/04/2021 UTC
1	Collection stop time	00:52:00 22/04/2021 UTC
1	Collector Type	User-mode sampling and tracing
1	CPU	
2	Name	Intel(R) Xeon(R) Processor code named Broadwell
2	Frequency	2095146638
2	Logical CPU Count	72
