Hierarchy Level	Metric Name	Metric Value
0	Elapsed Time	5.142656
1	Paused Time	0.0
0	Effective CPU Utilization	18.1% (13.061 out of 72 logical CPUs)
1	OpenMP Analysis. Collection Time	5.142656
2	Serial Time (outside parallel regions)	0.985s (19.2%)
3	Top Serial Hotspots (outside parallel regions)	
3	Function	Module	Serial CPU Time
3	pspeedy	sc_omp	0.329999
3	pgain	sc_omp	0.229905
3	__kmp_join_call	libiomp5.so	0.069985
3	_simd_lrand48_si64x2	sc_omp	0.040005
3	streamCluster	sc_omp	0.039999
3	[Others]	N/A	0.129990
2	Parallel Region Time	4.158s (80.8%)
3	Estimated Ideal Time	3.968s (77.2%)
3	OpenMP Potential Gain	0.190s (3.7%)
1	Total Thread Count	18
2	Thread Oversubscription	0s (0.0% of CPU Time)
1	Wait Time with poor CPU Utilization	0.988s (100.0% of Wait Time)
2	Top Waiting Objects	
2	Sync Object	Wait Time with poor CPU Utilization	(% from Object Wait Time)(%)	Wait Count
2	Condition Variable 0x74c978ed	0.982124	100.0	31
2	Mutex 0x6cb3026d	0.002891	100.0	2
2	Stream output.txt 0x27fde40a	0.001693	100.0	1
2	Stream 0x8cce8b5a	0.001092	100.0	1
2	Stream 0x1d353c67	0.000489	100.0	1
2	[Others]	0.000168	100.0	6
1	Spin and Overhead Time	18.102s (21.2% of CPU Time)
2	Top Functions with Spin or Overhead Time	
2	Function	Module	Spin and Overhead Time	(% from CPU Time)(%)
2	__kmp_fork_barrier	libiomp5.so	14.230497	16.7
2	__kmp_barrier	libiomp5.so	3.270096	3.8
2	__kmp_join_barrier	libiomp5.so	0.189985	0.2
2	__kmp_fork_call	libiomp5.so	0.180960	0.2
2	__kmp_join_call	libiomp5.so	0.089983	0.1
2	[Others]	N/A	0.140026	0.2
0	Collection and Platform Info	
1	Application Command Line	sc_omp "10" "20" "256" "65536" "32768" "1000" "none" "output.txt" "18" 
1	Operating System	3.10.0-1160.15.2.1chaos.ch6.x86_64 NAME="Red Hat Enterprise Linux Server" VERSION="7.9 (Maipo)" ID="rhel" ID_LIKE="fedora" VARIANT="Server" VARIANT_ID="server" VERSION_ID="7.9" PRETTY_NAME="Red Hat Enterprise Linux Server 7.9 (Maipo)" ANSI_COLOR="0;31" CPE_NAME="cpe:/o:redhat:enterprise_linux:7.9:GA:server" HOME_URL="https://www.redhat.com/" BUG_REPORT_URL="https://bugzilla.redhat.com/"  REDHAT_BUGZILLA_PRODUCT="Red Hat Enterprise Linux 7" REDHAT_BUGZILLA_PRODUCT_VERSION=7.9 REDHAT_SUPPORT_PRODUCT="Red Hat Enterprise Linux" REDHAT_SUPPORT_PRODUCT_VERSION="7.9"
1	Computer Name	quartz2758
1	Result Size	12325356
1	Collection start time	03:26:35 22/04/2021 UTC
1	Collection stop time	03:26:40 22/04/2021 UTC
1	Collector Type	User-mode sampling and tracing
1	CPU	
2	Name	Intel(R) Xeon(R) Processor code named Broadwell
2	Frequency	2095147000
2	Logical CPU Count	72
