Hierarchy Level	Metric Name	Metric Value
0	Elapsed Time	16.335814
1	Paused Time	0.0
0	Effective CPU Utilization	1.7% (1.226 out of 72 logical CPUs)
1	OpenMP Analysis. Collection Time	16.335814
2	Serial Time (outside parallel regions)	3.448s (21.1%)
3	Top Serial Hotspots (outside parallel regions)	
3	Function	Module	Serial CPU Time
3	__kmp_join_call	libiomp5.so	2.050422
3	pgain	sc_omp	0.139771
3	__kmp_fork_call	libiomp5.so	0.060911
3	[ld-linux-x86-64.so.2]	ld-linux-x86-64.so.2	0.059949
3	pspeedy	sc_omp	0.040970
3	[Others]	N/A	0.208108
2	Parallel Region Time	12.887s (78.9%)
3	Estimated Ideal Time	11.007s (67.4%)
3	OpenMP Potential Gain	1.880s (11.5%)
1	Total Thread Count	18
2	Thread Oversubscription	0s (0.0% of CPU Time)
1	Wait Time with poor CPU Utilization	0.319s (100.0% of Wait Time)
2	Top Waiting Objects	
2	Sync Object	Wait Time with poor CPU Utilization	(% from Object Wait Time)(%)	Wait Count
2	Condition Variable 0x74c978ed	0.317367	100.0	14
2	Stream 0x1d353c67	0.000846	100.0	2
2	Stream 0x8cce8b5a	0.000680	100.0	1
2	Stream /proc/cpuinfo 0x482b2eb7	0.000058	100.0	1
2	Stream /proc/meminfo 0xb0504f33	0.000019	100.0	1
2	[Others]	0.000031	100.0	3
1	Spin and Overhead Time	269.261s (93.1% of CPU Time)
2	Top Functions with Spin or Overhead Time	
2	Function	Module	Spin and Overhead Time	(% from CPU Time)(%)
2	__kmp_fork_barrier	libiomp5.so	223.067356	77.1
2	__kmp_barrier	libiomp5.so	25.831076	8.9
2	__kmp_fork_call	libiomp5.so	9.597646	3.3
2	__kmp_join_barrier	libiomp5.so	5.188842	1.8
2	__kmp_join_call	libiomp5.so	2.478406	0.9
2	[Others]	N/A	3.098011	1.1
0	Collection and Platform Info	
1	Application Command Line	sc_omp "10" "20" "256" "65536" "256" "1000" "none" "output.txt" "18" 
1	Operating System	3.10.0-1160.15.2.1chaos.ch6.x86_64 NAME="Red Hat Enterprise Linux Server" VERSION="7.9 (Maipo)" ID="rhel" ID_LIKE="fedora" VARIANT="Server" VARIANT_ID="server" VERSION_ID="7.9" PRETTY_NAME="Red Hat Enterprise Linux Server 7.9 (Maipo)" ANSI_COLOR="0;31" CPE_NAME="cpe:/o:redhat:enterprise_linux:7.9:GA:server" HOME_URL="https://www.redhat.com/" BUG_REPORT_URL="https://bugzilla.redhat.com/"  REDHAT_BUGZILLA_PRODUCT="Red Hat Enterprise Linux 7" REDHAT_BUGZILLA_PRODUCT_VERSION=7.9 REDHAT_SUPPORT_PRODUCT="Red Hat Enterprise Linux" REDHAT_SUPPORT_PRODUCT_VERSION="7.9"
1	Computer Name	quartz2758
1	Result Size	208371689
1	Collection start time	02:49:38 22/04/2021 UTC
1	Collection stop time	02:49:55 22/04/2021 UTC
1	Collector Type	User-mode sampling and tracing
1	CPU	
2	Name	Intel(R) Xeon(R) Processor code named Broadwell
2	Frequency	2095147018
2	Logical CPU Count	72
