Hierarchy Level	Metric Name	Metric Value
0	Elapsed Time	0.628293
1	SP GFLOPS	0.0
1	DP GFLOPS	0.0
1	x87 GFLOPS	0.0
1	CPI Rate	1.202937
1	Average CPU Frequency	2634394604.734357
1	Total Thread Count	36
0	Effective Physical Core Utilization	7.7% (2.789 out of 36)
1	Effective Logical Core Utilization	7.0% (5.033 out of 72)
1	Serial Time (outside parallel regions)	0.369s (58.8%)
2	Top Serial Hotspots (outside parallel regions)	
2	Function	Module	Serial CPU Time
2	[Outside any known module]	[Unknown]	0.230533
2	_INTERNAL_25_______src_kmp_barrier_cpp_ddfed41b::__kmp_wait_template<kmp_flag_64, (int)0, (bool)0, (bool)1>	libiomp5.so	0.015035
2	__tls_get_addr	ld-2.17.so	0.005012
2	[Loop@0x408d49 in pgain]	sc_omp	0.005012
2	[Loop@0x4093a5 in pspeedy]	sc_omp	0.005012
2	[Others]	N/A	0.025058
1	Parallel Region Time	0.259s (41.2%)
2	Estimated Ideal Time	0.097s (15.5%)
2	OpenMP Potential Gain	0.162s (25.8%)
0	Memory Bound	8.5
1	Cache Bound	8.9
1	DRAM Bound	0.3
1	NUMA: % of Remote Accesses	0.0
0	Vectorization	0.0
1	Instruction Mix	
2	SP FLOPs	0.0
3	Packed	0.0
4	128-bit	0.0
4	256-bit	0.0
3	Scalar	0.0
2	DP FLOPs	0.0
3	Packed	0.0
4	128-bit	0.0
4	256-bit	0.0
3	Scalar	0.0
2	x87 FLOPs	0.0
2	Non-FP	100.0
1	FP Arith/Mem Rd Instr. Ratio	0.0
1	FP Arith/Mem Wr Instr. Ratio	0.0
0	Collection and Platform Info	
1	Application Command Line	sc_omp "10" "20" "256" "1024" "512" "1000" "none" "output.txt" "36" 
1	Operating System	3.10.0-1160.15.2.1chaos.ch6.x86_64 NAME="Red Hat Enterprise Linux Server" VERSION="7.9 (Maipo)" ID="rhel" ID_LIKE="fedora" VARIANT="Server" VARIANT_ID="server" VERSION_ID="7.9" PRETTY_NAME="Red Hat Enterprise Linux Server 7.9 (Maipo)" ANSI_COLOR="0;31" CPE_NAME="cpe:/o:redhat:enterprise_linux:7.9:GA:server" HOME_URL="https://www.redhat.com/" BUG_REPORT_URL="https://bugzilla.redhat.com/"  REDHAT_BUGZILLA_PRODUCT="Red Hat Enterprise Linux 7" REDHAT_BUGZILLA_PRODUCT_VERSION=7.9 REDHAT_SUPPORT_PRODUCT="Red Hat Enterprise Linux" REDHAT_SUPPORT_PRODUCT_VERSION="7.9"
1	Computer Name	quartz2758
1	Result Size	15444680
1	Collection start time	00:58:33 22/04/2021 UTC
1	Collection stop time	00:58:34 22/04/2021 UTC
1	Collector Type	Driverless Perf per-process sampling
1	CPU	
2	Name	Intel(R) Xeon(R) Processor code named Broadwell
2	Frequency	2095147634
2	Logical CPU Count	72
