Hierarchy Level	Metric Name	Metric Value
0	Elapsed Time	8.403772
1	Paused Time	0.0
0	Effective CPU Utilization	4.6% (3.287 out of 72 logical CPUs)
1	OpenMP Analysis. Collection Time	8.403772
2	Serial Time (outside parallel regions)	1.837s (21.9%)
3	Top Serial Hotspots (outside parallel regions)	
3	Function	Module	Serial CPU Time
3	__kmp_join_call	libiomp5.so	1.030057
3	pgain	sc_omp	0.139646
3	__kmp_fork_call	libiomp5.so	0.079882
3	pspeedy	sc_omp	0.069894
3	ompc_set_num_threads	libiomp5.so	0.030000
3	[Others]	N/A	0.059995
2	Parallel Region Time	6.566s (78.1%)
3	Estimated Ideal Time	5.459s (65.0%)
3	OpenMP Potential Gain	1.108s (13.2%)
1	Total Thread Count	36
2	Thread Oversubscription	0s (0.0% of CPU Time)
1	Wait Time with poor CPU Utilization	1.833s (100.0% of Wait Time)
2	Top Waiting Objects	
2	Sync Object	Wait Time with poor CPU Utilization	(% from Object Wait Time)(%)	Wait Count
2	Condition Variable 0x74c978ed	1.829188	100.0	32
2	Stream output.txt 0x27fde40a	0.002088	100.0	1
2	Stream 0x8cce8b5a	0.000777	100.0	1
2	Stream 0x1d353c67	0.000511	100.0	1
2	Stream /proc/cpuinfo 0x482b2eb7	0.000089	100.0	2
2	[Others]	0.000105	100.0	10
1	Spin and Overhead Time	263.871s (90.5% of CPU Time)
2	Top Functions with Spin or Overhead Time	
2	Function	Module	Spin and Overhead Time	(% from CPU Time)(%)
2	__kmp_fork_barrier	libiomp5.so	219.771420	75.4
2	__kmp_barrier	libiomp5.so	31.096752	10.7
2	__kmp_join_barrier	libiomp5.so	4.458944	1.5
2	__kmp_fork_call	libiomp5.so	4.412850	1.5
2	__kmp_join_call	libiomp5.so	1.289407	0.4
2	[Others]	N/A	2.841898	1.0
0	Collection and Platform Info	
1	Application Command Line	sc_omp "10" "20" "256" "16384" "512" "1000" "none" "output.txt" "36" 
1	Operating System	3.10.0-1160.15.2.1chaos.ch6.x86_64 NAME="Red Hat Enterprise Linux Server" VERSION="7.9 (Maipo)" ID="rhel" ID_LIKE="fedora" VARIANT="Server" VARIANT_ID="server" VERSION_ID="7.9" PRETTY_NAME="Red Hat Enterprise Linux Server 7.9 (Maipo)" ANSI_COLOR="0;31" CPE_NAME="cpe:/o:redhat:enterprise_linux:7.9:GA:server" HOME_URL="https://www.redhat.com/" BUG_REPORT_URL="https://bugzilla.redhat.com/"  REDHAT_BUGZILLA_PRODUCT="Red Hat Enterprise Linux 7" REDHAT_BUGZILLA_PRODUCT_VERSION=7.9 REDHAT_SUPPORT_PRODUCT="Red Hat Enterprise Linux" REDHAT_SUPPORT_PRODUCT_VERSION="7.9"
1	Computer Name	quartz2758
1	Result Size	92316286
1	Collection start time	01:52:48 22/04/2021 UTC
1	Collection stop time	01:52:57 22/04/2021 UTC
1	Collector Type	User-mode sampling and tracing
1	CPU	
2	Name	Intel(R) Xeon(R) Processor code named Broadwell
2	Frequency	2095146961
2	Logical CPU Count	72
