Hierarchy Level	Metric Name	Metric Value
0	Elapsed Time	1.623052
1	SP GFLOPS	5.323311
1	DP GFLOPS	0.0
1	x87 GFLOPS	0.0
1	CPI Rate	1.359459
1	Average CPU Frequency	2626653694.596663
1	Total Thread Count	36
0	Effective Physical Core Utilization	21.3% (7.682 out of 36)
1	Effective Logical Core Utilization	17.8% (12.827 out of 72)
1	Serial Time (outside parallel regions)	0.741s (45.6%)
2	Top Serial Hotspots (outside parallel regions)	
2	Function	Module	Serial CPU Time
2	[Outside any known module]	[Unknown]	0.335776
2	[Loop@0x408d49 in pgain]	sc_omp	0.060139
2	[Loop@0x4093a5 in pspeedy]	sc_omp	0.040093
2	[Loop@0x409c68 in SimStream::read]	sc_omp	0.020046
2	[Loop@0x4082cf in pgain]	sc_omp	0.020046
2	[Others]	N/A	0.120278
1	Parallel Region Time	0.882s (54.4%)
2	Estimated Ideal Time	0.601s (37.0%)
2	OpenMP Potential Gain	0.281s (17.3%)
0	Memory Bound	24.3
1	Cache Bound	22.3
1	DRAM Bound	0.0
1	NUMA: % of Remote Accesses	0.0
0	Vectorization	100.0
1	Instruction Mix	
2	SP FLOPs	3.0
3	Packed	100.0
4	128-bit	100.0
4	256-bit	0.0
3	Scalar	0.0
2	DP FLOPs	0.0
3	Packed	0.0
4	128-bit	0.0
4	256-bit	0.0
3	Scalar	0.0
2	x87 FLOPs	0.0
2	Non-FP	97.0
1	FP Arith/Mem Rd Instr. Ratio	0.088168
1	FP Arith/Mem Wr Instr. Ratio	0.398991
0	Collection and Platform Info	
1	Application Command Line	sc_omp "10" "20" "256" "16384" "2048" "1000" "none" "output.txt" "36" 
1	Operating System	3.10.0-1160.15.2.1chaos.ch6.x86_64 NAME="Red Hat Enterprise Linux Server" VERSION="7.9 (Maipo)" ID="rhel" ID_LIKE="fedora" VARIANT="Server" VARIANT_ID="server" VERSION_ID="7.9" PRETTY_NAME="Red Hat Enterprise Linux Server 7.9 (Maipo)" ANSI_COLOR="0;31" CPE_NAME="cpe:/o:redhat:enterprise_linux:7.9:GA:server" HOME_URL="https://www.redhat.com/" BUG_REPORT_URL="https://bugzilla.redhat.com/"  REDHAT_BUGZILLA_PRODUCT="Red Hat Enterprise Linux 7" REDHAT_BUGZILLA_PRODUCT_VERSION=7.9 REDHAT_SUPPORT_PRODUCT="Red Hat Enterprise Linux" REDHAT_SUPPORT_PRODUCT_VERSION="7.9"
1	Computer Name	quartz2758
1	Result Size	36154209
1	Collection start time	02:02:00 22/04/2021 UTC
1	Collection stop time	02:02:02 22/04/2021 UTC
1	Collector Type	Driverless Perf per-process sampling
1	CPU	
2	Name	Intel(R) Xeon(R) Processor code named Broadwell
2	Frequency	2095147402
2	Logical CPU Count	72
