Hierarchy Level	Metric Name	Metric Value
0	Elapsed Time	1.435636
1	Paused Time	0.0
0	Effective CPU Utilization	1.7% (1.250 out of 72 logical CPUs)
1	OpenMP Analysis. Collection Time	1.435636
2	Serial Time (outside parallel regions)	0.574s (40.0%)
3	Top Serial Hotspots (outside parallel regions)	
3	Function	Module	Serial CPU Time
3	__kmp_join_call	libiomp5.so	0.209767
3	ompc_set_num_threads	libiomp5.so	0.040000
3	[ld-linux-x86-64.so.2]	ld-linux-x86-64.so.2	0.019993
3	__intel_avx_rep_memset	sc_omp	0.019974
3	pgain	sc_omp	0.019919
3	[Others]	N/A	0.039988
2	Parallel Region Time	0.862s (60.0%)
3	Estimated Ideal Time	0.716s (49.8%)
3	OpenMP Potential Gain	0.146s (10.2%)
1	Total Thread Count	36
2	Thread Oversubscription	0s (0.0% of CPU Time)
1	Wait Time with poor CPU Utilization	1.921s (100.0% of Wait Time)
2	Top Waiting Objects	
2	Sync Object	Wait Time with poor CPU Utilization	(% from Object Wait Time)(%)	Wait Count
2	Condition Variable 0x74c978ed	1.917832	100.0	30
2	Stream output.txt 0x27fde40a	0.001686	100.0	1
2	Stream 0x8cce8b5a	0.001027	100.0	1
2	Mutex 0x6cb3026d	0.000287	100.0	7
2	Stream /proc/cpuinfo 0x482b2eb7	0.000092	100.0	2
2	[Others]	0.000048	100.0	4
1	Spin and Overhead Time	38.970s (95.6% of CPU Time)
2	Top Functions with Spin or Overhead Time	
2	Function	Module	Spin and Overhead Time	(% from CPU Time)(%)
2	__kmp_fork_barrier	libiomp5.so	32.105381	78.8
2	__kmp_barrier	libiomp5.so	5.044188	12.4
2	__kmp_join_barrier	libiomp5.so	0.560019	1.4
2	__kmp_fork_call	libiomp5.so	0.530455	1.3
2	__kmp_join_call	libiomp5.so	0.229761	0.6
2	[Others]	N/A	0.500301	1.2
0	Collection and Platform Info	
1	Application Command Line	sc_omp "10" "20" "256" "1024" "256" "1000" "none" "output.txt" "36" 
1	Operating System	3.10.0-1160.15.2.1chaos.ch6.x86_64 NAME="Red Hat Enterprise Linux Server" VERSION="7.9 (Maipo)" ID="rhel" ID_LIKE="fedora" VARIANT="Server" VARIANT_ID="server" VERSION_ID="7.9" PRETTY_NAME="Red Hat Enterprise Linux Server 7.9 (Maipo)" ANSI_COLOR="0;31" CPE_NAME="cpe:/o:redhat:enterprise_linux:7.9:GA:server" HOME_URL="https://www.redhat.com/" BUG_REPORT_URL="https://bugzilla.redhat.com/"  REDHAT_BUGZILLA_PRODUCT="Red Hat Enterprise Linux 7" REDHAT_BUGZILLA_PRODUCT_VERSION=7.9 REDHAT_SUPPORT_PRODUCT="Red Hat Enterprise Linux" REDHAT_SUPPORT_PRODUCT_VERSION="7.9"
1	Computer Name	quartz2758
1	Result Size	17815116
1	Collection start time	00:55:46 22/04/2021 UTC
1	Collection stop time	00:55:48 22/04/2021 UTC
1	Collector Type	User-mode sampling and tracing
1	CPU	
2	Name	Intel(R) Xeon(R) Processor code named Broadwell
2	Frequency	2095146941
2	Logical CPU Count	72
