Hierarchy Level	Metric Name	Metric Value
0	Elapsed Time	15.760718
1	Paused Time	0.0
0	Effective CPU Utilization	2.6% (1.882 out of 72 logical CPUs)
1	OpenMP Analysis. Collection Time	15.760718
2	Serial Time (outside parallel regions)	3.525s (22.4%)
3	Top Serial Hotspots (outside parallel regions)	
3	Function	Module	Serial CPU Time
3	__kmp_join_call	libiomp5.so	2.196952
3	pgain	sc_omp	0.189813
3	__kmp_fork_call	libiomp5.so	0.109858
3	__libc_malloc	libc.so.6	0.039941
3	ompc_set_num_threads	libiomp5.so	0.030000
3	[Others]	N/A	0.168680
2	Parallel Region Time	12.235s (77.6%)
3	Estimated Ideal Time	10.336s (65.6%)
3	OpenMP Potential Gain	1.899s (12.0%)
1	Total Thread Count	36
2	Thread Oversubscription	0s (0.0% of CPU Time)
1	Wait Time with poor CPU Utilization	2.912s (100.0% of Wait Time)
2	Top Waiting Objects	
2	Sync Object	Wait Time with poor CPU Utilization	(% from Object Wait Time)(%)	Wait Count
2	Condition Variable 0x74c978ed	2.907796	100.0	68
2	Stream output.txt 0x27fde40a	0.002282	100.0	1
2	Stream 0x1d353c67	0.000918	100.0	3
2	Stream 0x8cce8b5a	0.000819	100.0	1
2	Stream /proc/cpuinfo 0x482b2eb7	0.000109	100.0	2
2	[Others]	0.000129	100.0	10
1	Spin and Overhead Time	521.141s (94.6% of CPU Time)
2	Top Functions with Spin or Overhead Time	
2	Function	Module	Spin and Overhead Time	(% from CPU Time)(%)
2	__kmp_fork_barrier	libiomp5.so	437.339004	79.4
2	__kmp_barrier	libiomp5.so	57.072039	10.4
2	__kmp_join_barrier	libiomp5.so	10.489957	1.9
2	__kmp_fork_call	libiomp5.so	8.502726	1.5
2	__kmp_join_call	libiomp5.so	2.646546	0.5
2	[Others]	N/A	5.090842	0.9
0	Collection and Platform Info	
1	Application Command Line	sc_omp "10" "20" "256" "16384" "256" "1000" "none" "output.txt" "36" 
1	Operating System	3.10.0-1160.15.2.1chaos.ch6.x86_64 NAME="Red Hat Enterprise Linux Server" VERSION="7.9 (Maipo)" ID="rhel" ID_LIKE="fedora" VARIANT="Server" VARIANT_ID="server" VERSION_ID="7.9" PRETTY_NAME="Red Hat Enterprise Linux Server 7.9 (Maipo)" ANSI_COLOR="0;31" CPE_NAME="cpe:/o:redhat:enterprise_linux:7.9:GA:server" HOME_URL="https://www.redhat.com/" BUG_REPORT_URL="https://bugzilla.redhat.com/"  REDHAT_BUGZILLA_PRODUCT="Red Hat Enterprise Linux 7" REDHAT_BUGZILLA_PRODUCT_VERSION=7.9 REDHAT_SUPPORT_PRODUCT="Red Hat Enterprise Linux" REDHAT_SUPPORT_PRODUCT_VERSION="7.9"
1	Computer Name	quartz2758
1	Result Size	178796226
1	Collection start time	01:45:20 22/04/2021 UTC
1	Collection stop time	01:45:36 22/04/2021 UTC
1	Collector Type	User-mode sampling and tracing
1	CPU	
2	Name	Intel(R) Xeon(R) Processor code named Broadwell
2	Frequency	2095146974
2	Logical CPU Count	72
