Hierarchy Level	Metric Name	Metric Value
0	Elapsed Time	1.902753
1	Paused Time	0.0
0	Effective CPU Utilization	20.2% (14.524 out of 72 logical CPUs)
1	OpenMP Analysis. Collection Time	1.902753
2	Serial Time (outside parallel regions)	0.607s (31.9%)
3	Top Serial Hotspots (outside parallel regions)	
3	Function	Module	Serial CPU Time
3	pgain	sc_omp	0.089956
3	__kmp_join_call	libiomp5.so	0.070073
3	ompc_set_num_threads	libiomp5.so	0.040000
3	pspeedy	sc_omp	0.029998
3	SimStream::read	sc_omp	0.019999
3	[Others]	N/A	0.029936
2	Parallel Region Time	1.295s (68.1%)
3	Estimated Ideal Time	1.105s (58.1%)
3	OpenMP Potential Gain	0.190s (10.0%)
1	Total Thread Count	36
2	Thread Oversubscription	0s (0.0% of CPU Time)
1	Wait Time with poor CPU Utilization	1.990s (100.0% of Wait Time)
2	Top Waiting Objects	
2	Sync Object	Wait Time with poor CPU Utilization	(% from Object Wait Time)(%)	Wait Count
2	Condition Variable 0x74c978ed	1.986502	100.0	32
2	Stream output.txt 0x27fde40a	0.001804	100.0	1
2	Stream 0x8cce8b5a	0.001046	100.0	1
2	Stream /proc/cpuinfo 0x482b2eb7	0.000057	100.0	1
2	Stream 0x1d353c67	0.000041	100.0	1
2	[Others]	0.000082	100.0	7
1	Spin and Overhead Time	28.633s (51.0% of CPU Time)
2	Top Functions with Spin or Overhead Time	
2	Function	Module	Spin and Overhead Time	(% from CPU Time)(%)
2	__kmp_fork_barrier	libiomp5.so	22.899837	40.8
2	__kmp_barrier	libiomp5.so	4.432419	7.9
2	__kmp_join_barrier	libiomp5.so	0.509976	0.9
2	__kmp_fork_call	libiomp5.so	0.300472	0.5
2	__kmp_join_call	libiomp5.so	0.120041	0.2
2	[Others]	N/A	0.370169	0.7
0	Collection and Platform Info	
1	Application Command Line	sc_omp "10" "20" "256" "16384" "8192" "1000" "none" "output.txt" "36" 
1	Operating System	3.10.0-1160.15.2.1chaos.ch6.x86_64 NAME="Red Hat Enterprise Linux Server" VERSION="7.9 (Maipo)" ID="rhel" ID_LIKE="fedora" VARIANT="Server" VARIANT_ID="server" VERSION_ID="7.9" PRETTY_NAME="Red Hat Enterprise Linux Server 7.9 (Maipo)" ANSI_COLOR="0;31" CPE_NAME="cpe:/o:redhat:enterprise_linux:7.9:GA:server" HOME_URL="https://www.redhat.com/" BUG_REPORT_URL="https://bugzilla.redhat.com/"  REDHAT_BUGZILLA_PRODUCT="Red Hat Enterprise Linux 7" REDHAT_BUGZILLA_PRODUCT_VERSION=7.9 REDHAT_SUPPORT_PRODUCT="Red Hat Enterprise Linux" REDHAT_SUPPORT_PRODUCT_VERSION="7.9"
1	Computer Name	quartz2758
1	Result Size	11695662
1	Collection start time	02:07:17 22/04/2021 UTC
1	Collection stop time	02:07:19 22/04/2021 UTC
1	Collector Type	User-mode sampling and tracing
1	CPU	
2	Name	Intel(R) Xeon(R) Processor code named Broadwell
2	Frequency	2095146806
2	Logical CPU Count	72
