Hierarchy Level	Metric Name	Metric Value
0	Elapsed Time	5.034972
1	Paused Time	0.0
0	Effective CPU Utilization	7.0% (5.024 out of 72 logical CPUs)
1	OpenMP Analysis. Collection Time	5.034972
2	Serial Time (outside parallel regions)	1.197s (23.8%)
3	Top Serial Hotspots (outside parallel regions)	
3	Function	Module	Serial CPU Time
3	__kmp_join_call	libiomp5.so	0.559532
3	pgain	sc_omp	0.099963
3	ompc_set_num_threads	libiomp5.so	0.030000
3	pspeedy	sc_omp	0.029947
3	__libc_malloc	libc.so.6	0.020000
3	[Others]	N/A	0.059899
2	Parallel Region Time	3.838s (76.2%)
3	Estimated Ideal Time	3.242s (64.4%)
3	OpenMP Potential Gain	0.596s (11.8%)
1	Total Thread Count	36
2	Thread Oversubscription	0s (0.0% of CPU Time)
1	Wait Time with poor CPU Utilization	1.880s (100.0% of Wait Time)
2	Top Waiting Objects	
2	Sync Object	Wait Time with poor CPU Utilization	(% from Object Wait Time)(%)	Wait Count
2	Condition Variable 0x74c978ed	1.875776	100.0	32
2	Stream output.txt 0x27fde40a	0.002080	100.0	1
2	Stream 0x8cce8b5a	0.000766	100.0	1
2	Stream 0x1d353c67	0.000518	100.0	1
2	Mutex 0x6cb3026d	0.000423	100.0	6
2	[Others]	0.000100	100.0	5
1	Spin and Overhead Time	144.619s (85.1% of CPU Time)
2	Top Functions with Spin or Overhead Time	
2	Function	Module	Spin and Overhead Time	(% from CPU Time)(%)
2	__kmp_fork_barrier	libiomp5.so	120.747684	71.1
2	__kmp_barrier	libiomp5.so	16.619593	9.8
2	__kmp_join_barrier	libiomp5.so	2.640044	1.6
2	__kmp_fork_call	libiomp5.so	2.332201	1.4
2	__kmp_join_call	libiomp5.so	0.679290	0.4
2	[Others]	N/A	1.600645	0.9
0	Collection and Platform Info	
1	Application Command Line	sc_omp "10" "20" "256" "16384" "1024" "1000" "none" "output.txt" "36" 
1	Operating System	3.10.0-1160.15.2.1chaos.ch6.x86_64 NAME="Red Hat Enterprise Linux Server" VERSION="7.9 (Maipo)" ID="rhel" ID_LIKE="fedora" VARIANT="Server" VARIANT_ID="server" VERSION_ID="7.9" PRETTY_NAME="Red Hat Enterprise Linux Server 7.9 (Maipo)" ANSI_COLOR="0;31" CPE_NAME="cpe:/o:redhat:enterprise_linux:7.9:GA:server" HOME_URL="https://www.redhat.com/" BUG_REPORT_URL="https://bugzilla.redhat.com/"  REDHAT_BUGZILLA_PRODUCT="Red Hat Enterprise Linux 7" REDHAT_BUGZILLA_PRODUCT_VERSION=7.9 REDHAT_SUPPORT_PRODUCT="Red Hat Enterprise Linux" REDHAT_SUPPORT_PRODUCT_VERSION="7.9"
1	Computer Name	quartz2758
1	Result Size	53891669
1	Collection start time	01:57:55 22/04/2021 UTC
1	Collection stop time	01:58:00 22/04/2021 UTC
1	Collector Type	User-mode sampling and tracing
1	CPU	
2	Name	Intel(R) Xeon(R) Processor code named Broadwell
2	Frequency	2095146950
2	Logical CPU Count	72
