Hierarchy Level	Metric Name	Metric Value
0	Elapsed Time	3.267369
1	Paused Time	0.0
0	Effective CPU Utilization	11.7% (8.431 out of 72 logical CPUs)
1	OpenMP Analysis. Collection Time	3.267369
2	Serial Time (outside parallel regions)	0.834s (25.5%)
3	Top Serial Hotspots (outside parallel regions)	
3	Function	Module	Serial CPU Time
3	__kmp_join_call	libiomp5.so	0.290793
3	pgain	sc_omp	0.049998
3	pspeedy	sc_omp	0.030006
3	ompc_set_num_threads	libiomp5.so	0.030000
3	streamCluster	sc_omp	0.010000
3	[Others]	N/A	0.059976
2	Parallel Region Time	2.434s (74.5%)
3	Estimated Ideal Time	1.966s (60.2%)
3	OpenMP Potential Gain	0.467s (14.3%)
1	Total Thread Count	36
2	Thread Oversubscription	0s (0.0% of CPU Time)
1	Wait Time with poor CPU Utilization	1.873s (100.0% of Wait Time)
2	Top Waiting Objects	
2	Sync Object	Wait Time with poor CPU Utilization	(% from Object Wait Time)(%)	Wait Count
2	Condition Variable 0x74c978ed	1.866190	100.0	32
2	Mutex 0x6cb3026d	0.002868	100.0	7
2	Stream output.txt 0x27fde40a	0.002222	100.0	1
2	Stream 0x8cce8b5a	0.000933	100.0	1
2	Stream 0x1d353c67	0.000506	100.0	1
2	[Others]	0.000108	100.0	5
1	Spin and Overhead Time	78.898s (74.2% of CPU Time)
2	Top Functions with Spin or Overhead Time	
2	Function	Module	Spin and Overhead Time	(% from CPU Time)(%)
2	__kmp_fork_barrier	libiomp5.so	66.108124	62.1
2	__kmp_barrier	libiomp5.so	8.838387	8.3
2	__kmp_join_barrier	libiomp5.so	1.559864	1.5
2	__kmp_fork_call	libiomp5.so	1.318697	1.2
2	__kmp_join_call	libiomp5.so	0.301802	0.3
2	[Others]	N/A	0.770694	0.7
0	Collection and Platform Info	
1	Application Command Line	sc_omp "10" "20" "256" "16384" "2048" "1000" "none" "output.txt" "36" 
1	Operating System	3.10.0-1160.15.2.1chaos.ch6.x86_64 NAME="Red Hat Enterprise Linux Server" VERSION="7.9 (Maipo)" ID="rhel" ID_LIKE="fedora" VARIANT="Server" VARIANT_ID="server" VERSION_ID="7.9" PRETTY_NAME="Red Hat Enterprise Linux Server 7.9 (Maipo)" ANSI_COLOR="0;31" CPE_NAME="cpe:/o:redhat:enterprise_linux:7.9:GA:server" HOME_URL="https://www.redhat.com/" BUG_REPORT_URL="https://bugzilla.redhat.com/"  REDHAT_BUGZILLA_PRODUCT="Red Hat Enterprise Linux 7" REDHAT_BUGZILLA_PRODUCT_VERSION=7.9 REDHAT_SUPPORT_PRODUCT="Red Hat Enterprise Linux" REDHAT_SUPPORT_PRODUCT_VERSION="7.9"
1	Computer Name	quartz2758
1	Result Size	30132649
1	Collection start time	02:01:32 22/04/2021 UTC
1	Collection stop time	02:01:35 22/04/2021 UTC
1	Collector Type	User-mode sampling and tracing
1	CPU	
2	Name	Intel(R) Xeon(R) Processor code named Broadwell
2	Frequency	2095147146
2	Logical CPU Count	72
