Hierarchy Level	Metric Name	Metric Value
0	Elapsed Time	2.787031
1	SP GFLOPS	7.879363
1	DP GFLOPS	0.0
1	x87 GFLOPS	0.0
1	CPI Rate	1.432701
1	Average CPU Frequency	2615820723.688650
1	Total Thread Count	36
0	Effective Physical Core Utilization	28.1% (10.105 out of 36)
1	Effective Logical Core Utilization	21.8% (15.689 out of 72)
1	Serial Time (outside parallel regions)	1.058s (38.0%)
2	Top Serial Hotspots (outside parallel regions)	
2	Function	Module	Serial CPU Time
2	[Outside any known module]	[Unknown]	0.370857
2	_INTERNAL_25_______src_kmp_barrier_cpp_ddfed41b::__kmp_wait_template<kmp_flag_64, (int)0, (bool)0, (bool)1>	libiomp5.so	0.085197
2	[Loop@0x4093a5 in pspeedy]	sc_omp	0.070162
2	[Loop@0x408b53 in pgain]	sc_omp	0.035081
2	[Loop@0x408d49 in pgain]	sc_omp	0.035081
2	[Others]	N/A	0.285660
1	Parallel Region Time	1.729s (62.0%)
2	Estimated Ideal Time	1.246s (44.7%)
2	OpenMP Potential Gain	0.483s (17.3%)
0	Memory Bound	31.6
1	Cache Bound	25.5
1	DRAM Bound	0.0
1	NUMA: % of Remote Accesses	0.0
0	Vectorization	100.0
1	Instruction Mix	
2	SP FLOPs	4.2
3	Packed	100.0
4	128-bit	100.0
4	256-bit	0.0
3	Scalar	0.0
2	DP FLOPs	0.0
3	Packed	0.0
4	128-bit	0.0
4	256-bit	0.0
3	Scalar	0.0
2	x87 FLOPs	0.0
2	Non-FP	95.8
1	FP Arith/Mem Rd Instr. Ratio	0.122339
1	FP Arith/Mem Wr Instr. Ratio	0.600377
0	Collection and Platform Info	
1	Application Command Line	sc_omp "10" "20" "256" "32768" "2048" "1000" "none" "output.txt" "36" 
1	Operating System	3.10.0-1160.15.2.1chaos.ch6.x86_64 NAME="Red Hat Enterprise Linux Server" VERSION="7.9 (Maipo)" ID="rhel" ID_LIKE="fedora" VARIANT="Server" VARIANT_ID="server" VERSION_ID="7.9" PRETTY_NAME="Red Hat Enterprise Linux Server 7.9 (Maipo)" ANSI_COLOR="0;31" CPE_NAME="cpe:/o:redhat:enterprise_linux:7.9:GA:server" HOME_URL="https://www.redhat.com/" BUG_REPORT_URL="https://bugzilla.redhat.com/"  REDHAT_BUGZILLA_PRODUCT="Red Hat Enterprise Linux 7" REDHAT_BUGZILLA_PRODUCT_VERSION=7.9 REDHAT_SUPPORT_PRODUCT="Red Hat Enterprise Linux" REDHAT_SUPPORT_PRODUCT_VERSION="7.9"
1	Computer Name	quartz2758
1	Result Size	63880532
1	Collection start time	02:32:45 22/04/2021 UTC
1	Collection stop time	02:32:47 22/04/2021 UTC
1	Collector Type	Driverless Perf per-process sampling
1	CPU	
2	Name	Intel(R) Xeon(R) Processor code named Broadwell
2	Frequency	2095147272
2	Logical CPU Count	72
