Hierarchy Level	Metric Name	Metric Value
0	Elapsed Time	16.402307
1	Paused Time	0.0
0	Effective CPU Utilization	4.0% (2.866 out of 72 logical CPUs)
1	OpenMP Analysis. Collection Time	16.402307
2	Serial Time (outside parallel regions)	3.421s (20.9%)
3	Top Serial Hotspots (outside parallel regions)	
3	Function	Module	Serial CPU Time
3	__kmp_join_call	libiomp5.so	2.101576
3	pgain	sc_omp	0.238850
3	pspeedy	sc_omp	0.059930
3	[OpenMP fork]	libiomp5.so	0.039965
3	__kmp_fork_call	libiomp5.so	0.039956
3	[Others]	N/A	0.189801
2	Parallel Region Time	12.981s (79.1%)
3	Estimated Ideal Time	10.716s (65.3%)
3	OpenMP Potential Gain	2.265s (13.8%)
1	Total Thread Count	36
2	Thread Oversubscription	0s (0.0% of CPU Time)
1	Wait Time with poor CPU Utilization	1.790s (100.0% of Wait Time)
2	Top Waiting Objects	
2	Sync Object	Wait Time with poor CPU Utilization	(% from Object Wait Time)(%)	Wait Count
2	Condition Variable 0x74c978ed	1.785487	100.0	31
2	Stream output.txt 0x27fde40a	0.001740	100.0	1
2	Stream 0x1d353c67	0.001283	100.0	2
2	Stream 0x8cce8b5a	0.000690	100.0	1
2	Mutex 0x6cb3026d	0.000198	100.0	3
2	[Others]	0.000139	100.0	6
1	Spin and Overhead Time	527.370s (91.9% of CPU Time)
2	Top Functions with Spin or Overhead Time	
2	Function	Module	Spin and Overhead Time	(% from CPU Time)(%)
2	__kmp_fork_barrier	libiomp5.so	448.546956	78.1
2	__kmp_barrier	libiomp5.so	53.131522	9.3
2	__kmp_fork_call	libiomp5.so	9.370950	1.6
2	__kmp_join_barrier	libiomp5.so	9.159994	1.6
2	__kmp_join_call	libiomp5.so	2.599812	0.5
2	[Others]	N/A	4.561196	0.8
0	Collection and Platform Info	
1	Application Command Line	sc_omp "10" "20" "256" "32768" "512" "1000" "none" "output.txt" "36" 
1	Operating System	3.10.0-1160.15.2.1chaos.ch6.x86_64 NAME="Red Hat Enterprise Linux Server" VERSION="7.9 (Maipo)" ID="rhel" ID_LIKE="fedora" VARIANT="Server" VARIANT_ID="server" VERSION_ID="7.9" PRETTY_NAME="Red Hat Enterprise Linux Server 7.9 (Maipo)" ANSI_COLOR="0;31" CPE_NAME="cpe:/o:redhat:enterprise_linux:7.9:GA:server" HOME_URL="https://www.redhat.com/" BUG_REPORT_URL="https://bugzilla.redhat.com/"  REDHAT_BUGZILLA_PRODUCT="Red Hat Enterprise Linux 7" REDHAT_BUGZILLA_PRODUCT_VERSION=7.9 REDHAT_SUPPORT_PRODUCT="Red Hat Enterprise Linux" REDHAT_SUPPORT_PRODUCT_VERSION="7.9"
1	Computer Name	quartz2758
1	Result Size	177594327
1	Collection start time	02:19:58 22/04/2021 UTC
1	Collection stop time	02:20:15 22/04/2021 UTC
1	Collector Type	User-mode sampling and tracing
1	CPU	
2	Name	Intel(R) Xeon(R) Processor code named Broadwell
2	Frequency	2095147017
2	Logical CPU Count	72
