Hierarchy Level	Metric Name	Metric Value
0	Elapsed Time	6.653196
1	Paused Time	0.0
0	Effective CPU Utilization	12.9% (9.299 out of 72 logical CPUs)
1	OpenMP Analysis. Collection Time	6.653196
2	Serial Time (outside parallel regions)	1.356s (20.4%)
3	Top Serial Hotspots (outside parallel regions)	
3	Function	Module	Serial CPU Time
3	__kmp_join_call	libiomp5.so	0.619459
3	pgain	sc_omp	0.159914
3	pspeedy	sc_omp	0.069948
3	ompc_set_num_threads	libiomp5.so	0.030000
3	_simd_lrand48_si64x2	sc_omp	0.020002
3	[Others]	N/A	0.089986
2	Parallel Region Time	5.297s (79.6%)
3	Estimated Ideal Time	4.384s (65.9%)
3	OpenMP Potential Gain	0.913s (13.7%)
1	Total Thread Count	36
2	Thread Oversubscription	0s (0.0% of CPU Time)
1	Wait Time with poor CPU Utilization	1.780s (100.0% of Wait Time)
2	Top Waiting Objects	
2	Sync Object	Wait Time with poor CPU Utilization	(% from Object Wait Time)(%)	Wait Count
2	Condition Variable 0x74c978ed	1.776709	100.0	31
2	Stream output.txt 0x27fde40a	0.001928	100.0	1
2	Stream 0x8cce8b5a	0.000726	100.0	1
2	Stream 0x1d353c67	0.000443	100.0	1
2	Stream /proc/cpuinfo 0x482b2eb7	0.000096	100.0	2
2	[Others]	0.000080	100.0	7
1	Spin and Overhead Time	166.409s (72.9% of CPU Time)
2	Top Functions with Spin or Overhead Time	
2	Function	Module	Spin and Overhead Time	(% from CPU Time)(%)
2	__kmp_fork_barrier	libiomp5.so	136.843694	60.0
2	__kmp_barrier	libiomp5.so	22.312105	9.8
2	__kmp_fork_call	libiomp5.so	2.695990	1.2
2	__kmp_join_barrier	libiomp5.so	2.368856	1.0
2	__kmp_join_call	libiomp5.so	0.777636	0.3
2	[Others]	N/A	1.410684	0.6
0	Collection and Platform Info	
1	Application Command Line	sc_omp "10" "20" "256" "32768" "2048" "1000" "none" "output.txt" "36" 
1	Operating System	3.10.0-1160.15.2.1chaos.ch6.x86_64 NAME="Red Hat Enterprise Linux Server" VERSION="7.9 (Maipo)" ID="rhel" ID_LIKE="fedora" VARIANT="Server" VARIANT_ID="server" VERSION_ID="7.9" PRETTY_NAME="Red Hat Enterprise Linux Server 7.9 (Maipo)" ANSI_COLOR="0;31" CPE_NAME="cpe:/o:redhat:enterprise_linux:7.9:GA:server" HOME_URL="https://www.redhat.com/" BUG_REPORT_URL="https://bugzilla.redhat.com/"  REDHAT_BUGZILLA_PRODUCT="Red Hat Enterprise Linux 7" REDHAT_BUGZILLA_PRODUCT_VERSION=7.9 REDHAT_SUPPORT_PRODUCT="Red Hat Enterprise Linux" REDHAT_SUPPORT_PRODUCT_VERSION="7.9"
1	Computer Name	quartz2758
1	Result Size	58677010
1	Collection start time	02:32:01 22/04/2021 UTC
1	Collection stop time	02:32:08 22/04/2021 UTC
1	Collector Type	User-mode sampling and tracing
1	CPU	
2	Name	Intel(R) Xeon(R) Processor code named Broadwell
2	Frequency	2095147104
2	Logical CPU Count	72
