Hierarchy Level	Metric Name	Metric Value
0	Elapsed Time	2.310871
1	SP GFLOPS	13.241782
1	DP GFLOPS	0.0
1	x87 GFLOPS	0.0
1	CPI Rate	2.251538
1	Average CPU Frequency	2595399952.829205
1	Total Thread Count	36
0	Effective Physical Core Utilization	65.1% (23.425 out of 36)
1	Effective Logical Core Utilization	33.6% (24.218 out of 72)
1	Serial Time (outside parallel regions)	0.632s (27.4%)
2	Top Serial Hotspots (outside parallel regions)	
2	Function	Module	Serial CPU Time
2	[Outside any known module]	[Unknown]	0.210486
2	[Loop@0x408d49 in pgain]	sc_omp	0.100232
2	[Loop@0x4093a5 in pspeedy]	sc_omp	0.085197
2	[Loop@0x408e1a in pgain]	sc_omp	0.040093
2	[Loop@0x409c68 in SimStream::read]	sc_omp	0.020046
2	[Others]	N/A	0.060139
1	Parallel Region Time	1.679s (72.6%)
2	Estimated Ideal Time	1.521s (65.8%)
2	OpenMP Potential Gain	0.158s (6.8%)
0	Memory Bound	71.5
1	Cache Bound	49.9
1	DRAM Bound	0.0
1	NUMA: % of Remote Accesses	0.0
0	Vectorization	100.0
1	Instruction Mix	
2	SP FLOPs	12.2
3	Packed	100.0
4	128-bit	100.0
4	256-bit	0.0
3	Scalar	0.0
2	DP FLOPs	0.0
3	Packed	0.0
4	128-bit	0.0
4	256-bit	0.0
3	Scalar	0.0
2	x87 FLOPs	0.0
2	Non-FP	87.8
1	FP Arith/Mem Rd Instr. Ratio	0.332411
1	FP Arith/Mem Wr Instr. Ratio	2.140997
0	Collection and Platform Info	
1	Application Command Line	sc_omp "10" "20" "256" "32768" "16384" "1000" "none" "output.txt" "36" 
1	Operating System	3.10.0-1160.15.2.1chaos.ch6.x86_64 NAME="Red Hat Enterprise Linux Server" VERSION="7.9 (Maipo)" ID="rhel" ID_LIKE="fedora" VARIANT="Server" VARIANT_ID="server" VERSION_ID="7.9" PRETTY_NAME="Red Hat Enterprise Linux Server 7.9 (Maipo)" ANSI_COLOR="0;31" CPE_NAME="cpe:/o:redhat:enterprise_linux:7.9:GA:server" HOME_URL="https://www.redhat.com/" BUG_REPORT_URL="https://bugzilla.redhat.com/"  REDHAT_BUGZILLA_PRODUCT="Red Hat Enterprise Linux 7" REDHAT_BUGZILLA_PRODUCT_VERSION=7.9 REDHAT_SUPPORT_PRODUCT="Red Hat Enterprise Linux" REDHAT_SUPPORT_PRODUCT_VERSION="7.9"
1	Computer Name	quartz2758
1	Result Size	23180566
1	Collection start time	02:41:59 22/04/2021 UTC
1	Collection stop time	02:42:01 22/04/2021 UTC
1	Collector Type	Driverless Perf per-process sampling
1	CPU	
2	Name	Intel(R) Xeon(R) Processor code named Broadwell
2	Frequency	2095147323
2	Logical CPU Count	72
