Hierarchy Level	Metric Name	Metric Value
0	Elapsed Time	4.082117
1	Paused Time	0.0
0	Effective CPU Utilization	1.9% (1.349 out of 72 logical CPUs)
1	OpenMP Analysis. Collection Time	4.082117
2	Serial Time (outside parallel regions)	1.044s (25.6%)
3	Top Serial Hotspots (outside parallel regions)	
3	Function	Module	Serial CPU Time
3	__kmp_join_call	libiomp5.so	0.570433
3	__kmp_fork_call	libiomp5.so	0.039997
3	ompc_set_num_threads	libiomp5.so	0.030000
3	pgain	sc_omp	0.029947
3	[ld-linux-x86-64.so.2]	ld-linux-x86-64.so.2	0.019996
3	[Others]	N/A	0.039953
2	Parallel Region Time	3.038s (74.4%)
3	Estimated Ideal Time	2.568s (62.9%)
3	OpenMP Potential Gain	0.470s (11.5%)
1	Total Thread Count	36
2	Thread Oversubscription	0s (0.0% of CPU Time)
1	Wait Time with poor CPU Utilization	1.776s (100.0% of Wait Time)
2	Top Waiting Objects	
2	Sync Object	Wait Time with poor CPU Utilization	(% from Object Wait Time)(%)	Wait Count
2	Condition Variable 0x74c978ed	1.772175	100.0	31
2	Stream output.txt 0x27fde40a	0.001835	100.0	1
2	Mutex 0x6cb3026d	0.001268	100.0	11
2	Stream 0x8cce8b5a	0.001003	100.0	1
2	Stream /proc/cpuinfo 0x482b2eb7	0.000058	100.0	1
2	[Others]	0.000045	100.0	4
1	Spin and Overhead Time	131.191s (96.0% of CPU Time)
2	Top Functions with Spin or Overhead Time	
2	Function	Module	Spin and Overhead Time	(% from CPU Time)(%)
2	__kmp_fork_barrier	libiomp5.so	111.527323	81.6
2	__kmp_barrier	libiomp5.so	12.841668	9.4
2	__kmp_join_barrier	libiomp5.so	2.730017	2.0
2	__kmp_fork_call	libiomp5.so	2.271393	1.7
2	__kmp_join_call	libiomp5.so	0.740273	0.5
2	[Others]	N/A	1.080563	0.8
0	Collection and Platform Info	
1	Application Command Line	sc_omp "10" "20" "256" "4096" "256" "1000" "none" "output.txt" "36" 
1	Operating System	3.10.0-1160.15.2.1chaos.ch6.x86_64 NAME="Red Hat Enterprise Linux Server" VERSION="7.9 (Maipo)" ID="rhel" ID_LIKE="fedora" VARIANT="Server" VARIANT_ID="server" VERSION_ID="7.9" PRETTY_NAME="Red Hat Enterprise Linux Server 7.9 (Maipo)" ANSI_COLOR="0;31" CPE_NAME="cpe:/o:redhat:enterprise_linux:7.9:GA:server" HOME_URL="https://www.redhat.com/" BUG_REPORT_URL="https://bugzilla.redhat.com/"  REDHAT_BUGZILLA_PRODUCT="Red Hat Enterprise Linux 7" REDHAT_BUGZILLA_PRODUCT_VERSION=7.9 REDHAT_SUPPORT_PRODUCT="Red Hat Enterprise Linux" REDHAT_SUPPORT_PRODUCT_VERSION="7.9"
1	Computer Name	quartz2758
1	Result Size	50175443
1	Collection start time	01:12:30 22/04/2021 UTC
1	Collection stop time	01:12:35 22/04/2021 UTC
1	Collector Type	User-mode sampling and tracing
1	CPU	
2	Name	Intel(R) Xeon(R) Processor code named Broadwell
2	Frequency	2095146957
2	Logical CPU Count	72
