Hierarchy Level	Metric Name	Metric Value
0	Elapsed Time	0.853560
1	Paused Time	0.0
0	Effective CPU Utilization	10.7% (7.677 out of 72 logical CPUs)
1	OpenMP Analysis. Collection Time	0.853560
2	Serial Time (outside parallel regions)	0.439s (51.5%)
3	Top Serial Hotspots (outside parallel regions)	
3	Function	Module	Serial CPU Time
3	ompc_set_num_threads	libiomp5.so	0.030000
3	__kmp_join_call	libiomp5.so	0.019969
3	__intel_avx_rep_memset	sc_omp	0.010001
3	SimStream::read	sc_omp	0.010000
3	__kmp_fork_call	libiomp5.so	0.010000
3	streamCluster	sc_omp	0.009993
2	Parallel Region Time	0.414s (48.5%)
3	Estimated Ideal Time	0.343s (40.1%)
3	OpenMP Potential Gain	0.072s (8.4%)
1	Total Thread Count	36
2	Thread Oversubscription	0s (0.0% of CPU Time)
1	Wait Time with poor CPU Utilization	2.093s (100.0% of Wait Time)
2	Top Waiting Objects	
2	Sync Object	Wait Time with poor CPU Utilization	(% from Object Wait Time)(%)	Wait Count
2	Condition Variable 0x74c978ed	2.089558	100.0	30
2	Stream output.txt 0x27fde40a	0.001916	100.0	1
2	Stream 0x8cce8b5a	0.000940	100.0	1
2	Mutex 0x6cb3026d	0.000303	100.0	8
2	Stream /proc/cpuinfo 0x482b2eb7	0.000056	100.0	1
2	[Others]	0.000047	100.0	4
1	Spin and Overhead Time	12.861s (66.3% of CPU Time)
2	Top Functions with Spin or Overhead Time	
2	Function	Module	Spin and Overhead Time	(% from CPU Time)(%)
2	__kmp_fork_barrier	libiomp5.so	10.568479	54.5
2	__kmp_barrier	libiomp5.so	1.652123	8.5
2	__kmp_join_barrier	libiomp5.so	0.260012	1.3
2	__kmp_fork_call	libiomp5.so	0.180174	0.9
2	__kmp_join_call	libiomp5.so	0.039944	0.2
2	[Others]	N/A	0.160083	0.8
0	Collection and Platform Info	
1	Application Command Line	sc_omp "10" "20" "256" "4096" "4096" "1000" "none" "output.txt" "36" 
1	Operating System	3.10.0-1160.15.2.1chaos.ch6.x86_64 NAME="Red Hat Enterprise Linux Server" VERSION="7.9 (Maipo)" ID="rhel" ID_LIKE="fedora" VARIANT="Server" VARIANT_ID="server" VERSION_ID="7.9" PRETTY_NAME="Red Hat Enterprise Linux Server 7.9 (Maipo)" ANSI_COLOR="0;31" CPE_NAME="cpe:/o:redhat:enterprise_linux:7.9:GA:server" HOME_URL="https://www.redhat.com/" BUG_REPORT_URL="https://bugzilla.redhat.com/"  REDHAT_BUGZILLA_PRODUCT="Red Hat Enterprise Linux 7" REDHAT_BUGZILLA_PRODUCT_VERSION=7.9 REDHAT_SUPPORT_PRODUCT="Red Hat Enterprise Linux" REDHAT_SUPPORT_PRODUCT_VERSION="7.9"
1	Computer Name	quartz2758
1	Result Size	7327677
1	Collection start time	01:23:59 22/04/2021 UTC
1	Collection stop time	01:24:00 22/04/2021 UTC
1	Collector Type	User-mode sampling and tracing
1	CPU	
2	Name	Intel(R) Xeon(R) Processor code named Broadwell
2	Frequency	2095146691
2	Logical CPU Count	72
