Hierarchy Level	Metric Name	Metric Value
0	Elapsed Time	19.889430
1	Paused Time	0.0
0	Effective CPU Utilization	8.1% (5.810 out of 72 logical CPUs)
1	OpenMP Analysis. Collection Time	19.889430
2	Serial Time (outside parallel regions)	3.795s (19.1%)
3	Top Serial Hotspots (outside parallel regions)	
3	Function	Module	Serial CPU Time
3	__kmp_join_call	libiomp5.so	2.061519
3	pgain	sc_omp	0.361593
3	pspeedy	sc_omp	0.139843
3	__kmp_fork_call	libiomp5.so	0.079905
3	__intel_avx_rep_memset	sc_omp	0.049988
3	[Others]	N/A	0.267874
2	Parallel Region Time	16.095s (80.9%)
3	Estimated Ideal Time	13.009s (65.4%)
3	OpenMP Potential Gain	3.086s (15.5%)
1	Total Thread Count	36
2	Thread Oversubscription	0s (0.0% of CPU Time)
1	Wait Time with poor CPU Utilization	1.905s (100.0% of Wait Time)
2	Top Waiting Objects	
2	Sync Object	Wait Time with poor CPU Utilization	(% from Object Wait Time)(%)	Wait Count
2	Condition Variable 0x74c978ed	1.899440	100.0	32
2	Mutex 0x6cb3026d	0.002044	100.0	5
2	Stream output.txt 0x27fde40a	0.001620	100.0	1
2	Stream 0x8cce8b5a	0.001137	100.0	1
2	Stream 0x1d353c67	0.000862	100.0	2
2	[Others]	0.000117	100.0	5
1	Spin and Overhead Time	585.647s (83.6% of CPU Time)
2	Top Functions with Spin or Overhead Time	
2	Function	Module	Spin and Overhead Time	(% from CPU Time)(%)
2	__kmp_fork_barrier	libiomp5.so	484.720471	69.2
2	__kmp_barrier	libiomp5.so	71.575942	10.2
2	__kmp_join_barrier	libiomp5.so	11.249864	1.6
2	__kmp_fork_call	libiomp5.so	9.926729	1.4
2	__kmp_join_call	libiomp5.so	2.729913	0.4
2	[Others]	N/A	5.444261	0.8
0	Collection and Platform Info	
1	Application Command Line	sc_omp "10" "20" "256" "65536" "1024" "1000" "none" "output.txt" "36" 
1	Operating System	3.10.0-1160.15.2.1chaos.ch6.x86_64 NAME="Red Hat Enterprise Linux Server" VERSION="7.9 (Maipo)" ID="rhel" ID_LIKE="fedora" VARIANT="Server" VARIANT_ID="server" VERSION_ID="7.9" PRETTY_NAME="Red Hat Enterprise Linux Server 7.9 (Maipo)" ANSI_COLOR="0;31" CPE_NAME="cpe:/o:redhat:enterprise_linux:7.9:GA:server" HOME_URL="https://www.redhat.com/" BUG_REPORT_URL="https://bugzilla.redhat.com/"  REDHAT_BUGZILLA_PRODUCT="Red Hat Enterprise Linux 7" REDHAT_BUGZILLA_PRODUCT_VERSION=7.9 REDHAT_SUPPORT_PRODUCT="Red Hat Enterprise Linux" REDHAT_SUPPORT_PRODUCT_VERSION="7.9"
1	Computer Name	quartz2758
1	Result Size	194060576
1	Collection start time	03:02:32 22/04/2021 UTC
1	Collection stop time	03:02:52 22/04/2021 UTC
1	Collector Type	User-mode sampling and tracing
1	CPU	
2	Name	Intel(R) Xeon(R) Processor code named Broadwell
2	Frequency	2095147002
2	Logical CPU Count	72
