Hierarchy Level	Metric Name	Metric Value
0	Elapsed Time	15.411094
1	Paused Time	0.0
0	Effective CPU Utilization	2.1% (1.512 out of 72 logical CPUs)
1	OpenMP Analysis. Collection Time	15.411094
2	Serial Time (outside parallel regions)	3.233s (21.0%)
3	Top Serial Hotspots (outside parallel regions)	
3	Function	Module	Serial CPU Time
3	__kmp_join_call	libiomp5.so	2.190489
3	pgain	sc_omp	0.209789
3	__kmp_fork_call	libiomp5.so	0.109847
3	pspeedy	sc_omp	0.089938
3	[ld-linux-x86-64.so.2]	ld-linux-x86-64.so.2	0.039939
3	[Others]	N/A	0.219864
2	Parallel Region Time	12.178s (79.0%)
3	Estimated Ideal Time	10.303s (66.9%)
3	OpenMP Potential Gain	1.875s (12.2%)
1	Total Thread Count	36
2	Thread Oversubscription	0s (0.0% of CPU Time)
1	Wait Time with poor CPU Utilization	1.750s (100.0% of Wait Time)
2	Top Waiting Objects	
2	Sync Object	Wait Time with poor CPU Utilization	(% from Object Wait Time)(%)	Wait Count
2	Condition Variable 0x74c978ed	1.746258	100.0	32
2	Mutex 0x6cb3026d	0.001414	100.0	8
2	Stream 0x1d353c67	0.000937	100.0	3
2	Stream 0x8cce8b5a	0.000815	100.0	1
2	Stream /proc/cpuinfo 0x482b2eb7	0.000055	100.0	1
2	[Others]	0.000044	100.0	4
1	Spin and Overhead Time	520.349s (95.7% of CPU Time)
2	Top Functions with Spin or Overhead Time	
2	Function	Module	Spin and Overhead Time	(% from CPU Time)(%)
2	__kmp_fork_barrier	libiomp5.so	453.282545	83.4
2	__kmp_barrier	libiomp5.so	42.492805	7.8
2	__kmp_fork_call	libiomp5.so	9.343364	1.7
2	__kmp_join_barrier	libiomp5.so	8.588488	1.6
2	__kmp_join_call	libiomp5.so	2.619285	0.5
2	[Others]	N/A	4.023008	0.7
0	Collection and Platform Info	
1	Application Command Line	sc_omp "10" "20" "256" "65536" "256" "1000" "none" "output.txt" "36" 
1	Operating System	3.10.0-1160.15.2.1chaos.ch6.x86_64 NAME="Red Hat Enterprise Linux Server" VERSION="7.9 (Maipo)" ID="rhel" ID_LIKE="fedora" VARIANT="Server" VARIANT_ID="server" VERSION_ID="7.9" PRETTY_NAME="Red Hat Enterprise Linux Server 7.9 (Maipo)" ANSI_COLOR="0;31" CPE_NAME="cpe:/o:redhat:enterprise_linux:7.9:GA:server" HOME_URL="https://www.redhat.com/" BUG_REPORT_URL="https://bugzilla.redhat.com/"  REDHAT_BUGZILLA_PRODUCT="Red Hat Enterprise Linux 7" REDHAT_BUGZILLA_PRODUCT_VERSION=7.9 REDHAT_SUPPORT_PRODUCT="Red Hat Enterprise Linux" REDHAT_SUPPORT_PRODUCT_VERSION="7.9"
1	Computer Name	quartz2758
1	Result Size	187066356
1	Collection start time	02:46:54 22/04/2021 UTC
1	Collection stop time	02:47:09 22/04/2021 UTC
1	Collector Type	User-mode sampling and tracing
1	CPU	
2	Name	Intel(R) Xeon(R) Processor code named Broadwell
2	Frequency	2095147050
2	Logical CPU Count	72
