Hierarchy Level	Metric Name	Metric Value
0	Elapsed Time	5.988853
1	SP GFLOPS	0.781453
1	DP GFLOPS	0.0
1	x87 GFLOPS	0.0
1	CPI Rate	1.180931
1	Average CPU Frequency	2602250150.200910
1	Total Thread Count	36
0	Effective Physical Core Utilization	14.8% (5.327 out of 36)
1	Effective Logical Core Utilization	11.5% (8.265 out of 72)
1	Serial Time (outside parallel regions)	2.533s (42.3%)
2	Top Serial Hotspots (outside parallel regions)	
2	Function	Module	Serial CPU Time
2	[Outside any known module]	[Unknown]	0.992293
2	_INTERNAL_25_______src_kmp_barrier_cpp_ddfed41b::__kmp_wait_template<kmp_flag_64, (int)0, (bool)0, (bool)1>	libiomp5.so	0.230533
2	_INTERNAL_25_______src_kmp_barrier_cpp_ddfed41b::__kmp_release_template<kmp_flag_64>	libiomp5.so	0.155359
2	[Loop@0x408d49 in pgain]	sc_omp	0.090208
2	kmp_basic_flag_native<unsigned long long>::notdone_check	libiomp5.so	0.050116
2	[Others]	N/A	0.641482
1	Parallel Region Time	3.456s (57.7%)
2	Estimated Ideal Time	1.918s (32.0%)
2	OpenMP Potential Gain	1.538s (25.7%)
0	Memory Bound	13.6
1	Cache Bound	9.7
1	DRAM Bound	5.1
1	NUMA: % of Remote Accesses	0.0
0	Vectorization	100.0
1	Instruction Mix	
2	SP FLOPs	0.3
3	Packed	100.0
4	128-bit	100.0
4	256-bit	0.0
3	Scalar	0.0
2	DP FLOPs	0.0
3	Packed	0.0
4	128-bit	0.0
4	256-bit	0.0
3	Scalar	0.0
2	x87 FLOPs	0.0
2	Non-FP	99.7
1	FP Arith/Mem Rd Instr. Ratio	0.009489
1	FP Arith/Mem Wr Instr. Ratio	0.039567
0	Collection and Platform Info	
1	Application Command Line	sc_omp "10" "20" "256" "65536" "256" "1000" "none" "output.txt" "36" 
1	Operating System	3.10.0-1160.15.2.1chaos.ch6.x86_64 NAME="Red Hat Enterprise Linux Server" VERSION="7.9 (Maipo)" ID="rhel" ID_LIKE="fedora" VARIANT="Server" VARIANT_ID="server" VERSION_ID="7.9" PRETTY_NAME="Red Hat Enterprise Linux Server 7.9 (Maipo)" ANSI_COLOR="0;31" CPE_NAME="cpe:/o:redhat:enterprise_linux:7.9:GA:server" HOME_URL="https://www.redhat.com/" BUG_REPORT_URL="https://bugzilla.redhat.com/"  REDHAT_BUGZILLA_PRODUCT="Red Hat Enterprise Linux 7" REDHAT_BUGZILLA_PRODUCT_VERSION=7.9 REDHAT_SUPPORT_PRODUCT="Red Hat Enterprise Linux" REDHAT_SUPPORT_PRODUCT_VERSION="7.9"
1	Computer Name	quartz2758
1	Result Size	225171629
1	Collection start time	02:48:46 22/04/2021 UTC
1	Collection stop time	02:48:52 22/04/2021 UTC
1	Collector Type	Driverless Perf per-process sampling
1	CPU	
2	Name	Intel(R) Xeon(R) Processor code named Broadwell
2	Frequency	2095147130
2	Logical CPU Count	72
