Hierarchy Level	Metric Name	Metric Value
0	Elapsed Time	19.491495
1	Paused Time	0.0
0	Effective CPU Utilization	4.4% (3.183 out of 72 logical CPUs)
1	OpenMP Analysis. Collection Time	19.491495
2	Serial Time (outside parallel regions)	3.796s (19.5%)
3	Top Serial Hotspots (outside parallel regions)	
3	Function	Module	Serial CPU Time
3	__kmp_join_call	libiomp5.so	2.641539
3	pgain	sc_omp	0.269521
3	__kmp_fork_call	libiomp5.so	0.119760
3	pspeedy	sc_omp	0.099870
3	[OpenMP fork]	libiomp5.so	0.048874
3	[Others]	N/A	0.219738
2	Parallel Region Time	15.695s (80.5%)
3	Estimated Ideal Time	12.992s (66.7%)
3	OpenMP Potential Gain	2.703s (13.9%)
1	Total Thread Count	36
2	Thread Oversubscription	0s (0.0% of CPU Time)
1	Wait Time with poor CPU Utilization	1.700s (100.0% of Wait Time)
2	Top Waiting Objects	
2	Sync Object	Wait Time with poor CPU Utilization	(% from Object Wait Time)(%)	Wait Count
2	Condition Variable 0x74c978ed	1.695037	100.0	31
2	Mutex 0x6cb3026d	0.003140	100.0	9
2	Stream 0x8cce8b5a	0.001119	100.0	1
2	Stream 0x1d353c67	0.000687	100.0	2
2	Stream /proc/cpuinfo 0x482b2eb7	0.000064	100.0	1
2	[Others]	0.000044	100.0	4
1	Spin and Overhead Time	628.048s (91.0% of CPU Time)
2	Top Functions with Spin or Overhead Time	
2	Function	Module	Spin and Overhead Time	(% from CPU Time)(%)
2	__kmp_fork_barrier	libiomp5.so	531.184921	77.0
2	__kmp_barrier	libiomp5.so	65.252835	9.5
2	__kmp_join_barrier	libiomp5.so	11.629641	1.7
2	__kmp_fork_call	libiomp5.so	10.347489	1.5
2	__kmp_join_call	libiomp5.so	3.271260	0.5
2	[Others]	N/A	6.361757	0.9
0	Collection and Platform Info	
1	Application Command Line	sc_omp "10" "20" "256" "65536" "512" "1000" "none" "output.txt" "36" 
1	Operating System	3.10.0-1160.15.2.1chaos.ch6.x86_64 NAME="Red Hat Enterprise Linux Server" VERSION="7.9 (Maipo)" ID="rhel" ID_LIKE="fedora" VARIANT="Server" VARIANT_ID="server" VERSION_ID="7.9" PRETTY_NAME="Red Hat Enterprise Linux Server 7.9 (Maipo)" ANSI_COLOR="0;31" CPE_NAME="cpe:/o:redhat:enterprise_linux:7.9:GA:server" HOME_URL="https://www.redhat.com/" BUG_REPORT_URL="https://bugzilla.redhat.com/"  REDHAT_BUGZILLA_PRODUCT="Red Hat Enterprise Linux 7" REDHAT_BUGZILLA_PRODUCT_VERSION=7.9 REDHAT_SUPPORT_PRODUCT="Red Hat Enterprise Linux" REDHAT_SUPPORT_PRODUCT_VERSION="7.9"
1	Computer Name	quartz2758
1	Result Size	213164911
1	Collection start time	02:54:38 22/04/2021 UTC
1	Collection stop time	02:54:58 22/04/2021 UTC
1	Collector Type	User-mode sampling and tracing
1	CPU	
2	Name	Intel(R) Xeon(R) Processor code named Broadwell
2	Frequency	2095147038
2	Logical CPU Count	72
