Hierarchy Level	Metric Name	Metric Value
0	Elapsed Time	5.716734
1	Paused Time	0.0
0	Effective CPU Utilization	35.8% (25.764 out of 72 logical CPUs)
1	OpenMP Analysis. Collection Time	5.716734
2	Serial Time (outside parallel regions)	1.208s (21.1%)
3	Top Serial Hotspots (outside parallel regions)	
3	Function	Module	Serial CPU Time
3	pgain	sc_omp	0.409853
3	pspeedy	sc_omp	0.289979
3	SimStream::read	sc_omp	0.059991
3	__kmp_join_call	libiomp5.so	0.059990
3	_simd_lrand48_si64x2	sc_omp	0.040009
3	[Others]	N/A	0.140013
2	Parallel Region Time	4.509s (78.9%)
3	Estimated Ideal Time	4.217s (73.8%)
3	OpenMP Potential Gain	0.292s (5.1%)
1	Total Thread Count	36
2	Thread Oversubscription	0s (0.0% of CPU Time)
1	Wait Time with poor CPU Utilization	2.043s (100.0% of Wait Time)
2	Top Waiting Objects	
2	Sync Object	Wait Time with poor CPU Utilization	(% from Object Wait Time)(%)	Wait Count
2	Condition Variable 0x74c978ed	2.039467	100.0	35
2	Stream output.txt 0x27fde40a	0.002540	100.0	1
2	Stream 0x1d353c67	0.000686	100.0	1
2	Stream 0x8cce8b5a	0.000303	100.0	1
2	Mutex 0x6cb3026d	0.000258	100.0	5
2	[Others]	0.000102	100.0	5
1	Spin and Overhead Time	32.237s (18.2% of CPU Time)
2	Top Functions with Spin or Overhead Time	
2	Function	Module	Spin and Overhead Time	(% from CPU Time)(%)
2	__kmp_fork_barrier	libiomp5.so	23.237730	13.1
2	__kmp_barrier	libiomp5.so	7.708455	4.3
2	__kmp_join_barrier	libiomp5.so	0.659899	0.4
2	__kmp_join_call	libiomp5.so	0.269929	0.2
2	__kmp_fork_call	libiomp5.so	0.120321	0.1
2	[Others]	N/A	0.240170	0.1
0	Collection and Platform Info	
1	Application Command Line	sc_omp "10" "20" "256" "65536" "65536" "1000" "none" "output.txt" "36" 
1	Operating System	3.10.0-1160.15.2.1chaos.ch6.x86_64 NAME="Red Hat Enterprise Linux Server" VERSION="7.9 (Maipo)" ID="rhel" ID_LIKE="fedora" VARIANT="Server" VARIANT_ID="server" VERSION_ID="7.9" PRETTY_NAME="Red Hat Enterprise Linux Server 7.9 (Maipo)" ANSI_COLOR="0;31" CPE_NAME="cpe:/o:redhat:enterprise_linux:7.9:GA:server" HOME_URL="https://www.redhat.com/" BUG_REPORT_URL="https://bugzilla.redhat.com/"  REDHAT_BUGZILLA_PRODUCT="Red Hat Enterprise Linux 7" REDHAT_BUGZILLA_PRODUCT_VERSION=7.9 REDHAT_SUPPORT_PRODUCT="Red Hat Enterprise Linux" REDHAT_SUPPORT_PRODUCT_VERSION="7.9"
1	Computer Name	quartz2758
1	Result Size	10686349
1	Collection start time	03:28:53 22/04/2021 UTC
1	Collection stop time	03:29:00 22/04/2021 UTC
1	Collector Type	User-mode sampling and tracing
1	CPU	
2	Name	Intel(R) Xeon(R) Processor code named Broadwell
2	Frequency	2095146978
2	Logical CPU Count	72
