Hierarchy Level	Metric Name	Metric Value
0	Elapsed Time	9.046605
1	Paused Time	0.0
0	Effective CPU Utilization	20.8% (14.950 out of 72 logical CPUs)
1	OpenMP Analysis. Collection Time	9.046605
2	Serial Time (outside parallel regions)	1.699s (18.8%)
3	Top Serial Hotspots (outside parallel regions)	
3	Function	Module	Serial CPU Time
3	__kmp_join_call	libiomp5.so	0.499644
3	pgain	sc_omp	0.258113
3	pspeedy	sc_omp	0.119987
3	SimStream::read	sc_omp	0.049982
3	ompc_set_num_threads	libiomp5.so	0.030000
3	[Others]	N/A	0.149919
2	Parallel Region Time	7.348s (81.2%)
3	Estimated Ideal Time	6.082s (67.2%)
3	OpenMP Potential Gain	1.266s (14.0%)
1	Total Thread Count	36
2	Thread Oversubscription	0s (0.0% of CPU Time)
1	Wait Time with poor CPU Utilization	2.102s (100.0% of Wait Time)
2	Top Waiting Objects	
2	Sync Object	Wait Time with poor CPU Utilization	(% from Object Wait Time)(%)	Wait Count
2	Condition Variable 0x74c978ed	2.098544	100.0	31
2	Stream output.txt 0x27fde40a	0.001665	100.0	1
2	Stream 0x8cce8b5a	0.000881	100.0	1
2	Stream 0x1d353c67	0.000420	100.0	1
2	Mutex 0x6cb3026d	0.000083	100.0	6
2	[Others]	0.000101	100.0	5
1	Spin and Overhead Time	175.900s (56.8% of CPU Time)
2	Top Functions with Spin or Overhead Time	
2	Function	Module	Spin and Overhead Time	(% from CPU Time)(%)
2	__kmp_fork_barrier	libiomp5.so	143.469001	46.3
2	__kmp_barrier	libiomp5.so	24.491867	7.9
2	__kmp_join_barrier	libiomp5.so	3.311916	1.1
2	__kmp_fork_call	libiomp5.so	2.355586	0.8
2	__kmp_join_call	libiomp5.so	0.699401	0.2
2	[Others]	N/A	1.572640	0.5
0	Collection and Platform Info	
1	Application Command Line	sc_omp "10" "20" "256" "65536" "4096" "1000" "none" "output.txt" "36" 
1	Operating System	3.10.0-1160.15.2.1chaos.ch6.x86_64 NAME="Red Hat Enterprise Linux Server" VERSION="7.9 (Maipo)" ID="rhel" ID_LIKE="fedora" VARIANT="Server" VARIANT_ID="server" VERSION_ID="7.9" PRETTY_NAME="Red Hat Enterprise Linux Server 7.9 (Maipo)" ANSI_COLOR="0;31" CPE_NAME="cpe:/o:redhat:enterprise_linux:7.9:GA:server" HOME_URL="https://www.redhat.com/" BUG_REPORT_URL="https://bugzilla.redhat.com/"  REDHAT_BUGZILLA_PRODUCT="Red Hat Enterprise Linux 7" REDHAT_BUGZILLA_PRODUCT_VERSION=7.9 REDHAT_SUPPORT_PRODUCT="Red Hat Enterprise Linux" REDHAT_SUPPORT_PRODUCT_VERSION="7.9"
1	Computer Name	quartz2758
1	Result Size	55894471
1	Collection start time	03:15:00 22/04/2021 UTC
1	Collection stop time	03:15:09 22/04/2021 UTC
1	Collector Type	User-mode sampling and tracing
1	CPU	
2	Name	Intel(R) Xeon(R) Processor code named Broadwell
2	Frequency	2095146947
2	Logical CPU Count	72
