Hierarchy Level	Metric Name	Metric Value
0	Elapsed Time	3.138382
1	SP GFLOPS	0.0
1	DP GFLOPS	0.0
1	x87 GFLOPS	0.0
1	CPI Rate	1.126712
1	Average CPU Frequency	2602081427.019514
1	Total Thread Count	36
0	Effective Physical Core Utilization	16.5% (5.949 out of 36)
1	Effective Logical Core Utilization	11.5% (8.305 out of 72)
1	Serial Time (outside parallel regions)	1.392s (44.4%)
2	Top Serial Hotspots (outside parallel regions)	
2	Function	Module	Serial CPU Time
2	[Outside any known module]	[Unknown]	0.651505
2	_INTERNAL_25_______src_kmp_barrier_cpp_ddfed41b::__kmp_wait_template<kmp_flag_64, (int)0, (bool)0, (bool)1>	libiomp5.so	0.125290
2	[Loop@0x408d49 in pgain]	sc_omp	0.045104
2	_INTERNAL_25_______src_kmp_barrier_cpp_ddfed41b::__kmp_release_template<kmp_flag_64>	libiomp5.so	0.035081
2	[Loop at line 2176 in __kmp_join_barrier]	libiomp5.so	0.030069
2	[Others]	N/A	0.240556
1	Parallel Region Time	1.746s (55.6%)
2	Estimated Ideal Time	1.004s (32.0%)
2	OpenMP Potential Gain	0.742s (23.6%)
0	Memory Bound	14.1
1	Cache Bound	12.4
1	DRAM Bound	0.0
1	NUMA: % of Remote Accesses	0.0
0	Vectorization	0.0
1	Instruction Mix	
2	SP FLOPs	0.0
3	Packed	0.0
4	128-bit	0.0
4	256-bit	0.0
3	Scalar	0.0
2	DP FLOPs	0.0
3	Packed	0.0
4	128-bit	0.0
4	256-bit	0.0
3	Scalar	0.0
2	x87 FLOPs	0.0
2	Non-FP	100.0
1	FP Arith/Mem Rd Instr. Ratio	0.0
1	FP Arith/Mem Wr Instr. Ratio	0.0
0	Collection and Platform Info	
1	Application Command Line	sc_omp "10" "20" "256" "8192" "256" "1000" "none" "output.txt" "36" 
1	Operating System	3.10.0-1160.15.2.1chaos.ch6.x86_64 NAME="Red Hat Enterprise Linux Server" VERSION="7.9 (Maipo)" ID="rhel" ID_LIKE="fedora" VARIANT="Server" VARIANT_ID="server" VERSION_ID="7.9" PRETTY_NAME="Red Hat Enterprise Linux Server 7.9 (Maipo)" ANSI_COLOR="0;31" CPE_NAME="cpe:/o:redhat:enterprise_linux:7.9:GA:server" HOME_URL="https://www.redhat.com/" BUG_REPORT_URL="https://bugzilla.redhat.com/"  REDHAT_BUGZILLA_PRODUCT="Red Hat Enterprise Linux 7" REDHAT_BUGZILLA_PRODUCT_VERSION=7.9 REDHAT_SUPPORT_PRODUCT="Red Hat Enterprise Linux" REDHAT_SUPPORT_PRODUCT_VERSION="7.9"
1	Computer Name	quartz2758
1	Result Size	112964494
1	Collection start time	01:27:22 22/04/2021 UTC
1	Collection stop time	01:27:25 22/04/2021 UTC
1	Collector Type	Driverless Perf per-process sampling
1	CPU	
2	Name	Intel(R) Xeon(R) Processor code named Broadwell
2	Frequency	2095147321
2	Logical CPU Count	72
