Hierarchy Level	Metric Name	Metric Value
0	Elapsed Time	1.141472
1	Paused Time	0.0
0	Effective CPU Utilization	19.1% (13.751 out of 72 logical CPUs)
1	OpenMP Analysis. Collection Time	1.141472
2	Serial Time (outside parallel regions)	0.479s (42.0%)
3	Top Serial Hotspots (outside parallel regions)	
3	Function	Module	Serial CPU Time
3	ompc_set_num_threads	libiomp5.so	0.041065
3	pgain	sc_omp	0.039991
3	__kmp_join_call	libiomp5.so	0.039964
3	__intel_avx_rep_memset	sc_omp	0.029994
3	OS_BARESYSCALL_DoCallAsmIntel64Linux	libc-dynamic.so	0.010000
3	[Others]	N/A	0.038935
2	Parallel Region Time	0.662s (58.0%)
3	Estimated Ideal Time	0.581s (50.9%)
3	OpenMP Potential Gain	0.081s (7.1%)
1	Total Thread Count	36
2	Thread Oversubscription	0s (0.0% of CPU Time)
1	Wait Time with poor CPU Utilization	1.892s (100.0% of Wait Time)
2	Top Waiting Objects	
2	Sync Object	Wait Time with poor CPU Utilization	(% from Object Wait Time)(%)	Wait Count
2	Condition Variable 0x74c978ed	1.888411	100.0	32
2	Stream output.txt 0x27fde40a	0.001940	100.0	1
2	Stream 0x8cce8b5a	0.001028	100.0	1
2	Mutex 0x6cb3026d	0.000423	100.0	5
2	Stream /proc/cpuinfo 0x482b2eb7	0.000097	100.0	2
2	[Others]	0.000043	100.0	4
1	Spin and Overhead Time	13.381s (46.1% of CPU Time)
2	Top Functions with Spin or Overhead Time	
2	Function	Module	Spin and Overhead Time	(% from CPU Time)(%)
2	__kmp_fork_barrier	libiomp5.so	10.849603	37.4
2	__kmp_barrier	libiomp5.so	1.850006	6.4
2	__kmp_join_barrier	libiomp5.so	0.259992	0.9
2	__kmp_fork_call	libiomp5.so	0.160190	0.6
2	__kmp_join_call	libiomp5.so	0.059945	0.2
2	[Others]	N/A	0.201409	0.7
0	Collection and Platform Info	
1	Application Command Line	sc_omp "10" "20" "256" "8192" "8192" "1000" "none" "output.txt" "36" 
1	Operating System	3.10.0-1160.15.2.1chaos.ch6.x86_64 NAME="Red Hat Enterprise Linux Server" VERSION="7.9 (Maipo)" ID="rhel" ID_LIKE="fedora" VARIANT="Server" VARIANT_ID="server" VERSION_ID="7.9" PRETTY_NAME="Red Hat Enterprise Linux Server 7.9 (Maipo)" ANSI_COLOR="0;31" CPE_NAME="cpe:/o:redhat:enterprise_linux:7.9:GA:server" HOME_URL="https://www.redhat.com/" BUG_REPORT_URL="https://bugzilla.redhat.com/"  REDHAT_BUGZILLA_PRODUCT="Red Hat Enterprise Linux 7" REDHAT_BUGZILLA_PRODUCT_VERSION=7.9 REDHAT_SUPPORT_PRODUCT="Red Hat Enterprise Linux" REDHAT_SUPPORT_PRODUCT_VERSION="7.9"
1	Computer Name	quartz2758
1	Result Size	7671881
1	Collection start time	01:42:58 22/04/2021 UTC
1	Collection stop time	01:42:59 22/04/2021 UTC
1	Collector Type	User-mode sampling and tracing
1	CPU	
2	Name	Intel(R) Xeon(R) Processor code named Broadwell
2	Frequency	2095147003
2	Logical CPU Count	72
