Hierarchy Level	Metric Name	Metric Value
0	Elapsed Time	8.556268
1	Paused Time	0.0
0	Effective CPU Utilization	0.9% (0.644 out of 72 logical CPUs)
1	OpenMP Analysis. Collection Time	8.556268
2	Serial Time (outside parallel regions)	1.922s (22.5%)
3	Top Serial Hotspots (outside parallel regions)	
3	Function	Module	Serial CPU Time
3	__kmp_join_call	libiomp5.so	1.327326
3	pgain	sc_omp	0.159874
3	pspeedy	sc_omp	0.059936
3	[ld-linux-x86-64.so.2]	ld-linux-x86-64.so.2	0.039910
3	SimStream::read	sc_omp	0.030003
3	[Others]	N/A	0.139944
2	Parallel Region Time	6.635s (77.5%)
3	Estimated Ideal Time	5.872s (68.6%)
3	OpenMP Potential Gain	0.763s (8.9%)
1	Total Thread Count	4
2	Thread Oversubscription	0s (0.0% of CPU Time)
1	Wait Time with poor CPU Utilization	0.003s (100.0% of Wait Time)
2	Top Waiting Objects	
2	Sync Object	Wait Time with poor CPU Utilization	(% from Object Wait Time)(%)	Wait Count
2	Stream output.txt 0x27fde40a	0.001784	100.0	1
2	Stream 0x8cce8b5a	0.000722	100.0	1
2	Stream 0x1d353c67	0.000640	100.0	1
2	Stream /proc/cpuinfo 0x482b2eb7	0.000053	100.0	1
2	Stream /proc/meminfo 0x9ccc627a	0.000011	100.0	1
2	[Others]	0.000029	100.0	3
1	Spin and Overhead Time	27.710s (83.4% of CPU Time)
2	Top Functions with Spin or Overhead Time	
2	Function	Module	Spin and Overhead Time	(% from CPU Time)(%)
2	__kmp_fork_barrier	libiomp5.so	20.667857	62.2
2	__kmp_fork_call	libiomp5.so	4.184463	12.6
2	__kmp_join_call	libiomp5.so	1.467165	4.4
2	__kmp_join_barrier	libiomp5.so	0.610075	1.8
2	_INTERNAL_23_______src_kmp_sched_cpp_20354e55::__kmp_itt_metadata_loop	libiomp5.so	0.360122	1.1
2	[Others]	N/A	0.420114	1.3
0	Collection and Platform Info	
1	Application Command Line	sc_omp "10" "20" "256" "16384" "256" "1000" "none" "output.txt" "4" 
1	Operating System	3.10.0-1160.15.2.1chaos.ch6.x86_64 NAME="Red Hat Enterprise Linux Server" VERSION="7.9 (Maipo)" ID="rhel" ID_LIKE="fedora" VARIANT="Server" VARIANT_ID="server" VERSION_ID="7.9" PRETTY_NAME="Red Hat Enterprise Linux Server 7.9 (Maipo)" ANSI_COLOR="0;31" CPE_NAME="cpe:/o:redhat:enterprise_linux:7.9:GA:server" HOME_URL="https://www.redhat.com/" BUG_REPORT_URL="https://bugzilla.redhat.com/"  REDHAT_BUGZILLA_PRODUCT="Red Hat Enterprise Linux 7" REDHAT_BUGZILLA_PRODUCT_VERSION=7.9 REDHAT_SUPPORT_PRODUCT="Red Hat Enterprise Linux" REDHAT_SUPPORT_PRODUCT_VERSION="7.9"
1	Computer Name	quartz2758
1	Result Size	106490149
1	Collection start time	01:51:38 22/04/2021 UTC
1	Collection stop time	01:51:47 22/04/2021 UTC
1	Collector Type	User-mode sampling and tracing
1	CPU	
2	Name	Intel(R) Xeon(R) Processor code named Broadwell
2	Frequency	2095146951
2	Logical CPU Count	72
