Hierarchy Level	Metric Name	Metric Value
0	Elapsed Time	1.465502
1	SP GFLOPS	9.825998
1	DP GFLOPS	0.0
1	x87 GFLOPS	0.0
1	CPI Rate	1.218579
1	Average CPU Frequency	3206397272.393137
1	Total Thread Count	4
0	Effective Physical Core Utilization	9.0% (3.226 out of 36)
1	Effective Logical Core Utilization	4.4% (3.187 out of 72)
1	Serial Time (outside parallel regions)	0.251s (17.1%)
2	Top Serial Hotspots (outside parallel regions)	
2	Function	Module	Serial CPU Time
2	[Loop@0x4093a5 in pspeedy]	sc_omp	0.055127
2	[Outside any known module]	[Unknown]	0.045104
2	[Loop@0x408d49 in pgain]	sc_omp	0.035081
2	[Loop@0x409c68 in SimStream::read]	sc_omp	0.010023
2	[Loop@0x408e1a in pgain]	sc_omp	0.010023
2	[Others]	N/A	0.025058
1	Parallel Region Time	1.214s (82.9%)
2	Estimated Ideal Time	1.127s (76.9%)
2	OpenMP Potential Gain	0.087s (5.9%)
0	Memory Bound	60.5
1	Cache Bound	40.6
1	DRAM Bound	0.0
1	NUMA: % of Remote Accesses	0.0
0	Vectorization	100.0
1	Instruction Mix	
2	SP FLOPs	38.1
3	Packed	100.0
4	128-bit	100.0
4	256-bit	0.0
3	Scalar	0.0
2	DP FLOPs	0.0
3	Packed	0.0
4	128-bit	0.0
4	256-bit	0.0
3	Scalar	0.0
2	x87 FLOPs	0.0
2	Non-FP	61.9
1	FP Arith/Mem Rd Instr. Ratio	1.072355
1	FP Arith/Mem Wr Instr. Ratio	16.326065
0	Collection and Platform Info	
1	Application Command Line	sc_omp "10" "20" "256" "16384" "16384" "1000" "none" "output.txt" "4" 
1	Operating System	3.10.0-1160.15.2.1chaos.ch6.x86_64 NAME="Red Hat Enterprise Linux Server" VERSION="7.9 (Maipo)" ID="rhel" ID_LIKE="fedora" VARIANT="Server" VARIANT_ID="server" VERSION_ID="7.9" PRETTY_NAME="Red Hat Enterprise Linux Server 7.9 (Maipo)" ANSI_COLOR="0;31" CPE_NAME="cpe:/o:redhat:enterprise_linux:7.9:GA:server" HOME_URL="https://www.redhat.com/" BUG_REPORT_URL="https://bugzilla.redhat.com/"  REDHAT_BUGZILLA_PRODUCT="Red Hat Enterprise Linux 7" REDHAT_BUGZILLA_PRODUCT_VERSION=7.9 REDHAT_SUPPORT_PRODUCT="Red Hat Enterprise Linux" REDHAT_SUPPORT_PRODUCT_VERSION="7.9"
1	Computer Name	quartz2758
1	Result Size	6480593
1	Collection start time	02:11:53 22/04/2021 UTC
1	Collection stop time	02:11:54 22/04/2021 UTC
1	Collector Type	Driverless Perf per-process sampling
1	CPU	
2	Name	Intel(R) Xeon(R) Processor code named Broadwell
2	Frequency	2095147481
2	Logical CPU Count	72
