Hierarchy Level	Metric Name	Metric Value
0	Elapsed Time	1.724779
1	SP GFLOPS	9.601247
1	DP GFLOPS	0.0
1	x87 GFLOPS	0.0
1	CPI Rate	1.133248
1	Average CPU Frequency	2979353460.294212
1	Total Thread Count	4
0	Effective Physical Core Utilization	8.8% (3.172 out of 36)
1	Effective Logical Core Utilization	4.4% (3.141 out of 72)
1	Serial Time (outside parallel regions)	0.321s (18.6%)
2	Top Serial Hotspots (outside parallel regions)	
2	Function	Module	Serial CPU Time
2	[Outside any known module]	[Unknown]	0.055127
2	[Loop@0x408d49 in pgain]	sc_omp	0.045104
2	[Loop@0x4093a5 in pspeedy]	sc_omp	0.030069
2	[Loop@0x408e1a in pgain]	sc_omp	0.020046
2	[Loop@0x407f77 in pgain]	sc_omp	0.010023
2	[Others]	N/A	0.065151
1	Parallel Region Time	1.404s (81.4%)
2	Estimated Ideal Time	1.292s (74.9%)
2	OpenMP Potential Gain	0.111s (6.4%)
0	Memory Bound	57.0
1	Cache Bound	36.8
1	DRAM Bound	0.0
1	NUMA: % of Remote Accesses	0.0
0	Vectorization	100.0
1	Instruction Mix	
2	SP FLOPs	35.1
3	Packed	100.0
4	128-bit	100.0
4	256-bit	0.0
3	Scalar	0.0
2	DP FLOPs	0.0
3	Packed	0.0
4	128-bit	0.0
4	256-bit	0.0
3	Scalar	0.0
2	x87 FLOPs	0.0
2	Non-FP	64.9
1	FP Arith/Mem Rd Instr. Ratio	1.030206
1	FP Arith/Mem Wr Instr. Ratio	11.499672
0	Collection and Platform Info	
1	Application Command Line	sc_omp "10" "20" "256" "16384" "4096" "1000" "none" "output.txt" "4" 
1	Operating System	3.10.0-1160.15.2.1chaos.ch6.x86_64 NAME="Red Hat Enterprise Linux Server" VERSION="7.9 (Maipo)" ID="rhel" ID_LIKE="fedora" VARIANT="Server" VARIANT_ID="server" VERSION_ID="7.9" PRETTY_NAME="Red Hat Enterprise Linux Server 7.9 (Maipo)" ANSI_COLOR="0;31" CPE_NAME="cpe:/o:redhat:enterprise_linux:7.9:GA:server" HOME_URL="https://www.redhat.com/" BUG_REPORT_URL="https://bugzilla.redhat.com/"  REDHAT_BUGZILLA_PRODUCT="Red Hat Enterprise Linux 7" REDHAT_BUGZILLA_PRODUCT_VERSION=7.9 REDHAT_SUPPORT_PRODUCT="Red Hat Enterprise Linux" REDHAT_SUPPORT_PRODUCT_VERSION="7.9"
1	Computer Name	quartz2758
1	Result Size	13825149
1	Collection start time	02:06:58 22/04/2021 UTC
1	Collection stop time	02:07:00 22/04/2021 UTC
1	Collector Type	Driverless Perf per-process sampling
1	CPU	
2	Name	Intel(R) Xeon(R) Processor code named Broadwell
2	Frequency	2095147374
2	Logical CPU Count	72
