Hierarchy Level	Metric Name	Metric Value
0	Elapsed Time	0.230119
1	Paused Time	0.0
0	Effective CPU Utilization	0.2% (0.133 out of 72 logical CPUs)
1	OpenMP Analysis. Collection Time	0.230119
2	Serial Time (outside parallel regions)	0.138s (59.8%)
3	Top Serial Hotspots (outside parallel regions)	
3	Function	Module	Serial CPU Time
3	ompc_set_num_threads	libiomp5.so	0.030000
3	__kmp_fork_call	libiomp5.so	0.011048
3	__kmp_join_call	libiomp5.so	0.009992
3	pgain	sc_omp	0.009987
2	Parallel Region Time	0.093s (40.2%)
3	Estimated Ideal Time	0.083s (36.3%)
3	OpenMP Potential Gain	0.009s (4.0%)
1	Total Thread Count	4
2	Thread Oversubscription	0s (0.0% of CPU Time)
1	Wait Time with poor CPU Utilization	0.003s (100.0% of Wait Time)
2	Top Waiting Objects	
2	Sync Object	Wait Time with poor CPU Utilization	(% from Object Wait Time)(%)	Wait Count
2	Stream output.txt 0x27fde40a	0.001881	100.0	1
2	Stream 0x8cce8b5a	0.000733	100.0	1
2	Stream /proc/cpuinfo 0x482b2eb7	0.000092	100.0	2
2	Stream /sys/kernel/mm/transparent_hugepage/enabled 0x2e8ede6f	0.000012	100.0	1
2	Stream /proc/meminfo 0x9ccc627a	0.000011	100.0	1
2	[Others]	0.000019	100.0	2
1	Spin and Overhead Time	0.450s (93.8% of CPU Time)
2	Top Functions with Spin or Overhead Time	
2	Function	Module	Spin and Overhead Time	(% from CPU Time)(%)
2	__kmp_fork_barrier	libiomp5.so	0.320024	66.7
2	__kmp_fork_call	libiomp5.so	0.071068	14.8
2	ompc_set_num_threads	libiomp5.so	0.030000	6.2
2	__kmp_join_call	libiomp5.so	0.018946	3.9
2	_INTERNAL_23_______src_kmp_sched_cpp_20354e55::__kmp_itt_metadata_loop	libiomp5.so	0.010000	2.1
0	Collection and Platform Info	
1	Application Command Line	sc_omp "10" "20" "256" "256" "256" "1000" "none" "output.txt" "4" 
1	Operating System	3.10.0-1160.15.2.1chaos.ch6.x86_64 NAME="Red Hat Enterprise Linux Server" VERSION="7.9 (Maipo)" ID="rhel" ID_LIKE="fedora" VARIANT="Server" VARIANT_ID="server" VERSION_ID="7.9" PRETTY_NAME="Red Hat Enterprise Linux Server 7.9 (Maipo)" ANSI_COLOR="0;31" CPE_NAME="cpe:/o:redhat:enterprise_linux:7.9:GA:server" HOME_URL="https://www.redhat.com/" BUG_REPORT_URL="https://bugzilla.redhat.com/"  REDHAT_BUGZILLA_PRODUCT="Red Hat Enterprise Linux 7" REDHAT_BUGZILLA_PRODUCT_VERSION=7.9 REDHAT_SUPPORT_PRODUCT="Red Hat Enterprise Linux" REDHAT_SUPPORT_PRODUCT_VERSION="7.9"
1	Computer Name	quartz2758
1	Result Size	5243422
1	Collection start time	00:50:51 22/04/2021 UTC
1	Collection stop time	00:50:52 22/04/2021 UTC
1	Collector Type	User-mode sampling and tracing
1	CPU	
2	Name	Intel(R) Xeon(R) Processor code named Broadwell
2	Frequency	2095146540
2	Logical CPU Count	72
