Hierarchy Level	Metric Name	Metric Value
0	Elapsed Time	4.137407
1	SP GFLOPS	4.872625
1	DP GFLOPS	0.0
1	x87 GFLOPS	0.0
1	CPI Rate	0.995584
1	Average CPU Frequency	2974025612.385686
1	Total Thread Count	4
0	Effective Physical Core Utilization	5.8% (2.082 out of 36)
1	Effective Logical Core Utilization	2.9% (2.077 out of 72)
1	Serial Time (outside parallel regions)	1.582s (38.2%)
2	Top Serial Hotspots (outside parallel regions)	
2	Function	Module	Serial CPU Time
2	[Outside any known module]	[Unknown]	0.521205
2	[Loop@0x408d49 in pgain]	sc_omp	0.320741
2	[Loop@0x408e1a in pgain]	sc_omp	0.175405
2	_INTERNAL_25_______src_kmp_barrier_cpp_ddfed41b::__kmp_wait_template<kmp_flag_64, (int)0, (bool)0, (bool)1>	libiomp5.so	0.035081
2	[Loop@0x408b53 in pgain]	sc_omp	0.030069
2	[Others]	N/A	0.265614
1	Parallel Region Time	2.556s (61.8%)
2	Estimated Ideal Time	1.874s (45.3%)
2	OpenMP Potential Gain	0.682s (16.5%)
0	Memory Bound	36.4
1	Cache Bound	23.6
1	DRAM Bound	0.0
1	NUMA: % of Remote Accesses	0.0
0	Vectorization	100.0
1	Instruction Mix	
2	SP FLOPs	13.6
3	Packed	100.0
4	128-bit	100.0
4	256-bit	0.0
3	Scalar	0.0
2	DP FLOPs	0.0
3	Packed	0.0
4	128-bit	0.0
4	256-bit	0.0
3	Scalar	0.0
2	x87 FLOPs	0.0
2	Non-FP	86.4
1	FP Arith/Mem Rd Instr. Ratio	0.429765
1	FP Arith/Mem Wr Instr. Ratio	1.839028
0	Collection and Platform Info	
1	Application Command Line	sc_omp "10" "20" "256" "32768" "256" "1000" "none" "output.txt" "4" 
1	Operating System	3.10.0-1160.15.2.1chaos.ch6.x86_64 NAME="Red Hat Enterprise Linux Server" VERSION="7.9 (Maipo)" ID="rhel" ID_LIKE="fedora" VARIANT="Server" VARIANT_ID="server" VERSION_ID="7.9" PRETTY_NAME="Red Hat Enterprise Linux Server 7.9 (Maipo)" ANSI_COLOR="0;31" CPE_NAME="cpe:/o:redhat:enterprise_linux:7.9:GA:server" HOME_URL="https://www.redhat.com/" BUG_REPORT_URL="https://bugzilla.redhat.com/"  REDHAT_BUGZILLA_PRODUCT="Red Hat Enterprise Linux 7" REDHAT_BUGZILLA_PRODUCT_VERSION=7.9 REDHAT_SUPPORT_PRODUCT="Red Hat Enterprise Linux" REDHAT_SUPPORT_PRODUCT_VERSION="7.9"
1	Computer Name	quartz2758
1	Result Size	129718193
1	Collection start time	02:19:25 22/04/2021 UTC
1	Collection stop time	02:19:29 22/04/2021 UTC
1	Collector Type	Driverless Perf per-process sampling
1	CPU	
2	Name	Intel(R) Xeon(R) Processor code named Broadwell
2	Frequency	2095146895
2	Logical CPU Count	72
