Hierarchy Level	Metric Name	Metric Value
0	Elapsed Time	4.615684
1	Paused Time	0.0
0	Effective CPU Utilization	3.2% (2.273 out of 72 logical CPUs)
1	OpenMP Analysis. Collection Time	4.615684
2	Serial Time (outside parallel regions)	0.753s (16.3%)
3	Top Serial Hotspots (outside parallel regions)	
3	Function	Module	Serial CPU Time
3	__kmp_join_call	libiomp5.so	0.269370
3	pgain	sc_omp	0.119850
3	pspeedy	sc_omp	0.089958
3	ompc_set_num_threads	libiomp5.so	0.040000
3	__kmp_fork_call	libiomp5.so	0.039938
3	[Others]	N/A	0.059968
2	Parallel Region Time	3.863s (83.7%)
3	Estimated Ideal Time	3.558s (77.1%)
3	OpenMP Potential Gain	0.305s (6.6%)
1	Total Thread Count	4
2	Thread Oversubscription	0s (0.0% of CPU Time)
1	Wait Time with poor CPU Utilization	0.004s (100.0% of Wait Time)
2	Top Waiting Objects	
2	Sync Object	Wait Time with poor CPU Utilization	(% from Object Wait Time)(%)	Wait Count
2	Stream output.txt 0x27fde40a	0.001936	100.0	1
2	Stream 0x8cce8b5a	0.001105	100.0	1
2	Stream 0x1d353c67	0.000611	100.0	1
2	Stream /proc/cpuinfo 0x482b2eb7	0.000048	100.0	1
2	Stream /sys/kernel/mm/transparent_hugepage/enabled 0x2e8ede6f	0.000014	100.0	1
2	[Others]	0.000035	100.0	3
1	Spin and Overhead Time	7.433s (41.5% of CPU Time)
2	Top Functions with Spin or Overhead Time	
2	Function	Module	Spin and Overhead Time	(% from CPU Time)(%)
2	__kmp_fork_barrier	libiomp5.so	5.669806	31.7
2	__kmp_fork_call	libiomp5.so	0.973437	5.4
2	__kmp_join_call	libiomp5.so	0.369376	2.1
2	__kmp_join_barrier	libiomp5.so	0.160006	0.9
2	_INTERNAL_25_______src_kmp_runtime_cpp_ddfed41b::__kmp_itt_stack_callee_enter	libiomp5.so	0.090106	0.5
2	[Others]	N/A	0.170003	0.9
0	Collection and Platform Info	
1	Application Command Line	sc_omp "10" "20" "256" "32768" "2048" "1000" "none" "output.txt" "4" 
1	Operating System	3.10.0-1160.15.2.1chaos.ch6.x86_64 NAME="Red Hat Enterprise Linux Server" VERSION="7.9 (Maipo)" ID="rhel" ID_LIKE="fedora" VARIANT="Server" VARIANT_ID="server" VERSION_ID="7.9" PRETTY_NAME="Red Hat Enterprise Linux Server 7.9 (Maipo)" ANSI_COLOR="0;31" CPE_NAME="cpe:/o:redhat:enterprise_linux:7.9:GA:server" HOME_URL="https://www.redhat.com/" BUG_REPORT_URL="https://bugzilla.redhat.com/"  REDHAT_BUGZILLA_PRODUCT="Red Hat Enterprise Linux 7" REDHAT_BUGZILLA_PRODUCT_VERSION=7.9 REDHAT_SUPPORT_PRODUCT="Red Hat Enterprise Linux" REDHAT_SUPPORT_PRODUCT_VERSION="7.9"
1	Computer Name	quartz2758
1	Result Size	29736839
1	Collection start time	02:34:55 22/04/2021 UTC
1	Collection stop time	02:35:00 22/04/2021 UTC
1	Collector Type	User-mode sampling and tracing
1	CPU	
2	Name	Intel(R) Xeon(R) Processor code named Broadwell
2	Frequency	2095147164
2	Logical CPU Count	72
