Hierarchy Level	Metric Name	Metric Value
0	Elapsed Time	3.247807
1	Paused Time	0.0
0	Effective CPU Utilization	4.5% (3.216 out of 72 logical CPUs)
1	OpenMP Analysis. Collection Time	3.247807
2	Serial Time (outside parallel regions)	0.414s (12.8%)
3	Top Serial Hotspots (outside parallel regions)	
3	Function	Module	Serial CPU Time
3	pspeedy	sc_omp	0.100002
3	__kmp_join_call	libiomp5.so	0.079991
3	pgain	sc_omp	0.039994
3	ompc_set_num_threads	libiomp5.so	0.030000
3	_simd_lrand48_si64x2	sc_omp	0.020004
3	[Others]	N/A	0.051052
2	Parallel Region Time	2.834s (87.2%)
3	Estimated Ideal Time	2.696s (83.0%)
3	OpenMP Potential Gain	0.137s (4.2%)
1	Total Thread Count	4
2	Thread Oversubscription	0s (0.0% of CPU Time)
1	Wait Time with poor CPU Utilization	0.003s (100.0% of Wait Time)
2	Top Waiting Objects	
2	Sync Object	Wait Time with poor CPU Utilization	(% from Object Wait Time)(%)	Wait Count
2	Stream output.txt 0x27fde40a	0.002001	100.0	1
2	Stream 0x8cce8b5a	0.000843	100.0	1
2	Stream /proc/cpuinfo 0x482b2eb7	0.000055	100.0	1
2	Stream /proc/meminfo 0x9ccc627a	0.000011	100.0	1
2	Stream /sys/kernel/mm/transparent_hugepage/enabled 0x2e8ede6f	0.000011	100.0	1
2	[Others]	0.000019	100.0	2
1	Spin and Overhead Time	1.920s (15.5% of CPU Time)
2	Top Functions with Spin or Overhead Time	
2	Function	Module	Spin and Overhead Time	(% from CPU Time)(%)
2	__kmp_fork_barrier	libiomp5.so	1.629739	13.2
2	__kmp_fork_call	libiomp5.so	0.110332	0.9
2	__kmp_join_call	libiomp5.so	0.088933	0.7
2	__kmp_join_barrier	libiomp5.so	0.030000	0.2
2	ompc_set_num_threads	libiomp5.so	0.030000	0.2
2	[Others]	N/A	0.030802	0.2
0	Collection and Platform Info	
1	Application Command Line	sc_omp "10" "20" "256" "32768" "16384" "1000" "none" "output.txt" "4" 
1	Operating System	3.10.0-1160.15.2.1chaos.ch6.x86_64 NAME="Red Hat Enterprise Linux Server" VERSION="7.9 (Maipo)" ID="rhel" ID_LIKE="fedora" VARIANT="Server" VARIANT_ID="server" VERSION_ID="7.9" PRETTY_NAME="Red Hat Enterprise Linux Server 7.9 (Maipo)" ANSI_COLOR="0;31" CPE_NAME="cpe:/o:redhat:enterprise_linux:7.9:GA:server" HOME_URL="https://www.redhat.com/" BUG_REPORT_URL="https://bugzilla.redhat.com/"  REDHAT_BUGZILLA_PRODUCT="Red Hat Enterprise Linux 7" REDHAT_BUGZILLA_PRODUCT_VERSION=7.9 REDHAT_SUPPORT_PRODUCT="Red Hat Enterprise Linux" REDHAT_SUPPORT_PRODUCT_VERSION="7.9"
1	Computer Name	quartz2758
1	Result Size	8971151
1	Collection start time	02:43:38 22/04/2021 UTC
1	Collection stop time	02:43:42 22/04/2021 UTC
1	Collector Type	User-mode sampling and tracing
1	CPU	
2	Name	Intel(R) Xeon(R) Processor code named Broadwell
2	Frequency	2095147194
2	Logical CPU Count	72
