Hierarchy Level	Metric Name	Metric Value
0	Elapsed Time	4.491583
1	SP GFLOPS	6.812754
1	DP GFLOPS	0.0
1	x87 GFLOPS	0.0
1	CPI Rate	1.074300
1	Average CPU Frequency	2998379944.484356
1	Total Thread Count	4
0	Effective Physical Core Utilization	7.2% (2.587 out of 36)
1	Effective Logical Core Utilization	3.6% (2.582 out of 72)
1	Serial Time (outside parallel regions)	1.302s (29.0%)
2	Top Serial Hotspots (outside parallel regions)	
2	Function	Module	Serial CPU Time
2	[Outside any known module]	[Unknown]	0.395915
2	[Loop@0x408d49 in pgain]	sc_omp	0.270625
2	[Loop@0x408e1a in pgain]	sc_omp	0.095220
2	_INTERNAL_25_______src_kmp_barrier_cpp_ddfed41b::__kmp_wait_template<kmp_flag_64, (int)0, (bool)0, (bool)1>	libiomp5.so	0.065151
2	[Loop@0x4093a5 in pspeedy]	sc_omp	0.040093
2	[Others]	N/A	0.315730
1	Parallel Region Time	3.190s (71.0%)
2	Estimated Ideal Time	2.604s (58.0%)
2	OpenMP Potential Gain	0.586s (13.0%)
0	Memory Bound	46.5
1	Cache Bound	30.5
1	DRAM Bound	0.0
1	NUMA: % of Remote Accesses	0.0
0	Vectorization	100.0
1	Instruction Mix	
2	SP FLOPs	20.9
3	Packed	100.0
4	128-bit	100.0
4	256-bit	0.0
3	Scalar	0.0
2	DP FLOPs	0.0
3	Packed	0.0
4	128-bit	0.0
4	256-bit	0.0
3	Scalar	0.0
2	x87 FLOPs	0.0
2	Non-FP	79.1
1	FP Arith/Mem Rd Instr. Ratio	0.641976
1	FP Arith/Mem Wr Instr. Ratio	3.333238
0	Collection and Platform Info	
1	Application Command Line	sc_omp "10" "20" "256" "32768" "512" "1000" "none" "output.txt" "4" 
1	Operating System	3.10.0-1160.15.2.1chaos.ch6.x86_64 NAME="Red Hat Enterprise Linux Server" VERSION="7.9 (Maipo)" ID="rhel" ID_LIKE="fedora" VARIANT="Server" VARIANT_ID="server" VERSION_ID="7.9" PRETTY_NAME="Red Hat Enterprise Linux Server 7.9 (Maipo)" ANSI_COLOR="0;31" CPE_NAME="cpe:/o:redhat:enterprise_linux:7.9:GA:server" HOME_URL="https://www.redhat.com/" BUG_REPORT_URL="https://bugzilla.redhat.com/"  REDHAT_BUGZILLA_PRODUCT="Red Hat Enterprise Linux 7" REDHAT_BUGZILLA_PRODUCT_VERSION=7.9 REDHAT_SUPPORT_PRODUCT="Red Hat Enterprise Linux" REDHAT_SUPPORT_PRODUCT_VERSION="7.9"
1	Computer Name	quartz2758
1	Result Size	91142216
1	Collection start time	02:26:41 22/04/2021 UTC
1	Collection stop time	02:26:46 22/04/2021 UTC
1	Collector Type	Driverless Perf per-process sampling
1	CPU	
2	Name	Intel(R) Xeon(R) Processor code named Broadwell
2	Frequency	2095147138
2	Logical CPU Count	72
