Hierarchy Level	Metric Name	Metric Value
0	Elapsed Time	4.351042
1	Paused Time	0.0
0	Effective CPU Utilization	3.8% (2.768 out of 72 logical CPUs)
1	OpenMP Analysis. Collection Time	4.351042
2	Serial Time (outside parallel regions)	0.569s (13.1%)
3	Top Serial Hotspots (outside parallel regions)	
3	Function	Module	Serial CPU Time
3	__kmp_join_call	libiomp5.so	0.189935
3	pgain	sc_omp	0.109968
3	pspeedy	sc_omp	0.079996
3	streamCluster	sc_omp	0.030003
3	ompc_set_num_threads	libiomp5.so	0.030000
3	[Others]	N/A	0.039984
2	Parallel Region Time	3.782s (86.9%)
3	Estimated Ideal Time	3.561s (81.8%)
3	OpenMP Potential Gain	0.221s (5.1%)
1	Total Thread Count	4
2	Thread Oversubscription	0s (0.0% of CPU Time)
1	Wait Time with poor CPU Utilization	0.003s (100.0% of Wait Time)
2	Top Waiting Objects	
2	Sync Object	Wait Time with poor CPU Utilization	(% from Object Wait Time)(%)	Wait Count
2	Stream output.txt 0x27fde40a	0.001943	100.0	1
2	Stream 0x8cce8b5a	0.000872	100.0	1
2	Stream 0x1d353c67	0.000513	100.0	1
2	Stream /proc/cpuinfo 0x482b2eb7	0.000056	100.0	1
2	Stream /sys/kernel/mm/transparent_hugepage/enabled 0x2e8ede6f	0.000014	100.0	1
2	[Others]	0.000038	100.0	3
1	Spin and Overhead Time	4.862s (28.8% of CPU Time)
2	Top Functions with Spin or Overhead Time	
2	Function	Module	Spin and Overhead Time	(% from CPU Time)(%)
2	__kmp_fork_barrier	libiomp5.so	3.569825	21.1
2	__kmp_fork_call	libiomp5.so	0.702582	4.2
2	__kmp_join_call	libiomp5.so	0.319879	1.9
2	__kmp_join_barrier	libiomp5.so	0.110000	0.7
2	_INTERNAL_25_______src_kmp_runtime_cpp_ddfed41b::__kmp_itt_stack_callee_enter	libiomp5.so	0.040016	0.2
2	[Others]	N/A	0.119994	0.7
0	Collection and Platform Info	
1	Application Command Line	sc_omp "10" "20" "256" "32768" "4096" "1000" "none" "output.txt" "4" 
1	Operating System	3.10.0-1160.15.2.1chaos.ch6.x86_64 NAME="Red Hat Enterprise Linux Server" VERSION="7.9 (Maipo)" ID="rhel" ID_LIKE="fedora" VARIANT="Server" VARIANT_ID="server" VERSION_ID="7.9" PRETTY_NAME="Red Hat Enterprise Linux Server 7.9 (Maipo)" ANSI_COLOR="0;31" CPE_NAME="cpe:/o:redhat:enterprise_linux:7.9:GA:server" HOME_URL="https://www.redhat.com/" BUG_REPORT_URL="https://bugzilla.redhat.com/"  REDHAT_BUGZILLA_PRODUCT="Red Hat Enterprise Linux 7" REDHAT_BUGZILLA_PRODUCT_VERSION=7.9 REDHAT_SUPPORT_PRODUCT="Red Hat Enterprise Linux" REDHAT_SUPPORT_PRODUCT_VERSION="7.9"
1	Computer Name	quartz2758
1	Result Size	17867118
1	Collection start time	02:38:07 22/04/2021 UTC
1	Collection stop time	02:38:11 22/04/2021 UTC
1	Collector Type	User-mode sampling and tracing
1	CPU	
2	Name	Intel(R) Xeon(R) Processor code named Broadwell
2	Frequency	2095147179
2	Logical CPU Count	72
