Hierarchy Level	Metric Name	Metric Value
0	Elapsed Time	2.631671
1	Paused Time	0.0
0	Effective CPU Utilization	0.9% (0.644 out of 72 logical CPUs)
1	OpenMP Analysis. Collection Time	2.631671
2	Serial Time (outside parallel regions)	0.662s (25.2%)
3	Top Serial Hotspots (outside parallel regions)	
3	Function	Module	Serial CPU Time
3	__kmp_join_call	libiomp5.so	0.369634
3	pgain	sc_omp	0.049931
3	ompc_set_num_threads	libiomp5.so	0.040000
3	__kmp_get_global_thread_id_reg	libiomp5.so	0.029980
3	pspeedy	sc_omp	0.019973
3	[Others]	N/A	0.059872
2	Parallel Region Time	1.970s (74.8%)
3	Estimated Ideal Time	1.753s (66.6%)
3	OpenMP Potential Gain	0.217s (8.2%)
1	Total Thread Count	4
2	Thread Oversubscription	0s (0.0% of CPU Time)
1	Wait Time with poor CPU Utilization	0.002s (100.0% of Wait Time)
2	Top Waiting Objects	
2	Sync Object	Wait Time with poor CPU Utilization	(% from Object Wait Time)(%)	Wait Count
2	Stream output.txt 0x27fde40a	0.001982	100.0	1
2	Stream 0x8cce8b5a	0.000252	100.0	1
2	Stream /proc/cpuinfo 0x482b2eb7	0.000091	100.0	2
2	Stream /proc/meminfo 0x9ccc627a	0.000012	100.0	1
2	Stream /sys/kernel/mm/transparent_hugepage/enabled 0x2e8ede6f	0.000011	100.0	1
2	[Others]	0.000020	100.0	2
1	Spin and Overhead Time	8.250s (83.0% of CPU Time)
2	Top Functions with Spin or Overhead Time	
2	Function	Module	Spin and Overhead Time	(% from CPU Time)(%)
2	__kmp_fork_barrier	libiomp5.so	6.219001	62.6
2	__kmp_fork_call	libiomp5.so	1.231224	12.4
2	__kmp_join_call	libiomp5.so	0.449506	4.5
2	__kmp_join_barrier	libiomp5.so	0.109998	1.1
2	_INTERNAL_23_______src_kmp_sched_cpp_20354e55::__kmp_itt_metadata_loop	libiomp5.so	0.079972	0.8
2	[Others]	N/A	0.159948	1.6
0	Collection and Platform Info	
1	Application Command Line	sc_omp "10" "20" "256" "4096" "256" "1000" "none" "output.txt" "4" 
1	Operating System	3.10.0-1160.15.2.1chaos.ch6.x86_64 NAME="Red Hat Enterprise Linux Server" VERSION="7.9 (Maipo)" ID="rhel" ID_LIKE="fedora" VARIANT="Server" VARIANT_ID="server" VERSION_ID="7.9" PRETTY_NAME="Red Hat Enterprise Linux Server 7.9 (Maipo)" ANSI_COLOR="0;31" CPE_NAME="cpe:/o:redhat:enterprise_linux:7.9:GA:server" HOME_URL="https://www.redhat.com/" BUG_REPORT_URL="https://bugzilla.redhat.com/"  REDHAT_BUGZILLA_PRODUCT="Red Hat Enterprise Linux 7" REDHAT_BUGZILLA_PRODUCT_VERSION=7.9 REDHAT_SUPPORT_PRODUCT="Red Hat Enterprise Linux" REDHAT_SUPPORT_PRODUCT_VERSION="7.9"
1	Computer Name	quartz2758
1	Result Size	36889046
1	Collection start time	01:15:21 22/04/2021 UTC
1	Collection stop time	01:15:24 22/04/2021 UTC
1	Collector Type	User-mode sampling and tracing
1	CPU	
2	Name	Intel(R) Xeon(R) Processor code named Broadwell
2	Frequency	2095147214
2	Logical CPU Count	72
