Hierarchy Level	Metric Name	Metric Value
0	Elapsed Time	0.691886
1	Paused Time	0.0
0	Effective CPU Utilization	2.4% (1.714 out of 72 logical CPUs)
1	OpenMP Analysis. Collection Time	0.691886
2	Serial Time (outside parallel regions)	0.205s (29.6%)
3	Top Serial Hotspots (outside parallel regions)	
3	Function	Module	Serial CPU Time
3	__kmp_join_call	libiomp5.so	0.039990
3	ompc_set_num_threads	libiomp5.so	0.030000
3	__kmp_fork_call	libiomp5.so	0.019987
3	pgain	sc_omp	0.019972
3	SimStream::read	sc_omp	0.010000
3	__intel_avx_rep_memset	sc_omp	0.009999
2	Parallel Region Time	0.487s (70.4%)
3	Estimated Ideal Time	0.454s (65.6%)
3	OpenMP Potential Gain	0.033s (4.8%)
1	Total Thread Count	4
2	Thread Oversubscription	0s (0.0% of CPU Time)
1	Wait Time with poor CPU Utilization	0.003s (100.0% of Wait Time)
2	Top Waiting Objects	
2	Sync Object	Wait Time with poor CPU Utilization	(% from Object Wait Time)(%)	Wait Count
2	Stream output.txt 0x27fde40a	0.002209	100.0	1
2	Stream 0x8cce8b5a	0.000719	100.0	1
2	Stream /proc/cpuinfo 0x482b2eb7	0.000051	100.0	1
2	Stream /sys/kernel/mm/transparent_hugepage/enabled 0x2e8ede6f	0.000011	100.0	1
2	Stream /proc/meminfo 0x9ccc627a	0.000011	100.0	1
2	[Others]	0.000018	100.0	2
1	Spin and Overhead Time	1.110s (48.5% of CPU Time)
2	Top Functions with Spin or Overhead Time	
2	Function	Module	Spin and Overhead Time	(% from CPU Time)(%)
2	__kmp_fork_barrier	libiomp5.so	0.770017	33.6
2	__kmp_fork_call	libiomp5.so	0.190179	8.3
2	__kmp_join_call	libiomp5.so	0.059990	2.6
2	__kmp_join_barrier	libiomp5.so	0.050000	2.2
2	ompc_set_num_threads	libiomp5.so	0.030000	1.3
2	__kmpc_for_static_fini	libiomp5.so	0.010001	0.4
0	Collection and Platform Info	
1	Application Command Line	sc_omp "10" "20" "256" "4096" "2048" "1000" "none" "output.txt" "4" 
1	Operating System	3.10.0-1160.15.2.1chaos.ch6.x86_64 NAME="Red Hat Enterprise Linux Server" VERSION="7.9 (Maipo)" ID="rhel" ID_LIKE="fedora" VARIANT="Server" VARIANT_ID="server" VERSION_ID="7.9" PRETTY_NAME="Red Hat Enterprise Linux Server 7.9 (Maipo)" ANSI_COLOR="0;31" CPE_NAME="cpe:/o:redhat:enterprise_linux:7.9:GA:server" HOME_URL="https://www.redhat.com/" BUG_REPORT_URL="https://bugzilla.redhat.com/"  REDHAT_BUGZILLA_PRODUCT="Red Hat Enterprise Linux 7" REDHAT_BUGZILLA_PRODUCT_VERSION=7.9 REDHAT_SUPPORT_PRODUCT="Red Hat Enterprise Linux" REDHAT_SUPPORT_PRODUCT_VERSION="7.9"
1	Computer Name	quartz2758
1	Result Size	7969926
1	Collection start time	01:23:25 22/04/2021 UTC
1	Collection stop time	01:23:26 22/04/2021 UTC
1	Collector Type	User-mode sampling and tracing
1	CPU	
2	Name	Intel(R) Xeon(R) Processor code named Broadwell
2	Frequency	2095146652
2	Logical CPU Count	72
