Hierarchy Level	Metric Name	Metric Value
0	Elapsed Time	1.027236
1	Paused Time	0.0
0	Effective CPU Utilization	1.6% (1.156 out of 72 logical CPUs)
1	OpenMP Analysis. Collection Time	1.027236
2	Serial Time (outside parallel regions)	0.283s (27.6%)
3	Top Serial Hotspots (outside parallel regions)	
3	Function	Module	Serial CPU Time
3	__kmp_join_call	libiomp5.so	0.129966
3	ompc_set_num_threads	libiomp5.so	0.030000
3	pspeedy	sc_omp	0.010000
3	__kmp_fork_call	libiomp5.so	0.009999
3	_simd_lrand48_si64x2	sc_omp	0.009998
3	pgain	sc_omp	0.009993
2	Parallel Region Time	0.744s (72.4%)
3	Estimated Ideal Time	0.671s (65.3%)
3	OpenMP Potential Gain	0.073s (7.1%)
1	Total Thread Count	4
2	Thread Oversubscription	0s (0.0% of CPU Time)
1	Wait Time with poor CPU Utilization	0.003s (100.0% of Wait Time)
2	Top Waiting Objects	
2	Sync Object	Wait Time with poor CPU Utilization	(% from Object Wait Time)(%)	Wait Count
2	Stream output.txt 0x27fde40a	0.002055	100.0	1
2	Stream 0x8cce8b5a	0.000816	100.0	1
2	Stream /proc/cpuinfo 0x482b2eb7	0.000054	100.0	1
2	Stream /proc/meminfo 0xb0504f33	0.000019	100.0	1
2	Stream /proc/sys/vm/nr_hugepages 0xe66abc22	0.000013	100.0	1
2	[Others]	0.000023	100.0	2
1	Spin and Overhead Time	2.420s (67.2% of CPU Time)
2	Top Functions with Spin or Overhead Time	
2	Function	Module	Spin and Overhead Time	(% from CPU Time)(%)
2	__kmp_fork_barrier	libiomp5.so	1.600038	44.4
2	__kmp_fork_call	libiomp5.so	0.370210	10.3
2	__kmp_join_call	libiomp5.so	0.179951	5.0
2	__kmp_join_barrier	libiomp5.so	0.109963	3.1
2	_INTERNAL_25_______src_kmp_runtime_cpp_ddfed41b::__kmp_itt_stack_callee_enter	libiomp5.so	0.040036	1.1
2	[Others]	N/A	0.119955	3.3
0	Collection and Platform Info	
1	Application Command Line	sc_omp "10" "20" "256" "4096" "1024" "1000" "none" "output.txt" "4" 
1	Operating System	3.10.0-1160.15.2.1chaos.ch6.x86_64 NAME="Red Hat Enterprise Linux Server" VERSION="7.9 (Maipo)" ID="rhel" ID_LIKE="fedora" VARIANT="Server" VARIANT_ID="server" VERSION_ID="7.9" PRETTY_NAME="Red Hat Enterprise Linux Server 7.9 (Maipo)" ANSI_COLOR="0;31" CPE_NAME="cpe:/o:redhat:enterprise_linux:7.9:GA:server" HOME_URL="https://www.redhat.com/" BUG_REPORT_URL="https://bugzilla.redhat.com/"  REDHAT_BUGZILLA_PRODUCT="Red Hat Enterprise Linux 7" REDHAT_BUGZILLA_PRODUCT_VERSION=7.9 REDHAT_SUPPORT_PRODUCT="Red Hat Enterprise Linux" REDHAT_SUPPORT_PRODUCT_VERSION="7.9"
1	Computer Name	quartz2758
1	Result Size	12607224
1	Collection start time	01:20:58 22/04/2021 UTC
1	Collection stop time	01:20:59 22/04/2021 UTC
1	Collector Type	User-mode sampling and tracing
1	CPU	
2	Name	Intel(R) Xeon(R) Processor code named Broadwell
2	Frequency	2095146941
2	Logical CPU Count	72
