Hierarchy Level	Metric Name	Metric Value
0	Elapsed Time	6.639874
1	SP GFLOPS	9.921890
1	DP GFLOPS	0.0
1	x87 GFLOPS	0.0
1	CPI Rate	1.154551
1	Average CPU Frequency	3092380568.498808
1	Total Thread Count	4
0	Effective Physical Core Utilization	8.9% (3.202 out of 36)
1	Effective Logical Core Utilization	4.4% (3.202 out of 72)
1	Serial Time (outside parallel regions)	1.090s (16.4%)
2	Top Serial Hotspots (outside parallel regions)	
2	Function	Module	Serial CPU Time
2	[Loop@0x408d49 in pgain]	sc_omp	0.355822
2	[Loop@0x408e1a in pgain]	sc_omp	0.205475
2	[Loop@0x4093a5 in pspeedy]	sc_omp	0.110255
2	[Outside any known module]	[Unknown]	0.060139
2	_simd_lrand48_si64x2	sc_omp	0.035081
2	[Others]	N/A	0.185429
1	Parallel Region Time	5.550s (83.6%)
2	Estimated Ideal Time	5.045s (76.0%)
2	OpenMP Potential Gain	0.505s (7.6%)
0	Memory Bound	56.7
1	Cache Bound	37.7
1	DRAM Bound	0.0
1	NUMA: % of Remote Accesses	0.0
0	Vectorization	100.0
1	Instruction Mix	
2	SP FLOPs	32.7
3	Packed	100.0
4	128-bit	100.0
4	256-bit	0.0
3	Scalar	0.0
2	DP FLOPs	0.0
3	Packed	0.0
4	128-bit	0.0
4	256-bit	0.0
3	Scalar	0.0
2	x87 FLOPs	0.0
2	Non-FP	67.3
1	FP Arith/Mem Rd Instr. Ratio	0.972601
1	FP Arith/Mem Wr Instr. Ratio	8.511385
0	Collection and Platform Info	
1	Application Command Line	sc_omp "10" "20" "256" "65536" "2048" "1000" "none" "output.txt" "4" 
1	Operating System	3.10.0-1160.15.2.1chaos.ch6.x86_64 NAME="Red Hat Enterprise Linux Server" VERSION="7.9 (Maipo)" ID="rhel" ID_LIKE="fedora" VARIANT="Server" VARIANT_ID="server" VERSION_ID="7.9" PRETTY_NAME="Red Hat Enterprise Linux Server 7.9 (Maipo)" ANSI_COLOR="0;31" CPE_NAME="cpe:/o:redhat:enterprise_linux:7.9:GA:server" HOME_URL="https://www.redhat.com/" BUG_REPORT_URL="https://bugzilla.redhat.com/"  REDHAT_BUGZILLA_PRODUCT="Red Hat Enterprise Linux 7" REDHAT_BUGZILLA_PRODUCT_VERSION=7.9 REDHAT_SUPPORT_PRODUCT="Red Hat Enterprise Linux" REDHAT_SUPPORT_PRODUCT_VERSION="7.9"
1	Computer Name	quartz2758
1	Result Size	56622153
1	Collection start time	03:14:32 22/04/2021 UTC
1	Collection stop time	03:14:38 22/04/2021 UTC
1	Collector Type	Driverless Perf per-process sampling
1	CPU	
2	Name	Intel(R) Xeon(R) Processor code named Broadwell
2	Frequency	2095147120
2	Logical CPU Count	72
