Hierarchy Level	Metric Name	Metric Value
0	Elapsed Time	6.750869
1	Paused Time	0.0
0	Effective CPU Utilization	4.3% (3.073 out of 72 logical CPUs)
1	OpenMP Analysis. Collection Time	6.750869
2	Serial Time (outside parallel regions)	0.752s (11.1%)
3	Top Serial Hotspots (outside parallel regions)	
3	Function	Module	Serial CPU Time
3	pspeedy	sc_omp	0.159969
3	pgain	sc_omp	0.139894
3	__kmp_join_call	libiomp5.so	0.138942
3	SimStream::read	sc_omp	0.050039
3	streamCluster	sc_omp	0.030007
3	[Others]	N/A	0.080013
2	Parallel Region Time	5.999s (88.9%)
3	Estimated Ideal Time	5.628s (83.4%)
3	OpenMP Potential Gain	0.371s (5.5%)
1	Total Thread Count	4
2	Thread Oversubscription	0s (0.0% of CPU Time)
1	Wait Time with poor CPU Utilization	0.003s (100.0% of Wait Time)
2	Top Waiting Objects	
2	Sync Object	Wait Time with poor CPU Utilization	(% from Object Wait Time)(%)	Wait Count
2	Stream output.txt 0x27fde40a	0.002099	100.0	1
2	Stream 0x1d353c67	0.000680	100.0	1
2	Stream 0x8cce8b5a	0.000312	100.0	1
2	Stream /proc/cpuinfo 0x482b2eb7	0.000073	100.0	1
2	Stream /proc/meminfo 0x9ccc627a	0.000012	100.0	1
2	[Others]	0.000030	100.0	3
1	Spin and Overhead Time	5.752s (21.7% of CPU Time)
2	Top Functions with Spin or Overhead Time	
2	Function	Module	Spin and Overhead Time	(% from CPU Time)(%)
2	__kmp_fork_barrier	libiomp5.so	4.720364	17.8
2	__kmp_fork_call	libiomp5.so	0.472127	1.8
2	__kmp_join_call	libiomp5.so	0.268896	1.0
2	__kmp_join_barrier	libiomp5.so	0.110004	0.4
2	__kmpc_atomic_float8_add	libiomp5.so	0.030001	0.1
2	[Others]	N/A	0.150493	0.6
0	Collection and Platform Info	
1	Application Command Line	sc_omp "10" "20" "256" "65536" "8192" "1000" "none" "output.txt" "4" 
1	Operating System	3.10.0-1160.15.2.1chaos.ch6.x86_64 NAME="Red Hat Enterprise Linux Server" VERSION="7.9 (Maipo)" ID="rhel" ID_LIKE="fedora" VARIANT="Server" VARIANT_ID="server" VERSION_ID="7.9" PRETTY_NAME="Red Hat Enterprise Linux Server 7.9 (Maipo)" ANSI_COLOR="0;31" CPE_NAME="cpe:/o:redhat:enterprise_linux:7.9:GA:server" HOME_URL="https://www.redhat.com/" BUG_REPORT_URL="https://bugzilla.redhat.com/"  REDHAT_BUGZILLA_PRODUCT="Red Hat Enterprise Linux 7" REDHAT_BUGZILLA_PRODUCT_VERSION=7.9 REDHAT_SUPPORT_PRODUCT="Red Hat Enterprise Linux" REDHAT_SUPPORT_PRODUCT_VERSION="7.9"
1	Computer Name	quartz2758
1	Result Size	17835233
1	Collection start time	03:21:41 22/04/2021 UTC
1	Collection stop time	03:21:48 22/04/2021 UTC
1	Collector Type	User-mode sampling and tracing
1	CPU	
2	Name	Intel(R) Xeon(R) Processor code named Broadwell
2	Frequency	2095147086
2	Logical CPU Count	72
