Hierarchy Level	Metric Name	Metric Value
0	Elapsed Time	6.761277
1	Paused Time	0.0
0	Effective CPU Utilization	4.5% (3.230 out of 72 logical CPUs)
1	OpenMP Analysis. Collection Time	6.761277
2	Serial Time (outside parallel regions)	0.796s (11.8%)
3	Top Serial Hotspots (outside parallel regions)	
3	Function	Module	Serial CPU Time
3	pspeedy	sc_omp	0.330002
3	pgain	sc_omp	0.249919
3	__kmp_join_call	libiomp5.so	0.109937
3	_simd_lrand48_si64x2	sc_omp	0.049988
3	ompc_set_num_threads	libiomp5.so	0.030000
3	[Others]	N/A	0.080009
2	Parallel Region Time	5.965s (88.2%)
3	Estimated Ideal Time	5.647s (83.5%)
3	OpenMP Potential Gain	0.318s (4.7%)
1	Total Thread Count	4
2	Thread Oversubscription	0s (0.0% of CPU Time)
1	Wait Time with poor CPU Utilization	0.028s (100.0% of Wait Time)
2	Top Waiting Objects	
2	Sync Object	Wait Time with poor CPU Utilization	(% from Object Wait Time)(%)	Wait Count
2	Condition Variable 0x74c978ed	0.025039	100.0	3
2	Stream output.txt 0x27fde40a	0.002148	100.0	1
2	Stream 0x8cce8b5a	0.000770	100.0	1
2	Stream 0x1d353c67	0.000414	100.0	1
2	Stream /proc/cpuinfo 0x482b2eb7	0.000062	100.0	1
2	[Others]	0.000040	100.0	4
1	Spin and Overhead Time	4.090s (15.8% of CPU Time)
2	Top Functions with Spin or Overhead Time	
2	Function	Module	Spin and Overhead Time	(% from CPU Time)(%)
2	__kmp_fork_barrier	libiomp5.so	3.529404	13.6
2	__kmp_fork_call	libiomp5.so	0.242576	0.9
2	__kmp_join_call	libiomp5.so	0.227609	0.9
2	ompc_set_num_threads	libiomp5.so	0.030000	0.1
2	__kmp_join_barrier	libiomp5.so	0.019999	0.1
2	[Others]	N/A	0.040047	0.2
0	Collection and Platform Info	
1	Application Command Line	sc_omp "10" "20" "256" "65536" "32768" "1000" "none" "output.txt" "4" 
1	Operating System	3.10.0-1160.15.2.1chaos.ch6.x86_64 NAME="Red Hat Enterprise Linux Server" VERSION="7.9 (Maipo)" ID="rhel" ID_LIKE="fedora" VARIANT="Server" VARIANT_ID="server" VERSION_ID="7.9" PRETTY_NAME="Red Hat Enterprise Linux Server 7.9 (Maipo)" ANSI_COLOR="0;31" CPE_NAME="cpe:/o:redhat:enterprise_linux:7.9:GA:server" HOME_URL="https://www.redhat.com/" BUG_REPORT_URL="https://bugzilla.redhat.com/"  REDHAT_BUGZILLA_PRODUCT="Red Hat Enterprise Linux 7" REDHAT_BUGZILLA_PRODUCT_VERSION=7.9 REDHAT_SUPPORT_PRODUCT="Red Hat Enterprise Linux" REDHAT_SUPPORT_PRODUCT_VERSION="7.9"
1	Computer Name	quartz2758
1	Result Size	8931146
1	Collection start time	03:28:05 22/04/2021 UTC
1	Collection stop time	03:28:12 22/04/2021 UTC
1	Collector Type	User-mode sampling and tracing
1	CPU	
2	Name	Intel(R) Xeon(R) Processor code named Broadwell
2	Frequency	2095147093
2	Logical CPU Count	72
