Hierarchy Level	Metric Name	Metric Value
0	Elapsed Time	7.800021
1	Paused Time	0.0
0	Effective CPU Utilization	3.8% (2.757 out of 72 logical CPUs)
1	OpenMP Analysis. Collection Time	7.800021
2	Serial Time (outside parallel regions)	0.997s (12.8%)
3	Top Serial Hotspots (outside parallel regions)	
3	Function	Module	Serial CPU Time
3	__kmp_join_call	libiomp5.so	0.369937
3	pgain	sc_omp	0.199971
3	pspeedy	sc_omp	0.119971
3	streamCluster	sc_omp	0.030013
3	_simd_lrand48_si64x2	sc_omp	0.030000
3	[Others]	N/A	0.139986
2	Parallel Region Time	6.803s (87.2%)
3	Estimated Ideal Time	6.306s (80.8%)
3	OpenMP Potential Gain	0.497s (6.4%)
1	Total Thread Count	4
2	Thread Oversubscription	0s (0.0% of CPU Time)
1	Wait Time with poor CPU Utilization	0.004s (100.0% of Wait Time)
2	Top Waiting Objects	
2	Sync Object	Wait Time with poor CPU Utilization	(% from Object Wait Time)(%)	Wait Count
2	Stream output.txt 0x27fde40a	0.002109	100.0	1
2	Stream 0x8cce8b5a	0.000734	100.0	1
2	Stream 0x1d353c67	0.000587	100.0	1
2	Stream /proc/cpuinfo 0x482b2eb7	0.000054	100.0	1
2	Stream /proc/meminfo 0x9ccc627a	0.000011	100.0	1
2	[Others]	0.000030	100.0	3
1	Spin and Overhead Time	9.073s (29.7% of CPU Time)
2	Top Functions with Spin or Overhead Time	
2	Function	Module	Spin and Overhead Time	(% from CPU Time)(%)
2	__kmp_fork_barrier	libiomp5.so	6.999483	22.9
2	__kmp_fork_call	libiomp5.so	1.073748	3.5
2	__kmp_join_call	libiomp5.so	0.479889	1.6
2	__kmp_join_barrier	libiomp5.so	0.220002	0.7
2	_INTERNAL_23_______src_kmp_sched_cpp_20354e55::__kmp_itt_metadata_loop	libiomp5.so	0.099974	0.3
2	[Others]	N/A	0.199985	0.7
0	Collection and Platform Info	
1	Application Command Line	sc_omp "10" "20" "256" "65536" "4096" "1000" "none" "output.txt" "4" 
1	Operating System	3.10.0-1160.15.2.1chaos.ch6.x86_64 NAME="Red Hat Enterprise Linux Server" VERSION="7.9 (Maipo)" ID="rhel" ID_LIKE="fedora" VARIANT="Server" VARIANT_ID="server" VERSION_ID="7.9" PRETTY_NAME="Red Hat Enterprise Linux Server 7.9 (Maipo)" ANSI_COLOR="0;31" CPE_NAME="cpe:/o:redhat:enterprise_linux:7.9:GA:server" HOME_URL="https://www.redhat.com/" BUG_REPORT_URL="https://bugzilla.redhat.com/"  REDHAT_BUGZILLA_PRODUCT="Red Hat Enterprise Linux 7" REDHAT_BUGZILLA_PRODUCT_VERSION=7.9 REDHAT_SUPPORT_PRODUCT="Red Hat Enterprise Linux" REDHAT_SUPPORT_PRODUCT_VERSION="7.9"
1	Computer Name	quartz2758
1	Result Size	31108768
1	Collection start time	03:18:12 22/04/2021 UTC
1	Collection stop time	03:18:20 22/04/2021 UTC
1	Collector Type	User-mode sampling and tracing
1	CPU	
2	Name	Intel(R) Xeon(R) Processor code named Broadwell
2	Frequency	2095146998
2	Logical CPU Count	72
