Hierarchy Level	Metric Name	Metric Value
0	Elapsed Time	11.848257
1	Paused Time	0.0
0	Effective CPU Utilization	2.6% (1.854 out of 72 logical CPUs)
1	OpenMP Analysis. Collection Time	11.848257
2	Serial Time (outside parallel regions)	2.026s (17.1%)
3	Top Serial Hotspots (outside parallel regions)	
3	Function	Module	Serial CPU Time
3	__kmp_join_call	libiomp5.so	1.149688
3	pgain	sc_omp	0.190949
3	__kmp_fork_call	libiomp5.so	0.094930
3	pspeedy	sc_omp	0.089951
3	[ld-linux-x86-64.so.2]	ld-linux-x86-64.so.2	0.059972
3	[Others]	N/A	0.269702
2	Parallel Region Time	9.822s (82.9%)
3	Estimated Ideal Time	8.999s (76.0%)
3	OpenMP Potential Gain	0.823s (6.9%)
1	Total Thread Count	4
2	Thread Oversubscription	0s (0.0% of CPU Time)
1	Wait Time with poor CPU Utilization	0.002s (100.0% of Wait Time)
2	Top Waiting Objects	
2	Sync Object	Wait Time with poor CPU Utilization	(% from Object Wait Time)(%)	Wait Count
2	Stream 0x1d353c67	0.001032	100.0	2
2	Stream 0x8cce8b5a	0.000507	100.0	1
2	Stream /proc/cpuinfo 0x482b2eb7	0.000089	100.0	2
2	Stream /proc/meminfo 0xb0504f33	0.000016	100.0	1
2	Stream /proc/meminfo 0x9ccc627a	0.000011	100.0	1
2	[Others]	0.000020	100.0	2
1	Spin and Overhead Time	24.658s (52.9% of CPU Time)
2	Top Functions with Spin or Overhead Time	
2	Function	Module	Spin and Overhead Time	(% from CPU Time)(%)
2	__kmp_fork_barrier	libiomp5.so	18.239344	39.1
2	__kmp_fork_call	libiomp5.so	3.343838	7.2
2	__kmp_join_call	libiomp5.so	1.403575	3.0
2	__kmp_join_barrier	libiomp5.so	0.740176	1.6
2	_INTERNAL_23_______src_kmp_sched_cpp_20354e55::__kmp_itt_metadata_loop	libiomp5.so	0.251127	0.5
2	[Others]	N/A	0.680085	1.5
0	Collection and Platform Info	
1	Application Command Line	sc_omp "10" "20" "256" "65536" "1024" "1000" "none" "output.txt" "4" 
1	Operating System	3.10.0-1160.15.2.1chaos.ch6.x86_64 NAME="Red Hat Enterprise Linux Server" VERSION="7.9 (Maipo)" ID="rhel" ID_LIKE="fedora" VARIANT="Server" VARIANT_ID="server" VERSION_ID="7.9" PRETTY_NAME="Red Hat Enterprise Linux Server 7.9 (Maipo)" ANSI_COLOR="0;31" CPE_NAME="cpe:/o:redhat:enterprise_linux:7.9:GA:server" HOME_URL="https://www.redhat.com/" BUG_REPORT_URL="https://bugzilla.redhat.com/"  REDHAT_BUGZILLA_PRODUCT="Red Hat Enterprise Linux 7" REDHAT_BUGZILLA_PRODUCT_VERSION=7.9 REDHAT_SUPPORT_PRODUCT="Red Hat Enterprise Linux" REDHAT_SUPPORT_PRODUCT_VERSION="7.9"
1	Computer Name	quartz2758
1	Result Size	92096102
1	Collection start time	03:08:45 22/04/2021 UTC
1	Collection stop time	03:08:57 22/04/2021 UTC
1	Collector Type	User-mode sampling and tracing
1	CPU	
2	Name	Intel(R) Xeon(R) Processor code named Broadwell
2	Frequency	2095146968
2	Logical CPU Count	72
