Hierarchy Level	Metric Name	Metric Value
0	Elapsed Time	5.940124
1	SP GFLOPS	10.787669
1	DP GFLOPS	0.0
1	x87 GFLOPS	0.0
1	CPI Rate	1.216587
1	Average CPU Frequency	3202515803.396681
1	Total Thread Count	4
0	Effective Physical Core Utilization	9.5% (3.404 out of 36)
1	Effective Logical Core Utilization	4.7% (3.391 out of 72)
1	Serial Time (outside parallel regions)	0.689s (11.6%)
2	Top Serial Hotspots (outside parallel regions)	
2	Function	Module	Serial CPU Time
2	[Loop@0x408d49 in pgain]	sc_omp	0.250579
2	[Loop@0x4093a5 in pspeedy]	sc_omp	0.120278
2	[Loop@0x408e1a in pgain]	sc_omp	0.090208
2	_simd_lrand48_si64x2	sc_omp	0.045104
2	[Outside any known module]	[Unknown]	0.030069
2	[Others]	N/A	0.110255
1	Parallel Region Time	5.251s (88.4%)
2	Estimated Ideal Time	4.892s (82.4%)
2	OpenMP Potential Gain	0.359s (6.1%)
0	Memory Bound	61.7
1	Cache Bound	41.1
1	DRAM Bound	0.0
1	NUMA: % of Remote Accesses	0.0
0	Vectorization	100.0
1	Instruction Mix	
2	SP FLOPs	36.9
3	Packed	100.0
4	128-bit	100.0
4	256-bit	0.0
3	Scalar	0.0
2	DP FLOPs	0.0
3	Packed	0.0
4	128-bit	0.0
4	256-bit	0.0
3	Scalar	0.0
2	x87 FLOPs	0.0
2	Non-FP	63.1
1	FP Arith/Mem Rd Instr. Ratio	1.081379
1	FP Arith/Mem Wr Instr. Ratio	13.905854
0	Collection and Platform Info	
1	Application Command Line	sc_omp "10" "20" "256" "65536" "8192" "1000" "none" "output.txt" "4" 
1	Operating System	3.10.0-1160.15.2.1chaos.ch6.x86_64 NAME="Red Hat Enterprise Linux Server" VERSION="7.9 (Maipo)" ID="rhel" ID_LIKE="fedora" VARIANT="Server" VARIANT_ID="server" VERSION_ID="7.9" PRETTY_NAME="Red Hat Enterprise Linux Server 7.9 (Maipo)" ANSI_COLOR="0;31" CPE_NAME="cpe:/o:redhat:enterprise_linux:7.9:GA:server" HOME_URL="https://www.redhat.com/" BUG_REPORT_URL="https://bugzilla.redhat.com/"  REDHAT_BUGZILLA_PRODUCT="Red Hat Enterprise Linux 7" REDHAT_BUGZILLA_PRODUCT_VERSION=7.9 REDHAT_SUPPORT_PRODUCT="Red Hat Enterprise Linux" REDHAT_SUPPORT_PRODUCT_VERSION="7.9"
1	Computer Name	quartz2758
1	Result Size	22024150
1	Collection start time	03:22:04 22/04/2021 UTC
1	Collection stop time	03:22:10 22/04/2021 UTC
1	Collector Type	Driverless Perf per-process sampling
1	CPU	
2	Name	Intel(R) Xeon(R) Processor code named Broadwell
2	Frequency	2095147117
2	Logical CPU Count	72
