Hierarchy Level	Metric Name	Metric Value
0	Elapsed Time	0.872329
1	SP GFLOPS	7.428405
1	DP GFLOPS	0.0
1	x87 GFLOPS	0.0
1	CPI Rate	1.103493
1	Average CPU Frequency	3124406826.755245
1	Total Thread Count	4
0	Effective Physical Core Utilization	7.9% (2.831 out of 36)
1	Effective Logical Core Utilization	3.8% (2.769 out of 72)
1	Serial Time (outside parallel regions)	0.251s (28.8%)
2	Top Serial Hotspots (outside parallel regions)	
2	Function	Module	Serial CPU Time
2	[Outside any known module]	[Unknown]	0.045104
2	[Loop@0x408d49 in pgain]	sc_omp	0.025058
2	[Loop@0x4093a5 in pspeedy]	sc_omp	0.015035
2	func@0x7efe0	libittnotify_collector.so	0.010023
2	[Loop@0x408e1a in pgain]	sc_omp	0.010023
2	[Others]	N/A	0.030069
1	Parallel Region Time	0.621s (71.2%)
2	Estimated Ideal Time	0.556s (63.8%)
2	OpenMP Potential Gain	0.065s (7.5%)
0	Memory Bound	57.3
1	Cache Bound	35.2
1	DRAM Bound	0.0
1	NUMA: % of Remote Accesses	0.0
0	Vectorization	100.0
1	Instruction Mix	
2	SP FLOPs	27.3
3	Packed	100.0
4	128-bit	100.0
4	256-bit	0.0
3	Scalar	0.0
2	DP FLOPs	0.0
3	Packed	0.0
4	128-bit	0.0
4	256-bit	0.0
3	Scalar	0.0
2	x87 FLOPs	0.0
2	Non-FP	72.7
1	FP Arith/Mem Rd Instr. Ratio	0.827563
1	FP Arith/Mem Wr Instr. Ratio	8.780238
0	Collection and Platform Info	
1	Application Command Line	sc_omp "10" "20" "256" "8192" "2048" "1000" "none" "output.txt" "4" 
1	Operating System	3.10.0-1160.15.2.1chaos.ch6.x86_64 NAME="Red Hat Enterprise Linux Server" VERSION="7.9 (Maipo)" ID="rhel" ID_LIKE="fedora" VARIANT="Server" VARIANT_ID="server" VERSION_ID="7.9" PRETTY_NAME="Red Hat Enterprise Linux Server 7.9 (Maipo)" ANSI_COLOR="0;31" CPE_NAME="cpe:/o:redhat:enterprise_linux:7.9:GA:server" HOME_URL="https://www.redhat.com/" BUG_REPORT_URL="https://bugzilla.redhat.com/"  REDHAT_BUGZILLA_PRODUCT="Red Hat Enterprise Linux 7" REDHAT_BUGZILLA_PRODUCT_VERSION=7.9 REDHAT_SUPPORT_PRODUCT="Red Hat Enterprise Linux" REDHAT_SUPPORT_PRODUCT_VERSION="7.9"
1	Computer Name	quartz2758
1	Result Size	11541714
1	Collection start time	01:40:11 22/04/2021 UTC
1	Collection stop time	01:40:12 22/04/2021 UTC
1	Collector Type	Driverless Perf per-process sampling
1	CPU	
2	Name	Intel(R) Xeon(R) Processor code named Broadwell
2	Frequency	2095147368
2	Logical CPU Count	72
