Hierarchy Level	Metric Name	Metric Value
0	Elapsed Time	1.952667
1	SP GFLOPS	4.240360
1	DP GFLOPS	0.0
1	x87 GFLOPS	0.0
1	CPI Rate	1.019440
1	Average CPU Frequency	3054495190.572363
1	Total Thread Count	4
0	Effective Physical Core Utilization	5.2% (1.863 out of 36)
1	Effective Logical Core Utilization	2.5% (1.835 out of 72)
1	Serial Time (outside parallel regions)	0.484s (24.8%)
2	Top Serial Hotspots (outside parallel regions)	
2	Function	Module	Serial CPU Time
2	[Loop@0x408d49 in pgain]	sc_omp	0.125290
2	[Outside any known module]	[Unknown]	0.110255
2	[Loop@0x408e1a in pgain]	sc_omp	0.060139
2	[Loop@0x4093a5 in pspeedy]	sc_omp	0.015035
2	[Loop@0x408b53 in pgain]	sc_omp	0.010023
2	[Others]	N/A	0.065151
1	Parallel Region Time	1.469s (75.2%)
2	Estimated Ideal Time	0.885s (45.3%)
2	OpenMP Potential Gain	0.584s (29.9%)
0	Memory Bound	35.6
1	Cache Bound	22.6
1	DRAM Bound	0.0
1	NUMA: % of Remote Accesses	0.0
0	Vectorization	100.0
1	Instruction Mix	
2	SP FLOPs	13.9
3	Packed	100.0
4	128-bit	100.0
4	256-bit	0.0
3	Scalar	0.0
2	DP FLOPs	0.0
3	Packed	0.0
4	128-bit	0.0
4	256-bit	0.0
3	Scalar	0.0
2	x87 FLOPs	0.0
2	Non-FP	86.1
1	FP Arith/Mem Rd Instr. Ratio	0.438500
1	FP Arith/Mem Wr Instr. Ratio	2.395765
0	Collection and Platform Info	
1	Application Command Line	sc_omp "10" "20" "256" "8192" "512" "1000" "none" "output.txt" "4" 
1	Operating System	3.10.0-1160.15.2.1chaos.ch6.x86_64 NAME="Red Hat Enterprise Linux Server" VERSION="7.9 (Maipo)" ID="rhel" ID_LIKE="fedora" VARIANT="Server" VARIANT_ID="server" VERSION_ID="7.9" PRETTY_NAME="Red Hat Enterprise Linux Server 7.9 (Maipo)" ANSI_COLOR="0;31" CPE_NAME="cpe:/o:redhat:enterprise_linux:7.9:GA:server" HOME_URL="https://www.redhat.com/" BUG_REPORT_URL="https://bugzilla.redhat.com/"  REDHAT_BUGZILLA_PRODUCT="Red Hat Enterprise Linux 7" REDHAT_BUGZILLA_PRODUCT_VERSION=7.9 REDHAT_SUPPORT_PRODUCT="Red Hat Enterprise Linux" REDHAT_SUPPORT_PRODUCT_VERSION="7.9"
1	Computer Name	quartz2758
1	Result Size	33740304
1	Collection start time	01:34:29 22/04/2021 UTC
1	Collection stop time	01:34:31 22/04/2021 UTC
1	Collector Type	Driverless Perf per-process sampling
1	CPU	
2	Name	Intel(R) Xeon(R) Processor code named Broadwell
2	Frequency	2095147290
2	Logical CPU Count	72
