Hierarchy Level	Metric Name	Metric Value
0	Elapsed Time	12.388445
1	Paused Time	0.0
0	Effective CPU Utilization	1.3% (0.966 out of 72 logical CPUs)
1	OpenMP Analysis. Collection Time	12.388445
2	Serial Time (outside parallel regions)	2.713s (21.9%)
3	Top Serial Hotspots (outside parallel regions)	
3	Function	Module	Serial CPU Time
3	__kmp_join_call	libiomp5.so	1.903364
3	pgain	sc_omp	0.099866
3	pspeedy	sc_omp	0.049942
3	ompc_set_num_threads	libiomp5.so	0.040000
3	[OpenMP fork]	libiomp5.so	0.039940
3	[Others]	N/A	0.119359
2	Parallel Region Time	9.676s (78.1%)
3	Estimated Ideal Time	8.624s (69.6%)
3	OpenMP Potential Gain	1.051s (8.5%)
1	Total Thread Count	9
2	Thread Oversubscription	0s (0.0% of CPU Time)
1	Wait Time with poor CPU Utilization	0.032s (100.0% of Wait Time)
2	Top Waiting Objects	
2	Sync Object	Wait Time with poor CPU Utilization	(% from Object Wait Time)(%)	Wait Count
2	Condition Variable 0x74c978ed	0.026052	100.0	4
2	Stream output.txt 0x27fde40a	0.002191	100.0	1
2	Mutex 0x6cb3026d	0.001476	100.0	1
2	Stream 0x1d353c67	0.001040	100.0	2
2	Stream 0x8cce8b5a	0.000800	100.0	1
2	[Others]	0.000150	100.0	6
1	Spin and Overhead Time	97.403s (89.1% of CPU Time)
2	Top Functions with Spin or Overhead Time	
2	Function	Module	Spin and Overhead Time	(% from CPU Time)(%)
2	__kmp_fork_barrier	libiomp5.so	74.759398	68.4
2	__kmp_barrier	libiomp5.so	10.717854	9.8
2	__kmp_fork_call	libiomp5.so	6.093550	5.6
2	__kmp_join_call	libiomp5.so	2.331024	2.1
2	__kmp_join_barrier	libiomp5.so	1.910064	1.7
2	[Others]	N/A	1.590922	1.5
0	Collection and Platform Info	
1	Application Command Line	sc_omp "10" "20" "256" "16384" "256" "1000" "none" "output.txt" "9" 
1	Operating System	3.10.0-1160.15.2.1chaos.ch6.x86_64 NAME="Red Hat Enterprise Linux Server" VERSION="7.9 (Maipo)" ID="rhel" ID_LIKE="fedora" VARIANT="Server" VARIANT_ID="server" VERSION_ID="7.9" PRETTY_NAME="Red Hat Enterprise Linux Server 7.9 (Maipo)" ANSI_COLOR="0;31" CPE_NAME="cpe:/o:redhat:enterprise_linux:7.9:GA:server" HOME_URL="https://www.redhat.com/" BUG_REPORT_URL="https://bugzilla.redhat.com/"  REDHAT_BUGZILLA_PRODUCT="Red Hat Enterprise Linux 7" REDHAT_BUGZILLA_PRODUCT_VERSION=7.9 REDHAT_SUPPORT_PRODUCT="Red Hat Enterprise Linux" REDHAT_SUPPORT_PRODUCT_VERSION="7.9"
1	Computer Name	quartz2758
1	Result Size	169054120
1	Collection start time	01:50:05 22/04/2021 UTC
1	Collection stop time	01:50:18 22/04/2021 UTC
1	Collector Type	User-mode sampling and tracing
1	CPU	
2	Name	Intel(R) Xeon(R) Processor code named Broadwell
2	Frequency	2095146967
2	Logical CPU Count	72
