Hierarchy Level	Metric Name	Metric Value
0	Elapsed Time	2.460726
1	Paused Time	0.0
0	Effective CPU Utilization	5.0% (3.584 out of 72 logical CPUs)
1	OpenMP Analysis. Collection Time	2.460726
2	Serial Time (outside parallel regions)	0.515s (20.9%)
3	Top Serial Hotspots (outside parallel regions)	
3	Function	Module	Serial CPU Time
3	__kmp_join_call	libiomp5.so	0.200841
3	pgain	sc_omp	0.079940
3	ompc_set_num_threads	libiomp5.so	0.030000
3	__kmp_fork_call	libiomp5.so	0.029998
3	pspeedy	sc_omp	0.029964
3	[Others]	N/A	0.029999
2	Parallel Region Time	1.946s (79.1%)
3	Estimated Ideal Time	1.746s (71.0%)
3	OpenMP Potential Gain	0.200s (8.1%)
1	Total Thread Count	9
2	Thread Oversubscription	0s (0.0% of CPU Time)
1	Wait Time with poor CPU Utilization	0.030s (100.0% of Wait Time)
2	Top Waiting Objects	
2	Sync Object	Wait Time with poor CPU Utilization	(% from Object Wait Time)(%)	Wait Count
2	Condition Variable 0x74c978ed	0.027241	100.0	5
2	Stream output.txt 0x27fde40a	0.001854	100.0	1
2	Stream 0x8cce8b5a	0.001116	100.0	1
2	Stream /proc/cpuinfo 0x482b2eb7	0.000106	100.0	2
2	Stream /sys/kernel/mm/transparent_hugepage/enabled 0x2e8ede6f	0.000012	100.0	1
2	[Others]	0.000033	100.0	3
1	Spin and Overhead Time	11.962s (57.6% of CPU Time)
2	Top Functions with Spin or Overhead Time	
2	Function	Module	Spin and Overhead Time	(% from CPU Time)(%)
2	__kmp_fork_barrier	libiomp5.so	8.989610	43.3
2	__kmp_barrier	libiomp5.so	1.641845	7.9
2	__kmp_fork_call	libiomp5.so	0.760096	3.7
2	__kmp_join_call	libiomp5.so	0.220840	1.1
2	__kmp_join_barrier	libiomp5.so	0.129984	0.6
2	[Others]	N/A	0.219978	1.1
0	Collection and Platform Info	
1	Application Command Line	sc_omp "10" "20" "256" "16384" "2048" "1000" "none" "output.txt" "9" 
1	Operating System	3.10.0-1160.15.2.1chaos.ch6.x86_64 NAME="Red Hat Enterprise Linux Server" VERSION="7.9 (Maipo)" ID="rhel" ID_LIKE="fedora" VARIANT="Server" VARIANT_ID="server" VERSION_ID="7.9" PRETTY_NAME="Red Hat Enterprise Linux Server 7.9 (Maipo)" ANSI_COLOR="0;31" CPE_NAME="cpe:/o:redhat:enterprise_linux:7.9:GA:server" HOME_URL="https://www.redhat.com/" BUG_REPORT_URL="https://bugzilla.redhat.com/"  REDHAT_BUGZILLA_PRODUCT="Red Hat Enterprise Linux 7" REDHAT_BUGZILLA_PRODUCT_VERSION=7.9 REDHAT_SUPPORT_PRODUCT="Red Hat Enterprise Linux" REDHAT_SUPPORT_PRODUCT_VERSION="7.9"
1	Computer Name	quartz2758
1	Result Size	22908616
1	Collection start time	02:03:13 22/04/2021 UTC
1	Collection stop time	02:03:16 22/04/2021 UTC
1	Collector Type	User-mode sampling and tracing
1	CPU	
2	Name	Intel(R) Xeon(R) Processor code named Broadwell
2	Frequency	2095147256
2	Logical CPU Count	72
