Hierarchy Level	Metric Name	Metric Value
0	Elapsed Time	0.930484
1	Paused Time	0.0
0	Effective CPU Utilization	1.4% (1.018 out of 72 logical CPUs)
1	OpenMP Analysis. Collection Time	0.930484
2	Serial Time (outside parallel regions)	0.321s (34.5%)
3	Top Serial Hotspots (outside parallel regions)	
3	Function	Module	Serial CPU Time
3	__kmp_join_call	libiomp5.so	0.059932
3	ompc_set_num_threads	libiomp5.so	0.030000
3	pkmedian	sc_omp	0.010000
3	pgain	sc_omp	0.009999
3	_simd_lrand48_si64x2	sc_omp	0.009994
3	__kmp_fork_call	libiomp5.so	0.009953
2	Parallel Region Time	0.610s (65.5%)
3	Estimated Ideal Time	0.538s (57.9%)
3	OpenMP Potential Gain	0.072s (7.7%)
1	Total Thread Count	9
2	Thread Oversubscription	0s (0.0% of CPU Time)
1	Wait Time with poor CPU Utilization	0.017s (100.0% of Wait Time)
2	Top Waiting Objects	
2	Sync Object	Wait Time with poor CPU Utilization	(% from Object Wait Time)(%)	Wait Count
2	Condition Variable 0x74c978ed	0.014938	100.0	5
2	Stream output.txt 0x27fde40a	0.001907	100.0	1
2	Stream 0x8cce8b5a	0.000306	100.0	1
2	Stream /proc/cpuinfo 0x482b2eb7	0.000057	100.0	1
2	Stream /proc/meminfo 0x9ccc627a	0.000015	100.0	1
2	[Others]	0.000038	100.0	3
1	Spin and Overhead Time	5.960s (86.4% of CPU Time)
2	Top Functions with Spin or Overhead Time	
2	Function	Module	Spin and Overhead Time	(% from CPU Time)(%)
2	__kmp_fork_barrier	libiomp5.so	4.439876	64.3
2	__kmp_barrier	libiomp5.so	0.910135	13.2
2	__kmp_fork_call	libiomp5.so	0.390362	5.7
2	__kmp_join_barrier	libiomp5.so	0.100005	1.4
2	__kmp_join_call	libiomp5.so	0.079915	1.2
2	[Others]	N/A	0.040027	0.6
0	Collection and Platform Info	
1	Application Command Line	sc_omp "10" "20" "256" "2048" "512" "1000" "none" "output.txt" "9" 
1	Operating System	3.10.0-1160.15.2.1chaos.ch6.x86_64 NAME="Red Hat Enterprise Linux Server" VERSION="7.9 (Maipo)" ID="rhel" ID_LIKE="fedora" VARIANT="Server" VARIANT_ID="server" VERSION_ID="7.9" PRETTY_NAME="Red Hat Enterprise Linux Server 7.9 (Maipo)" ANSI_COLOR="0;31" CPE_NAME="cpe:/o:redhat:enterprise_linux:7.9:GA:server" HOME_URL="https://www.redhat.com/" BUG_REPORT_URL="https://bugzilla.redhat.com/"  REDHAT_BUGZILLA_PRODUCT="Red Hat Enterprise Linux 7" REDHAT_BUGZILLA_PRODUCT_VERSION=7.9 REDHAT_SUPPORT_PRODUCT="Red Hat Enterprise Linux" REDHAT_SUPPORT_PRODUCT_VERSION="7.9"
1	Computer Name	quartz2758
1	Result Size	14299820
1	Collection start time	01:06:53 22/04/2021 UTC
1	Collection stop time	01:06:54 22/04/2021 UTC
1	Collector Type	User-mode sampling and tracing
1	CPU	
2	Name	Intel(R) Xeon(R) Processor code named Broadwell
2	Frequency	2095147426
2	Logical CPU Count	72
