Hierarchy Level	Metric Name	Metric Value
0	Elapsed Time	0.571613
1	Paused Time	0.0
0	Effective CPU Utilization	2.4% (1.744 out of 72 logical CPUs)
1	OpenMP Analysis. Collection Time	0.571613
2	Serial Time (outside parallel regions)	0.214s (37.5%)
3	Top Serial Hotspots (outside parallel regions)	
3	Function	Module	Serial CPU Time
3	__kmp_join_call	libiomp5.so	0.049413
3	ompc_set_num_threads	libiomp5.so	0.030000
3	pspeedy	sc_omp	0.010000
3	streamCluster	sc_omp	0.009972
2	Parallel Region Time	0.357s (62.5%)
3	Estimated Ideal Time	0.309s (54.1%)
3	OpenMP Potential Gain	0.048s (8.4%)
1	Total Thread Count	9
2	Thread Oversubscription	0s (0.0% of CPU Time)
1	Wait Time with poor CPU Utilization	0.035s (100.0% of Wait Time)
2	Top Waiting Objects	
2	Sync Object	Wait Time with poor CPU Utilization	(% from Object Wait Time)(%)	Wait Count
2	Condition Variable 0x74c978ed	0.032708	100.0	4
2	Stream output.txt 0x27fde40a	0.001764	100.0	1
2	Stream 0x8cce8b5a	0.000742	100.0	1
2	Stream /proc/cpuinfo 0x482b2eb7	0.000053	100.0	1
2	Stream /proc/meminfo 0x9ccc627a	0.000019	100.0	1
2	[Others]	0.000035	100.0	3
1	Spin and Overhead Time	2.930s (74.8% of CPU Time)
2	Top Functions with Spin or Overhead Time	
2	Function	Module	Spin and Overhead Time	(% from CPU Time)(%)
2	__kmp_fork_barrier	libiomp5.so	2.119910	54.1
2	__kmp_barrier	libiomp5.so	0.470613	12.0
2	__kmp_fork_call	libiomp5.so	0.180204	4.6
2	__kmp_join_call	libiomp5.so	0.049413	1.3
2	_INTERNAL_25_______src_kmp_runtime_cpp_ddfed41b::__kmp_itt_stack_callee_enter	libiomp5.so	0.030051	0.8
2	[Others]	N/A	0.080017	2.0
0	Collection and Platform Info	
1	Application Command Line	sc_omp "10" "20" "256" "2048" "1024" "1000" "none" "output.txt" "9" 
1	Operating System	3.10.0-1160.15.2.1chaos.ch6.x86_64 NAME="Red Hat Enterprise Linux Server" VERSION="7.9 (Maipo)" ID="rhel" ID_LIKE="fedora" VARIANT="Server" VARIANT_ID="server" VERSION_ID="7.9" PRETTY_NAME="Red Hat Enterprise Linux Server 7.9 (Maipo)" ANSI_COLOR="0;31" CPE_NAME="cpe:/o:redhat:enterprise_linux:7.9:GA:server" HOME_URL="https://www.redhat.com/" BUG_REPORT_URL="https://bugzilla.redhat.com/"  REDHAT_BUGZILLA_PRODUCT="Red Hat Enterprise Linux 7" REDHAT_BUGZILLA_PRODUCT_VERSION=7.9 REDHAT_SUPPORT_PRODUCT="Red Hat Enterprise Linux" REDHAT_SUPPORT_PRODUCT_VERSION="7.9"
1	Computer Name	quartz2758
1	Result Size	8631375
1	Collection start time	01:09:16 22/04/2021 UTC
1	Collection stop time	01:09:17 22/04/2021 UTC
1	Collector Type	User-mode sampling and tracing
1	CPU	
2	Name	Intel(R) Xeon(R) Processor code named Broadwell
2	Frequency	2095147462
2	Logical CPU Count	72
