Hierarchy Level	Metric Name	Metric Value
0	Elapsed Time	0.336720
1	Paused Time	0.0
0	Effective CPU Utilization	0.5% (0.330 out of 72 logical CPUs)
1	OpenMP Analysis. Collection Time	0.336720
2	Serial Time (outside parallel regions)	0.180s (53.4%)
3	Top Serial Hotspots (outside parallel regions)	
3	Function	Module	Serial CPU Time
3	ompc_set_num_threads	libiomp5.so	0.030000
3	__kmp_fork_call	libiomp5.so	0.010000
3	__kmp_join_call	libiomp5.so	0.009995
2	Parallel Region Time	0.157s (46.6%)
3	Estimated Ideal Time	0.136s (40.5%)
3	OpenMP Potential Gain	0.021s (6.1%)
1	Total Thread Count	9
2	Thread Oversubscription	0s (0.0% of CPU Time)
1	Wait Time with poor CPU Utilization	0.037s (100.0% of Wait Time)
2	Top Waiting Objects	
2	Sync Object	Wait Time with poor CPU Utilization	(% from Object Wait Time)(%)	Wait Count
2	Condition Variable 0x74c978ed	0.027949	100.0	3
2	Stream output.txt 0x27fde40a	0.008277	100.0	1
2	Stream 0x8cce8b5a	0.000625	100.0	1
2	Stream /proc/cpuinfo 0x482b2eb7	0.000061	100.0	1
2	Stream /proc/meminfo 0x9ccc627a	0.000011	100.0	1
2	[Others]	0.000040	100.0	4
1	Spin and Overhead Time	1.770s (94.2% of CPU Time)
2	Top Functions with Spin or Overhead Time	
2	Function	Module	Spin and Overhead Time	(% from CPU Time)(%)
2	__kmp_fork_barrier	libiomp5.so	1.419934	75.5
2	__kmp_barrier	libiomp5.so	0.130070	6.9
2	__kmp_fork_call	libiomp5.so	0.120062	6.4
2	ompc_set_num_threads	libiomp5.so	0.030000	1.6
2	_INTERNAL_25_______src_kmp_runtime_cpp_ddfed41b::__kmp_itt_stack_callee_enter	libiomp5.so	0.020001	1.1
2	[Others]	N/A	0.049994	2.7
0	Collection and Platform Info	
1	Application Command Line	sc_omp "10" "20" "256" "256" "256" "1000" "none" "output.txt" "9" 
1	Operating System	3.10.0-1160.15.2.1chaos.ch6.x86_64 NAME="Red Hat Enterprise Linux Server" VERSION="7.9 (Maipo)" ID="rhel" ID_LIKE="fedora" VARIANT="Server" VARIANT_ID="server" VERSION_ID="7.9" PRETTY_NAME="Red Hat Enterprise Linux Server 7.9 (Maipo)" ANSI_COLOR="0;31" CPE_NAME="cpe:/o:redhat:enterprise_linux:7.9:GA:server" HOME_URL="https://www.redhat.com/" BUG_REPORT_URL="https://bugzilla.redhat.com/"  REDHAT_BUGZILLA_PRODUCT="Red Hat Enterprise Linux 7" REDHAT_BUGZILLA_PRODUCT_VERSION=7.9 REDHAT_SUPPORT_PRODUCT="Red Hat Enterprise Linux" REDHAT_SUPPORT_PRODUCT_VERSION="7.9"
1	Computer Name	quartz2758
1	Result Size	6698341
1	Collection start time	00:50:15 22/04/2021 UTC
1	Collection stop time	00:50:16 22/04/2021 UTC
1	Collector Type	User-mode sampling and tracing
1	CPU	
2	Name	Intel(R) Xeon(R) Processor code named Broadwell
2	Frequency	2095146338
2	Logical CPU Count	72
