Hierarchy Level	Metric Name	Metric Value
0	Elapsed Time	3.650601
1	SP GFLOPS	8.875265
1	DP GFLOPS	0.0
1	x87 GFLOPS	0.0
1	CPI Rate	1.116630
1	Average CPU Frequency	2752267780.746094
1	Total Thread Count	9
0	Effective Physical Core Utilization	13.8% (4.959 out of 36)
1	Effective Logical Core Utilization	6.9% (4.964 out of 72)
1	Serial Time (outside parallel regions)	1.018s (27.9%)
2	Top Serial Hotspots (outside parallel regions)	
2	Function	Module	Serial CPU Time
2	[Outside any known module]	[Unknown]	0.240556
2	[Loop@0x408d49 in pgain]	sc_omp	0.195452
2	[Loop@0x408e1a in pgain]	sc_omp	0.065151
2	[Loop@0x4093a5 in pspeedy]	sc_omp	0.045104
2	[Loop@0x408b53 in pgain]	sc_omp	0.040093
2	[Others]	N/A	0.185428
1	Parallel Region Time	2.633s (72.1%)
2	Estimated Ideal Time	2.106s (57.7%)
2	OpenMP Potential Gain	0.527s (14.4%)
0	Memory Bound	43.1
1	Cache Bound	28.5
1	DRAM Bound	0.0
1	NUMA: % of Remote Accesses	0.0
0	Vectorization	100.0
1	Instruction Mix	
2	SP FLOPs	12.9
3	Packed	100.0
4	128-bit	100.0
4	256-bit	0.0
3	Scalar	0.0
2	DP FLOPs	0.0
3	Packed	0.0
4	128-bit	0.0
4	256-bit	0.0
3	Scalar	0.0
2	x87 FLOPs	0.0
2	Non-FP	87.1
1	FP Arith/Mem Rd Instr. Ratio	0.397077
1	FP Arith/Mem Wr Instr. Ratio	1.956466
0	Collection and Platform Info	
1	Application Command Line	sc_omp "10" "20" "256" "32768" "1024" "1000" "none" "output.txt" "9" 
1	Operating System	3.10.0-1160.15.2.1chaos.ch6.x86_64 NAME="Red Hat Enterprise Linux Server" VERSION="7.9 (Maipo)" ID="rhel" ID_LIKE="fedora" VARIANT="Server" VARIANT_ID="server" VERSION_ID="7.9" PRETTY_NAME="Red Hat Enterprise Linux Server 7.9 (Maipo)" ANSI_COLOR="0;31" CPE_NAME="cpe:/o:redhat:enterprise_linux:7.9:GA:server" HOME_URL="https://www.redhat.com/" BUG_REPORT_URL="https://bugzilla.redhat.com/"  REDHAT_BUGZILLA_PRODUCT="Red Hat Enterprise Linux 7" REDHAT_BUGZILLA_PRODUCT_VERSION=7.9 REDHAT_SUPPORT_PRODUCT="Red Hat Enterprise Linux" REDHAT_SUPPORT_PRODUCT_VERSION="7.9"
1	Computer Name	quartz2758
1	Result Size	76040712
1	Collection start time	02:30:39 22/04/2021 UTC
1	Collection stop time	02:30:43 22/04/2021 UTC
1	Collector Type	Driverless Perf per-process sampling
1	CPU	
2	Name	Intel(R) Xeon(R) Processor code named Broadwell
2	Frequency	2095147224
2	Logical CPU Count	72
