Hierarchy Level	Metric Name	Metric Value
0	Elapsed Time	5.637106
1	SP GFLOPS	6.705579
1	DP GFLOPS	0.0
1	x87 GFLOPS	0.0
1	CPI Rate	1.062516
1	Average CPU Frequency	2726291875.427662
1	Total Thread Count	9
0	Effective Physical Core Utilization	11.7% (4.196 out of 36)
1	Effective Logical Core Utilization	5.8% (4.204 out of 72)
1	Serial Time (outside parallel regions)	1.766s (31.3%)
2	Top Serial Hotspots (outside parallel regions)	
2	Function	Module	Serial CPU Time
2	[Outside any known module]	[Unknown]	0.466077
2	[Loop@0x408d49 in pgain]	sc_omp	0.270625
2	[Loop@0x408e1a in pgain]	sc_omp	0.105243
2	_INTERNAL_25_______src_kmp_barrier_cpp_ddfed41b::__kmp_wait_template<kmp_flag_64, (int)0, (bool)0, (bool)1>	libiomp5.so	0.080185
2	[Loop@0x408b53 in pgain]	sc_omp	0.040093
2	[Others]	N/A	0.385892
1	Parallel Region Time	3.871s (68.7%)
2	Estimated Ideal Time	2.952s (52.4%)
2	OpenMP Potential Gain	0.919s (16.3%)
0	Memory Bound	37.3
1	Cache Bound	24.4
1	DRAM Bound	0.0
1	NUMA: % of Remote Accesses	0.0
0	Vectorization	100.0
1	Instruction Mix	
2	SP FLOPs	9.1
3	Packed	100.0
4	128-bit	100.0
4	256-bit	0.0
3	Scalar	0.0
2	DP FLOPs	0.0
3	Packed	0.0
4	128-bit	0.0
4	256-bit	0.0
3	Scalar	0.0
2	x87 FLOPs	0.0
2	Non-FP	90.9
1	FP Arith/Mem Rd Instr. Ratio	0.286251
1	FP Arith/Mem Wr Instr. Ratio	1.355675
0	Collection and Platform Info	
1	Application Command Line	sc_omp "10" "20" "256" "32768" "512" "1000" "none" "output.txt" "9" 
1	Operating System	3.10.0-1160.15.2.1chaos.ch6.x86_64 NAME="Red Hat Enterprise Linux Server" VERSION="7.9 (Maipo)" ID="rhel" ID_LIKE="fedora" VARIANT="Server" VARIANT_ID="server" VERSION_ID="7.9" PRETTY_NAME="Red Hat Enterprise Linux Server 7.9 (Maipo)" ANSI_COLOR="0;31" CPE_NAME="cpe:/o:redhat:enterprise_linux:7.9:GA:server" HOME_URL="https://www.redhat.com/" BUG_REPORT_URL="https://bugzilla.redhat.com/"  REDHAT_BUGZILLA_PRODUCT="Red Hat Enterprise Linux 7" REDHAT_BUGZILLA_PRODUCT_VERSION=7.9 REDHAT_SUPPORT_PRODUCT="Red Hat Enterprise Linux" REDHAT_SUPPORT_PRODUCT_VERSION="7.9"
1	Computer Name	quartz2758
1	Result Size	150736636
1	Collection start time	02:25:31 22/04/2021 UTC
1	Collection stop time	02:25:37 22/04/2021 UTC
1	Collector Type	Driverless Perf per-process sampling
1	CPU	
2	Name	Intel(R) Xeon(R) Processor code named Broadwell
2	Frequency	2095147111
2	Logical CPU Count	72
