Hierarchy Level	Metric Name	Metric Value
0	Elapsed Time	10.216655
1	Paused Time	0.0
0	Effective CPU Utilization	2.1% (1.543 out of 72 logical CPUs)
1	OpenMP Analysis. Collection Time	10.216655
2	Serial Time (outside parallel regions)	2.080s (20.4%)
3	Top Serial Hotspots (outside parallel regions)	
3	Function	Module	Serial CPU Time
3	__kmp_join_call	libiomp5.so	1.119838
3	pgain	sc_omp	0.209795
3	__kmp_fork_call	libiomp5.so	0.059887
3	ompc_set_num_threads	libiomp5.so	0.040000
3	pspeedy	sc_omp	0.039935
3	[Others]	N/A	0.129880
2	Parallel Region Time	8.137s (79.6%)
3	Estimated Ideal Time	7.110s (69.6%)
3	OpenMP Potential Gain	1.026s (10.0%)
1	Total Thread Count	9
2	Thread Oversubscription	0s (0.0% of CPU Time)
1	Wait Time with poor CPU Utilization	0.026s (100.0% of Wait Time)
2	Top Waiting Objects	
2	Sync Object	Wait Time with poor CPU Utilization	(% from Object Wait Time)(%)	Wait Count
2	Condition Variable 0x74c978ed	0.021713	100.0	5
2	Stream output.txt 0x27fde40a	0.001888	100.0	1
2	Stream 0x1d353c67	0.001008	100.0	2
2	Stream 0x8cce8b5a	0.000879	100.0	1
2	Stream /proc/cpuinfo 0x482b2eb7	0.000074	100.0	1
2	[Others]	0.000048	100.0	4
1	Spin and Overhead Time	74.244s (82.5% of CPU Time)
2	Top Functions with Spin or Overhead Time	
2	Function	Module	Spin and Overhead Time	(% from CPU Time)(%)
2	__kmp_fork_barrier	libiomp5.so	54.918698	61.0
2	__kmp_barrier	libiomp5.so	10.168999	11.3
2	__kmp_fork_call	libiomp5.so	5.107103	5.7
2	__kmp_join_barrier	libiomp5.so	1.369993	1.5
2	__kmp_join_call	libiomp5.so	1.369534	1.5
2	[Others]	N/A	1.310124	1.5
0	Collection and Platform Info	
1	Application Command Line	sc_omp "10" "20" "256" "32768" "512" "1000" "none" "output.txt" "9" 
1	Operating System	3.10.0-1160.15.2.1chaos.ch6.x86_64 NAME="Red Hat Enterprise Linux Server" VERSION="7.9 (Maipo)" ID="rhel" ID_LIKE="fedora" VARIANT="Server" VARIANT_ID="server" VERSION_ID="7.9" PRETTY_NAME="Red Hat Enterprise Linux Server 7.9 (Maipo)" ANSI_COLOR="0;31" CPE_NAME="cpe:/o:redhat:enterprise_linux:7.9:GA:server" HOME_URL="https://www.redhat.com/" BUG_REPORT_URL="https://bugzilla.redhat.com/"  REDHAT_BUGZILLA_PRODUCT="Red Hat Enterprise Linux 7" REDHAT_BUGZILLA_PRODUCT_VERSION=7.9 REDHAT_SUPPORT_PRODUCT="Red Hat Enterprise Linux" REDHAT_SUPPORT_PRODUCT_VERSION="7.9"
1	Computer Name	quartz2758
1	Result Size	127154628
1	Collection start time	02:24:46 22/04/2021 UTC
1	Collection stop time	02:24:56 22/04/2021 UTC
1	Collector Type	User-mode sampling and tracing
1	CPU	
2	Name	Intel(R) Xeon(R) Processor code named Broadwell
2	Frequency	2095147074
2	Logical CPU Count	72
