Hierarchy Level	Metric Name	Metric Value
0	Elapsed Time	3.410823
1	Paused Time	0.0
0	Effective CPU Utilization	10.1% (7.291 out of 72 logical CPUs)
1	OpenMP Analysis. Collection Time	3.410823
2	Serial Time (outside parallel regions)	0.517s (15.2%)
3	Top Serial Hotspots (outside parallel regions)	
3	Function	Module	Serial CPU Time
3	pspeedy	sc_omp	0.180000
3	pgain	sc_omp	0.089975
3	ompc_set_num_threads	libiomp5.so	0.030000
3	_simd_lrand48_si64x2	sc_omp	0.029995
3	SimStream::read	sc_omp	0.020005
3	[Others]	N/A	0.049991
2	Parallel Region Time	2.893s (84.8%)
3	Estimated Ideal Time	2.764s (81.0%)
3	OpenMP Potential Gain	0.129s (3.8%)
1	Total Thread Count	9
2	Thread Oversubscription	0s (0.0% of CPU Time)
1	Wait Time with poor CPU Utilization	0.023s (100.0% of Wait Time)
2	Top Waiting Objects	
2	Sync Object	Wait Time with poor CPU Utilization	(% from Object Wait Time)(%)	Wait Count
2	Condition Variable 0x74c978ed	0.019597	100.0	5
2	Stream output.txt 0x27fde40a	0.001993	100.0	1
2	Stream 0x8cce8b5a	0.000796	100.0	1
2	Stream 0x1d353c67	0.000576	100.0	1
2	Stream /proc/cpuinfo 0x482b2eb7	0.000053	100.0	1
2	[Others]	0.000041	100.0	4
1	Spin and Overhead Time	2.912s (10.5% of CPU Time)
2	Top Functions with Spin or Overhead Time	
2	Function	Module	Spin and Overhead Time	(% from CPU Time)(%)
2	__kmp_fork_barrier	libiomp5.so	1.899809	6.8
2	__kmp_barrier	libiomp5.so	0.859913	3.1
2	__kmp_fork_call	libiomp5.so	0.050085	0.2
2	ompc_set_num_threads	libiomp5.so	0.030000	0.1
2	__kmp_join_barrier	libiomp5.so	0.029999	0.1
2	[Others]	N/A	0.042124	0.2
0	Collection and Platform Info	
1	Application Command Line	sc_omp "10" "20" "256" "32768" "32768" "1000" "none" "output.txt" "9" 
1	Operating System	3.10.0-1160.15.2.1chaos.ch6.x86_64 NAME="Red Hat Enterprise Linux Server" VERSION="7.9 (Maipo)" ID="rhel" ID_LIKE="fedora" VARIANT="Server" VARIANT_ID="server" VERSION_ID="7.9" PRETTY_NAME="Red Hat Enterprise Linux Server 7.9 (Maipo)" ANSI_COLOR="0;31" CPE_NAME="cpe:/o:redhat:enterprise_linux:7.9:GA:server" HOME_URL="https://www.redhat.com/" BUG_REPORT_URL="https://bugzilla.redhat.com/"  REDHAT_BUGZILLA_PRODUCT="Red Hat Enterprise Linux 7" REDHAT_BUGZILLA_PRODUCT_VERSION=7.9 REDHAT_SUPPORT_PRODUCT="Red Hat Enterprise Linux" REDHAT_SUPPORT_PRODUCT_VERSION="7.9"
1	Computer Name	quartz2758
1	Result Size	6690475
1	Collection start time	02:45:37 22/04/2021 UTC
1	Collection stop time	02:45:40 22/04/2021 UTC
1	Collector Type	User-mode sampling and tracing
1	CPU	
2	Name	Intel(R) Xeon(R) Processor code named Broadwell
2	Frequency	2095147185
2	Logical CPU Count	72
