Hierarchy Level	Metric Name	Metric Value
0	Elapsed Time	0.722581
1	Paused Time	0.0
0	Effective CPU Utilization	3.0% (2.187 out of 72 logical CPUs)
1	OpenMP Analysis. Collection Time	0.722581
2	Serial Time (outside parallel regions)	0.255s (35.3%)
3	Top Serial Hotspots (outside parallel regions)	
3	Function	Module	Serial CPU Time
3	__kmp_join_call	libiomp5.so	0.049989
3	ompc_set_num_threads	libiomp5.so	0.030000
3	__kmp_fork_call	libiomp5.so	0.019999
3	pspeedy	sc_omp	0.010001
3	pkmedian	sc_omp	0.010000
3	pgain	sc_omp	0.010000
2	Parallel Region Time	0.467s (64.7%)
3	Estimated Ideal Time	0.415s (57.4%)
3	OpenMP Potential Gain	0.052s (7.2%)
1	Total Thread Count	9
2	Thread Oversubscription	0s (0.0% of CPU Time)
1	Wait Time with poor CPU Utilization	0.025s (100.0% of Wait Time)
2	Top Waiting Objects	
2	Sync Object	Wait Time with poor CPU Utilization	(% from Object Wait Time)(%)	Wait Count
2	Condition Variable 0x74c978ed	0.022054	100.0	6
2	Stream output.txt 0x27fde40a	0.002234	100.0	1
2	Stream 0x8cce8b5a	0.001020	100.0	1
2	Stream /proc/cpuinfo 0x482b2eb7	0.000108	100.0	2
2	Stream /proc/meminfo 0xb0504f33	0.000020	100.0	1
2	[Others]	0.000051	100.0	4
1	Spin and Overhead Time	3.541s (69.3% of CPU Time)
2	Top Functions with Spin or Overhead Time	
2	Function	Module	Spin and Overhead Time	(% from CPU Time)(%)
2	__kmp_fork_barrier	libiomp5.so	2.679923	52.4
2	__kmp_barrier	libiomp5.so	0.520116	10.2
2	__kmp_fork_call	libiomp5.so	0.190850	3.7
2	__kmp_join_call	libiomp5.so	0.059986	1.2
2	ompc_set_num_threads	libiomp5.so	0.030000	0.6
2	[Others]	N/A	0.060145	1.2
0	Collection and Platform Info	
1	Application Command Line	sc_omp "10" "20" "256" "4096" "2048" "1000" "none" "output.txt" "9" 
1	Operating System	3.10.0-1160.15.2.1chaos.ch6.x86_64 NAME="Red Hat Enterprise Linux Server" VERSION="7.9 (Maipo)" ID="rhel" ID_LIKE="fedora" VARIANT="Server" VARIANT_ID="server" VERSION_ID="7.9" PRETTY_NAME="Red Hat Enterprise Linux Server 7.9 (Maipo)" ANSI_COLOR="0;31" CPE_NAME="cpe:/o:redhat:enterprise_linux:7.9:GA:server" HOME_URL="https://www.redhat.com/" BUG_REPORT_URL="https://bugzilla.redhat.com/"  REDHAT_BUGZILLA_PRODUCT="Red Hat Enterprise Linux 7" REDHAT_BUGZILLA_PRODUCT_VERSION=7.9 REDHAT_SUPPORT_PRODUCT="Red Hat Enterprise Linux" REDHAT_SUPPORT_PRODUCT_VERSION="7.9"
1	Computer Name	quartz2758
1	Result Size	9449644
1	Collection start time	01:22:50 22/04/2021 UTC
1	Collection stop time	01:22:51 22/04/2021 UTC
1	Collector Type	User-mode sampling and tracing
1	CPU	
2	Name	Intel(R) Xeon(R) Processor code named Broadwell
2	Frequency	2095147589
2	Logical CPU Count	72
