Hierarchy Level	Metric Name	Metric Value
0	Elapsed Time	12.098640
1	Paused Time	0.0
0	Effective CPU Utilization	2.0% (1.449 out of 72 logical CPUs)
1	OpenMP Analysis. Collection Time	12.098640
2	Serial Time (outside parallel regions)	2.571s (21.2%)
3	Top Serial Hotspots (outside parallel regions)	
3	Function	Module	Serial CPU Time
3	__kmp_join_call	libiomp5.so	1.460791
3	pgain	sc_omp	0.239701
3	pspeedy	sc_omp	0.059957
3	__kmp_fork_call	libiomp5.so	0.049960
3	streamCluster	sc_omp	0.030002
3	[Others]	N/A	0.169552
2	Parallel Region Time	9.528s (78.8%)
3	Estimated Ideal Time	8.419s (69.6%)
3	OpenMP Potential Gain	1.109s (9.2%)
1	Total Thread Count	9
2	Thread Oversubscription	0s (0.0% of CPU Time)
1	Wait Time with poor CPU Utilization	0.024s (100.0% of Wait Time)
2	Top Waiting Objects	
2	Sync Object	Wait Time with poor CPU Utilization	(% from Object Wait Time)(%)	Wait Count
2	Condition Variable 0x74c978ed	0.022625	100.0	3
2	Stream 0x1d353c67	0.001068	100.0	2
2	Stream 0x8cce8b5a	0.000616	100.0	1
2	Stream /proc/cpuinfo 0x482b2eb7	0.000113	100.0	2
2	Stream /proc/meminfo 0x9ccc627a	0.000037	100.0	1
2	[Others]	0.000029	100.0	3
1	Spin and Overhead Time	89.321s (83.6% of CPU Time)
2	Top Functions with Spin or Overhead Time	
2	Function	Module	Spin and Overhead Time	(% from CPU Time)(%)
2	__kmp_fork_barrier	libiomp5.so	67.587316	63.3
2	__kmp_barrier	libiomp5.so	10.999415	10.3
2	__kmp_fork_call	libiomp5.so	5.694928	5.3
2	__kmp_join_call	libiomp5.so	1.800463	1.7
2	__kmp_join_barrier	libiomp5.so	1.789974	1.7
2	[Others]	N/A	1.449259	1.4
0	Collection and Platform Info	
1	Application Command Line	sc_omp "10" "20" "256" "65536" "512" "1000" "none" "output.txt" "9" 
1	Operating System	3.10.0-1160.15.2.1chaos.ch6.x86_64 NAME="Red Hat Enterprise Linux Server" VERSION="7.9 (Maipo)" ID="rhel" ID_LIKE="fedora" VARIANT="Server" VARIANT_ID="server" VERSION_ID="7.9" PRETTY_NAME="Red Hat Enterprise Linux Server 7.9 (Maipo)" ANSI_COLOR="0;31" CPE_NAME="cpe:/o:redhat:enterprise_linux:7.9:GA:server" HOME_URL="https://www.redhat.com/" BUG_REPORT_URL="https://bugzilla.redhat.com/"  REDHAT_BUGZILLA_PRODUCT="Red Hat Enterprise Linux 7" REDHAT_BUGZILLA_PRODUCT_VERSION=7.9 REDHAT_SUPPORT_PRODUCT="Red Hat Enterprise Linux" REDHAT_SUPPORT_PRODUCT_VERSION="7.9"
1	Computer Name	quartz2758
1	Result Size	150440857
1	Collection start time	02:59:54 22/04/2021 UTC
1	Collection stop time	03:00:06 22/04/2021 UTC
1	Collector Type	User-mode sampling and tracing
1	CPU	
2	Name	Intel(R) Xeon(R) Processor code named Broadwell
2	Frequency	2095146959
2	Logical CPU Count	72
