Hierarchy Level	Metric Name	Metric Value
0	Elapsed Time	6.555386
1	SP GFLOPS	11.862020
1	DP GFLOPS	0.0
1	x87 GFLOPS	0.0
1	CPI Rate	1.864546
1	Average CPU Frequency	2922560360.039340
1	Total Thread Count	9
0	Effective Physical Core Utilization	19.9% (7.173 out of 36)
1	Effective Logical Core Utilization	10.0% (7.194 out of 72)
1	Serial Time (outside parallel regions)	0.945s (14.4%)
2	Top Serial Hotspots (outside parallel regions)	
2	Function	Module	Serial CPU Time
2	[Loop@0x4093a5 in pspeedy]	sc_omp	0.250579
2	[Outside any known module]	[Unknown]	0.105243
2	[Loop@0x408d49 in pgain]	sc_omp	0.105243
2	[Loop@0x408e1a in pgain]	sc_omp	0.080185
2	[Loop@0x409169 in pspeedy]	sc_omp	0.065151
2	[Others]	N/A	0.195452
1	Parallel Region Time	5.611s (85.6%)
2	Estimated Ideal Time	5.126s (78.2%)
2	OpenMP Potential Gain	0.485s (7.4%)
0	Memory Bound	71.9
1	Cache Bound	29.3
1	DRAM Bound	21.0
1	NUMA: % of Remote Accesses	30.4
0	Vectorization	100.0
1	Instruction Mix	
2	SP FLOPs	31.5
3	Packed	100.0
4	128-bit	100.0
4	256-bit	0.0
3	Scalar	0.0
2	DP FLOPs	0.0
3	Packed	0.0
4	128-bit	0.0
4	256-bit	0.0
3	Scalar	0.0
2	x87 FLOPs	0.0
2	Non-FP	68.5
1	FP Arith/Mem Rd Instr. Ratio	0.881968
1	FP Arith/Mem Wr Instr. Ratio	9.473414
0	Collection and Platform Info	
1	Application Command Line	sc_omp "10" "20" "256" "65536" "65536" "1000" "none" "output.txt" "9" 
1	Operating System	3.10.0-1160.15.2.1chaos.ch6.x86_64 NAME="Red Hat Enterprise Linux Server" VERSION="7.9 (Maipo)" ID="rhel" ID_LIKE="fedora" VARIANT="Server" VARIANT_ID="server" VERSION_ID="7.9" PRETTY_NAME="Red Hat Enterprise Linux Server 7.9 (Maipo)" ANSI_COLOR="0;31" CPE_NAME="cpe:/o:redhat:enterprise_linux:7.9:GA:server" HOME_URL="https://www.redhat.com/" BUG_REPORT_URL="https://bugzilla.redhat.com/"  REDHAT_BUGZILLA_PRODUCT="Red Hat Enterprise Linux 7" REDHAT_BUGZILLA_PRODUCT_VERSION=7.9 REDHAT_SUPPORT_PRODUCT="Red Hat Enterprise Linux" REDHAT_SUPPORT_PRODUCT_VERSION="7.9"
1	Computer Name	quartz2758
1	Result Size	16953698
1	Collection start time	03:30:52 22/04/2021 UTC
1	Collection stop time	03:30:59 22/04/2021 UTC
1	Collector Type	Driverless Perf per-process sampling
1	CPU	
2	Name	Intel(R) Xeon(R) Processor code named Broadwell
2	Frequency	2095147077
2	Logical CPU Count	72
