Hierarchy Level	Metric Name	Metric Value
0	Elapsed Time	5.294463
1	Paused Time	0.0
0	Effective CPU Utilization	9.6% (6.938 out of 72 logical CPUs)
1	OpenMP Analysis. Collection Time	5.294463
2	Serial Time (outside parallel regions)	0.869s (16.4%)
3	Top Serial Hotspots (outside parallel regions)	
3	Function	Module	Serial CPU Time
3	pspeedy	sc_omp	0.369999
3	pgain	sc_omp	0.229927
3	SimStream::read	sc_omp	0.059998
3	__kmp_join_call	libiomp5.so	0.039969
3	ompc_set_num_threads	libiomp5.so	0.030000
3	[Others]	N/A	0.050003
2	Parallel Region Time	4.426s (83.6%)
3	Estimated Ideal Time	4.234s (80.0%)
3	OpenMP Potential Gain	0.192s (3.6%)
1	Total Thread Count	9
2	Thread Oversubscription	0s (0.0% of CPU Time)
1	Wait Time with poor CPU Utilization	0.279s (100.0% of Wait Time)
2	Top Waiting Objects	
2	Sync Object	Wait Time with poor CPU Utilization	(% from Object Wait Time)(%)	Wait Count
2	Condition Variable 0x74c978ed	0.275533	100.0	11
2	Stream output.txt 0x27fde40a	0.001851	100.0	1
2	Stream 0x8cce8b5a	0.000548	100.0	1
2	Stream 0x1d353c67	0.000504	100.0	1
2	Stream /proc/cpuinfo 0x482b2eb7	0.000057	100.0	1
2	[Others]	0.000048	100.0	5
1	Spin and Overhead Time	7.603s (17.2% of CPU Time)
2	Top Functions with Spin or Overhead Time	
2	Function	Module	Spin and Overhead Time	(% from CPU Time)(%)
2	__kmp_fork_barrier	libiomp5.so	5.711251	12.9
2	__kmp_barrier	libiomp5.so	1.529862	3.5
2	__kmp_fork_call	libiomp5.so	0.151471	0.3
2	__kmp_join_call	libiomp5.so	0.079961	0.2
2	__kmp_join_barrier	libiomp5.so	0.049993	0.1
2	[Others]	N/A	0.080056	0.2
0	Collection and Platform Info	
1	Application Command Line	sc_omp "10" "20" "256" "65536" "32768" "1000" "none" "output.txt" "9" 
1	Operating System	3.10.0-1160.15.2.1chaos.ch6.x86_64 NAME="Red Hat Enterprise Linux Server" VERSION="7.9 (Maipo)" ID="rhel" ID_LIKE="fedora" VARIANT="Server" VARIANT_ID="server" VERSION_ID="7.9" PRETTY_NAME="Red Hat Enterprise Linux Server 7.9 (Maipo)" ANSI_COLOR="0;31" CPE_NAME="cpe:/o:redhat:enterprise_linux:7.9:GA:server" HOME_URL="https://www.redhat.com/" BUG_REPORT_URL="https://bugzilla.redhat.com/"  REDHAT_BUGZILLA_PRODUCT="Red Hat Enterprise Linux 7" REDHAT_BUGZILLA_PRODUCT_VERSION=7.9 REDHAT_SUPPORT_PRODUCT="Red Hat Enterprise Linux" REDHAT_SUPPORT_PRODUCT_VERSION="7.9"
1	Computer Name	quartz2758
1	Result Size	9935295
1	Collection start time	03:27:20 22/04/2021 UTC
1	Collection stop time	03:27:26 22/04/2021 UTC
1	Collector Type	User-mode sampling and tracing
1	CPU	
2	Name	Intel(R) Xeon(R) Processor code named Broadwell
2	Frequency	2095146921
2	Logical CPU Count	72
