Hierarchy Level	Metric Name	Metric Value
0	Elapsed Time	12.864642
1	Paused Time	0.0
0	Effective CPU Utilization	3.6% (2.605 out of 72 logical CPUs)
1	OpenMP Analysis. Collection Time	12.864642
2	Serial Time (outside parallel regions)	2.462s (19.1%)
3	Top Serial Hotspots (outside parallel regions)	
3	Function	Module	Serial CPU Time
3	__kmp_join_call	libiomp5.so	1.256570
3	pspeedy	sc_omp	0.229805
3	pgain	sc_omp	0.159807
3	__kmp_fork_call	libiomp5.so	0.089913
3	ompc_set_num_threads	libiomp5.so	0.030000
3	[Others]	N/A	0.199911
2	Parallel Region Time	10.403s (80.9%)
3	Estimated Ideal Time	9.126s (70.9%)
3	OpenMP Potential Gain	1.277s (9.9%)
1	Total Thread Count	9
2	Thread Oversubscription	0s (0.0% of CPU Time)
1	Wait Time with poor CPU Utilization	0.026s (100.0% of Wait Time)
2	Top Waiting Objects	
2	Sync Object	Wait Time with poor CPU Utilization	(% from Object Wait Time)(%)	Wait Count
2	Condition Variable 0x74c978ed	0.022188	100.0	4
2	Stream output.txt 0x27fde40a	0.002033	100.0	1
2	Stream 0x1d353c67	0.001221	100.0	2
2	Stream 0x8cce8b5a	0.000563	100.0	1
2	Stream /proc/cpuinfo 0x482b2eb7	0.000089	100.0	2
2	[Others]	0.000046	100.0	4
1	Spin and Overhead Time	80.505s (70.6% of CPU Time)
2	Top Functions with Spin or Overhead Time	
2	Function	Module	Spin and Overhead Time	(% from CPU Time)(%)
2	__kmp_fork_barrier	libiomp5.so	60.399309	53.0
2	__kmp_barrier	libiomp5.so	10.959324	9.6
2	__kmp_fork_call	libiomp5.so	5.060494	4.4
2	__kmp_join_call	libiomp5.so	1.516171	1.3
2	__kmp_join_barrier	libiomp5.so	1.420006	1.2
2	[Others]	N/A	1.149599	1.0
0	Collection and Platform Info	
1	Application Command Line	sc_omp "10" "20" "256" "65536" "1024" "1000" "none" "output.txt" "9" 
1	Operating System	3.10.0-1160.15.2.1chaos.ch6.x86_64 NAME="Red Hat Enterprise Linux Server" VERSION="7.9 (Maipo)" ID="rhel" ID_LIKE="fedora" VARIANT="Server" VARIANT_ID="server" VERSION_ID="7.9" PRETTY_NAME="Red Hat Enterprise Linux Server 7.9 (Maipo)" ANSI_COLOR="0;31" CPE_NAME="cpe:/o:redhat:enterprise_linux:7.9:GA:server" HOME_URL="https://www.redhat.com/" BUG_REPORT_URL="https://bugzilla.redhat.com/"  REDHAT_BUGZILLA_PRODUCT="Red Hat Enterprise Linux 7" REDHAT_BUGZILLA_PRODUCT_VERSION=7.9 REDHAT_SUPPORT_PRODUCT="Red Hat Enterprise Linux" REDHAT_SUPPORT_PRODUCT_VERSION="7.9"
1	Computer Name	quartz2758
1	Result Size	129283469
1	Collection start time	03:07:20 22/04/2021 UTC
1	Collection stop time	03:07:33 22/04/2021 UTC
1	Collector Type	User-mode sampling and tracing
1	CPU	
2	Name	Intel(R) Xeon(R) Processor code named Broadwell
2	Frequency	2095147053
2	Logical CPU Count	72
