Hierarchy Level	Metric Name	Metric Value
0	Elapsed Time	0.942605
1	SP GFLOPS	7.256497
1	DP GFLOPS	0.0
1	x87 GFLOPS	0.0
1	CPI Rate	1.010515
1	Average CPU Frequency	2664163718.277159
1	Total Thread Count	9
0	Effective Physical Core Utilization	12.0% (4.336 out of 36)
1	Effective Logical Core Utilization	6.0% (4.317 out of 72)
1	Serial Time (outside parallel regions)	0.348s (36.9%)
2	Top Serial Hotspots (outside parallel regions)	
2	Function	Module	Serial CPU Time
2	[Outside any known module]	[Unknown]	0.110255
2	[Loop@0x408d49 in pgain]	sc_omp	0.030069
2	[Loop@0x4093a5 in pspeedy]	sc_omp	0.010023
2	[Loop@0x4092d2 in pspeedy]	sc_omp	0.010023
2	_simd_lrand48_si64x2	sc_omp	0.010023
2	[Others]	N/A	0.075174
1	Parallel Region Time	0.595s (63.1%)
2	Estimated Ideal Time	0.469s (49.7%)
2	OpenMP Potential Gain	0.126s (13.4%)
0	Memory Bound	33.9
1	Cache Bound	23.0
1	DRAM Bound	0.0
1	NUMA: % of Remote Accesses	0.0
0	Vectorization	100.0
1	Instruction Mix	
2	SP FLOPs	11.2
3	Packed	100.0
4	128-bit	100.0
4	256-bit	0.0
3	Scalar	0.0
2	DP FLOPs	0.0
3	Packed	0.0
4	128-bit	0.0
4	256-bit	0.0
3	Scalar	0.0
2	x87 FLOPs	0.0
2	Non-FP	88.8
1	FP Arith/Mem Rd Instr. Ratio	0.337169
1	FP Arith/Mem Wr Instr. Ratio	1.818130
0	Collection and Platform Info	
1	Application Command Line	sc_omp "10" "20" "256" "8192" "1024" "1000" "none" "output.txt" "9" 
1	Operating System	3.10.0-1160.15.2.1chaos.ch6.x86_64 NAME="Red Hat Enterprise Linux Server" VERSION="7.9 (Maipo)" ID="rhel" ID_LIKE="fedora" VARIANT="Server" VARIANT_ID="server" VERSION_ID="7.9" PRETTY_NAME="Red Hat Enterprise Linux Server 7.9 (Maipo)" ANSI_COLOR="0;31" CPE_NAME="cpe:/o:redhat:enterprise_linux:7.9:GA:server" HOME_URL="https://www.redhat.com/" BUG_REPORT_URL="https://bugzilla.redhat.com/"  REDHAT_BUGZILLA_PRODUCT="Red Hat Enterprise Linux 7" REDHAT_BUGZILLA_PRODUCT_VERSION=7.9 REDHAT_SUPPORT_PRODUCT="Red Hat Enterprise Linux" REDHAT_SUPPORT_PRODUCT_VERSION="7.9"
1	Computer Name	quartz2758
1	Result Size	23222649
1	Collection start time	01:36:52 22/04/2021 UTC
1	Collection stop time	01:36:53 22/04/2021 UTC
1	Collector Type	Driverless Perf per-process sampling
1	CPU	
2	Name	Intel(R) Xeon(R) Processor code named Broadwell
2	Frequency	2095147371
2	Logical CPU Count	72
