Hierarchy Level	Metric Name	Metric Value
0	Elapsed Time	1.983553
1	Paused Time	0.0
0	Effective CPU Utilization	3.2% (2.280 out of 72 logical CPUs)
1	OpenMP Analysis. Collection Time	1.983553
2	Serial Time (outside parallel regions)	0.491s (24.7%)
3	Top Serial Hotspots (outside parallel regions)	
3	Function	Module	Serial CPU Time
3	__kmp_join_call	libiomp5.so	0.229930
3	pgain	sc_omp	0.030003
3	ompc_set_num_threads	libiomp5.so	0.030000
3	SimStream::read	sc_omp	0.019990
3	__intel_avx_rep_memset	sc_omp	0.010006
3	[Others]	N/A	0.039941
2	Parallel Region Time	1.493s (75.3%)
3	Estimated Ideal Time	1.297s (65.4%)
3	OpenMP Potential Gain	0.196s (9.9%)
1	Total Thread Count	9
2	Thread Oversubscription	0s (0.0% of CPU Time)
1	Wait Time with poor CPU Utilization	0.027s (100.0% of Wait Time)
2	Top Waiting Objects	
2	Sync Object	Wait Time with poor CPU Utilization	(% from Object Wait Time)(%)	Wait Count
2	Condition Variable 0x74c978ed	0.024232	100.0	5
2	Stream output.txt 0x27fde40a	0.002306	100.0	1
2	Stream 0x8cce8b5a	0.000803	100.0	1
2	Stream /proc/cpuinfo 0x482b2eb7	0.000056	100.0	1
2	Stream /sys/kernel/mm/transparent_hugepage/enabled 0x2e8ede6f	0.000012	100.0	1
2	[Others]	0.000031	100.0	3
1	Spin and Overhead Time	11.960s (72.6% of CPU Time)
2	Top Functions with Spin or Overhead Time	
2	Function	Module	Spin and Overhead Time	(% from CPU Time)(%)
2	__kmp_fork_barrier	libiomp5.so	8.719708	52.9
2	__kmp_barrier	libiomp5.so	1.880041	11.4
2	__kmp_fork_call	libiomp5.so	0.680682	4.1
2	__kmp_join_call	libiomp5.so	0.289899	1.8
2	__kmp_join_barrier	libiomp5.so	0.229993	1.4
2	[Others]	N/A	0.160108	1.0
0	Collection and Platform Info	
1	Application Command Line	sc_omp "10" "20" "256" "8192" "1024" "1000" "none" "output.txt" "9" 
1	Operating System	3.10.0-1160.15.2.1chaos.ch6.x86_64 NAME="Red Hat Enterprise Linux Server" VERSION="7.9 (Maipo)" ID="rhel" ID_LIKE="fedora" VARIANT="Server" VARIANT_ID="server" VERSION_ID="7.9" PRETTY_NAME="Red Hat Enterprise Linux Server 7.9 (Maipo)" ANSI_COLOR="0;31" CPE_NAME="cpe:/o:redhat:enterprise_linux:7.9:GA:server" HOME_URL="https://www.redhat.com/" BUG_REPORT_URL="https://bugzilla.redhat.com/"  REDHAT_BUGZILLA_PRODUCT="Red Hat Enterprise Linux 7" REDHAT_BUGZILLA_PRODUCT_VERSION=7.9 REDHAT_SUPPORT_PRODUCT="Red Hat Enterprise Linux" REDHAT_SUPPORT_PRODUCT_VERSION="7.9"
1	Computer Name	quartz2758
1	Result Size	23916096
1	Collection start time	01:36:32 22/04/2021 UTC
1	Collection stop time	01:36:35 22/04/2021 UTC
1	Collector Type	User-mode sampling and tracing
1	CPU	
2	Name	Intel(R) Xeon(R) Processor code named Broadwell
2	Frequency	2095146828
2	Logical CPU Count	72
