Hierarchy Level	Metric Name	Metric Value
0	Elapsed Time	0.363794
1	Paused Time	0.0
0	Effective CPU Utilization	0.0% (0.028 out of 72 logical CPUs)
1	OpenMP Analysis. Collection Time	0.363794
2	Serial Time (outside parallel regions)	0.352s (96.8%)
3	Top Serial Hotspots (outside parallel regions)	
3	Function	Module	Serial CPU Time
3	__kmp_get_global_thread_id_reg	libiomp5.so	0.040000
3	read_input	hotspot	0.010000
3	__kmp_fork_call	libiomp5.so	0.010000
2	Parallel Region Time	0.012s (3.2%)
3	Estimated Ideal Time	0.004s (1.0%)
3	OpenMP Potential Gain	0.008s (2.2%)
1	Total Thread Count	36
2	Thread Oversubscription	0s (0.0% of CPU Time)
1	Wait Time with poor CPU Utilization	1.501s (100.0% of Wait Time)
2	Top Waiting Objects	
2	Sync Object	Wait Time with poor CPU Utilization	(% from Object Wait Time)(%)	Wait Count
2	Condition Variable 0x74c978ed	1.471102	100.0	32
2	Stream ../../data/hotspot/temp_64 0x31259b27	0.020333	100.0	1
2	Stream 0x15141c4c	0.003680	100.0	2
2	Stream output.txt 0xa743c40b	0.003526	100.0	1
2	Mutex 0x6cb3026d	0.000902	100.0	7
2	[Others]	0.001271	100.0	7
1	Spin and Overhead Time	2.470s (99.6% of CPU Time)
2	Top Functions with Spin or Overhead Time	
2	Function	Module	Spin and Overhead Time	(% from CPU Time)(%)
2	__kmp_fork_barrier	libiomp5.so	2.399984	96.8
2	__kmp_get_global_thread_id_reg	libiomp5.so	0.040000	1.6
2	__kmp_join_barrier	libiomp5.so	0.010016	0.4
2	__kmp_fork_call	libiomp5.so	0.010000	0.4
2	__kmp_join_call	libiomp5.so	0.010000	0.4
0	Collection and Platform Info	
1	Application Command Line	hotspot "64" "64" "2" "36" "../../data/hotspot/temp_64" "../../data/hotspot/power_64" "output.txt" 
1	Operating System	3.10.0-1160.15.2.1chaos.ch6.x86_64 NAME="Red Hat Enterprise Linux Server" VERSION="7.9 (Maipo)" ID="rhel" ID_LIKE="fedora" VARIANT="Server" VARIANT_ID="server" VERSION_ID="7.9" PRETTY_NAME="Red Hat Enterprise Linux Server 7.9 (Maipo)" ANSI_COLOR="0;31" CPE_NAME="cpe:/o:redhat:enterprise_linux:7.9:GA:server" HOME_URL="https://www.redhat.com/" BUG_REPORT_URL="https://bugzilla.redhat.com/"  REDHAT_BUGZILLA_PRODUCT="Red Hat Enterprise Linux 7" REDHAT_BUGZILLA_PRODUCT_VERSION=7.9 REDHAT_SUPPORT_PRODUCT="Red Hat Enterprise Linux" REDHAT_SUPPORT_PRODUCT_VERSION="7.9"
1	Computer Name	quartz50
1	Result Size	3891038
1	Collection start time	21:09:02 21/04/2021 UTC
1	Collection stop time	21:09:03 21/04/2021 UTC
1	Collector Type	User-mode sampling and tracing
1	CPU	
2	Name	Intel(R) Xeon(R) Processor code named Broadwell
2	Frequency	2095146690
2	Logical CPU Count	72
