Hierarchy Level	Metric Name	Metric Value
0	Elapsed Time	5.463837
1	Paused Time	0.0
0	Effective CPU Utilization	1.2% (0.877 out of 72 logical CPUs)
1	OpenMP Analysis. Collection Time	5.463837
2	Serial Time (outside parallel regions)	5.445s (99.6%)
3	Top Serial Hotspots (outside parallel regions)	
3	Function	Module	Serial CPU Time
3	read_input	hotspot	1.810053
3	read_input	hotspot	1.800026
3	sprintf	libc.so.6	0.510000
3	sscanf	libc.so.6	0.479936
3	fgets	libc.so.6	0.059995
3	[Others]	N/A	0.149991
2	Parallel Region Time	0.019s (0.4%)
3	Estimated Ideal Time	0.015s (0.3%)
3	OpenMP Potential Gain	0.005s (0.1%)
1	Total Thread Count	4
2	Thread Oversubscription	0s (0.0% of CPU Time)
1	Wait Time with poor CPU Utilization	2.841s (100.0% of Wait Time)
2	Top Waiting Objects	
2	Sync Object	Wait Time with poor CPU Utilization	(% from Object Wait Time)(%)	Wait Count
2	Condition Variable 0x74c978ed	2.833833	100.0	3
2	Stream output.txt 0xa743c40b	0.003874	100.0	1
2	Stream ../../data/hotspot/temp_1024 0x31259b27	0.001809	100.0	1
2	Stream ../../data/hotspot/power_1024 0xb6825068	0.001046	100.0	1
2	Stream 0x15141c4c	0.000357	100.0	5
2	[Others]	0.000357	100.0	7
1	Spin and Overhead Time	0.660s (12.1% of CPU Time)
2	Top Functions with Spin or Overhead Time	
2	Function	Module	Spin and Overhead Time	(% from CPU Time)(%)
2	__kmp_fork_barrier	libiomp5.so	0.620000	11.4
2	__kmp_get_global_thread_id_reg	libiomp5.so	0.030000	0.6
2	__kmp_join_call	libiomp5.so	0.010000	0.2
0	Collection and Platform Info	
1	Application Command Line	hotspot "1024" "1024" "2" "4" "../../data/hotspot/temp_1024" "../../data/hotspot/power_1024" "output.txt" 
1	Operating System	3.10.0-1160.15.2.1chaos.ch6.x86_64 NAME="Red Hat Enterprise Linux Server" VERSION="7.9 (Maipo)" ID="rhel" ID_LIKE="fedora" VARIANT="Server" VARIANT_ID="server" VERSION_ID="7.9" PRETTY_NAME="Red Hat Enterprise Linux Server 7.9 (Maipo)" ANSI_COLOR="0;31" CPE_NAME="cpe:/o:redhat:enterprise_linux:7.9:GA:server" HOME_URL="https://www.redhat.com/" BUG_REPORT_URL="https://bugzilla.redhat.com/"  REDHAT_BUGZILLA_PRODUCT="Red Hat Enterprise Linux 7" REDHAT_BUGZILLA_PRODUCT_VERSION=7.9 REDHAT_SUPPORT_PRODUCT="Red Hat Enterprise Linux" REDHAT_SUPPORT_PRODUCT_VERSION="7.9"
1	Computer Name	quartz50
1	Result Size	4126358
1	Collection start time	21:15:18 21/04/2021 UTC
1	Collection stop time	21:15:24 21/04/2021 UTC
1	Collector Type	User-mode sampling and tracing
1	CPU	
2	Name	Intel(R) Xeon(R) Processor code named Broadwell
2	Frequency	2095146911
2	Logical CPU Count	72
