Hierarchy Level	Metric Name	Metric Value
0	Elapsed Time	1.421330
1	Paused Time	0.0
0	Effective CPU Utilization	1.2% (0.875 out of 72 logical CPUs)
1	OpenMP Analysis. Collection Time	1.421330
2	Serial Time (outside parallel regions)	1.412s (99.4%)
3	Top Serial Hotspots (outside parallel regions)	
3	Function	Module	Serial CPU Time
3	read_input	hotspot	0.460007
3	read_input	hotspot	0.430011
3	sprintf	libc.so.6	0.149994
3	sscanf	libc.so.6	0.129988
3	__kmp_get_global_thread_id_reg	libiomp5.so	0.030000
3	[Others]	N/A	0.070000
2	Parallel Region Time	0.009s (0.6%)
3	Estimated Ideal Time	0.004s (0.3%)
3	OpenMP Potential Gain	0.005s (0.4%)
1	Total Thread Count	9
2	Thread Oversubscription	0s (0.0% of CPU Time)
1	Wait Time with poor CPU Utilization	0.187s (100.0% of Wait Time)
2	Top Waiting Objects	
2	Sync Object	Wait Time with poor CPU Utilization	(% from Object Wait Time)(%)	Wait Count
2	Condition Variable 0x74c978ed	0.180572	100.0	14
2	Stream output.txt 0xa743c40b	0.002611	100.0	1
2	Mutex 0x6cb3026d	0.001639	100.0	1
2	Stream ../../data/hotspot/power_512 0xb6825068	0.001091	100.0	1
2	Stream ../../data/hotspot/temp_512 0x31259b27	0.001018	100.0	1
2	[Others]	0.000478	100.0	8
1	Spin and Overhead Time	1.640s (57.1% of CPU Time)
2	Top Functions with Spin or Overhead Time	
2	Function	Module	Spin and Overhead Time	(% from CPU Time)(%)
2	__kmp_fork_barrier	libiomp5.so	1.600000	55.7
2	__kmp_get_global_thread_id_reg	libiomp5.so	0.030000	1.0
2	__kmp_create_worker	libiomp5.so	0.010000	0.3
0	Collection and Platform Info	
1	Application Command Line	hotspot "512" "512" "2" "9" "../../data/hotspot/temp_512" "../../data/hotspot/power_512" "output.txt" 
1	Operating System	3.10.0-1160.15.2.1chaos.ch6.x86_64 NAME="Red Hat Enterprise Linux Server" VERSION="7.9 (Maipo)" ID="rhel" ID_LIKE="fedora" VARIANT="Server" VARIANT_ID="server" VERSION_ID="7.9" PRETTY_NAME="Red Hat Enterprise Linux Server 7.9 (Maipo)" ANSI_COLOR="0;31" CPE_NAME="cpe:/o:redhat:enterprise_linux:7.9:GA:server" HOME_URL="https://www.redhat.com/" BUG_REPORT_URL="https://bugzilla.redhat.com/"  REDHAT_BUGZILLA_PRODUCT="Red Hat Enterprise Linux 7" REDHAT_BUGZILLA_PRODUCT_VERSION=7.9 REDHAT_SUPPORT_PRODUCT="Red Hat Enterprise Linux" REDHAT_SUPPORT_PRODUCT_VERSION="7.9"
1	Computer Name	quartz50
1	Result Size	4048526
1	Collection start time	21:12:16 21/04/2021 UTC
1	Collection stop time	21:12:18 21/04/2021 UTC
1	Collector Type	User-mode sampling and tracing
1	CPU	
2	Name	Intel(R) Xeon(R) Processor code named Broadwell
2	Frequency	2095146667
2	Logical CPU Count	72
