Hierarchy Level	Metric Name	Metric Value
0	Elapsed Time	0.171141
1	Paused Time	0.0
0	Effective CPU Utilization	0.2% (0.178 out of 72 logical CPUs)
1	OpenMP Analysis. Collection Time	0.171141
2	Serial Time (outside parallel regions)	0.161s (94.0%)
3	Top Serial Hotspots (outside parallel regions)	
3	Function	Module	Serial CPU Time
3	__kmp_get_global_thread_id_reg	libiomp5.so	0.030000
3	read_input	hotspot	0.010000
3	sprintf	libc.so.6	0.010000
3	read_input	hotspot	0.010000
2	Parallel Region Time	0.010s (6.0%)
3	Estimated Ideal Time	0.005s (2.6%)
3	OpenMP Potential Gain	0.006s (3.4%)
1	Total Thread Count	9
2	Thread Oversubscription	0s (0.0% of CPU Time)
1	Wait Time with poor CPU Utilization	0.030s (100.0% of Wait Time)
2	Top Waiting Objects	
2	Sync Object	Wait Time with poor CPU Utilization	(% from Object Wait Time)(%)	Wait Count
2	Condition Variable 0x74c978ed	0.026959	100.0	5
2	Stream output.txt 0xa743c40b	0.001395	100.0	1
2	Stream ../../data/hotspot/temp_64 0x31259b27	0.000840	100.0	1
2	Stream ../../data/hotspot/power_64 0xb6825068	0.000794	100.0	1
2	Stream 0x8c12bedc	0.000210	100.0	1
2	[Others]	0.000173	100.0	7
1	Spin and Overhead Time	0.240s (88.9% of CPU Time)
2	Top Functions with Spin or Overhead Time	
2	Function	Module	Spin and Overhead Time	(% from CPU Time)(%)
2	__kmp_fork_barrier	libiomp5.so	0.210000	77.8
2	__kmp_get_global_thread_id_reg	libiomp5.so	0.030000	11.1
0	Collection and Platform Info	
1	Application Command Line	hotspot "64" "64" "2" "9" "../../data/hotspot/temp_64" "../../data/hotspot/power_64" "output.txt" 
1	Operating System	3.10.0-1160.15.2.1chaos.ch6.x86_64 NAME="Red Hat Enterprise Linux Server" VERSION="7.9 (Maipo)" ID="rhel" ID_LIKE="fedora" VARIANT="Server" VARIANT_ID="server" VERSION_ID="7.9" PRETTY_NAME="Red Hat Enterprise Linux Server 7.9 (Maipo)" ANSI_COLOR="0;31" CPE_NAME="cpe:/o:redhat:enterprise_linux:7.9:GA:server" HOME_URL="https://www.redhat.com/" BUG_REPORT_URL="https://bugzilla.redhat.com/"  REDHAT_BUGZILLA_PRODUCT="Red Hat Enterprise Linux 7" REDHAT_BUGZILLA_PRODUCT_VERSION=7.9 REDHAT_SUPPORT_PRODUCT="Red Hat Enterprise Linux" REDHAT_SUPPORT_PRODUCT_VERSION="7.9"
1	Computer Name	quartz50
1	Result Size	3641739
1	Collection start time	21:10:07 21/04/2021 UTC
1	Collection stop time	21:10:08 21/04/2021 UTC
1	Collector Type	User-mode sampling and tracing
1	CPU	
2	Name	Intel(R) Xeon(R) Processor code named Broadwell
2	Frequency	2095146006
2	Logical CPU Count	72
