Hierarchy Level	Metric Name	Metric Value
0	Elapsed Time	1.804394
1	Paused Time	0.0
0	Effective CPU Utilization	1.1% (0.801 out of 72 logical CPUs)
1	OpenMP Analysis. Collection Time	1.804394
2	Serial Time (outside parallel regions)	1.279s (70.9%)
3	Top Serial Hotspots (outside parallel regions)	
3	Function	Module	Serial CPU Time
3	printf	libc.so.6	0.710000
3	rand	libc.so.6	0.159996
3	__kmp_join_call	libiomp5.so	0.119904
3	main	pathfinder	0.050004
3	__kmp_get_global_thread_id_reg	libiomp5.so	0.030000
3	[Others]	N/A	0.029967
2	Parallel Region Time	0.526s (29.1%)
3	Estimated Ideal Time	0.397s (22.0%)
3	OpenMP Potential Gain	0.129s (7.1%)
1	Total Thread Count	18
2	Thread Oversubscription	0s (0.0% of CPU Time)
1	Wait Time with poor CPU Utilization	0.309s (100.0% of Wait Time)
2	Top Waiting Objects	
2	Sync Object	Wait Time with poor CPU Utilization	(% from Object Wait Time)(%)	Wait Count
2	Condition Variable 0x74c978ed	0.306261	100.0	15
2	Mutex 0x6cb3026d	0.001374	100.0	3
2	Stream 0x2bc6bc06	0.000839	100.0	1
2	Stream /proc/cpuinfo 0xcd775da3	0.000051	100.0	1
2	Stream 0x8da665c1	0.000038	100.0	1
2	[Others]	0.000052	100.0	4
1	Spin and Overhead Time	11.861s (89.2% of CPU Time)
2	Top Functions with Spin or Overhead Time	
2	Function	Module	Spin and Overhead Time	(% from CPU Time)(%)
2	__kmp_fork_barrier	libiomp5.so	10.830784	81.4
2	__kmp_fork_call	libiomp5.so	0.350192	2.6
2	__kmp_join_barrier	libiomp5.so	0.300013	2.3
2	__kmp_join_call	libiomp5.so	0.199841	1.5
2	_INTERNAL_23_______src_kmp_sched_cpp_20354e55::__kmp_itt_metadata_loop	libiomp5.so	0.040001	0.3
2	[Others]	N/A	0.140054	1.1
0	Collection and Platform Info	
1	Application Command Line	pathfinder "1000" "10000" 
1	Operating System	3.10.0-1160.15.2.1chaos.ch6.x86_64 NAME="Red Hat Enterprise Linux Server" VERSION="7.9 (Maipo)" ID="rhel" ID_LIKE="fedora" VARIANT="Server" VARIANT_ID="server" VERSION_ID="7.9" PRETTY_NAME="Red Hat Enterprise Linux Server 7.9 (Maipo)" ANSI_COLOR="0;31" CPE_NAME="cpe:/o:redhat:enterprise_linux:7.9:GA:server" HOME_URL="https://www.redhat.com/" BUG_REPORT_URL="https://bugzilla.redhat.com/"  REDHAT_BUGZILLA_PRODUCT="Red Hat Enterprise Linux 7" REDHAT_BUGZILLA_PRODUCT_VERSION=7.9 REDHAT_SUPPORT_PRODUCT="Red Hat Enterprise Linux" REDHAT_SUPPORT_PRODUCT_VERSION="7.9"
1	Computer Name	quartz2441
1	Result Size	12555187
1	Collection start time	00:58:41 22/04/2021 UTC
1	Collection stop time	00:58:43 22/04/2021 UTC
1	Collector Type	User-mode sampling and tracing
1	CPU	
2	Name	Intel(R) Xeon(R) Processor code named Broadwell
2	Frequency	2095146836
2	Logical CPU Count	72
