Hierarchy Level	Metric Name	Metric Value
0	Elapsed Time	14.193054
1	SP GFLOPS	0.0
1	DP GFLOPS	0.0
1	x87 GFLOPS	0.0
1	CPI Rate	0.554801
1	Average CPU Frequency	2736215778.152596
1	Total Thread Count	18
0	Effective Physical Core Utilization	2.6% (0.953 out of 36)
1	Effective Logical Core Utilization	1.3% (0.933 out of 72)
1	Serial Time (outside parallel regions)	13.704s (96.6%)
2	Top Serial Hotspots (outside parallel regions)	
2	Function	Module	Serial CPU Time
2	_IO_vfprintf	libc-2.17.so	5.111813
2	random	libc-2.17.so	1.713961
2	_IO_file_xsputn	libc-2.17.so	1.132617
2	[Outside any known module]	[Unknown]	0.701621
2	strchrnul	libc-2.17.so	0.561297
2	[Others]	N/A	1.703938
1	Parallel Region Time	0.489s (3.4%)
2	Estimated Ideal Time	0.123s (0.9%)
2	OpenMP Potential Gain	0.366s (2.6%)
0	Memory Bound	13.7
1	Cache Bound	6.7
1	DRAM Bound	0.3
1	NUMA: % of Remote Accesses	0.0
0	Vectorization	0.0
1	Instruction Mix	
2	SP FLOPs	0.0
3	Packed	0.0
4	128-bit	0.0
4	256-bit	0.0
3	Scalar	0.0
2	DP FLOPs	0.0
3	Packed	0.0
4	128-bit	0.0
4	256-bit	0.0
3	Scalar	0.0
2	x87 FLOPs	0.0
2	Non-FP	100.0
1	FP Arith/Mem Rd Instr. Ratio	0.0
1	FP Arith/Mem Wr Instr. Ratio	0.0
0	Collection and Platform Info	
1	Application Command Line	pathfinder "10000" "10000" 
1	Operating System	3.10.0-1160.15.2.1chaos.ch6.x86_64 NAME="Red Hat Enterprise Linux Server" VERSION="7.9 (Maipo)" ID="rhel" ID_LIKE="fedora" VARIANT="Server" VARIANT_ID="server" VERSION_ID="7.9" PRETTY_NAME="Red Hat Enterprise Linux Server 7.9 (Maipo)" ANSI_COLOR="0;31" CPE_NAME="cpe:/o:redhat:enterprise_linux:7.9:GA:server" HOME_URL="https://www.redhat.com/" BUG_REPORT_URL="https://bugzilla.redhat.com/"  REDHAT_BUGZILLA_PRODUCT="Red Hat Enterprise Linux 7" REDHAT_BUGZILLA_PRODUCT_VERSION=7.9 REDHAT_SUPPORT_PRODUCT="Red Hat Enterprise Linux" REDHAT_SUPPORT_PRODUCT_VERSION="7.9"
1	Computer Name	quartz2441
1	Result Size	18026324
1	Collection start time	01:12:33 22/04/2021 UTC
1	Collection stop time	01:12:47 22/04/2021 UTC
1	Collector Type	Driverless Perf per-process sampling
1	CPU	
2	Name	Intel(R) Xeon(R) Processor code named Broadwell
2	Frequency	2095146954
2	Logical CPU Count	72
