Hierarchy Level	Metric Name	Metric Value
0	Elapsed Time	11.426955
1	Paused Time	0.0
0	Effective CPU Utilization	1.4% (1.005 out of 72 logical CPUs)
1	OpenMP Analysis. Collection Time	11.426955
2	Serial Time (outside parallel regions)	10.732s (93.9%)
3	Top Serial Hotspots (outside parallel regions)	
3	Function	Module	Serial CPU Time
3	printf	libc.so.6	8.069992
3	rand	libc.so.6	1.749978
3	main	pathfinder	0.539677
3	__kmp_join_call	libiomp5.so	0.109904
3	func@0x4011c0	pathfinder	0.030352
3	[Others]	N/A	0.049989
2	Parallel Region Time	0.695s (6.1%)
3	Estimated Ideal Time	0.420s (3.7%)
3	OpenMP Potential Gain	0.275s (2.4%)
1	Total Thread Count	18
2	Thread Oversubscription	0s (0.0% of CPU Time)
1	Wait Time with poor CPU Utilization	0.548s (100.0% of Wait Time)
2	Top Waiting Objects	
2	Sync Object	Wait Time with poor CPU Utilization	(% from Object Wait Time)(%)	Wait Count
2	Condition Variable 0x74c978ed	0.543514	100.0	30
2	Mutex 0x6cb3026d	0.002741	100.0	6
2	Stream 0x2bc6bc06	0.000723	100.0	1
2	Stream 0xdef56053	0.000578	100.0	15
2	Stream /proc/cpuinfo 0xcd775da3	0.000050	100.0	1
2	[Others]	0.000072	100.0	4
1	Spin and Overhead Time	13.970s (54.9% of CPU Time)
2	Top Functions with Spin or Overhead Time	
2	Function	Module	Spin and Overhead Time	(% from CPU Time)(%)
2	__kmp_fork_barrier	libiomp5.so	13.069752	51.4
2	__kmp_fork_call	libiomp5.so	0.360180	1.4
2	__kmp_join_barrier	libiomp5.so	0.239991	0.9
2	__kmp_join_call	libiomp5.so	0.159890	0.6
2	_INTERNAL_25_______src_kmp_runtime_cpp_ddfed41b::__kmp_itt_stack_callee_enter	libiomp5.so	0.040070	0.2
2	[Others]	N/A	0.099958	0.4
0	Collection and Platform Info	
1	Application Command Line	pathfinder "10000" "10000" 
1	Operating System	3.10.0-1160.15.2.1chaos.ch6.x86_64 NAME="Red Hat Enterprise Linux Server" VERSION="7.9 (Maipo)" ID="rhel" ID_LIKE="fedora" VARIANT="Server" VARIANT_ID="server" VERSION_ID="7.9" PRETTY_NAME="Red Hat Enterprise Linux Server 7.9 (Maipo)" ANSI_COLOR="0;31" CPE_NAME="cpe:/o:redhat:enterprise_linux:7.9:GA:server" HOME_URL="https://www.redhat.com/" BUG_REPORT_URL="https://bugzilla.redhat.com/"  REDHAT_BUGZILLA_PRODUCT="Red Hat Enterprise Linux 7" REDHAT_BUGZILLA_PRODUCT_VERSION=7.9 REDHAT_SUPPORT_PRODUCT="Red Hat Enterprise Linux" REDHAT_SUPPORT_PRODUCT_VERSION="7.9"
1	Computer Name	quartz2441
1	Result Size	12736082
1	Collection start time	01:12:04 22/04/2021 UTC
1	Collection stop time	01:12:16 22/04/2021 UTC
1	Collector Type	User-mode sampling and tracing
1	CPU	
2	Name	Intel(R) Xeon(R) Processor code named Broadwell
2	Frequency	2095147060
2	Logical CPU Count	72
