Hierarchy Level	Metric Name	Metric Value
0	Elapsed Time	6.481254
1	Paused Time	0.0
0	Effective CPU Utilization	0.5% (0.343 out of 72 logical CPUs)
1	OpenMP Analysis. Collection Time	6.481254
2	Serial Time (outside parallel regions)	2.345s (36.2%)
3	Top Serial Hotspots (outside parallel regions)	
3	Function	Module	Serial CPU Time
3	__kmp_join_call	libiomp5.so	1.021981
3	printf	libc.so.6	0.670008
3	rand	libc.so.6	0.180003
3	main	pathfinder	0.069990
3	__kmp_fork_call	libiomp5.so	0.059911
3	[Others]	N/A	0.079994
2	Parallel Region Time	4.136s (63.8%)
3	Estimated Ideal Time	3.525s (54.4%)
3	OpenMP Potential Gain	0.611s (9.4%)
1	Total Thread Count	18
2	Thread Oversubscription	0s (0.0% of CPU Time)
1	Wait Time with poor CPU Utilization	0.359s (100.0% of Wait Time)
2	Top Waiting Objects	
2	Sync Object	Wait Time with poor CPU Utilization	(% from Object Wait Time)(%)	Wait Count
2	Condition Variable 0x74c978ed	0.358790	100.0	15
2	Stream 0x2bc6bc06	0.000182	100.0	1
2	Stream /proc/cpuinfo 0xcd775da3	0.000094	100.0	2
2	Stream 0x8da665c1	0.000032	100.0	1
2	Stream /proc/meminfo 0x1c79bb26	0.000013	100.0	1
2	[Others]	0.000034	100.0	3
1	Spin and Overhead Time	94.740s (97.7% of CPU Time)
2	Top Functions with Spin or Overhead Time	
2	Function	Module	Spin and Overhead Time	(% from CPU Time)(%)
2	__kmp_fork_barrier	libiomp5.so	86.369578	89.1
2	__kmp_fork_call	libiomp5.so	3.368220	3.5
2	__kmp_join_barrier	libiomp5.so	2.599952	2.7
2	__kmp_join_call	libiomp5.so	1.211741	1.2
2	_INTERNAL_25_______src_kmp_runtime_cpp_ddfed41b::__kmp_itt_stack_callee_enter	libiomp5.so	0.340128	0.4
2	[Others]	N/A	0.850325	0.9
0	Collection and Platform Info	
1	Application Command Line	pathfinder "100" "100000" 
1	Operating System	3.10.0-1160.15.2.1chaos.ch6.x86_64 NAME="Red Hat Enterprise Linux Server" VERSION="7.9 (Maipo)" ID="rhel" ID_LIKE="fedora" VARIANT="Server" VARIANT_ID="server" VERSION_ID="7.9" PRETTY_NAME="Red Hat Enterprise Linux Server 7.9 (Maipo)" ANSI_COLOR="0;31" CPE_NAME="cpe:/o:redhat:enterprise_linux:7.9:GA:server" HOME_URL="https://www.redhat.com/" BUG_REPORT_URL="https://bugzilla.redhat.com/"  REDHAT_BUGZILLA_PRODUCT="Red Hat Enterprise Linux 7" REDHAT_BUGZILLA_PRODUCT_VERSION=7.9 REDHAT_SUPPORT_PRODUCT="Red Hat Enterprise Linux" REDHAT_SUPPORT_PRODUCT_VERSION="7.9"
1	Computer Name	quartz2441
1	Result Size	83031353
1	Collection start time	00:50:38 22/04/2021 UTC
1	Collection stop time	00:50:45 22/04/2021 UTC
1	Collector Type	User-mode sampling and tracing
1	CPU	
2	Name	Intel(R) Xeon(R) Processor code named Broadwell
2	Frequency	2095146908
2	Logical CPU Count	72
