Hierarchy Level	Metric Name	Metric Value
0	Elapsed Time	107.610916
1	Paused Time	0.0
0	Effective CPU Utilization	1.5% (1.096 out of 72 logical CPUs)
1	OpenMP Analysis. Collection Time	107.610916
2	Serial Time (outside parallel regions)	106.357s (98.8%)
3	Top Serial Hotspots (outside parallel regions)	
3	Function	Module	Serial CPU Time
3	printf	libc.so.6	77.498186
3	rand	libc.so.6	17.250753
3	main	pathfinder	5.849288
3	func@0x4011c0	pathfinder	0.369996
3	__kmp_join_call	libiomp5.so	0.091701
3	[Others]	N/A	0.070000
2	Parallel Region Time	1.254s (1.2%)
3	Estimated Ideal Time	0.838s (0.8%)
3	OpenMP Potential Gain	0.416s (0.4%)
1	Total Thread Count	36
2	Thread Oversubscription	0s (0.0% of CPU Time)
1	Wait Time with poor CPU Utilization	112.125s (100.0% of Wait Time)
2	Top Waiting Objects	
2	Sync Object	Wait Time with poor CPU Utilization	(% from Object Wait Time)(%)	Wait Count
2	Condition Variable 0x74c978ed	112.118215	100.0	103
2	Stream 0x8da665c1	0.003982	100.0	101
2	Mutex 0x6cb3026d	0.001360	100.0	7
2	Stream 0x2bc6bc06	0.000817	100.0	1
2	Stream /proc/cpuinfo 0xcd775da3	0.000132	100.0	3
2	[Others]	0.000049	100.0	4
1	Spin and Overhead Time	39.552s (25.4% of CPU Time)
2	Top Functions with Spin or Overhead Time	
2	Function	Module	Spin and Overhead Time	(% from CPU Time)(%)
2	__kmp_fork_barrier	libiomp5.so	37.528129	24.1
2	__kmp_join_barrier	libiomp5.so	1.059911	0.7
2	__kmp_fork_call	libiomp5.so	0.490405	0.3
2	__kmp_join_call	libiomp5.so	0.241539	0.2
2	_INTERNAL_25_______src_kmp_runtime_cpp_ddfed41b::__kmp_itt_stack_callee_leave	libiomp5.so	0.060068	0.0
2	[Others]	N/A	0.171763	0.1
0	Collection and Platform Info	
1	Application Command Line	pathfinder "100000" "10000" 
1	Operating System	3.10.0-1160.15.2.1chaos.ch6.x86_64 NAME="Red Hat Enterprise Linux Server" VERSION="7.9 (Maipo)" ID="rhel" ID_LIKE="fedora" VARIANT="Server" VARIANT_ID="server" VERSION_ID="7.9" PRETTY_NAME="Red Hat Enterprise Linux Server 7.9 (Maipo)" ANSI_COLOR="0;31" CPE_NAME="cpe:/o:redhat:enterprise_linux:7.9:GA:server" HOME_URL="https://www.redhat.com/" BUG_REPORT_URL="https://bugzilla.redhat.com/"  REDHAT_BUGZILLA_PRODUCT="Red Hat Enterprise Linux 7" REDHAT_BUGZILLA_PRODUCT_VERSION=7.9 REDHAT_SUPPORT_PRODUCT="Red Hat Enterprise Linux" REDHAT_SUPPORT_PRODUCT_VERSION="7.9"
1	Computer Name	quartz2441
1	Result Size	16159227
1	Collection start time	01:39:23 22/04/2021 UTC
1	Collection stop time	01:41:11 22/04/2021 UTC
1	Collector Type	User-mode sampling and tracing
1	CPU	
2	Name	Intel(R) Xeon(R) Processor code named Broadwell
2	Frequency	2095146998
2	Logical CPU Count	72
