Hierarchy Level	Metric Name	Metric Value
0	Elapsed Time	7.379755
1	Paused Time	0.0
0	Effective CPU Utilization	0.8% (0.561 out of 72 logical CPUs)
1	OpenMP Analysis. Collection Time	7.379755
2	Serial Time (outside parallel regions)	2.512s (34.0%)
3	Top Serial Hotspots (outside parallel regions)	
3	Function	Module	Serial CPU Time
3	__kmp_join_call	libiomp5.so	1.126925
3	printf	libc.so.6	0.719999
3	rand	libc.so.6	0.190003
3	__kmp_get_global_thread_id_reg	libiomp5.so	0.030000
3	main	pathfinder	0.029972
3	[Others]	N/A	0.030000
2	Parallel Region Time	4.868s (66.0%)
3	Estimated Ideal Time	4.152s (56.3%)
3	OpenMP Potential Gain	0.716s (9.7%)
1	Total Thread Count	36
2	Thread Oversubscription	0s (0.0% of CPU Time)
1	Wait Time with poor CPU Utilization	1.983s (100.0% of Wait Time)
2	Top Waiting Objects	
2	Sync Object	Wait Time with poor CPU Utilization	(% from Object Wait Time)(%)	Wait Count
2	Condition Variable 0x74c978ed	1.980687	100.0	31
2	Stream 0x8da665c1	0.000848	100.0	1
2	Stream 0x2bc6bc06	0.000826	100.0	1
2	Mutex 0x6cb3026d	0.000228	100.0	6
2	Stream /proc/cpuinfo 0xcd775da3	0.000054	100.0	1
2	[Others]	0.000052	100.0	4
1	Spin and Overhead Time	217.429s (98.1% of CPU Time)
2	Top Functions with Spin or Overhead Time	
2	Function	Module	Spin and Overhead Time	(% from CPU Time)(%)
2	__kmp_fork_barrier	libiomp5.so	203.007983	91.6
2	__kmp_join_barrier	libiomp5.so	6.279896	2.8
2	__kmp_fork_call	libiomp5.so	4.044319	1.8
2	__kmp_join_call	libiomp5.so	1.416561	0.6
2	_INTERNAL_25_______src_kmp_runtime_cpp_ddfed41b::__kmp_itt_stack_callee_leave	libiomp5.so	1.039443	0.5
2	[Others]	N/A	1.641139	0.7
0	Collection and Platform Info	
1	Application Command Line	pathfinder "100" "100000" 
1	Operating System	3.10.0-1160.15.2.1chaos.ch6.x86_64 NAME="Red Hat Enterprise Linux Server" VERSION="7.9 (Maipo)" ID="rhel" ID_LIKE="fedora" VARIANT="Server" VARIANT_ID="server" VERSION_ID="7.9" PRETTY_NAME="Red Hat Enterprise Linux Server 7.9 (Maipo)" ANSI_COLOR="0;31" CPE_NAME="cpe:/o:redhat:enterprise_linux:7.9:GA:server" HOME_URL="https://www.redhat.com/" BUG_REPORT_URL="https://bugzilla.redhat.com/"  REDHAT_BUGZILLA_PRODUCT="Red Hat Enterprise Linux 7" REDHAT_BUGZILLA_PRODUCT_VERSION=7.9 REDHAT_SUPPORT_PRODUCT="Red Hat Enterprise Linux" REDHAT_SUPPORT_PRODUCT_VERSION="7.9"
1	Computer Name	quartz2441
1	Result Size	86382541
1	Collection start time	00:49:17 22/04/2021 UTC
1	Collection stop time	00:49:25 22/04/2021 UTC
1	Collector Type	User-mode sampling and tracing
1	CPU	
2	Name	Intel(R) Xeon(R) Processor code named Broadwell
2	Frequency	2095147100
2	Logical CPU Count	72
