Hierarchy Level	Metric Name	Metric Value
0	Elapsed Time	105.664967
1	Paused Time	0.0
0	Effective CPU Utilization	1.8% (1.276 out of 72 logical CPUs)
1	OpenMP Analysis. Collection Time	105.664967
2	Serial Time (outside parallel regions)	97.676s (92.4%)
3	Top Serial Hotspots (outside parallel regions)	
3	Function	Module	Serial CPU Time
3	printf	libc.so.6	70.899359
3	rand	libc.so.6	16.379778
3	main	pathfinder	5.560878
3	__kmp_join_call	libiomp5.so	1.154563
3	func@0x4011c0	pathfinder	0.319986
3	[Others]	N/A	0.089923
2	Parallel Region Time	7.989s (7.6%)
3	Estimated Ideal Time	5.626s (5.3%)
3	OpenMP Potential Gain	2.363s (2.2%)
1	Total Thread Count	36
2	Thread Oversubscription	0s (0.0% of CPU Time)
1	Wait Time with poor CPU Utilization	31.898s (100.0% of Wait Time)
2	Top Waiting Objects	
2	Sync Object	Wait Time with poor CPU Utilization	(% from Object Wait Time)(%)	Wait Count
2	Condition Variable 0x74c978ed	31.892564	100.0	101
2	Stream 0x8da665c1	0.003129	100.0	49
2	Mutex 0x6cb3026d	0.001325	100.0	6
2	Stream 0x2bc6bc06	0.000491	100.0	1
2	Stream /proc/cpuinfo 0xcd775da3	0.000054	100.0	1
2	[Others]	0.000044	100.0	4
1	Spin and Overhead Time	273.183s (67.5% of CPU Time)
2	Top Functions with Spin or Overhead Time	
2	Function	Module	Spin and Overhead Time	(% from CPU Time)(%)
2	__kmp_fork_barrier	libiomp5.so	254.181486	62.8
2	__kmp_join_barrier	libiomp5.so	8.879299	2.2
2	__kmp_fork_call	libiomp5.so	4.666699	1.2
2	__kmp_join_call	libiomp5.so	2.624017	0.6
2	_INTERNAL_25_______src_kmp_runtime_cpp_ddfed41b::__kmp_itt_stack_callee_enter	libiomp5.so	1.280790	0.3
2	[Others]	N/A	1.550242	0.4
0	Collection and Platform Info	
1	Application Command Line	pathfinder "10000" "100000" 
1	Operating System	3.10.0-1160.15.2.1chaos.ch6.x86_64 NAME="Red Hat Enterprise Linux Server" VERSION="7.9 (Maipo)" ID="rhel" ID_LIKE="fedora" VARIANT="Server" VARIANT_ID="server" VERSION_ID="7.9" PRETTY_NAME="Red Hat Enterprise Linux Server 7.9 (Maipo)" ANSI_COLOR="0;31" CPE_NAME="cpe:/o:redhat:enterprise_linux:7.9:GA:server" HOME_URL="https://www.redhat.com/" BUG_REPORT_URL="https://bugzilla.redhat.com/"  REDHAT_BUGZILLA_PRODUCT="Red Hat Enterprise Linux 7" REDHAT_BUGZILLA_PRODUCT_VERSION=7.9 REDHAT_SUPPORT_PRODUCT="Red Hat Enterprise Linux" REDHAT_SUPPORT_PRODUCT_VERSION="7.9"
1	Computer Name	quartz2441
1	Result Size	91130207
1	Collection start time	01:15:11 22/04/2021 UTC
1	Collection stop time	01:16:58 22/04/2021 UTC
1	Collector Type	User-mode sampling and tracing
1	CPU	
2	Name	Intel(R) Xeon(R) Processor code named Broadwell
2	Frequency	2095146997
2	Logical CPU Count	72
