Hierarchy Level	Metric Name	Metric Value
0	Elapsed Time	1.504465
1	Paused Time	0.0
0	Effective CPU Utilization	1.8% (1.307 out of 72 logical CPUs)
1	OpenMP Analysis. Collection Time	1.504465
2	Serial Time (outside parallel regions)	1.375s (91.4%)
3	Top Serial Hotspots (outside parallel regions)	
3	Function	Module	Serial CPU Time
3	printf	libc.so.6	0.750002
3	rand	libc.so.6	0.160003
3	main	pathfinder	0.069996
3	__kmp_get_global_thread_id_reg	libiomp5.so	0.030000
3	__kmp_join_call	libiomp5.so	0.019984
3	func@0x4011c0	pathfinder	0.010000
2	Parallel Region Time	0.129s (8.6%)
3	Estimated Ideal Time	0.076s (5.1%)
3	OpenMP Potential Gain	0.053s (3.5%)
1	Total Thread Count	36
2	Thread Oversubscription	0s (0.0% of CPU Time)
1	Wait Time with poor CPU Utilization	1.929s (100.0% of Wait Time)
2	Top Waiting Objects	
2	Sync Object	Wait Time with poor CPU Utilization	(% from Object Wait Time)(%)	Wait Count
2	Condition Variable 0x74c978ed	1.927273	100.0	31
2	Mutex 0x6cb3026d	0.001059	100.0	4
2	Stream 0x2bc6bc06	0.000745	100.0	1
2	Stream /proc/cpuinfo 0xcd775da3	0.000096	100.0	2
2	Stream 0xdef56053	0.000035	100.0	1
2	[Others]	0.000049	100.0	4
1	Spin and Overhead Time	6.539s (76.9% of CPU Time)
2	Top Functions with Spin or Overhead Time	
2	Function	Module	Spin and Overhead Time	(% from CPU Time)(%)
2	__kmp_fork_barrier	libiomp5.so	6.079015	71.5
2	__kmp_join_barrier	libiomp5.so	0.279920	3.3
2	__kmp_fork_call	libiomp5.so	0.070022	0.8
2	__kmp_join_call	libiomp5.so	0.049979	0.6
2	__kmp_get_global_thread_id_reg	libiomp5.so	0.030000	0.4
2	[Others]	N/A	0.030244	0.4
0	Collection and Platform Info	
1	Application Command Line	pathfinder "10000" "1000" 
1	Operating System	3.10.0-1160.15.2.1chaos.ch6.x86_64 NAME="Red Hat Enterprise Linux Server" VERSION="7.9 (Maipo)" ID="rhel" ID_LIKE="fedora" VARIANT="Server" VARIANT_ID="server" VERSION_ID="7.9" PRETTY_NAME="Red Hat Enterprise Linux Server 7.9 (Maipo)" ANSI_COLOR="0;31" CPE_NAME="cpe:/o:redhat:enterprise_linux:7.9:GA:server" HOME_URL="https://www.redhat.com/" BUG_REPORT_URL="https://bugzilla.redhat.com/"  REDHAT_BUGZILLA_PRODUCT="Red Hat Enterprise Linux 7" REDHAT_BUGZILLA_PRODUCT_VERSION=7.9 REDHAT_SUPPORT_PRODUCT="Red Hat Enterprise Linux" REDHAT_SUPPORT_PRODUCT_VERSION="7.9"
1	Computer Name	quartz2441
1	Result Size	5030029
1	Collection start time	01:08:31 22/04/2021 UTC
1	Collection stop time	01:08:33 22/04/2021 UTC
1	Collector Type	User-mode sampling and tracing
1	CPU	
2	Name	Intel(R) Xeon(R) Processor code named Broadwell
2	Frequency	2095147012
2	Logical CPU Count	72
