Hierarchy Level	Metric Name	Metric Value
0	Elapsed Time	1.078889
1	Paused Time	0.0
0	Effective CPU Utilization	0.2% (0.140 out of 72 logical CPUs)
1	OpenMP Analysis. Collection Time	1.078889
2	Serial Time (outside parallel regions)	0.593s (55.0%)
3	Top Serial Hotspots (outside parallel regions)	
3	Function	Module	Serial CPU Time
3	__kmp_join_call	libiomp5.so	0.153511
3	printf	libc.so.6	0.059999
3	__kmp_get_global_thread_id_reg	libiomp5.so	0.030000
3	main	pathfinder	0.020006
3	__kmp_fork_call	libiomp5.so	0.010000
3	rand	libc.so.6	0.009995
2	Parallel Region Time	0.486s (45.0%)
3	Estimated Ideal Time	0.410s (38.0%)
3	OpenMP Potential Gain	0.076s (7.0%)
1	Total Thread Count	36
2	Thread Oversubscription	0s (0.0% of CPU Time)
1	Wait Time with poor CPU Utilization	1.859s (100.0% of Wait Time)
2	Top Waiting Objects	
2	Sync Object	Wait Time with poor CPU Utilization	(% from Object Wait Time)(%)	Wait Count
2	Condition Variable 0x74c978ed	1.858000	100.0	33
2	Stream 0x2bc6bc06	0.000715	100.0	1
2	Mutex 0x6cb3026d	0.000061	100.0	7
2	Stream /proc/cpuinfo 0xcd775da3	0.000059	100.0	1
2	Stream /sys/kernel/mm/transparent_hugepage/enabled 0xef9fa35b	0.000015	100.0	1
2	[Others]	0.000040	100.0	3
1	Spin and Overhead Time	24.240s (99.4% of CPU Time)
2	Top Functions with Spin or Overhead Time	
2	Function	Module	Spin and Overhead Time	(% from CPU Time)(%)
2	__kmp_fork_barrier	libiomp5.so	22.479726	92.2
2	__kmp_join_barrier	libiomp5.so	0.869861	3.6
2	__kmp_fork_call	libiomp5.so	0.286546	1.2
2	__kmp_join_call	libiomp5.so	0.203488	0.8
2	_INTERNAL_25_______src_kmp_runtime_cpp_ddfed41b::__kmp_itt_stack_callee_leave	libiomp5.so	0.190391	0.8
2	[Others]	N/A	0.209961	0.9
0	Collection and Platform Info	
1	Application Command Line	pathfinder "100" "10000" 
1	Operating System	3.10.0-1160.15.2.1chaos.ch6.x86_64 NAME="Red Hat Enterprise Linux Server" VERSION="7.9 (Maipo)" ID="rhel" ID_LIKE="fedora" VARIANT="Server" VARIANT_ID="server" VERSION_ID="7.9" PRETTY_NAME="Red Hat Enterprise Linux Server 7.9 (Maipo)" ANSI_COLOR="0;31" CPE_NAME="cpe:/o:redhat:enterprise_linux:7.9:GA:server" HOME_URL="https://www.redhat.com/" BUG_REPORT_URL="https://bugzilla.redhat.com/"  REDHAT_BUGZILLA_PRODUCT="Red Hat Enterprise Linux 7" REDHAT_BUGZILLA_PRODUCT_VERSION=7.9 REDHAT_SUPPORT_PRODUCT="Red Hat Enterprise Linux" REDHAT_SUPPORT_PRODUCT_VERSION="7.9"
1	Computer Name	quartz2441
1	Result Size	12514836
1	Collection start time	00:46:50 22/04/2021 UTC
1	Collection stop time	00:46:51 22/04/2021 UTC
1	Collector Type	User-mode sampling and tracing
1	CPU	
2	Name	Intel(R) Xeon(R) Processor code named Broadwell
2	Frequency	2095146728
2	Logical CPU Count	72
