Hierarchy Level	Metric Name	Metric Value
0	Elapsed Time	0.476664
1	Paused Time	0.0
0	Effective CPU Utilization	0.3% (0.211 out of 72 logical CPUs)
1	OpenMP Analysis. Collection Time	0.476664
2	Serial Time (outside parallel regions)	0.460s (96.5%)
3	Top Serial Hotspots (outside parallel regions)	
3	Function	Module	Serial CPU Time
3	printf	libc.so.6	0.069999
3	__kmp_get_global_thread_id_reg	libiomp5.so	0.030000
3	rand	libc.so.6	0.010006
3	__kmp_fork_call	libiomp5.so	0.010000
3	main	pathfinder	0.009995
2	Parallel Region Time	0.017s (3.5%)
3	Estimated Ideal Time	0.007s (1.4%)
3	OpenMP Potential Gain	0.010s (2.1%)
1	Total Thread Count	36
2	Thread Oversubscription	0s (0.0% of CPU Time)
1	Wait Time with poor CPU Utilization	1.883s (100.0% of Wait Time)
2	Top Waiting Objects	
2	Sync Object	Wait Time with poor CPU Utilization	(% from Object Wait Time)(%)	Wait Count
2	Condition Variable 0x74c978ed	1.882422	100.0	33
2	Stream 0x2bc6bc06	0.000318	100.0	1
2	Stream /proc/cpuinfo 0xcd775da3	0.000095	100.0	2
2	Mutex 0x6cb3026d	0.000069	100.0	6
2	Stream /proc/meminfo 0x6b5cd11f	0.000028	100.0	1
2	[Others]	0.000032	100.0	3
1	Spin and Overhead Time	3.210s (97.0% of CPU Time)
2	Top Functions with Spin or Overhead Time	
2	Function	Module	Spin and Overhead Time	(% from CPU Time)(%)
2	__kmp_fork_barrier	libiomp5.so	3.099983	93.7
2	__kmp_join_barrier	libiomp5.so	0.040025	1.2
2	__kmp_get_global_thread_id_reg	libiomp5.so	0.030000	0.9
2	__kmp_finish_implicit_task	libiomp5.so	0.010004	0.3
2	__kmp_fork_call	libiomp5.so	0.010000	0.3
2	[Others]	N/A	0.019988	0.6
0	Collection and Platform Info	
1	Application Command Line	pathfinder "10000" "100" 
1	Operating System	3.10.0-1160.15.2.1chaos.ch6.x86_64 NAME="Red Hat Enterprise Linux Server" VERSION="7.9 (Maipo)" ID="rhel" ID_LIKE="fedora" VARIANT="Server" VARIANT_ID="server" VERSION_ID="7.9" PRETTY_NAME="Red Hat Enterprise Linux Server 7.9 (Maipo)" ANSI_COLOR="0;31" CPE_NAME="cpe:/o:redhat:enterprise_linux:7.9:GA:server" HOME_URL="https://www.redhat.com/" BUG_REPORT_URL="https://bugzilla.redhat.com/"  REDHAT_BUGZILLA_PRODUCT="Red Hat Enterprise Linux 7" REDHAT_BUGZILLA_PRODUCT_VERSION=7.9 REDHAT_SUPPORT_PRODUCT="Red Hat Enterprise Linux" REDHAT_SUPPORT_PRODUCT_VERSION="7.9"
1	Computer Name	quartz2441
1	Result Size	4072270
1	Collection start time	01:06:17 22/04/2021 UTC
1	Collection stop time	01:06:18 22/04/2021 UTC
1	Collector Type	User-mode sampling and tracing
1	CPU	
2	Name	Intel(R) Xeon(R) Processor code named Broadwell
2	Frequency	2095147658
2	Logical CPU Count	72
