Hierarchy Level	Metric Name	Metric Value
0	Elapsed Time	14.462804
1	Paused Time	0.0
0	Effective CPU Utilization	1.5% (1.057 out of 72 logical CPUs)
1	OpenMP Analysis. Collection Time	14.462804
2	Serial Time (outside parallel regions)	13.646s (94.4%)
3	Top Serial Hotspots (outside parallel regions)	
3	Function	Module	Serial CPU Time
3	printf	libc.so.6	7.940003
3	rand	libc.so.6	2.019969
3	main	pathfinder	0.690027
3	__kmp_join_call	libiomp5.so	0.069915
3	__kmp_get_global_thread_id_reg	libiomp5.so	0.040000
3	[Others]	N/A	0.050001
2	Parallel Region Time	0.817s (5.6%)
3	Estimated Ideal Time	0.511s (3.5%)
3	OpenMP Potential Gain	0.306s (2.1%)
1	Total Thread Count	36
2	Thread Oversubscription	0s (0.0% of CPU Time)
1	Wait Time with poor CPU Utilization	2.699s (100.0% of Wait Time)
2	Top Waiting Objects	
2	Sync Object	Wait Time with poor CPU Utilization	(% from Object Wait Time)(%)	Wait Count
2	Condition Variable 0x74c978ed	2.696968	100.0	66
2	Stream 0x2bc6bc06	0.000951	100.0	1
2	Mutex 0x6cb3026d	0.000773	100.0	5
2	Stream 0x8da665c1	0.000390	100.0	10
2	Stream /proc/cpuinfo 0xcd775da3	0.000101	100.0	2
2	[Others]	0.000057	100.0	4
1	Spin and Overhead Time	34.920s (73.3% of CPU Time)
2	Top Functions with Spin or Overhead Time	
2	Function	Module	Spin and Overhead Time	(% from CPU Time)(%)
2	__kmp_fork_barrier	libiomp5.so	33.329549	70.0
2	__kmp_join_barrier	libiomp5.so	0.689965	1.4
2	__kmp_fork_call	libiomp5.so	0.520233	1.1
2	__kmp_join_call	libiomp5.so	0.129813	0.3
2	_INTERNAL_25_______src_kmp_runtime_cpp_ddfed41b::__kmp_itt_stack_callee_enter	libiomp5.so	0.080088	0.2
2	[Others]	N/A	0.169963	0.4
0	Collection and Platform Info	
1	Application Command Line	pathfinder "10000" "10000" 
1	Operating System	3.10.0-1160.15.2.1chaos.ch6.x86_64 NAME="Red Hat Enterprise Linux Server" VERSION="7.9 (Maipo)" ID="rhel" ID_LIKE="fedora" VARIANT="Server" VARIANT_ID="server" VERSION_ID="7.9" PRETTY_NAME="Red Hat Enterprise Linux Server 7.9 (Maipo)" ANSI_COLOR="0;31" CPE_NAME="cpe:/o:redhat:enterprise_linux:7.9:GA:server" HOME_URL="https://www.redhat.com/" BUG_REPORT_URL="https://bugzilla.redhat.com/"  REDHAT_BUGZILLA_PRODUCT="Red Hat Enterprise Linux 7" REDHAT_BUGZILLA_PRODUCT_VERSION=7.9 REDHAT_SUPPORT_PRODUCT="Red Hat Enterprise Linux" REDHAT_SUPPORT_PRODUCT_VERSION="7.9"
1	Computer Name	quartz2441
1	Result Size	13672565
1	Collection start time	01:10:55 22/04/2021 UTC
1	Collection stop time	01:11:10 22/04/2021 UTC
1	Collector Type	User-mode sampling and tracing
1	CPU	
2	Name	Intel(R) Xeon(R) Processor code named Broadwell
2	Frequency	2095146993
2	Logical CPU Count	72
