Hierarchy Level	Metric Name	Metric Value
0	Elapsed Time	1.494184
1	SP GFLOPS	0.0
1	DP GFLOPS	0.0
1	x87 GFLOPS	0.0
1	CPI Rate	1.022693
1	Average CPU Frequency	2782553350.184675
1	Total Thread Count	36
0	Effective Physical Core Utilization	5.8% (2.072 out of 36)
1	Effective Logical Core Utilization	3.4% (2.452 out of 72)
1	Serial Time (outside parallel regions)	1.403s (93.9%)
2	Top Serial Hotspots (outside parallel regions)	
2	Function	Module	Serial CPU Time
2	_IO_vfprintf	libc-2.17.so	0.446031
2	[Outside any known module]	[Unknown]	0.245567
2	random	libc-2.17.so	0.145336
2	_IO_file_xsputn	libc-2.17.so	0.125290
2	strchrnul	libc-2.17.so	0.035081
2	[Others]	N/A	0.135313
1	Parallel Region Time	0.091s (6.1%)
2	Estimated Ideal Time	0.063s (4.2%)
2	OpenMP Potential Gain	0.027s (1.8%)
0	Memory Bound	10.7
1	Cache Bound	4.4
1	DRAM Bound	0.0
1	NUMA: % of Remote Accesses	0.0
0	Vectorization	0.0
1	Instruction Mix	
2	SP FLOPs	0.0
3	Packed	0.0
4	128-bit	0.0
4	256-bit	0.0
3	Scalar	0.0
2	DP FLOPs	0.0
3	Packed	0.0
4	128-bit	0.0
4	256-bit	0.0
3	Scalar	0.0
2	x87 FLOPs	0.0
2	Non-FP	100.0
1	FP Arith/Mem Rd Instr. Ratio	0.0
1	FP Arith/Mem Wr Instr. Ratio	0.0
0	Collection and Platform Info	
1	Application Command Line	pathfinder "100000" "100" 
1	Operating System	3.10.0-1160.15.2.1chaos.ch6.x86_64 NAME="Red Hat Enterprise Linux Server" VERSION="7.9 (Maipo)" ID="rhel" ID_LIKE="fedora" VARIANT="Server" VARIANT_ID="server" VERSION_ID="7.9" PRETTY_NAME="Red Hat Enterprise Linux Server 7.9 (Maipo)" ANSI_COLOR="0;31" CPE_NAME="cpe:/o:redhat:enterprise_linux:7.9:GA:server" HOME_URL="https://www.redhat.com/" BUG_REPORT_URL="https://bugzilla.redhat.com/"  REDHAT_BUGZILLA_PRODUCT="Red Hat Enterprise Linux 7" REDHAT_BUGZILLA_PRODUCT_VERSION=7.9 REDHAT_SUPPORT_PRODUCT="Red Hat Enterprise Linux" REDHAT_SUPPORT_PRODUCT_VERSION="7.9"
1	Computer Name	quartz2441
1	Result Size	5329547
1	Collection start time	01:33:34 22/04/2021 UTC
1	Collection stop time	01:33:35 22/04/2021 UTC
1	Collector Type	Driverless Perf per-process sampling
1	CPU	
2	Name	Intel(R) Xeon(R) Processor code named Broadwell
2	Frequency	2095147419
2	Logical CPU Count	72
