Hierarchy Level	Metric Name	Metric Value
0	Elapsed Time	0.474568
1	Paused Time	0.0
0	Effective CPU Utilization	0.1% (0.043 out of 72 logical CPUs)
1	OpenMP Analysis. Collection Time	0.474568
2	Serial Time (outside parallel regions)	0.412s (86.7%)
3	Top Serial Hotspots (outside parallel regions)	
3	Function	Module	Serial CPU Time
3	__kmp_get_global_thread_id_reg	libiomp5.so	0.030000
3	__kmp_fork_call	libiomp5.so	0.019996
3	__kmp_join_call	libiomp5.so	0.010000
3	printf	libc.so.6	0.010000
2	Parallel Region Time	0.063s (13.3%)
3	Estimated Ideal Time	0.051s (10.8%)
3	OpenMP Potential Gain	0.012s (2.5%)
1	Total Thread Count	36
2	Thread Oversubscription	0s (0.0% of CPU Time)
1	Wait Time with poor CPU Utilization	2.157s (100.0% of Wait Time)
2	Top Waiting Objects	
2	Sync Object	Wait Time with poor CPU Utilization	(% from Object Wait Time)(%)	Wait Count
2	Condition Variable 0x74c978ed	2.155746	100.0	31
2	Stream 0x2bc6bc06	0.000714	100.0	1
2	Mutex 0x6cb3026d	0.000053	100.0	5
2	Stream /proc/cpuinfo 0xcd775da3	0.000046	100.0	1
2	Stream /proc/meminfo 0x1c79bb26	0.000014	100.0	1
2	[Others]	0.000029	100.0	3
1	Spin and Overhead Time	5.150s (99.6% of CPU Time)
2	Top Functions with Spin or Overhead Time	
2	Function	Module	Spin and Overhead Time	(% from CPU Time)(%)
2	__kmp_fork_barrier	libiomp5.so	4.959824	95.9
2	__kmp_join_barrier	libiomp5.so	0.070020	1.4
2	__kmp_fork_call	libiomp5.so	0.049996	1.0
2	__kmp_get_global_thread_id_reg	libiomp5.so	0.030000	0.6
2	__kmp_join_call	libiomp5.so	0.020004	0.4
2	[Others]	N/A	0.020161	0.4
0	Collection and Platform Info	
1	Application Command Line	pathfinder "100" "1000" 
1	Operating System	3.10.0-1160.15.2.1chaos.ch6.x86_64 NAME="Red Hat Enterprise Linux Server" VERSION="7.9 (Maipo)" ID="rhel" ID_LIKE="fedora" VARIANT="Server" VARIANT_ID="server" VERSION_ID="7.9" PRETTY_NAME="Red Hat Enterprise Linux Server 7.9 (Maipo)" ANSI_COLOR="0;31" CPE_NAME="cpe:/o:redhat:enterprise_linux:7.9:GA:server" HOME_URL="https://www.redhat.com/" BUG_REPORT_URL="https://bugzilla.redhat.com/"  REDHAT_BUGZILLA_PRODUCT="Red Hat Enterprise Linux 7" REDHAT_BUGZILLA_PRODUCT_VERSION=7.9 REDHAT_SUPPORT_PRODUCT="Red Hat Enterprise Linux" REDHAT_SUPPORT_PRODUCT_VERSION="7.9"
1	Computer Name	quartz2441
1	Result Size	4834295
1	Collection start time	00:44:39 22/04/2021 UTC
1	Collection stop time	00:44:40 22/04/2021 UTC
1	Collector Type	User-mode sampling and tracing
1	CPU	
2	Name	Intel(R) Xeon(R) Processor code named Broadwell
2	Frequency	2095146452
2	Logical CPU Count	72
