Hierarchy Level	Metric Name	Metric Value
0	Elapsed Time	11.389442
1	Paused Time	0.0
0	Effective CPU Utilization	1.4% (0.972 out of 72 logical CPUs)
1	OpenMP Analysis. Collection Time	11.389442
2	Serial Time (outside parallel regions)	10.956s (96.2%)
3	Top Serial Hotspots (outside parallel regions)	
3	Function	Module	Serial CPU Time
3	printf	libc.so.6	8.429997
3	rand	libc.so.6	1.569987
3	main	pathfinder	0.680016
3	__kmp_join_call	libiomp5.so	0.089913
3	func@0x4011c0	pathfinder	0.040000
3	[Others]	N/A	0.050000
2	Parallel Region Time	0.433s (3.8%)
3	Estimated Ideal Time	0.373s (3.3%)
3	OpenMP Potential Gain	0.060s (0.5%)
1	Total Thread Count	4
2	Thread Oversubscription	0s (0.0% of CPU Time)
1	Wait Time with poor CPU Utilization	0.002s (100.0% of Wait Time)
2	Top Waiting Objects	
2	Sync Object	Wait Time with poor CPU Utilization	(% from Object Wait Time)(%)	Wait Count
2	Stream 0x2bc6bc06	0.000917	100.0	1
2	Stream 0xdef56053	0.000593	100.0	15
2	Stream /proc/cpuinfo 0xcd775da3	0.000054	100.0	1
2	Stream /sys/kernel/mm/transparent_hugepage/enabled 0xef9fa35b	0.000016	100.0	1
2	Stream /proc/meminfo 0x1c79bb26	0.000015	100.0	1
2	[Others]	0.000023	100.0	2
1	Spin and Overhead Time	1.890s (14.6% of CPU Time)
2	Top Functions with Spin or Overhead Time	
2	Function	Module	Spin and Overhead Time	(% from CPU Time)(%)
2	__kmp_fork_barrier	libiomp5.so	1.379952	10.6
2	__kmp_fork_call	libiomp5.so	0.280126	2.2
2	__kmp_join_call	libiomp5.so	0.108943	0.8
2	__kmp_join_barrier	libiomp5.so	0.040002	0.3
2	_INTERNAL_23_______src_kmp_sched_cpp_20354e55::__kmp_itt_metadata_loop	libiomp5.so	0.031064	0.2
2	[Others]	N/A	0.050000	0.4
0	Collection and Platform Info	
1	Application Command Line	pathfinder "10000" "10000" 
1	Operating System	3.10.0-1160.15.2.1chaos.ch6.x86_64 NAME="Red Hat Enterprise Linux Server" VERSION="7.9 (Maipo)" ID="rhel" ID_LIKE="fedora" VARIANT="Server" VARIANT_ID="server" VERSION_ID="7.9" PRETTY_NAME="Red Hat Enterprise Linux Server 7.9 (Maipo)" ANSI_COLOR="0;31" CPE_NAME="cpe:/o:redhat:enterprise_linux:7.9:GA:server" HOME_URL="https://www.redhat.com/" BUG_REPORT_URL="https://bugzilla.redhat.com/"  REDHAT_BUGZILLA_PRODUCT="Red Hat Enterprise Linux 7" REDHAT_BUGZILLA_PRODUCT_VERSION=7.9 REDHAT_SUPPORT_PRODUCT="Red Hat Enterprise Linux" REDHAT_SUPPORT_PRODUCT_VERSION="7.9"
1	Computer Name	quartz2441
1	Result Size	12253716
1	Collection start time	01:14:11 22/04/2021 UTC
1	Collection stop time	01:14:25 22/04/2021 UTC
1	Collector Type	User-mode sampling and tracing
1	CPU	
2	Name	Intel(R) Xeon(R) Processor code named Broadwell
2	Frequency	2095147051
2	Logical CPU Count	72
