Hierarchy Level	Metric Name	Metric Value
0	Elapsed Time	15.585383
1	Paused Time	0.0
0	Effective CPU Utilization	1.0% (0.701 out of 72 logical CPUs)
1	OpenMP Analysis. Collection Time	15.585383
2	Serial Time (outside parallel regions)	11.436s (73.4%)
3	Top Serial Hotspots (outside parallel regions)	
3	Function	Module	Serial CPU Time
3	printf	libc.so.6	7.600000
3	rand	libc.so.6	1.849981
3	__kmp_join_call	libiomp5.so	0.910291
3	main	pathfinder	0.580021
3	__kmp_get_global_thread_id_reg	libiomp5.so	0.039998
3	[Others]	N/A	0.039997
2	Parallel Region Time	4.149s (26.6%)
3	Estimated Ideal Time	3.520s (22.6%)
3	OpenMP Potential Gain	0.630s (4.0%)
1	Total Thread Count	4
2	Thread Oversubscription	0s (0.0% of CPU Time)
1	Wait Time with poor CPU Utilization	0.001s (100.0% of Wait Time)
2	Top Waiting Objects	
2	Sync Object	Wait Time with poor CPU Utilization	(% from Object Wait Time)(%)	Wait Count
2	Stream 0x2bc6bc06	0.000862	100.0	1
2	Stream 0xdef56053	0.000327	100.0	9
2	Stream /proc/cpuinfo 0xcd775da3	0.000052	100.0	1
2	Stream /sys/kernel/mm/transparent_hugepage/enabled 0xef9fa35b	0.000016	100.0	1
2	Stream /proc/meminfo 0x1c79bb26	0.000014	100.0	1
2	[Others]	0.000022	100.0	2
1	Spin and Overhead Time	20.041s (64.7% of CPU Time)
2	Top Functions with Spin or Overhead Time	
2	Function	Module	Spin and Overhead Time	(% from CPU Time)(%)
2	__kmp_fork_barrier	libiomp5.so	15.100558	48.8
2	__kmp_fork_call	libiomp5.so	3.001397	9.7
2	__kmp_join_call	libiomp5.so	1.090195	3.5
2	__kmp_join_barrier	libiomp5.so	0.300009	1.0
2	_INTERNAL_23_______src_kmp_sched_cpp_20354e55::__kmp_itt_metadata_loop	libiomp5.so	0.248494	0.8
2	[Others]	N/A	0.300090	1.0
0	Collection and Platform Info	
1	Application Command Line	pathfinder "1000" "100000" 
1	Operating System	3.10.0-1160.15.2.1chaos.ch6.x86_64 NAME="Red Hat Enterprise Linux Server" VERSION="7.9 (Maipo)" ID="rhel" ID_LIKE="fedora" VARIANT="Server" VARIANT_ID="server" VERSION_ID="7.9" PRETTY_NAME="Red Hat Enterprise Linux Server 7.9 (Maipo)" ANSI_COLOR="0;31" CPE_NAME="cpe:/o:redhat:enterprise_linux:7.9:GA:server" HOME_URL="https://www.redhat.com/" BUG_REPORT_URL="https://bugzilla.redhat.com/"  REDHAT_BUGZILLA_PRODUCT="Red Hat Enterprise Linux 7" REDHAT_BUGZILLA_PRODUCT_VERSION=7.9 REDHAT_SUPPORT_PRODUCT="Red Hat Enterprise Linux" REDHAT_SUPPORT_PRODUCT_VERSION="7.9"
1	Computer Name	quartz2441
1	Result Size	81969421
1	Collection start time	01:05:01 22/04/2021 UTC
1	Collection stop time	01:05:18 22/04/2021 UTC
1	Collector Type	User-mode sampling and tracing
1	CPU	
2	Name	Intel(R) Xeon(R) Processor code named Broadwell
2	Frequency	2095147060
2	Logical CPU Count	72
