Hierarchy Level	Metric Name	Metric Value
0	Elapsed Time	99.311917
1	Paused Time	0.0
0	Effective CPU Utilization	1.4% (1.002 out of 72 logical CPUs)
1	OpenMP Analysis. Collection Time	99.311917
2	Serial Time (outside parallel regions)	96.645s (97.3%)
3	Top Serial Hotspots (outside parallel regions)	
3	Function	Module	Serial CPU Time
3	printf	libc.so.6	72.279353
3	rand	libc.so.6	16.759656
3	main	pathfinder	5.090988
3	func@0x4011c0	pathfinder	0.170004
3	__kmp_join_call	libiomp5.so	0.079928
3	[Others]	N/A	0.069998
2	Parallel Region Time	2.667s (2.7%)
3	Estimated Ideal Time	1.567s (1.6%)
3	OpenMP Potential Gain	1.099s (1.1%)
1	Total Thread Count	4
2	Thread Oversubscription	0s (0.0% of CPU Time)
1	Wait Time with poor CPU Utilization	2.676s (100.0% of Wait Time)
2	Top Waiting Objects	
2	Sync Object	Wait Time with poor CPU Utilization	(% from Object Wait Time)(%)	Wait Count
2	Condition Variable 0x74c978ed	2.672352	100.0	9
2	Stream 0x8da665c1	0.003070	100.0	50
2	Stream 0x2bc6bc06	0.000189	100.0	1
2	Stream /proc/cpuinfo 0xcd775da3	0.000102	100.0	2
2	Stream /proc/meminfo 0x1c79bb26	0.000013	100.0	1
2	[Others]	0.000031	100.0	3
1	Spin and Overhead Time	4.093s (4.0% of CPU Time)
2	Top Functions with Spin or Overhead Time	
2	Function	Module	Spin and Overhead Time	(% from CPU Time)(%)
2	__kmp_fork_barrier	libiomp5.so	3.189729	3.1
2	__kmp_fork_call	libiomp5.so	0.463334	0.5
2	__kmp_join_call	libiomp5.so	0.219848	0.2
2	__kmp_join_barrier	libiomp5.so	0.110005	0.1
2	__kmp_get_global_thread_id_reg	libiomp5.so	0.030000	0.0
2	[Others]	N/A	0.080049	0.1
0	Collection and Platform Info	
1	Application Command Line	pathfinder "100000" "10000" 
1	Operating System	3.10.0-1160.15.2.1chaos.ch6.x86_64 NAME="Red Hat Enterprise Linux Server" VERSION="7.9 (Maipo)" ID="rhel" ID_LIKE="fedora" VARIANT="Server" VARIANT_ID="server" VERSION_ID="7.9" PRETTY_NAME="Red Hat Enterprise Linux Server 7.9 (Maipo)" ANSI_COLOR="0;31" CPE_NAME="cpe:/o:redhat:enterprise_linux:7.9:GA:server" HOME_URL="https://www.redhat.com/" BUG_REPORT_URL="https://bugzilla.redhat.com/"  REDHAT_BUGZILLA_PRODUCT="Red Hat Enterprise Linux 7" REDHAT_BUGZILLA_PRODUCT_VERSION=7.9 REDHAT_SUPPORT_PRODUCT="Red Hat Enterprise Linux" REDHAT_SUPPORT_PRODUCT_VERSION="7.9"
1	Computer Name	quartz2441
1	Result Size	14228764
1	Collection start time	01:51:52 22/04/2021 UTC
1	Collection stop time	01:53:32 22/04/2021 UTC
1	Collector Type	User-mode sampling and tracing
1	CPU	
2	Name	Intel(R) Xeon(R) Processor code named Broadwell
2	Frequency	2095147009
2	Logical CPU Count	72
