Hierarchy Level	Metric Name	Metric Value
0	Elapsed Time	106.622928
1	Paused Time	0.0
0	Effective CPU Utilization	1.3% (0.969 out of 72 logical CPUs)
1	OpenMP Analysis. Collection Time	106.622928
2	Serial Time (outside parallel regions)	101.053s (94.8%)
3	Top Serial Hotspots (outside parallel regions)	
3	Function	Module	Serial CPU Time
3	printf	libc.so.6	73.239955
3	rand	libc.so.6	16.829814
3	main	pathfinder	5.640233
3	__kmp_join_call	libiomp5.so	1.086401
3	func@0x4011c0	pathfinder	0.359971
3	[Others]	N/A	0.090105
2	Parallel Region Time	5.570s (5.2%)
3	Estimated Ideal Time	4.313s (4.0%)
3	OpenMP Potential Gain	1.257s (1.2%)
1	Total Thread Count	4
2	Thread Oversubscription	0s (0.0% of CPU Time)
1	Wait Time with poor CPU Utilization	2.263s (100.0% of Wait Time)
2	Top Waiting Objects	
2	Sync Object	Wait Time with poor CPU Utilization	(% from Object Wait Time)(%)	Wait Count
2	Condition Variable 0x74c978ed	2.259179	100.0	6
2	Stream 0xdef56053	0.002869	100.0	60
2	Stream 0x2bc6bc06	0.000814	100.0	1
2	Stream /proc/cpuinfo 0xcd775da3	0.000097	100.0	2
2	Stream /proc/meminfo 0x1c79bb26	0.000013	100.0	1
2	[Others]	0.000033	100.0	3
1	Spin and Overhead Time	19.777s (16.5% of CPU Time)
2	Top Functions with Spin or Overhead Time	
2	Function	Module	Spin and Overhead Time	(% from CPU Time)(%)
2	__kmp_fork_barrier	libiomp5.so	14.700437	12.3
2	__kmp_fork_call	libiomp5.so	2.901806	2.4
2	__kmp_join_call	libiomp5.so	1.245157	1.0
2	__kmp_join_barrier	libiomp5.so	0.310025	0.3
2	_INTERNAL_23_______src_kmp_sched_cpp_20354e55::__kmp_itt_metadata_loop	libiomp5.so	0.240895	0.2
2	[Others]	N/A	0.378696	0.3
0	Collection and Platform Info	
1	Application Command Line	pathfinder "10000" "100000" 
1	Operating System	3.10.0-1160.15.2.1chaos.ch6.x86_64 NAME="Red Hat Enterprise Linux Server" VERSION="7.9 (Maipo)" ID="rhel" ID_LIKE="fedora" VARIANT="Server" VARIANT_ID="server" VERSION_ID="7.9" PRETTY_NAME="Red Hat Enterprise Linux Server 7.9 (Maipo)" ANSI_COLOR="0;31" CPE_NAME="cpe:/o:redhat:enterprise_linux:7.9:GA:server" HOME_URL="https://www.redhat.com/" BUG_REPORT_URL="https://bugzilla.redhat.com/"  REDHAT_BUGZILLA_PRODUCT="Red Hat Enterprise Linux 7" REDHAT_BUGZILLA_PRODUCT_VERSION=7.9 REDHAT_SUPPORT_PRODUCT="Red Hat Enterprise Linux" REDHAT_SUPPORT_PRODUCT_VERSION="7.9"
1	Computer Name	quartz2441
1	Result Size	84098197
1	Collection start time	01:28:55 22/04/2021 UTC
1	Collection stop time	01:30:42 22/04/2021 UTC
1	Collector Type	User-mode sampling and tracing
1	CPU	
2	Name	Intel(R) Xeon(R) Processor code named Broadwell
2	Frequency	2095147001
2	Logical CPU Count	72
