Hierarchy Level	Metric Name	Metric Value
0	Elapsed Time	5.433319
1	Paused Time	0.0
0	Effective CPU Utilization	0.3% (0.199 out of 72 logical CPUs)
1	OpenMP Analysis. Collection Time	5.433319
2	Serial Time (outside parallel regions)	2.075s (38.2%)
3	Top Serial Hotspots (outside parallel regions)	
3	Function	Module	Serial CPU Time
3	__kmp_join_call	libiomp5.so	0.971049
3	printf	libc.so.6	0.689996
3	rand	libc.so.6	0.189997
3	main	pathfinder	0.040007
3	__kmp_get_global_thread_id_reg	libiomp5.so	0.039999
3	[Others]	N/A	0.040049
2	Parallel Region Time	3.358s (61.8%)
3	Estimated Ideal Time	2.910s (53.6%)
3	OpenMP Potential Gain	0.449s (8.3%)
1	Total Thread Count	4
2	Thread Oversubscription	0s (0.0% of CPU Time)
1	Wait Time with poor CPU Utilization	0.000s (100.0% of Wait Time)
2	Top Waiting Objects	
2	Sync Object	Wait Time with poor CPU Utilization	(% from Object Wait Time)(%)	Wait Count
2	Stream 0x2bc6bc06	0.000213	100.0	1
2	Stream /proc/cpuinfo 0xcd775da3	0.000054	100.0	1
2	Stream /proc/meminfo 0x6b5cd11f	0.000026	100.0	1
2	Stream /proc/meminfo 0x1c79bb26	0.000013	100.0	1
2	Stream /proc/sys/vm/nr_hugepages 0xa15ff6ce	0.000010	100.0	1
2	Stream /sys/kernel/mm/transparent_hugepage/enabled 0xef9fa35b	0.000009	100.0	1
1	Spin and Overhead Time	17.140s (94.1% of CPU Time)
2	Top Functions with Spin or Overhead Time	
2	Function	Module	Spin and Overhead Time	(% from CPU Time)(%)
2	__kmp_fork_barrier	libiomp5.so	12.689922	69.6
2	__kmp_fork_call	libiomp5.so	2.649537	14.5
2	__kmp_join_call	libiomp5.so	1.180711	6.5
2	__kmp_join_barrier	libiomp5.so	0.239989	1.3
2	_INTERNAL_23_______src_kmp_sched_cpp_20354e55::__kmp_itt_metadata_loop	libiomp5.so	0.169779	0.9
2	[Others]	N/A	0.210029	1.2
0	Collection and Platform Info	
1	Application Command Line	pathfinder "100" "100000" 
1	Operating System	3.10.0-1160.15.2.1chaos.ch6.x86_64 NAME="Red Hat Enterprise Linux Server" VERSION="7.9 (Maipo)" ID="rhel" ID_LIKE="fedora" VARIANT="Server" VARIANT_ID="server" VERSION_ID="7.9" PRETTY_NAME="Red Hat Enterprise Linux Server 7.9 (Maipo)" ANSI_COLOR="0;31" CPE_NAME="cpe:/o:redhat:enterprise_linux:7.9:GA:server" HOME_URL="https://www.redhat.com/" BUG_REPORT_URL="https://bugzilla.redhat.com/"  REDHAT_BUGZILLA_PRODUCT="Red Hat Enterprise Linux 7" REDHAT_BUGZILLA_PRODUCT_VERSION=7.9 REDHAT_SUPPORT_PRODUCT="Red Hat Enterprise Linux" REDHAT_SUPPORT_PRODUCT_VERSION="7.9"
1	Computer Name	quartz2441
1	Result Size	81552836
1	Collection start time	00:52:43 22/04/2021 UTC
1	Collection stop time	00:52:49 22/04/2021 UTC
1	Collector Type	User-mode sampling and tracing
1	CPU	
2	Name	Intel(R) Xeon(R) Processor code named Broadwell
2	Frequency	2095146940
2	Logical CPU Count	72
