Hierarchy Level	Metric Name	Metric Value
0	Elapsed Time	9.529940
1	Paused Time	0.0
0	Effective CPU Utilization	1.4% (1.004 out of 72 logical CPUs)
1	OpenMP Analysis. Collection Time	9.529940
2	Serial Time (outside parallel regions)	9.397s (98.6%)
3	Top Serial Hotspots (outside parallel regions)	
3	Function	Module	Serial CPU Time
3	printf	libc.so.6	6.971025
3	rand	libc.so.6	1.669970
3	main	pathfinder	0.609003
3	__kmp_get_global_thread_id_reg	libiomp5.so	0.030000
3	func@0x4011c0	pathfinder	0.020000
3	[Others]	N/A	0.024021
2	Parallel Region Time	0.133s (1.4%)
3	Estimated Ideal Time	0.106s (1.1%)
3	OpenMP Potential Gain	0.027s (0.3%)
1	Total Thread Count	4
2	Thread Oversubscription	0s (0.0% of CPU Time)
1	Wait Time with poor CPU Utilization	0.001s (100.0% of Wait Time)
2	Top Waiting Objects	
2	Sync Object	Wait Time with poor CPU Utilization	(% from Object Wait Time)(%)	Wait Count
2	Stream 0x2bc6bc06	0.000830	100.0	1
2	Stream 0xdef56053	0.000250	100.0	7
2	Stream /proc/cpuinfo 0xcd775da3	0.000100	100.0	2
2	Mutex 0x6cb3026d	0.000018	100.0	1
2	Stream /proc/meminfo 0x1c79bb26	0.000012	100.0	1
2	[Others]	0.000032	100.0	3
1	Spin and Overhead Time	0.430s (4.3% of CPU Time)
2	Top Functions with Spin or Overhead Time	
2	Function	Module	Spin and Overhead Time	(% from CPU Time)(%)
2	__kmp_fork_barrier	libiomp5.so	0.310027	3.1
2	__kmp_join_call	libiomp5.so	0.035984	0.4
2	__kmp_get_global_thread_id_reg	libiomp5.so	0.030000	0.3
2	__kmp_fork_call	libiomp5.so	0.020013	0.2
2	__kmp_create_worker	libiomp5.so	0.014021	0.1
2	[Others]	N/A	0.019987	0.2
0	Collection and Platform Info	
1	Application Command Line	pathfinder "100000" "1000" 
1	Operating System	3.10.0-1160.15.2.1chaos.ch6.x86_64 NAME="Red Hat Enterprise Linux Server" VERSION="7.9 (Maipo)" ID="rhel" ID_LIKE="fedora" VARIANT="Server" VARIANT_ID="server" VERSION_ID="7.9" PRETTY_NAME="Red Hat Enterprise Linux Server 7.9 (Maipo)" ANSI_COLOR="0;31" CPE_NAME="cpe:/o:redhat:enterprise_linux:7.9:GA:server" HOME_URL="https://www.redhat.com/" BUG_REPORT_URL="https://bugzilla.redhat.com/"  REDHAT_BUGZILLA_PRODUCT="Red Hat Enterprise Linux 7" REDHAT_BUGZILLA_PRODUCT_VERSION=7.9 REDHAT_SUPPORT_PRODUCT="Red Hat Enterprise Linux" REDHAT_SUPPORT_PRODUCT_VERSION="7.9"
1	Computer Name	quartz2441
1	Result Size	4852816
1	Collection start time	01:38:28 22/04/2021 UTC
1	Collection stop time	01:38:39 22/04/2021 UTC
1	Collector Type	User-mode sampling and tracing
1	CPU	
2	Name	Intel(R) Xeon(R) Processor code named Broadwell
2	Frequency	2095147069
2	Logical CPU Count	72
