Hierarchy Level	Metric Name	Metric Value
0	Elapsed Time	1.135262
1	Paused Time	0.0
0	Effective CPU Utilization	1.3% (0.920 out of 72 logical CPUs)
1	OpenMP Analysis. Collection Time	1.135262
2	Serial Time (outside parallel regions)	1.101s (96.9%)
3	Top Serial Hotspots (outside parallel regions)	
3	Function	Module	Serial CPU Time
3	printf	libc.so.6	0.739999
3	rand	libc.so.6	0.199996
3	__kmp_get_global_thread_id_reg	libiomp5.so	0.030000
3	main	pathfinder	0.010004
3	__kmp_join_call	libiomp5.so	0.010001
2	Parallel Region Time	0.035s (3.1%)
3	Estimated Ideal Time	0.022s (1.9%)
3	OpenMP Potential Gain	0.013s (1.1%)
1	Total Thread Count	9
2	Thread Oversubscription	0s (0.0% of CPU Time)
1	Wait Time with poor CPU Utilization	0.019s (100.0% of Wait Time)
2	Top Waiting Objects	
2	Sync Object	Wait Time with poor CPU Utilization	(% from Object Wait Time)(%)	Wait Count
2	Condition Variable 0x74c978ed	0.017994	100.0	5
2	Stream 0x2bc6bc06	0.000949	100.0	1
2	Stream 0x8da665c1	0.000100	100.0	2
2	Stream /proc/cpuinfo 0xcd775da3	0.000052	100.0	1
2	Mutex 0x6cb3026d	0.000038	100.0	1
2	[Others]	0.000048	100.0	4
1	Spin and Overhead Time	0.520s (33.3% of CPU Time)
2	Top Functions with Spin or Overhead Time	
2	Function	Module	Spin and Overhead Time	(% from CPU Time)(%)
2	__kmp_fork_barrier	libiomp5.so	0.449873	28.8
2	__kmp_join_call	libiomp5.so	0.030001	1.9
2	__kmp_get_global_thread_id_reg	libiomp5.so	0.030000	1.9
2	__kmp_join_barrier	libiomp5.so	0.010009	0.6
0	Collection and Platform Info	
1	Application Command Line	pathfinder "100000" "100" 
1	Operating System	3.10.0-1160.15.2.1chaos.ch6.x86_64 NAME="Red Hat Enterprise Linux Server" VERSION="7.9 (Maipo)" ID="rhel" ID_LIKE="fedora" VARIANT="Server" VARIANT_ID="server" VERSION_ID="7.9" PRETTY_NAME="Red Hat Enterprise Linux Server 7.9 (Maipo)" ANSI_COLOR="0;31" CPE_NAME="cpe:/o:redhat:enterprise_linux:7.9:GA:server" HOME_URL="https://www.redhat.com/" BUG_REPORT_URL="https://bugzilla.redhat.com/"  REDHAT_BUGZILLA_PRODUCT="Red Hat Enterprise Linux 7" REDHAT_BUGZILLA_PRODUCT_VERSION=7.9 REDHAT_SUPPORT_PRODUCT="Red Hat Enterprise Linux" REDHAT_SUPPORT_PRODUCT_VERSION="7.9"
1	Computer Name	quartz2441
1	Result Size	3813523
1	Collection start time	01:34:28 22/04/2021 UTC
1	Collection stop time	01:34:30 22/04/2021 UTC
1	Collector Type	User-mode sampling and tracing
1	CPU	
2	Name	Intel(R) Xeon(R) Processor code named Broadwell
2	Frequency	2095146916
2	Logical CPU Count	72
