Hierarchy Level	Metric Name	Metric Value
0	Elapsed Time	103.439607
1	SP GFLOPS	0.0
1	DP GFLOPS	0.0
1	x87 GFLOPS	0.0
1	CPI Rate	0.442893
1	Average CPU Frequency	3029108215.643177
1	Total Thread Count	9
0	Effective Physical Core Utilization	2.7% (0.981 out of 36)
1	Effective Logical Core Utilization	1.4% (0.981 out of 72)
1	Serial Time (outside parallel regions)	102.559s (99.1%)
2	Top Serial Hotspots (outside parallel regions)	
2	Function	Module	Serial CPU Time
2	_IO_vfprintf	libc-2.17.so	47.163994
2	random	libc-2.17.so	14.147695
2	_IO_file_xsputn	libc-2.17.so	10.233649
2	strchrnul	libc-2.17.so	5.392462
2	[Outside any known module]	[Unknown]	4.821141
2	[Others]	N/A	16.272605
1	Parallel Region Time	0.880s (0.9%)
2	Estimated Ideal Time	0.545s (0.5%)
2	OpenMP Potential Gain	0.335s (0.3%)
0	Memory Bound	17.7
1	Cache Bound	7.6
1	DRAM Bound	0.7
1	NUMA: % of Remote Accesses	0.0
0	Vectorization	0.0
1	Instruction Mix	
2	SP FLOPs	0.0
3	Packed	0.0
4	128-bit	0.0
4	256-bit	0.0
3	Scalar	0.0
2	DP FLOPs	0.0
3	Packed	0.0
4	128-bit	0.0
4	256-bit	0.0
3	Scalar	0.0
2	x87 FLOPs	0.0
2	Non-FP	100.0
1	FP Arith/Mem Rd Instr. Ratio	0.0
1	FP Arith/Mem Wr Instr. Ratio	0.0
0	Collection and Platform Info	
1	Application Command Line	pathfinder "100000" "10000" 
1	Operating System	3.10.0-1160.15.2.1chaos.ch6.x86_64 NAME="Red Hat Enterprise Linux Server" VERSION="7.9 (Maipo)" ID="rhel" ID_LIKE="fedora" VARIANT="Server" VARIANT_ID="server" VERSION_ID="7.9" PRETTY_NAME="Red Hat Enterprise Linux Server 7.9 (Maipo)" ANSI_COLOR="0;31" CPE_NAME="cpe:/o:redhat:enterprise_linux:7.9:GA:server" HOME_URL="https://www.redhat.com/" BUG_REPORT_URL="https://bugzilla.redhat.com/"  REDHAT_BUGZILLA_PRODUCT="Red Hat Enterprise Linux 7" REDHAT_BUGZILLA_PRODUCT_VERSION=7.9 REDHAT_SUPPORT_PRODUCT="Red Hat Enterprise Linux" REDHAT_SUPPORT_PRODUCT_VERSION="7.9"
1	Computer Name	quartz2441
1	Result Size	50112957
1	Collection start time	01:49:47 22/04/2021 UTC
1	Collection stop time	01:51:30 22/04/2021 UTC
1	Collector Type	Driverless Perf per-process sampling
1	CPU	
2	Name	Intel(R) Xeon(R) Processor code named Broadwell
2	Frequency	2095146998
2	Logical CPU Count	72
