Hierarchy Level	Metric Name	Metric Value
0	Elapsed Time	0.268571
1	Paused Time	0.0
0	Effective CPU Utilization	0.5% (0.340 out of 72 logical CPUs)
1	OpenMP Analysis. Collection Time	0.268571
2	Serial Time (outside parallel regions)	0.254s (94.5%)
3	Top Serial Hotspots (outside parallel regions)	
3	Function	Module	Serial CPU Time
3	printf	libc.so.6	0.069999
3	__kmp_get_global_thread_id_reg	libiomp5.so	0.040040
3	rand	libc.so.6	0.009982
3	main	pathfinder	0.009979
2	Parallel Region Time	0.015s (5.5%)
3	Estimated Ideal Time	0.007s (2.7%)
3	OpenMP Potential Gain	0.008s (2.8%)
1	Total Thread Count	9
2	Thread Oversubscription	0s (0.0% of CPU Time)
1	Wait Time with poor CPU Utilization	0.018s (100.0% of Wait Time)
2	Top Waiting Objects	
2	Sync Object	Wait Time with poor CPU Utilization	(% from Object Wait Time)(%)	Wait Count
2	Condition Variable 0x74c978ed	0.017084	100.0	5
2	Stream 0x2bc6bc06	0.000950	100.0	1
2	Stream /proc/cpuinfo 0xcd775da3	0.000048	100.0	1
2	Stream /proc/meminfo 0x1c79bb26	0.000016	100.0	1
2	Stream /proc/meminfo 0x6b5cd11f	0.000013	100.0	1
2	[Others]	0.000023	100.0	2
1	Spin and Overhead Time	0.320s (78.1% of CPU Time)
2	Top Functions with Spin or Overhead Time	
2	Function	Module	Spin and Overhead Time	(% from CPU Time)(%)
2	__kmp_fork_barrier	libiomp5.so	0.259991	63.4
2	__kmp_get_global_thread_id_reg	libiomp5.so	0.040040	9.8
2	__kmp_join_barrier	libiomp5.so	0.010009	2.4
2	__kmp_join_call	libiomp5.so	0.010000	2.4
0	Collection and Platform Info	
1	Application Command Line	pathfinder "10000" "100" 
1	Operating System	3.10.0-1160.15.2.1chaos.ch6.x86_64 NAME="Red Hat Enterprise Linux Server" VERSION="7.9 (Maipo)" ID="rhel" ID_LIKE="fedora" VARIANT="Server" VARIANT_ID="server" VERSION_ID="7.9" PRETTY_NAME="Red Hat Enterprise Linux Server 7.9 (Maipo)" ANSI_COLOR="0;31" CPE_NAME="cpe:/o:redhat:enterprise_linux:7.9:GA:server" HOME_URL="https://www.redhat.com/" BUG_REPORT_URL="https://bugzilla.redhat.com/"  REDHAT_BUGZILLA_PRODUCT="Red Hat Enterprise Linux 7" REDHAT_BUGZILLA_PRODUCT_VERSION=7.9 REDHAT_SUPPORT_PRODUCT="Red Hat Enterprise Linux" REDHAT_SUPPORT_PRODUCT_VERSION="7.9"
1	Computer Name	quartz2441
1	Result Size	3776847
1	Collection start time	01:07:26 22/04/2021 UTC
1	Collection stop time	01:07:27 22/04/2021 UTC
1	Collector Type	User-mode sampling and tracing
1	CPU	
2	Name	Intel(R) Xeon(R) Processor code named Broadwell
2	Frequency	2095146608
2	Logical CPU Count	72
