Hierarchy Level	Metric Name	Metric Value
0	Elapsed Time	1.643206
1	Paused Time	0.0
0	Effective CPU Utilization	1.0% (0.721 out of 72 logical CPUs)
1	OpenMP Analysis. Collection Time	1.643206
2	Serial Time (outside parallel regions)	1.191s (72.5%)
3	Top Serial Hotspots (outside parallel regions)	
3	Function	Module	Serial CPU Time
3	printf	libc.so.6	0.699993
3	rand	libc.so.6	0.180000
3	__kmp_join_call	libiomp5.so	0.069875
3	main	pathfinder	0.040008
3	__kmp_get_global_thread_id_reg	libiomp5.so	0.030000
3	[Outside any known module]	N/A	0.010000
2	Parallel Region Time	0.452s (27.5%)
3	Estimated Ideal Time	0.345s (21.0%)
3	OpenMP Potential Gain	0.106s (6.5%)
1	Total Thread Count	9
2	Thread Oversubscription	0s (0.0% of CPU Time)
1	Wait Time with poor CPU Utilization	0.024s (100.0% of Wait Time)
2	Top Waiting Objects	
2	Sync Object	Wait Time with poor CPU Utilization	(% from Object Wait Time)(%)	Wait Count
2	Condition Variable 0x74c978ed	0.023648	100.0	5
2	Stream 0x2bc6bc06	0.000266	100.0	1
2	Stream /proc/cpuinfo 0xcd775da3	0.000056	100.0	1
2	Stream /proc/meminfo 0x1c79bb26	0.000014	100.0	1
2	Stream /proc/meminfo 0x6b5cd11f	0.000012	100.0	1
2	[Others]	0.000021	100.0	2
1	Spin and Overhead Time	4.860s (80.5% of CPU Time)
2	Top Functions with Spin or Overhead Time	
2	Function	Module	Spin and Overhead Time	(% from CPU Time)(%)
2	__kmp_fork_barrier	libiomp5.so	4.179954	69.2
2	__kmp_fork_call	libiomp5.so	0.310173	5.1
2	__kmp_join_call	libiomp5.so	0.169840	2.8
2	__kmp_join_barrier	libiomp5.so	0.109986	1.8
2	__kmp_get_global_thread_id_reg	libiomp5.so	0.030000	0.5
2	[Others]	N/A	0.059992	1.0
0	Collection and Platform Info	
1	Application Command Line	pathfinder "1000" "10000" 
1	Operating System	3.10.0-1160.15.2.1chaos.ch6.x86_64 NAME="Red Hat Enterprise Linux Server" VERSION="7.9 (Maipo)" ID="rhel" ID_LIKE="fedora" VARIANT="Server" VARIANT_ID="server" VERSION_ID="7.9" PRETTY_NAME="Red Hat Enterprise Linux Server 7.9 (Maipo)" ANSI_COLOR="0;31" CPE_NAME="cpe:/o:redhat:enterprise_linux:7.9:GA:server" HOME_URL="https://www.redhat.com/" BUG_REPORT_URL="https://bugzilla.redhat.com/"  REDHAT_BUGZILLA_PRODUCT="Red Hat Enterprise Linux 7" REDHAT_BUGZILLA_PRODUCT_VERSION=7.9 REDHAT_SUPPORT_PRODUCT="Red Hat Enterprise Linux" REDHAT_SUPPORT_PRODUCT_VERSION="7.9"
1	Computer Name	quartz2441
1	Result Size	12259376
1	Collection start time	00:59:20 22/04/2021 UTC
1	Collection stop time	00:59:22 22/04/2021 UTC
1	Collector Type	User-mode sampling and tracing
1	CPU	
2	Name	Intel(R) Xeon(R) Processor code named Broadwell
2	Frequency	2095146841
2	Logical CPU Count	72
