Hierarchy Level	Metric Name	Metric Value
0	Elapsed Time	15.064202
1	Paused Time	0.0
0	Effective CPU Utilization	1.0% (0.752 out of 72 logical CPUs)
1	OpenMP Analysis. Collection Time	15.064202
2	Serial Time (outside parallel regions)	10.880s (72.2%)
3	Top Serial Hotspots (outside parallel regions)	
3	Function	Module	Serial CPU Time
3	printf	libc.so.6	7.220006
3	rand	libc.so.6	1.549955
3	__kmp_join_call	libiomp5.so	1.017912
3	main	pathfinder	0.750037
3	__kmp_get_global_thread_id_reg	libiomp5.so	0.049997
3	[Others]	N/A	0.079975
2	Parallel Region Time	4.184s (27.8%)
3	Estimated Ideal Time	3.386s (22.5%)
3	OpenMP Potential Gain	0.797s (5.3%)
1	Total Thread Count	9
2	Thread Oversubscription	0s (0.0% of CPU Time)
1	Wait Time with poor CPU Utilization	0.986s (100.0% of Wait Time)
2	Top Waiting Objects	
2	Sync Object	Wait Time with poor CPU Utilization	(% from Object Wait Time)(%)	Wait Count
2	Condition Variable 0x74c978ed	0.985723	100.0	13
2	Stream 0xdef56053	0.000372	100.0	10
2	Stream 0x2bc6bc06	0.000174	100.0	1
2	Stream /proc/cpuinfo 0xcd775da3	0.000061	100.0	1
2	Stream /proc/meminfo 0x1c79bb26	0.000014	100.0	1
2	[Others]	0.000033	100.0	3
1	Spin and Overhead Time	44.880s (79.9% of CPU Time)
2	Top Functions with Spin or Overhead Time	
2	Function	Module	Spin and Overhead Time	(% from CPU Time)(%)
2	__kmp_fork_barrier	libiomp5.so	39.009786	69.4
2	__kmp_fork_call	libiomp5.so	3.033115	5.4
2	__kmp_join_call	libiomp5.so	1.246538	2.2
2	__kmp_join_barrier	libiomp5.so	0.969980	1.7
2	_INTERNAL_23_______src_kmp_sched_cpp_20354e55::__kmp_itt_metadata_loop	libiomp5.so	0.240510	0.4
2	[Others]	N/A	0.380113	0.7
0	Collection and Platform Info	
1	Application Command Line	pathfinder "1000" "100000" 
1	Operating System	3.10.0-1160.15.2.1chaos.ch6.x86_64 NAME="Red Hat Enterprise Linux Server" VERSION="7.9 (Maipo)" ID="rhel" ID_LIKE="fedora" VARIANT="Server" VARIANT_ID="server" VERSION_ID="7.9" PRETTY_NAME="Red Hat Enterprise Linux Server 7.9 (Maipo)" ANSI_COLOR="0;31" CPE_NAME="cpe:/o:redhat:enterprise_linux:7.9:GA:server" HOME_URL="https://www.redhat.com/" BUG_REPORT_URL="https://bugzilla.redhat.com/"  REDHAT_BUGZILLA_PRODUCT="Red Hat Enterprise Linux 7" REDHAT_BUGZILLA_PRODUCT_VERSION=7.9 REDHAT_SUPPORT_PRODUCT="Red Hat Enterprise Linux" REDHAT_SUPPORT_PRODUCT_VERSION="7.9"
1	Computer Name	quartz2441
1	Result Size	82372465
1	Collection start time	01:03:42 22/04/2021 UTC
1	Collection stop time	01:03:58 22/04/2021 UTC
1	Collector Type	User-mode sampling and tracing
1	CPU	
2	Name	Intel(R) Xeon(R) Processor code named Broadwell
2	Frequency	2095147068
2	Logical CPU Count	72
