Hierarchy Level	Metric Name	Metric Value
0	Elapsed Time	110.926848
1	Paused Time	0.0
0	Effective CPU Utilization	1.4% (0.993 out of 72 logical CPUs)
1	OpenMP Analysis. Collection Time	110.926848
2	Serial Time (outside parallel regions)	105.107s (94.8%)
3	Top Serial Hotspots (outside parallel regions)	
3	Function	Module	Serial CPU Time
3	printf	libc.so.6	77.449017
3	rand	libc.so.6	16.889866
3	main	pathfinder	5.940139
3	__kmp_join_call	libiomp5.so	1.144717
3	func@0x4011c0	pathfinder	0.209994
3	[Others]	N/A	0.069952
2	Parallel Region Time	5.820s (5.2%)
3	Estimated Ideal Time	4.315s (3.9%)
3	OpenMP Potential Gain	1.505s (1.4%)
1	Total Thread Count	9
2	Thread Oversubscription	0s (0.0% of CPU Time)
1	Wait Time with poor CPU Utilization	6.298s (100.0% of Wait Time)
2	Top Waiting Objects	
2	Sync Object	Wait Time with poor CPU Utilization	(% from Object Wait Time)(%)	Wait Count
2	Condition Variable 0x74c978ed	6.293066	100.0	21
2	Stream 0xdef56053	0.003575	100.0	91
2	Stream 0x2bc6bc06	0.000899	100.0	1
2	Stream /proc/cpuinfo 0xcd775da3	0.000096	100.0	2
2	Mutex 0x6cb3026d	0.000064	100.0	2
2	[Others]	0.000054	100.0	4
1	Spin and Overhead Time	50.063s (31.8% of CPU Time)
2	Top Functions with Spin or Overhead Time	
2	Function	Module	Spin and Overhead Time	(% from CPU Time)(%)
2	__kmp_fork_barrier	libiomp5.so	42.971458	27.3
2	__kmp_fork_call	libiomp5.so	3.378009	2.1
2	__kmp_join_call	libiomp5.so	1.601471	1.0
2	__kmp_join_barrier	libiomp5.so	1.399931	0.9
2	_INTERNAL_23_______src_kmp_sched_cpp_20354e55::__kmp_itt_metadata_loop	libiomp5.so	0.232375	0.1
2	[Others]	N/A	0.480170	0.3
0	Collection and Platform Info	
1	Application Command Line	pathfinder "10000" "100000" 
1	Operating System	3.10.0-1160.15.2.1chaos.ch6.x86_64 NAME="Red Hat Enterprise Linux Server" VERSION="7.9 (Maipo)" ID="rhel" ID_LIKE="fedora" VARIANT="Server" VARIANT_ID="server" VERSION_ID="7.9" PRETTY_NAME="Red Hat Enterprise Linux Server 7.9 (Maipo)" ANSI_COLOR="0;31" CPE_NAME="cpe:/o:redhat:enterprise_linux:7.9:GA:server" HOME_URL="https://www.redhat.com/" BUG_REPORT_URL="https://bugzilla.redhat.com/"  REDHAT_BUGZILLA_PRODUCT="Red Hat Enterprise Linux 7" REDHAT_BUGZILLA_PRODUCT_VERSION=7.9 REDHAT_SUPPORT_PRODUCT="Red Hat Enterprise Linux" REDHAT_SUPPORT_PRODUCT_VERSION="7.9"
1	Computer Name	quartz2441
1	Result Size	84699725
1	Collection start time	01:24:27 22/04/2021 UTC
1	Collection stop time	01:26:18 22/04/2021 UTC
1	Collector Type	User-mode sampling and tracing
1	CPU	
2	Name	Intel(R) Xeon(R) Processor code named Broadwell
2	Frequency	2095147001
2	Logical CPU Count	72
