Hierarchy Level	Metric Name	Metric Value
0	Elapsed Time	1.026478
1	Paused Time	0.0
0	Effective CPU Utilization	0.1% (0.092 out of 72 logical CPUs)
1	OpenMP Analysis. Collection Time	1.026478
2	Serial Time (outside parallel regions)	0.981s (95.6%)
3	Top Serial Hotspots (outside parallel regions)	
3	Function	Module	Serial CPU Time
3	fscanf	libc.so.6	0.060003
3	__kmp_get_global_thread_id_reg	libiomp5.so	0.030000
3	__kmp_create_worker	libiomp5.so	0.020026
3	__pthread_create_2_1	libpthread.so.0	0.010000
3	_IO_fprintf	libc.so.6	0.010000
3	BFSGraph	bfs	0.009997
2	Parallel Region Time	0.045s (4.4%)
3	Estimated Ideal Time	0.008s (0.7%)
3	OpenMP Potential Gain	0.038s (3.7%)
1	Total Thread Count	72
2	Thread Oversubscription	0s (0.0% of CPU Time)
1	Wait Time with poor CPU Utilization	12.428s (100.0% of Wait Time)
2	Top Waiting Objects	
2	Sync Object	Wait Time with poor CPU Utilization	(% from Object Wait Time)(%)	Wait Count
2	Condition Variable 0x74c978ed	12.420388	100.0	93
2	Mutex 0x6cb3026d	0.003037	100.0	19
2	Stream result.txt 0x9a0c8672	0.002144	100.0	1
2	Stream ../../data/bfs/graph65536.txt 0x86817037	0.001525	100.0	1
2	Stream 0x4244fe5a	0.000816	100.0	1
2	[Others]	0.000147	100.0	6
1	Spin and Overhead Time	10.840s (99.3% of CPU Time)
2	Top Functions with Spin or Overhead Time	
2	Function	Module	Spin and Overhead Time	(% from CPU Time)(%)
2	__kmp_fork_barrier	libiomp5.so	10.689977	97.9
2	__kmp_join_barrier	libiomp5.so	0.050023	0.5
2	__kmp_join_call	libiomp5.so	0.039974	0.4
2	__kmp_get_global_thread_id_reg	libiomp5.so	0.030000	0.3
2	__kmp_create_worker	libiomp5.so	0.020026	0.2
2	__pthread_create_2_1	libpthread.so.0	0.010000	0.1
0	Collection and Platform Info	
1	Application Command Line	bfs "18" "../../data/bfs/graph65536.txt" 
1	Operating System	3.10.0-1160.15.2.1chaos.ch6.x86_64 NAME="Red Hat Enterprise Linux Server" VERSION="7.9 (Maipo)" ID="rhel" ID_LIKE="fedora" VARIANT="Server" VARIANT_ID="server" VERSION_ID="7.9" PRETTY_NAME="Red Hat Enterprise Linux Server 7.9 (Maipo)" ANSI_COLOR="0;31" CPE_NAME="cpe:/o:redhat:enterprise_linux:7.9:GA:server" HOME_URL="https://www.redhat.com/" BUG_REPORT_URL="https://bugzilla.redhat.com/"  REDHAT_BUGZILLA_PRODUCT="Red Hat Enterprise Linux 7" REDHAT_BUGZILLA_PRODUCT_VERSION=7.9 REDHAT_SUPPORT_PRODUCT="Red Hat Enterprise Linux" REDHAT_SUPPORT_PRODUCT_VERSION="7.9"
1	Computer Name	quartz2140
1	Result Size	4789569
1	Collection start time	02:51:40 22/04/2021 UTC
1	Collection stop time	02:51:42 22/04/2021 UTC
1	Collector Type	User-mode sampling and tracing
1	CPU	
2	Name	Intel(R) Xeon(R) Processor code named Broadwell
2	Frequency	2095146750
2	Logical CPU Count	72
