Hierarchy Level	Metric Name	Metric Value
0	Elapsed Time	2.613709
1	Paused Time	0.0
0	Effective CPU Utilization	1.7% (1.191 out of 72 logical CPUs)
1	OpenMP Analysis. Collection Time	2.613709
2	Serial Time (outside parallel regions)	2.526s (96.6%)
3	Top Serial Hotspots (outside parallel regions)	
3	Function	Module	Serial CPU Time
3	fscanf	libc.so.6	1.200009
3	_IO_fprintf	libc.so.6	0.250000
3	BFSGraph	bfs	0.089991
3	__kmp_get_global_thread_id_reg	libiomp5.so	0.040000
3	[Outside any known module]	[Unknown]	0.010000
3	__pthread_create_2_1	libpthread.so.0	0.010000
2	Parallel Region Time	0.088s (3.4%)
3	Estimated Ideal Time	0.036s (1.4%)
3	OpenMP Potential Gain	0.052s (2.0%)
1	Total Thread Count	72
2	Thread Oversubscription	0s (0.0% of CPU Time)
1	Wait Time with poor CPU Utilization	34.606s (100.0% of Wait Time)
2	Top Waiting Objects	
2	Sync Object	Wait Time with poor CPU Utilization	(% from Object Wait Time)(%)	Wait Count
2	Condition Variable 0x74c978ed	34.564009	100.0	138
2	Stream 0x775f618b	0.034124	100.0	76
2	Mutex 0x6cb3026d	0.005549	100.0	18
2	Stream result.txt 0x9a0c8672	0.001065	100.0	1
2	Stream ../../data/bfs/graph1MW_6.txt 0x86817037	0.001026	100.0	1
2	[Others]	0.000395	100.0	6
1	Spin and Overhead Time	17.461s (85.6% of CPU Time)
2	Top Functions with Spin or Overhead Time	
2	Function	Module	Spin and Overhead Time	(% from CPU Time)(%)
2	__kmp_fork_barrier	libiomp5.so	17.150869	84.1
2	__kmp_join_barrier	libiomp5.so	0.230115	1.1
2	__kmp_get_global_thread_id_reg	libiomp5.so	0.040000	0.2
2	__kmp_join_call	libiomp5.so	0.029991	0.1
2	__pthread_create_2_1	libpthread.so.0	0.010000	0.0
0	Collection and Platform Info	
1	Application Command Line	bfs "36" "../../data/bfs/graph1MW_6.txt" 
1	Operating System	3.10.0-1160.15.2.1chaos.ch6.x86_64 NAME="Red Hat Enterprise Linux Server" VERSION="7.9 (Maipo)" ID="rhel" ID_LIKE="fedora" VARIANT="Server" VARIANT_ID="server" VERSION_ID="7.9" PRETTY_NAME="Red Hat Enterprise Linux Server 7.9 (Maipo)" ANSI_COLOR="0;31" CPE_NAME="cpe:/o:redhat:enterprise_linux:7.9:GA:server" HOME_URL="https://www.redhat.com/" BUG_REPORT_URL="https://bugzilla.redhat.com/"  REDHAT_BUGZILLA_PRODUCT="Red Hat Enterprise Linux 7" REDHAT_BUGZILLA_PRODUCT_VERSION=7.9 REDHAT_SUPPORT_PRODUCT="Red Hat Enterprise Linux" REDHAT_SUPPORT_PRODUCT_VERSION="7.9"
1	Computer Name	quartz2140
1	Result Size	5790250
1	Collection start time	02:46:05 22/04/2021 UTC
1	Collection stop time	02:46:08 22/04/2021 UTC
1	Collector Type	User-mode sampling and tracing
1	CPU	
2	Name	Intel(R) Xeon(R) Processor code named Broadwell
2	Frequency	2095146901
2	Logical CPU Count	72
