Hierarchy Level	Metric Name	Metric Value
0	Elapsed Time	0.930428
1	Paused Time	0.0
0	Effective CPU Utilization	0.3% (0.243 out of 72 logical CPUs)
1	OpenMP Analysis. Collection Time	0.930428
2	Serial Time (outside parallel regions)	0.897s (96.4%)
3	Top Serial Hotspots (outside parallel regions)	
3	Function	Module	Serial CPU Time
3	fscanf	libc.so.6	0.080000
3	__kmp_get_global_thread_id_reg	libiomp5.so	0.030000
3	_IO_fprintf	libc.so.6	0.020000
2	Parallel Region Time	0.034s (3.6%)
3	Estimated Ideal Time	0.015s (1.6%)
3	OpenMP Potential Gain	0.019s (2.0%)
1	Total Thread Count	72
2	Thread Oversubscription	0s (0.0% of CPU Time)
1	Wait Time with poor CPU Utilization	11.356s (100.0% of Wait Time)
2	Top Waiting Objects	
2	Sync Object	Wait Time with poor CPU Utilization	(% from Object Wait Time)(%)	Wait Count
2	Condition Variable 0x74c978ed	11.340295	100.0	91
2	Stream 0x775f618b	0.009331	100.0	8
2	Mutex 0x6cb3026d	0.003230	100.0	18
2	Stream result.txt 0x9a0c8672	0.001757	100.0	1
2	Stream ../../data/bfs/graph65536.txt 0x86817037	0.001046	100.0	1
2	[Others]	0.000657	100.0	7
1	Spin and Overhead Time	11.070s (98.3% of CPU Time)
2	Top Functions with Spin or Overhead Time	
2	Function	Module	Spin and Overhead Time	(% from CPU Time)(%)
2	__kmp_fork_barrier	libiomp5.so	10.989750	97.6
2	__kmp_join_barrier	libiomp5.so	0.030012	0.3
2	__kmp_get_global_thread_id_reg	libiomp5.so	0.030000	0.3
2	__kmp_join_call	libiomp5.so	0.020000	0.2
0	Collection and Platform Info	
1	Application Command Line	bfs "36" "../../data/bfs/graph65536.txt" 
1	Operating System	3.10.0-1160.15.2.1chaos.ch6.x86_64 NAME="Red Hat Enterprise Linux Server" VERSION="7.9 (Maipo)" ID="rhel" ID_LIKE="fedora" VARIANT="Server" VARIANT_ID="server" VERSION_ID="7.9" PRETTY_NAME="Red Hat Enterprise Linux Server 7.9 (Maipo)" ANSI_COLOR="0;31" CPE_NAME="cpe:/o:redhat:enterprise_linux:7.9:GA:server" HOME_URL="https://www.redhat.com/" BUG_REPORT_URL="https://bugzilla.redhat.com/"  REDHAT_BUGZILLA_PRODUCT="Red Hat Enterprise Linux 7" REDHAT_BUGZILLA_PRODUCT_VERSION=7.9 REDHAT_SUPPORT_PRODUCT="Red Hat Enterprise Linux" REDHAT_SUPPORT_PRODUCT_VERSION="7.9"
1	Computer Name	quartz2140
1	Result Size	4770771
1	Collection start time	02:51:05 22/04/2021 UTC
1	Collection stop time	02:51:07 22/04/2021 UTC
1	Collector Type	User-mode sampling and tracing
1	CPU	
2	Name	Intel(R) Xeon(R) Processor code named Broadwell
2	Frequency	2095146555
2	Logical CPU Count	72
