Hierarchy Level	Metric Name	Metric Value
0	Elapsed Time	2.406509
1	Paused Time	0.0
0	Effective CPU Utilization	1.4% (1.041 out of 72 logical CPUs)
1	OpenMP Analysis. Collection Time	2.406509
2	Serial Time (outside parallel regions)	2.312s (96.1%)
3	Top Serial Hotspots (outside parallel regions)	
3	Function	Module	Serial CPU Time
3	fscanf	libc.so.6	0.999999
3	_IO_fprintf	libc.so.6	0.250000
3	BFSGraph	bfs	0.040001
3	__kmp_get_global_thread_id_reg	libiomp5.so	0.040000
3	[Outside any known module]	[Unknown]	0.010000
3	__kmp_fork_call	libiomp5.so	0.010000
2	Parallel Region Time	0.095s (3.9%)
3	Estimated Ideal Time	0.038s (1.6%)
3	OpenMP Potential Gain	0.056s (2.3%)
1	Total Thread Count	72
2	Thread Oversubscription	0s (0.0% of CPU Time)
1	Wait Time with poor CPU Utilization	36.835s (100.0% of Wait Time)
2	Top Waiting Objects	
2	Sync Object	Wait Time with poor CPU Utilization	(% from Object Wait Time)(%)	Wait Count
2	Condition Variable 0x74c978ed	36.827359	100.0	138
2	Stream result.txt 0x9a0c8672	0.005467	100.0	1
2	Stream 0x4244fe5a	0.000915	100.0	1
2	Stream ../../data/bfs/graph1MW_6.txt 0x86817037	0.000532	100.0	1
2	Stream 0x178dd9f9	0.000290	100.0	3
2	[Others]	0.000315	100.0	20
1	Spin and Overhead Time	16.968s (87.9% of CPU Time)
2	Top Functions with Spin or Overhead Time	
2	Function	Module	Spin and Overhead Time	(% from CPU Time)(%)
2	__kmp_fork_barrier	libiomp5.so	16.598057	86.0
2	__kmp_join_barrier	libiomp5.so	0.259826	1.3
2	__kmp_join_call	libiomp5.so	0.059998	0.3
2	__kmp_get_global_thread_id_reg	libiomp5.so	0.040000	0.2
2	__kmp_fork_call	libiomp5.so	0.010000	0.1
0	Collection and Platform Info	
1	Application Command Line	bfs "9" "../../data/bfs/graph1MW_6.txt" 
1	Operating System	3.10.0-1160.15.2.1chaos.ch6.x86_64 NAME="Red Hat Enterprise Linux Server" VERSION="7.9 (Maipo)" ID="rhel" ID_LIKE="fedora" VARIANT="Server" VARIANT_ID="server" VERSION_ID="7.9" PRETTY_NAME="Red Hat Enterprise Linux Server 7.9 (Maipo)" ANSI_COLOR="0;31" CPE_NAME="cpe:/o:redhat:enterprise_linux:7.9:GA:server" HOME_URL="https://www.redhat.com/" BUG_REPORT_URL="https://bugzilla.redhat.com/"  REDHAT_BUGZILLA_PRODUCT="Red Hat Enterprise Linux 7" REDHAT_BUGZILLA_PRODUCT_VERSION=7.9 REDHAT_SUPPORT_PRODUCT="Red Hat Enterprise Linux" REDHAT_SUPPORT_PRODUCT_VERSION="7.9"
1	Computer Name	quartz2140
1	Result Size	5666196
1	Collection start time	02:47:25 22/04/2021 UTC
1	Collection stop time	02:47:28 22/04/2021 UTC
1	Collector Type	User-mode sampling and tracing
1	CPU	
2	Name	Intel(R) Xeon(R) Processor code named Broadwell
2	Frequency	2095147239
2	Logical CPU Count	72
