Reading Profile files in 3D-log/tau_exec/../../data/hotspot3D/power_512x8/profile.*

NODE 0;CONTEXT 0;THREAD 0:
---------------------------------------------------------------------------------------
%Time    Exclusive    Inclusive       #Call      #Subrs  Inclusive Name
              msec   total msec                          usec/call 
---------------------------------------------------------------------------------------
100.0        8,506        8,585           1         111    8585709 .TAU application
  0.8           65           65           3           0      21904 cudaMalloc
  0.1            7            7           1           0       7345 cudaDeviceSynchronize
  0.0            3            3           3           0       1000 cudaMemcpy
  0.0            2            2         100           0         21 cudaLaunchKernel: hotspotOpt1(float*, float*, float*, float, int, int, int, float, float, float, float, float, float, float)
  0.0        0.792        0.792           3           0        264 cudaFree
  0.0        0.004        0.004           1           0          4 cudaFuncSetCacheConfig
---------------------------------------------------------------------------------------

USER EVENTS Profile :NODE 0, CONTEXT 0, THREAD 0
---------------------------------------------------------------------------------------
NumSamples   MaxValue   MinValue  MeanValue  Std. Dev.  Event Name
---------------------------------------------------------------------------------------
         1  8.389E+06  8.389E+06  8.389E+06          0  Bytes copied from Device to Host
         1  8.389E+06  8.389E+06  8.389E+06          0  Bytes copied from Device to Host : cudaMemcpy
         2  8.389E+06  8.389E+06  8.389E+06          0  Bytes copied from Host to Device
         2  8.389E+06  8.389E+06  8.389E+06          0  Bytes copied from Host to Device : cudaMemcpy
---------------------------------------------------------------------------------------

NODE 0;CONTEXT 0;THREAD 1:
---------------------------------------------------------------------------------------
%Time    Exclusive    Inclusive       #Call      #Subrs  Inclusive Name
              msec   total msec                          usec/call 
---------------------------------------------------------------------------------------
100.0        0.556           12           1         104      12772 .TAU application
 78.4           10           10         100           0        100 hotspotOpt1(float*, float*, float*, float, int, int, int, float, float, float, float, float, float, float)
  9.8            1            1           2           0        623 Memory copy Host to Device
  7.4        0.951        0.951           1           0        951 Memory copy Device to Host
  0.1       0.0075       0.0075           1           0          8 Context Synchronize
---------------------------------------------------------------------------------------

USER EVENTS Profile :NODE 0, CONTEXT 0, THREAD 1
---------------------------------------------------------------------------------------
NumSamples   MaxValue   MinValue  MeanValue  Std. Dev.  Event Name
---------------------------------------------------------------------------------------
       100         10         10         10          0  Allocatable Blocks Per SM given Registers used (Blocks)
       100         10         10         10          0  Allocatable Blocks Per SM given Registers used (Blocks) : hotspotOpt1(float*, float*, float*, float, int, int, int, float, float, float, float, float, float, float)
       100       1024       1024       1024          0  Allocatable Blocks Per SM given Shared Memory usage (Blocks)
       100       1024       1024       1024          0  Allocatable Blocks Per SM given Shared Memory usage (Blocks) : hotspotOpt1(float*, float*, float*, float, int, int, int, float, float, float, float, float, float, float)
       100          2          2          2          0  Allocatable Blocks per SM given Thread count (Blocks)
       100          2          2          2          0  Allocatable Blocks per SM given Thread count (Blocks) : hotspotOpt1(float*, float*, float*, float, int, int, int, float, float, float, float, float, float, float)
       100        256        256        256          0  Block Size
       100        256        256        256          0  Block Size : hotspotOpt1(float*, float*, float*, float, int, int, int, float, float, float, float, float, float, float)
         1  8.389E+06  8.389E+06  8.389E+06          0  Bytes copied from Device to Host
         1  8.389E+06  8.389E+06  8.389E+06          0  Bytes copied from Device to Host : Memory copy Device to Host
         2  8.389E+06  8.389E+06  8.389E+06          0  Bytes copied from Host to Device
         2  8.389E+06  8.389E+06  8.389E+06          0  Bytes copied from Host to Device : Memory copy Host to Device
       100          4          4          4          0  GPU Occupancy (Warps)
       100          4          4          4          0  GPU Occupancy (Warps) : hotspotOpt1(float*, float*, float*, float, int, int, int, float, float, float, float, float, float, float)
       100          0          0          0          0  Local Memory (bytes per thread)
       100          0          0          0          0  Local Memory (bytes per thread) : hotspotOpt1(float*, float*, float*, float, int, int, int, float, float, float, float, float, float, float)
       100         41         41         41          0  Local Registers (per thread)
       100         41         41         41          0  Local Registers (per thread) : hotspotOpt1(float*, float*, float*, float, int, int, int, float, float, float, float, float, float, float)
       100          0          0          0          0  Shared Dynamic Memory (bytes)
       100          0          0          0          0  Shared Dynamic Memory (bytes) : hotspotOpt1(float*, float*, float*, float, int, int, int, float, float, float, float, float, float, float)
       100          0          0          0          0  Shared Static Memory (bytes)
       100          0          0          0          0  Shared Static Memory (bytes) : hotspotOpt1(float*, float*, float*, float, int, int, int, float, float, float, float, float, float, float)
---------------------------------------------------------------------------------------

NODE 0;CONTEXT 0;THREAD 2:
---------------------------------------------------------------------------------------
%Time    Exclusive    Inclusive       #Call      #Subrs  Inclusive Name
              msec   total msec                          usec/call 
---------------------------------------------------------------------------------------
100.0          137          137           1           0     137553 .TAU application

FUNCTION SUMMARY (total):
---------------------------------------------------------------------------------------
%Time    Exclusive    Inclusive       #Call      #Subrs  Inclusive Name
              msec   total msec                          usec/call 
---------------------------------------------------------------------------------------
100.0        8,644        8,736           3         215    2912011 .TAU application
  0.8           65           65           3           0      21904 cudaMalloc
  0.1           10           10         100           0        100 hotspotOpt1(float*, float*, float*, float, int, int, int, float, float, float, float, float, float, float)
  0.1            7            7           1           0       7345 cudaDeviceSynchronize
  0.0            3            3           3           0       1000 cudaMemcpy
  0.0            2            2         100           0         21 cudaLaunchKernel: hotspotOpt1(float*, float*, float*, float, int, int, int, float, float, float, float, float, float, float)
  0.0            1            1           2           0        623 Memory copy Host to Device
  0.0        0.951        0.951           1           0        951 Memory copy Device to Host
  0.0        0.792        0.792           3           0        264 cudaFree
  0.0       0.0075       0.0075           1           0          8 Context Synchronize
  0.0        0.004        0.004           1           0          4 cudaFuncSetCacheConfig

FUNCTION SUMMARY (mean):
---------------------------------------------------------------------------------------
%Time    Exclusive    Inclusive       #Call      #Subrs  Inclusive Name
              msec   total msec                          usec/call 
---------------------------------------------------------------------------------------
100.0        2,881        2,912           1     71.6667    2912011 .TAU application
  0.8           21           21           1           0      21904 cudaMalloc
  0.1            3            3     33.3333           0        100 hotspotOpt1(float*, float*, float*, float, int, int, int, float, float, float, float, float, float, float)
  0.1            2            2    0.333333           0       7345 cudaDeviceSynchronize
  0.0            1            1           1           0       1000 cudaMemcpy
  0.0        0.716        0.716     33.3333           0         21 cudaLaunchKernel: hotspotOpt1(float*, float*, float*, float, int, int, int, float, float, float, float, float, float, float)
  0.0        0.415        0.415    0.666667           0        623 Memory copy Host to Device
  0.0        0.317        0.317    0.333333           0        951 Memory copy Device to Host
  0.0        0.264        0.264           1           0        264 cudaFree
  0.0       0.0025       0.0025    0.333333           0          8 Context Synchronize
  0.0      0.00133      0.00133    0.333333           0          4 cudaFuncSetCacheConfig
