Reading Profile files in 3D-log/tau_exec/../../data/hotspot3D/power_512x4/profile.*

NODE 0;CONTEXT 0;THREAD 0:
---------------------------------------------------------------------------------------
%Time    Exclusive    Inclusive       #Call      #Subrs  Inclusive Name
              msec   total msec                          usec/call 
---------------------------------------------------------------------------------------
100.0        4,273        4,346           1         111    4346112 .TAU application
  1.5           65           65           3           0      21714 cudaMalloc
  0.1            2            2           1           0       2777 cudaDeviceSynchronize
  0.0            2            2         100           0         21 cudaLaunchKernel: hotspotOpt1(float*, float*, float*, float, int, int, int, float, float, float, float, float, float, float)
  0.0            1            1           3           0        573 cudaMemcpy
  0.0        0.686        0.686           3           0        229 cudaFree
  0.0        0.003        0.003           1           0          3 cudaFuncSetCacheConfig
---------------------------------------------------------------------------------------

USER EVENTS Profile :NODE 0, CONTEXT 0, THREAD 0
---------------------------------------------------------------------------------------
NumSamples   MaxValue   MinValue  MeanValue  Std. Dev.  Event Name
---------------------------------------------------------------------------------------
         1  4.194E+06  4.194E+06  4.194E+06          0  Bytes copied from Device to Host
         1  4.194E+06  4.194E+06  4.194E+06          0  Bytes copied from Device to Host : cudaMemcpy
         2  4.194E+06  4.194E+06  4.194E+06          0  Bytes copied from Host to Device
         2  4.194E+06  4.194E+06  4.194E+06          0  Bytes copied from Host to Device : cudaMemcpy
---------------------------------------------------------------------------------------

NODE 0;CONTEXT 0;THREAD 1:
---------------------------------------------------------------------------------------
%Time    Exclusive    Inclusive       #Call      #Subrs  Inclusive Name
              msec   total msec                          usec/call 
---------------------------------------------------------------------------------------
100.0        0.516            6           1         104       6933 .TAU application
 78.9            5            5         100           0         55 hotspotOpt1(float*, float*, float*, float, int, int, int, float, float, float, float, float, float, float)
  8.5        0.588        0.588           2           0        294 Memory copy Host to Device
  5.1        0.352        0.352           1           0        352 Memory copy Device to Host
  0.1      0.00575      0.00575           1           0          6 Context Synchronize
---------------------------------------------------------------------------------------

USER EVENTS Profile :NODE 0, CONTEXT 0, THREAD 1
---------------------------------------------------------------------------------------
NumSamples   MaxValue   MinValue  MeanValue  Std. Dev.  Event Name
---------------------------------------------------------------------------------------
       100         10         10         10          0  Allocatable Blocks Per SM given Registers used (Blocks)
       100         10         10         10          0  Allocatable Blocks Per SM given Registers used (Blocks) : hotspotOpt1(float*, float*, float*, float, int, int, int, float, float, float, float, float, float, float)
       100       1024       1024       1024          0  Allocatable Blocks Per SM given Shared Memory usage (Blocks)
       100       1024       1024       1024          0  Allocatable Blocks Per SM given Shared Memory usage (Blocks) : hotspotOpt1(float*, float*, float*, float, int, int, int, float, float, float, float, float, float, float)
       100          2          2          2          0  Allocatable Blocks per SM given Thread count (Blocks)
       100          2          2          2          0  Allocatable Blocks per SM given Thread count (Blocks) : hotspotOpt1(float*, float*, float*, float, int, int, int, float, float, float, float, float, float, float)
       100        256        256        256          0  Block Size
       100        256        256        256          0  Block Size : hotspotOpt1(float*, float*, float*, float, int, int, int, float, float, float, float, float, float, float)
         1  4.194E+06  4.194E+06  4.194E+06          0  Bytes copied from Device to Host
         1  4.194E+06  4.194E+06  4.194E+06          0  Bytes copied from Device to Host : Memory copy Device to Host
         2  4.194E+06  4.194E+06  4.194E+06          0  Bytes copied from Host to Device
         2  4.194E+06  4.194E+06  4.194E+06          0  Bytes copied from Host to Device : Memory copy Host to Device
       100          4          4          4          0  GPU Occupancy (Warps)
       100          4          4          4          0  GPU Occupancy (Warps) : hotspotOpt1(float*, float*, float*, float, int, int, int, float, float, float, float, float, float, float)
       100          0          0          0          0  Local Memory (bytes per thread)
       100          0          0          0          0  Local Memory (bytes per thread) : hotspotOpt1(float*, float*, float*, float, int, int, int, float, float, float, float, float, float, float)
       100         41         41         41          0  Local Registers (per thread)
       100         41         41         41          0  Local Registers (per thread) : hotspotOpt1(float*, float*, float*, float, int, int, int, float, float, float, float, float, float, float)
       100          0          0          0          0  Shared Dynamic Memory (bytes)
       100          0          0          0          0  Shared Dynamic Memory (bytes) : hotspotOpt1(float*, float*, float*, float, int, int, int, float, float, float, float, float, float, float)
       100          0          0          0          0  Shared Static Memory (bytes)
       100          0          0          0          0  Shared Static Memory (bytes) : hotspotOpt1(float*, float*, float*, float, int, int, int, float, float, float, float, float, float, float)
---------------------------------------------------------------------------------------

NODE 0;CONTEXT 0;THREAD 2:
---------------------------------------------------------------------------------------
%Time    Exclusive    Inclusive       #Call      #Subrs  Inclusive Name
              msec   total msec                          usec/call 
---------------------------------------------------------------------------------------
100.0          141          141           1           0     141088 .TAU application

FUNCTION SUMMARY (total):
---------------------------------------------------------------------------------------
%Time    Exclusive    Inclusive       #Call      #Subrs  Inclusive Name
              msec   total msec                          usec/call 
---------------------------------------------------------------------------------------
100.0        4,415        4,494           3         215    1498044 .TAU application
  1.4           65           65           3           0      21714 cudaMalloc
  0.1            5            5         100           0         55 hotspotOpt1(float*, float*, float*, float, int, int, int, float, float, float, float, float, float, float)
  0.1            2            2           1           0       2777 cudaDeviceSynchronize
  0.0            2            2         100           0         21 cudaLaunchKernel: hotspotOpt1(float*, float*, float*, float, int, int, int, float, float, float, float, float, float, float)
  0.0            1            1           3           0        573 cudaMemcpy
  0.0        0.686        0.686           3           0        229 cudaFree
  0.0        0.588        0.588           2           0        294 Memory copy Host to Device
  0.0        0.352        0.352           1           0        352 Memory copy Device to Host
  0.0      0.00575      0.00575           1           0          6 Context Synchronize
  0.0        0.003        0.003           1           0          3 cudaFuncSetCacheConfig

FUNCTION SUMMARY (mean):
---------------------------------------------------------------------------------------
%Time    Exclusive    Inclusive       #Call      #Subrs  Inclusive Name
              msec   total msec                          usec/call 
---------------------------------------------------------------------------------------
100.0        1,471        1,498           1     71.6667    1498044 .TAU application
  1.4           21           21           1           0      21714 cudaMalloc
  0.1            1            1     33.3333           0         55 hotspotOpt1(float*, float*, float*, float, int, int, int, float, float, float, float, float, float, float)
  0.1        0.926        0.926    0.333333           0       2777 cudaDeviceSynchronize
  0.0        0.712        0.712     33.3333           0         21 cudaLaunchKernel: hotspotOpt1(float*, float*, float*, float, int, int, int, float, float, float, float, float, float, float)
  0.0        0.573        0.573           1           0        573 cudaMemcpy
  0.0        0.229        0.229           1           0        229 cudaFree
  0.0        0.196        0.196    0.666667           0        294 Memory copy Host to Device
  0.0        0.117        0.117    0.333333           0        352 Memory copy Device to Host
  0.0      0.00192      0.00192    0.333333           0          6 Context Synchronize
  0.0        0.001        0.001    0.333333           0          3 cudaFuncSetCacheConfig
