Hierarchy Level	Metric Name	Metric Value
0	Elapsed Time	2.090587
1	SP GFLOPS	0.0
1	DP GFLOPS	6.113126
1	x87 GFLOPS	0.0
1	CPI Rate	0.554461
1	Average CPU Frequency	2866055902.844373
1	Total Thread Count	9
0	Effective Physical Core Utilization	20.8% (7.475 out of 36)
1	Effective Logical Core Utilization	10.3% (7.422 out of 72)
1	Serial Time (outside parallel regions)	0.215s (10.3%)
2	Top Serial Hotspots (outside parallel regions)	
2	Function	Module	Serial CPU Time
2	[Outside any known module]	[Unknown]	0.075174
2	[Loop@0x40cafe in chop_flip_image]	heartwall	0.040093
2	[Loop@0x40cbf4 in chop_flip_image]	heartwall	0.020046
2	func@0x7efe0	libittnotify_collector.so	0.010023
2	_IO_default_xsputn	libc-2.17.so	0.005012
2	[Others]	N/A	0.005012
1	Parallel Region Time	1.875s (89.7%)
2	Estimated Ideal Time	1.686s (80.7%)
2	OpenMP Potential Gain	0.189s (9.0%)
0	Memory Bound	3.1
1	Cache Bound	2.4
1	DRAM Bound	0.3
1	NUMA: % of Remote Accesses	0.0
0	Vectorization	0.0
1	Instruction Mix	
2	SP FLOPs	0.0
3	Packed	0.0
4	128-bit	0.0
4	256-bit	0.0
3	Scalar	0.0
2	DP FLOPs	14.1
3	Packed	0.0
4	128-bit	0.0
4	256-bit	0.0
3	Scalar	100.0
2	x87 FLOPs	0.0
2	Non-FP	85.9
1	FP Arith/Mem Rd Instr. Ratio	0.734779
1	FP Arith/Mem Wr Instr. Ratio	20.881758
0	Collection and Platform Info	
1	Application Command Line	heartwall "../../data/heartwall/test.avi" "10" "9" 
1	Operating System	3.10.0-1160.15.2.1chaos.ch6.x86_64 NAME="Red Hat Enterprise Linux Server" VERSION="7.9 (Maipo)" ID="rhel" ID_LIKE="fedora" VARIANT="Server" VARIANT_ID="server" VERSION_ID="7.9" PRETTY_NAME="Red Hat Enterprise Linux Server 7.9 (Maipo)" ANSI_COLOR="0;31" CPE_NAME="cpe:/o:redhat:enterprise_linux:7.9:GA:server" HOME_URL="https://www.redhat.com/" BUG_REPORT_URL="https://bugzilla.redhat.com/"  REDHAT_BUGZILLA_PRODUCT="Red Hat Enterprise Linux 7" REDHAT_BUGZILLA_PRODUCT_VERSION=7.9 REDHAT_SUPPORT_PRODUCT="Red Hat Enterprise Linux" REDHAT_SUPPORT_PRODUCT_VERSION="7.9"
1	Computer Name	quartz3027
1	Result Size	10252687
1	Collection start time	21:02:21 21/04/2021 UTC
1	Collection stop time	21:02:23 21/04/2021 UTC
1	Collector Type	Driverless Perf per-process sampling
1	CPU	
2	Name	Intel(R) Xeon(R) Processor code named Broadwell
2	Frequency	2095148077
2	Logical CPU Count	72
