Hierarchy Level	Metric Name	Metric Value
0	Elapsed Time	2.213594
1	Paused Time	0.0
0	Effective CPU Utilization	10.2% (7.362 out of 72 logical CPUs)
1	OpenMP Analysis. Collection Time	2.213594
2	Serial Time (outside parallel regions)	0.227s (10.3%)
3	Top Serial Hotspots (outside parallel regions)	
3	Function	Module	Serial CPU Time
3	chop_flip_image	heartwall	0.090026
3	__kmp_get_global_thread_id_reg	libiomp5.so	0.030000
2	Parallel Region Time	1.986s (89.7%)
3	Estimated Ideal Time	1.807s (81.6%)
3	OpenMP Potential Gain	0.179s (8.1%)
1	Total Thread Count	9
2	Thread Oversubscription	0s (0.0% of CPU Time)
1	Wait Time with poor CPU Utilization	0.030s (100.0% of Wait Time)
2	Top Waiting Objects	
2	Sync Object	Wait Time with poor CPU Utilization	(% from Object Wait Time)(%)	Wait Count
2	Condition Variable 0x74c978ed	0.027713	100.0	4
2	Stream ../../data/heartwall/test.avi 0x5f4696a5	0.002434	100.0	10
2	Stream 0xa146e230	0.000083	100.0	1
2	Stream /proc/cpuinfo 0x42f783cd	0.000049	100.0	1
2	Stream /proc/meminfo 0x91f9e150	0.000013	100.0	1
2	[Others]	0.000029	100.0	3
1	Spin and Overhead Time	2.330s (12.5% of CPU Time)
2	Top Functions with Spin or Overhead Time	
2	Function	Module	Spin and Overhead Time	(% from CPU Time)(%)
2	__kmp_fork_barrier	libiomp5.so	2.109998	11.3
2	__kmp_join_call	libiomp5.so	0.099996	0.5
2	__kmp_join_barrier	libiomp5.so	0.080010	0.4
2	__kmp_get_global_thread_id_reg	libiomp5.so	0.030000	0.2
2	__kmp_fork_call	libiomp5.so	0.010003	0.1
0	Collection and Platform Info	
1	Application Command Line	heartwall "../../data/heartwall/test.avi" "10" "9" 
1	Operating System	3.10.0-1160.15.2.1chaos.ch6.x86_64 NAME="Red Hat Enterprise Linux Server" VERSION="7.9 (Maipo)" ID="rhel" ID_LIKE="fedora" VARIANT="Server" VARIANT_ID="server" VERSION_ID="7.9" PRETTY_NAME="Red Hat Enterprise Linux Server 7.9 (Maipo)" ANSI_COLOR="0;31" CPE_NAME="cpe:/o:redhat:enterprise_linux:7.9:GA:server" HOME_URL="https://www.redhat.com/" BUG_REPORT_URL="https://bugzilla.redhat.com/"  REDHAT_BUGZILLA_PRODUCT="Red Hat Enterprise Linux 7" REDHAT_BUGZILLA_PRODUCT_VERSION=7.9 REDHAT_SUPPORT_PRODUCT="Red Hat Enterprise Linux" REDHAT_SUPPORT_PRODUCT_VERSION="7.9"
1	Computer Name	quartz3027
1	Result Size	4219646
1	Collection start time	21:02:04 21/04/2021 UTC
1	Collection stop time	21:02:07 21/04/2021 UTC
1	Collector Type	User-mode sampling and tracing
1	CPU	
2	Name	Intel(R) Xeon(R) Processor code named Broadwell
2	Frequency	2095148290
2	Logical CPU Count	72
