Hierarchy Level	Metric Name	Metric Value
0	Elapsed Time	0.833245
1	Paused Time	0.0
0	Effective CPU Utilization	1.3% (0.900 out of 72 logical CPUs)
1	Total Thread Count	1
2	Thread Oversubscription	0s (0.0% of CPU Time)
1	Wait Time with poor CPU Utilization	0.007s (100.0% of Wait Time)
2	Top Waiting Objects	
2	Sync Object	Wait Time with poor CPU Utilization	(% from Object Wait Time)(%)	Wait Count
2	Stream output.txt 0x957a5047	0.001951	100.0	1
2	Stream output.txt 0x14a8ba88	0.001235	100.0	1
2	Stream ../../data/b+tree/command.txt 0xaec3aa35	0.001044	100.0	1
2	Stream ../../data/b+tree/mil.txt 0xa573ac21	0.000924	100.0	1
2	Stream 0xedfd949a	0.000768	100.0	1
2	[Others]	0.000699	100.0	6
1	Spin and Overhead Time	0.030s (3.8% of CPU Time)
2	Top Functions with Spin or Overhead Time	
2	Function	Module	Spin and Overhead Time	(% from CPU Time)(%)
2	__kmp_api_omp_get_max_threads	libiomp5.so	0.030000	3.8
0	Collection and Platform Info	
1	Application Command Line	b+tree "core" "18" "file" "../../data/b+tree/mil.txt" "command" "../../data/b+tree/command.txt" 
1	Operating System	3.10.0-1160.15.2.1chaos.ch6.x86_64 NAME="Red Hat Enterprise Linux Server" VERSION="7.9 (Maipo)" ID="rhel" ID_LIKE="fedora" VARIANT="Server" VARIANT_ID="server" VERSION_ID="7.9" PRETTY_NAME="Red Hat Enterprise Linux Server 7.9 (Maipo)" ANSI_COLOR="0;31" CPE_NAME="cpe:/o:redhat:enterprise_linux:7.9:GA:server" HOME_URL="https://www.redhat.com/" BUG_REPORT_URL="https://bugzilla.redhat.com/"  REDHAT_BUGZILLA_PRODUCT="Red Hat Enterprise Linux 7" REDHAT_BUGZILLA_PRODUCT_VERSION=7.9 REDHAT_SUPPORT_PRODUCT="Red Hat Enterprise Linux" REDHAT_SUPPORT_PRODUCT_VERSION="7.9"
1	Computer Name	quartz2091
1	Result Size	3629682
1	Collection start time	18:48:10 21/04/2021 UTC
1	Collection stop time	18:48:11 21/04/2021 UTC
1	Collector Type	User-mode sampling and tracing
1	CPU	
2	Name	Intel(R) Xeon(R) Processor code named Broadwell
2	Frequency	2095147745
2	Logical CPU Count	72
