Hierarchy Level	Metric Name	Metric Value
0	Elapsed Time	1.507454
1	Paused Time	0.0
0	Effective CPU Utilization	0.2% (0.125 out of 72 logical CPUs)
1	OpenMP Analysis. Collection Time	1.507454
2	Serial Time (outside parallel regions)	1.441s (95.6%)
3	Top Serial Hotspots (outside parallel regions)	
3	Function	Module	Serial CPU Time
3	__kmp_get_global_thread_id_reg	libiomp5.so	0.030000
3	random_matrix	srad2	0.010000
2	Parallel Region Time	0.067s (4.4%)
3	Estimated Ideal Time	0.022s (1.5%)
3	OpenMP Potential Gain	0.045s (3.0%)
1	Total Thread Count	100
2	Thread Oversubscription	15.130s (99.1% of CPU Time)
1	Wait Time with poor CPU Utilization	42.237s (100.0% of Wait Time)
2	Top Waiting Objects	
2	Sync Object	Wait Time with poor CPU Utilization	(% from Object Wait Time)(%)	Wait Count
2	Condition Variable 0x74c978ed	42.234661	100.0	160
2	Mutex 0x6cb3026d	0.002413	100.0	23
2	Stream 0x61a5d4cb	0.000232	100.0	1
2	Stream /proc/cpuinfo 0x320551a8	0.000057	100.0	1
2	Stream /proc/meminfo 0x4b151beb	0.000017	100.0	1
2	[Others]	0.000037	100.0	3
1	Spin and Overhead Time	15.100s (98.9% of CPU Time)
2	Top Functions with Spin or Overhead Time	
2	Function	Module	Spin and Overhead Time	(% from CPU Time)(%)
2	__kmp_fork_barrier	libiomp5.so	14.789659	96.9
2	sched_yield	libc.so.6	0.120000	0.8
2	__kmp_join_barrier	libiomp5.so	0.090076	0.6
2	__kmp_join_call	libiomp5.so	0.040000	0.3
2	__kmp_get_global_thread_id_reg	libiomp5.so	0.030000	0.2
2	[Others]	N/A	0.030000	0.2
0	Collection and Platform Info	
1	Application Command Line	srad2 "128" "256" "0" "63" "0" "63" "100" "0.5" "18" 
1	Operating System	3.10.0-1160.15.2.1chaos.ch6.x86_64 NAME="Red Hat Enterprise Linux Server" VERSION="7.9 (Maipo)" ID="rhel" ID_LIKE="fedora" VARIANT="Server" VARIANT_ID="server" VERSION_ID="7.9" PRETTY_NAME="Red Hat Enterprise Linux Server 7.9 (Maipo)" ANSI_COLOR="0;31" CPE_NAME="cpe:/o:redhat:enterprise_linux:7.9:GA:server" HOME_URL="https://www.redhat.com/" BUG_REPORT_URL="https://bugzilla.redhat.com/"  REDHAT_BUGZILLA_PRODUCT="Red Hat Enterprise Linux 7" REDHAT_BUGZILLA_PRODUCT_VERSION=7.9 REDHAT_SUPPORT_PRODUCT="Red Hat Enterprise Linux" REDHAT_SUPPORT_PRODUCT_VERSION="7.9"
1	Computer Name	quartz1453
1	Result Size	5394528
1	Collection start time	21:02:35 22/04/2021 UTC
1	Collection stop time	21:02:37 22/04/2021 UTC
1	Collector Type	User-mode sampling and tracing
1	CPU	
2	Name	Intel(R) Xeon(R) Processor code named Broadwell
2	Frequency	2095146712
2	Logical CPU Count	72
