Hierarchy Level	Metric Name	Metric Value
0	Elapsed Time	1.314045
1	Paused Time	0.0
0	Effective CPU Utilization	0.1% (0.099 out of 72 logical CPUs)
1	OpenMP Analysis. Collection Time	1.314045
2	Serial Time (outside parallel regions)	1.199s (91.2%)
3	Top Serial Hotspots (outside parallel regions)	
3	Function	Module	Serial CPU Time
3	__kmp_get_global_thread_id_reg	libiomp5.so	0.030000
3	__kmp_fork_call	libiomp5.so	0.010000
2	Parallel Region Time	0.115s (8.8%)
3	Estimated Ideal Time	0.030s (2.3%)
3	OpenMP Potential Gain	0.085s (6.5%)
1	Total Thread Count	100
2	Thread Oversubscription	16.740s (99.5% of CPU Time)
1	Wait Time with poor CPU Utilization	33.607s (100.0% of Wait Time)
2	Top Waiting Objects	
2	Sync Object	Wait Time with poor CPU Utilization	(% from Object Wait Time)(%)	Wait Count
2	Condition Variable 0x74c978ed	33.338461	100.0	141
2	Condition Variable	0.267168	100.0	2
2	Mutex 0x6cb3026d	0.000534	100.0	19
2	Stream 0x61a5d4cb	0.000522	100.0	1
2	Stream /proc/cpuinfo 0x320551a8	0.000051	100.0	1
2	[Others]	0.000067	100.0	4
1	Spin and Overhead Time	16.720s (99.3% of CPU Time)
2	Top Functions with Spin or Overhead Time	
2	Function	Module	Spin and Overhead Time	(% from CPU Time)(%)
2	__kmp_fork_barrier	libiomp5.so	16.349921	97.1
2	__kmp_join_barrier	libiomp5.so	0.160045	1.0
2	sched_yield	libc.so.6	0.130000	0.8
2	__kmp_get_global_thread_id_reg	libiomp5.so	0.030000	0.2
2	__kmp_join_call	libiomp5.so	0.020000	0.1
2	[Others]	N/A	0.030000	0.2
0	Collection and Platform Info	
1	Application Command Line	srad2 "128" "512" "0" "63" "0" "63" "100" "0.5" "18" 
1	Operating System	3.10.0-1160.15.2.1chaos.ch6.x86_64 NAME="Red Hat Enterprise Linux Server" VERSION="7.9 (Maipo)" ID="rhel" ID_LIKE="fedora" VARIANT="Server" VARIANT_ID="server" VERSION_ID="7.9" PRETTY_NAME="Red Hat Enterprise Linux Server 7.9 (Maipo)" ANSI_COLOR="0;31" CPE_NAME="cpe:/o:redhat:enterprise_linux:7.9:GA:server" HOME_URL="https://www.redhat.com/" BUG_REPORT_URL="https://bugzilla.redhat.com/"  REDHAT_BUGZILLA_PRODUCT="Red Hat Enterprise Linux 7" REDHAT_BUGZILLA_PRODUCT_VERSION=7.9 REDHAT_SUPPORT_PRODUCT="Red Hat Enterprise Linux" REDHAT_SUPPORT_PRODUCT_VERSION="7.9"
1	Computer Name	quartz1453
1	Result Size	5223398
1	Collection start time	21:04:39 22/04/2021 UTC
1	Collection stop time	21:04:41 22/04/2021 UTC
1	Collector Type	User-mode sampling and tracing
1	CPU	
2	Name	Intel(R) Xeon(R) Processor code named Broadwell
2	Frequency	2095146708
2	Logical CPU Count	72
