Hierarchy Level	Metric Name	Metric Value
0	Elapsed Time	1.398225
1	Paused Time	0.0
0	Effective CPU Utilization	0.1% (0.043 out of 72 logical CPUs)
1	OpenMP Analysis. Collection Time	1.398225
2	Serial Time (outside parallel regions)	1.296s (92.7%)
3	Top Serial Hotspots (outside parallel regions)	
3	Function	Module	Serial CPU Time
3	__kmp_get_global_thread_id_reg	libiomp5.so	0.030000
3	__pthread_create_2_1	libpthread.so.0	0.010000
3	__kmp_fork_call	libiomp5.so	0.010000
2	Parallel Region Time	0.102s (7.3%)
3	Estimated Ideal Time	0.025s (1.8%)
3	OpenMP Potential Gain	0.077s (5.5%)
1	Total Thread Count	100
2	Thread Oversubscription	15.990s (99.2% of CPU Time)
1	Wait Time with poor CPU Utilization	35.202s (100.0% of Wait Time)
2	Top Waiting Objects	
2	Sync Object	Wait Time with poor CPU Utilization	(% from Object Wait Time)(%)	Wait Count
2	Condition Variable 0x74c978ed	35.200425	100.0	145
2	Stream 0x61a5d4cb	0.000661	100.0	1
2	Mutex 0x6cb3026d	0.000625	100.0	16
2	Stream /proc/cpuinfo 0x320551a8	0.000104	100.0	2
2	Stream /proc/meminfo 0x4b151beb	0.000013	100.0	1
2	[Others]	0.000031	100.0	3
1	Spin and Overhead Time	16.070s (99.7% of CPU Time)
2	Top Functions with Spin or Overhead Time	
2	Function	Module	Spin and Overhead Time	(% from CPU Time)(%)
2	__kmp_fork_barrier	libiomp5.so	15.389975	95.5
2	sched_yield	libc.so.6	0.270011	1.7
2	__kmp_join_barrier	libiomp5.so	0.220061	1.4
2	__kmp_join_call	libiomp5.so	0.069968	0.4
2	__kmp_fork_call	libiomp5.so	0.030032	0.2
2	[Others]	N/A	0.089977	0.6
0	Collection and Platform Info	
1	Application Command Line	srad2 "512" "64" "0" "63" "0" "63" "100" "0.5" "36" 
1	Operating System	3.10.0-1160.15.2.1chaos.ch6.x86_64 NAME="Red Hat Enterprise Linux Server" VERSION="7.9 (Maipo)" ID="rhel" ID_LIKE="fedora" VARIANT="Server" VARIANT_ID="server" VERSION_ID="7.9" PRETTY_NAME="Red Hat Enterprise Linux Server 7.9 (Maipo)" ANSI_COLOR="0;31" CPE_NAME="cpe:/o:redhat:enterprise_linux:7.9:GA:server" HOME_URL="https://www.redhat.com/" BUG_REPORT_URL="https://bugzilla.redhat.com/"  REDHAT_BUGZILLA_PRODUCT="Red Hat Enterprise Linux 7" REDHAT_BUGZILLA_PRODUCT_VERSION=7.9 REDHAT_SUPPORT_PRODUCT="Red Hat Enterprise Linux" REDHAT_SUPPORT_PRODUCT_VERSION="7.9"
1	Computer Name	quartz1453
1	Result Size	5376126
1	Collection start time	21:14:43 22/04/2021 UTC
1	Collection stop time	21:14:45 22/04/2021 UTC
1	Collector Type	User-mode sampling and tracing
1	CPU	
2	Name	Intel(R) Xeon(R) Processor code named Broadwell
2	Frequency	2095146743
2	Logical CPU Count	72
