Hierarchy Level	Metric Name	Metric Value
0	Elapsed Time	1.399816
1	Paused Time	0.0
0	Effective CPU Utilization	0.0% (0.033 out of 72 logical CPUs)
1	OpenMP Analysis. Collection Time	1.399816
2	Serial Time (outside parallel regions)	1.340s (95.8%)
3	Top Serial Hotspots (outside parallel regions)	
3	Function	Module	Serial CPU Time
3	__kmp_get_global_thread_id_reg	libiomp5.so	0.030000
3	__kmp_fork_call	libiomp5.so	0.010000
2	Parallel Region Time	0.059s (4.2%)
3	Estimated Ideal Time	0.020s (1.5%)
3	OpenMP Potential Gain	0.039s (2.8%)
1	Total Thread Count	100
2	Thread Oversubscription	13.520s (98.6% of CPU Time)
1	Wait Time with poor CPU Utilization	38.062s (100.0% of Wait Time)
2	Top Waiting Objects	
2	Sync Object	Wait Time with poor CPU Utilization	(% from Object Wait Time)(%)	Wait Count
2	Condition Variable 0x74c978ed	38.054609	100.0	156
2	Mutex 0x6cb3026d	0.006110	100.0	23
2	Stream 0x61a5d4cb	0.000925	100.0	1
2	Stream /proc/cpuinfo 0x320551a8	0.000102	100.0	2
2	Stream /proc/meminfo 0x4b151beb	0.000014	100.0	1
2	[Others]	0.000035	100.0	3
1	Spin and Overhead Time	13.670s (99.7% of CPU Time)
2	Top Functions with Spin or Overhead Time	
2	Function	Module	Spin and Overhead Time	(% from CPU Time)(%)
2	__kmp_fork_barrier	libiomp5.so	13.458944	98.2
2	__kmp_join_barrier	libiomp5.so	0.061056	0.4
2	__kmp_join_call	libiomp5.so	0.040000	0.3
2	__kmp_get_global_thread_id_reg	libiomp5.so	0.030000	0.2
2	_INTERNAL_26_______src_z_Linux_util_cpp_20354e55::__kmp_itt_thread_name	libiomp5.so	0.029054	0.2
2	[Others]	N/A	0.050946	0.4
0	Collection and Platform Info	
1	Application Command Line	srad2 "512" "64" "0" "63" "0" "63" "100" "0.5" "4" 
1	Operating System	3.10.0-1160.15.2.1chaos.ch6.x86_64 NAME="Red Hat Enterprise Linux Server" VERSION="7.9 (Maipo)" ID="rhel" ID_LIKE="fedora" VARIANT="Server" VARIANT_ID="server" VERSION_ID="7.9" PRETTY_NAME="Red Hat Enterprise Linux Server 7.9 (Maipo)" ANSI_COLOR="0;31" CPE_NAME="cpe:/o:redhat:enterprise_linux:7.9:GA:server" HOME_URL="https://www.redhat.com/" BUG_REPORT_URL="https://bugzilla.redhat.com/"  REDHAT_BUGZILLA_PRODUCT="Red Hat Enterprise Linux 7" REDHAT_BUGZILLA_PRODUCT_VERSION=7.9 REDHAT_SUPPORT_PRODUCT="Red Hat Enterprise Linux" REDHAT_SUPPORT_PRODUCT_VERSION="7.9"
1	Computer Name	quartz1453
1	Result Size	5362082
1	Collection start time	21:16:19 22/04/2021 UTC
1	Collection stop time	21:16:21 22/04/2021 UTC
1	Collector Type	User-mode sampling and tracing
1	CPU	
2	Name	Intel(R) Xeon(R) Processor code named Broadwell
2	Frequency	2095146793
2	Logical CPU Count	72
