Hierarchy Level	Metric Name	Metric Value
0	Elapsed Time	1.177225
1	Paused Time	0.0
0	Effective CPU Utilization	0.0% (0.010 out of 72 logical CPUs)
1	OpenMP Analysis. Collection Time	1.177225
2	Serial Time (outside parallel regions)	1.102s (93.6%)
3	Top Serial Hotspots (outside parallel regions)	
3	Function	Module	Serial CPU Time
3	__kmp_get_global_thread_id_reg	libiomp5.so	0.040000
3	__kmp_join_call	libiomp5.so	0.009996
2	Parallel Region Time	0.075s (6.4%)
3	Estimated Ideal Time	0.017s (1.5%)
3	OpenMP Potential Gain	0.058s (4.9%)
1	Total Thread Count	100
2	Thread Oversubscription	14.180s (99.6% of CPU Time)
1	Wait Time with poor CPU Utilization	29.748s (100.0% of Wait Time)
2	Top Waiting Objects	
2	Sync Object	Wait Time with poor CPU Utilization	(% from Object Wait Time)(%)	Wait Count
2	Condition Variable 0x74c978ed	29.743039	100.0	128
2	Mutex 0x6cb3026d	0.004031	100.0	26
2	Stream 0x61a5d4cb	0.000660	100.0	1
2	Stream /proc/cpuinfo 0x320551a8	0.000060	100.0	1
2	Stream /proc/meminfo 0xdf159424	0.000037	100.0	1
2	[Others]	0.000038	100.0	3
1	Spin and Overhead Time	14.220s (99.9% of CPU Time)
2	Top Functions with Spin or Overhead Time	
2	Function	Module	Spin and Overhead Time	(% from CPU Time)(%)
2	__kmp_fork_barrier	libiomp5.so	13.969980	98.2
2	__kmp_join_barrier	libiomp5.so	0.130020	0.9
2	__kmp_join_call	libiomp5.so	0.060000	0.4
2	__kmp_get_global_thread_id_reg	libiomp5.so	0.040000	0.3
2	_INTERNAL_26_______src_z_Linux_util_cpp_20354e55::__kmp_itt_thread_name	libiomp5.so	0.020000	0.1
0	Collection and Platform Info	
1	Application Command Line	srad2 "128" "64" "0" "63" "0" "63" "100" "0.5" "9" 
1	Operating System	3.10.0-1160.15.2.1chaos.ch6.x86_64 NAME="Red Hat Enterprise Linux Server" VERSION="7.9 (Maipo)" ID="rhel" ID_LIKE="fedora" VARIANT="Server" VARIANT_ID="server" VERSION_ID="7.9" PRETTY_NAME="Red Hat Enterprise Linux Server 7.9 (Maipo)" ANSI_COLOR="0;31" CPE_NAME="cpe:/o:redhat:enterprise_linux:7.9:GA:server" HOME_URL="https://www.redhat.com/" BUG_REPORT_URL="https://bugzilla.redhat.com/"  REDHAT_BUGZILLA_PRODUCT="Red Hat Enterprise Linux 7" REDHAT_BUGZILLA_PRODUCT_VERSION=7.9 REDHAT_SUPPORT_PRODUCT="Red Hat Enterprise Linux" REDHAT_SUPPORT_PRODUCT_VERSION="7.9"
1	Computer Name	quartz1453
1	Result Size	4979488
1	Collection start time	20:58:57 22/04/2021 UTC
1	Collection stop time	20:58:58 22/04/2021 UTC
1	Collector Type	User-mode sampling and tracing
1	CPU	
2	Name	Intel(R) Xeon(R) Processor code named Broadwell
2	Frequency	2095147385
2	Logical CPU Count	72
