Hierarchy Level	Metric Name	Metric Value
0	Elapsed Time	1.342943
1	Paused Time	0.0
0	Effective CPU Utilization	0.0% (0.009 out of 72 logical CPUs)
1	OpenMP Analysis. Collection Time	1.342943
2	Serial Time (outside parallel regions)	1.263s (94.0%)
3	Top Serial Hotspots (outside parallel regions)	
3	Function	Module	Serial CPU Time
3	__kmp_get_global_thread_id_reg	libiomp5.so	0.030000
3	__kmp_fork_call	libiomp5.so	0.010000
2	Parallel Region Time	0.080s (6.0%)
3	Estimated Ideal Time	0.028s (2.1%)
3	OpenMP Potential Gain	0.052s (3.9%)
1	Total Thread Count	100
2	Thread Oversubscription	14.870s (99.4% of CPU Time)
1	Wait Time with poor CPU Utilization	35.788s (100.0% of Wait Time)
2	Top Waiting Objects	
2	Sync Object	Wait Time with poor CPU Utilization	(% from Object Wait Time)(%)	Wait Count
2	Condition Variable 0x74c978ed	35.436757	100.0	143
2	Condition Variable	0.350192	100.0	2
2	Stream 0x61a5d4cb	0.000815	100.0	1
2	Mutex 0x6cb3026d	0.000497	100.0	18
2	Stream /proc/cpuinfo 0x320551a8	0.000098	100.0	2
2	[Others]	0.000057	100.0	4
1	Spin and Overhead Time	14.950s (99.9% of CPU Time)
2	Top Functions with Spin or Overhead Time	
2	Function	Module	Spin and Overhead Time	(% from CPU Time)(%)
2	__kmp_fork_barrier	libiomp5.so	14.669994	98.1
2	sched_yield	libc.so.6	0.130000	0.9
2	__kmp_join_barrier	libiomp5.so	0.070006	0.5
2	__kmp_get_global_thread_id_reg	libiomp5.so	0.030000	0.2
2	__kmp_join_call	libiomp5.so	0.020000	0.1
2	[Others]	N/A	0.030000	0.2
0	Collection and Platform Info	
1	Application Command Line	srad2 "256" "64" "0" "63" "0" "63" "100" "0.5" "9" 
1	Operating System	3.10.0-1160.15.2.1chaos.ch6.x86_64 NAME="Red Hat Enterprise Linux Server" VERSION="7.9 (Maipo)" ID="rhel" ID_LIKE="fedora" VARIANT="Server" VARIANT_ID="server" VERSION_ID="7.9" PRETTY_NAME="Red Hat Enterprise Linux Server 7.9 (Maipo)" ANSI_COLOR="0;31" CPE_NAME="cpe:/o:redhat:enterprise_linux:7.9:GA:server" HOME_URL="https://www.redhat.com/" BUG_REPORT_URL="https://bugzilla.redhat.com/"  REDHAT_BUGZILLA_PRODUCT="Red Hat Enterprise Linux 7" REDHAT_BUGZILLA_PRODUCT_VERSION=7.9 REDHAT_SUPPORT_PRODUCT="Red Hat Enterprise Linux" REDHAT_SUPPORT_PRODUCT_VERSION="7.9"
1	Computer Name	quartz1453
1	Result Size	5228166
1	Collection start time	21:07:17 22/04/2021 UTC
1	Collection stop time	21:07:19 22/04/2021 UTC
1	Collector Type	User-mode sampling and tracing
1	CPU	
2	Name	Intel(R) Xeon(R) Processor code named Broadwell
2	Frequency	2095146819
2	Logical CPU Count	72
