Hierarchy Level	Metric Name	Metric Value
0	Elapsed Time	13.860644
1	SP GFLOPS	42.205893
1	DP GFLOPS	0.0
1	x87 GFLOPS	0.0
1	CPI Rate	0.624619
1	Average CPU Frequency	2606571228.550205
1	Total Thread Count	18
0	Effective Physical Core Utilization	38.2% (13.739 out of 36)
1	Effective Logical Core Utilization	19.1% (13.770 out of 72)
1	Serial Time (outside parallel regions)	3.109s (22.4%)
2	Top Serial Hotspots (outside parallel regions)	
2	Function	Module	Serial CPU Time
2	[Outside any known module]	[Unknown]	1.207791
2	____strtof_l_internal	libc-2.17.so	0.170394
2	[Loop@0x4064b2 in compute_flux]	euler3d_cpu	0.125290
2	[Loop@0x3d9a0 in ____strtof_l_internal]	libc-2.17.so	0.095220
2	std::istreambuf_iterator<char, std::char_traits<char>>::_M_get	libstdc++.so.6.0.20	0.075174
2	[Others]	N/A	1.267930
1	Parallel Region Time	10.752s (77.6%)
2	Estimated Ideal Time	10.483s (75.6%)
2	OpenMP Potential Gain	0.269s (1.9%)
0	Memory Bound	37.2
1	Cache Bound	8.6
1	DRAM Bound	3.8
1	NUMA: % of Remote Accesses	0.0
0	Vectorization	100.0
1	Instruction Mix	
2	SP FLOPs	24.1
3	Packed	100.0
4	128-bit	100.0
4	256-bit	0.0
3	Scalar	0.0
2	DP FLOPs	0.0
3	Packed	0.0
4	128-bit	0.0
4	256-bit	0.0
3	Scalar	0.0
2	x87 FLOPs	0.0
2	Non-FP	75.9
1	FP Arith/Mem Rd Instr. Ratio	1.051274
1	FP Arith/Mem Wr Instr. Ratio	2.518137
0	Collection and Platform Info	
1	Application Command Line	euler3d_cpu "../../data/cfd/missile.domn.0.2M" 
1	Operating System	3.10.0-1160.15.2.1chaos.ch6.x86_64 NAME="Red Hat Enterprise Linux Server" VERSION="7.9 (Maipo)" ID="rhel" ID_LIKE="fedora" VARIANT="Server" VARIANT_ID="server" VERSION_ID="7.9" PRETTY_NAME="Red Hat Enterprise Linux Server 7.9 (Maipo)" ANSI_COLOR="0;31" CPE_NAME="cpe:/o:redhat:enterprise_linux:7.9:GA:server" HOME_URL="https://www.redhat.com/" BUG_REPORT_URL="https://bugzilla.redhat.com/"  REDHAT_BUGZILLA_PRODUCT="Red Hat Enterprise Linux 7" REDHAT_BUGZILLA_PRODUCT_VERSION=7.9 REDHAT_SUPPORT_PRODUCT="Red Hat Enterprise Linux" REDHAT_SUPPORT_PRODUCT_VERSION="7.9"
1	Computer Name	quartz1822
1	Result Size	85918512
1	Collection start time	02:57:18 22/04/2021 UTC
1	Collection stop time	02:57:32 22/04/2021 UTC
1	Collector Type	Driverless Perf per-process sampling
1	CPU	
2	Name	Intel(R) Xeon(R) Processor code named Broadwell
2	Frequency	2095147066
2	Logical CPU Count	72
