Hierarchy Level	Metric Name	Metric Value
0	Elapsed Time	6.780021
1	Paused Time	0.0
0	Effective CPU Utilization	20.9% (15.057 out of 72 logical CPUs)
1	OpenMP Analysis. Collection Time	6.780021
2	Serial Time (outside parallel regions)	2.564s (37.8%)
3	Top Serial Hotspots (outside parallel regions)	
3	Function	Module	Serial CPU Time
3	std::ostream::flush	libstdc++.so.6	1.130015
3	std::istream::_M_extract<float>	libstdc++.so.6	0.439920
3	__kmp_join_call	libiomp5.so	0.200466
3	std::ostream::_M_insert<double>	libstdc++.so.6	0.179990
3	std::istream::operator>>	libstdc++.so.6	0.060078
3	[Others]	N/A	0.079998
2	Parallel Region Time	4.216s (62.2%)
3	Estimated Ideal Time	3.685s (54.3%)
3	OpenMP Potential Gain	0.531s (7.8%)
1	Total Thread Count	36
2	Thread Oversubscription	0s (0.0% of CPU Time)
1	Wait Time with poor CPU Utilization	45.581s (100.0% of Wait Time)
2	Top Waiting Objects	
2	Sync Object	Wait Time with poor CPU Utilization	(% from Object Wait Time)(%)	Wait Count
2	Condition Variable 0x74c978ed	45.555254	100.0	67
2	Stream 0xe05e5d58	0.018943	100.0	30
2	Stream 0x24647b5a	0.001598	100.0	1
2	Stream density_energy 0x78491cd7	0.001437	100.0	1
2	Stream momentum 0x106ea845	0.001240	100.0	1
2	[Others]	0.002894	100.0	21
1	Spin and Overhead Time	66.713s (39.8% of CPU Time)
2	Top Functions with Spin or Overhead Time	
2	Function	Module	Spin and Overhead Time	(% from CPU Time)(%)
2	__kmp_fork_barrier	libiomp5.so	52.573446	31.4
2	[OpenMP dispatcher]	libiomp5.so	9.146942	5.5
2	__kmp_join_barrier	libiomp5.so	1.568882	0.9
2	__kmp_fork_call	libiomp5.so	1.043121	0.6
2	_INTERNAL_26_______src_kmp_dispatch_cpp_20354e55::test_then_inc<int>	libiomp5.so	0.499984	0.3
2	[Others]	N/A	1.880555	1.1
0	Collection and Platform Info	
1	Application Command Line	euler3d_cpu "../../data/cfd/fvcorr.domn.097K" 
1	Operating System	3.10.0-1160.15.2.1chaos.ch6.x86_64 NAME="Red Hat Enterprise Linux Server" VERSION="7.9 (Maipo)" ID="rhel" ID_LIKE="fedora" VARIANT="Server" VARIANT_ID="server" VERSION_ID="7.9" PRETTY_NAME="Red Hat Enterprise Linux Server 7.9 (Maipo)" ANSI_COLOR="0;31" CPE_NAME="cpe:/o:redhat:enterprise_linux:7.9:GA:server" HOME_URL="https://www.redhat.com/" BUG_REPORT_URL="https://bugzilla.redhat.com/"  REDHAT_BUGZILLA_PRODUCT="Red Hat Enterprise Linux 7" REDHAT_BUGZILLA_PRODUCT_VERSION=7.9 REDHAT_SUPPORT_PRODUCT="Red Hat Enterprise Linux" REDHAT_SUPPORT_PRODUCT_VERSION="7.9"
1	Computer Name	quartz1822
1	Result Size	23442597
1	Collection start time	02:50:26 22/04/2021 UTC
1	Collection stop time	02:50:34 22/04/2021 UTC
1	Collector Type	User-mode sampling and tracing
1	CPU	
2	Name	Intel(R) Xeon(R) Processor code named Broadwell
2	Frequency	2095146941
2	Logical CPU Count	72
