Hierarchy Level	Metric Name	Metric Value
0	Elapsed Time	12.547068
1	Paused Time	0.0
0	Effective CPU Utilization	25.6% (18.459 out of 72 logical CPUs)
1	OpenMP Analysis. Collection Time	12.547068
2	Serial Time (outside parallel regions)	4.862s (38.8%)
3	Top Serial Hotspots (outside parallel regions)	
3	Function	Module	Serial CPU Time
3	std::ostream::flush	libstdc++.so.6	2.520009
3	std::istream::_M_extract<float>	libstdc++.so.6	1.069980
3	std::ostream::_M_insert<double>	libstdc++.so.6	0.309990
3	__kmp_join_call	libiomp5.so	0.289980
3	std::istream::operator>>	libstdc++.so.6	0.100030
3	[Others]	N/A	0.149989
2	Parallel Region Time	7.685s (61.2%)
3	Estimated Ideal Time	7.078s (56.4%)
3	OpenMP Potential Gain	0.607s (4.8%)
1	Total Thread Count	36
2	Thread Oversubscription	0s (0.0% of CPU Time)
1	Wait Time with poor CPU Utilization	102.200s (100.0% of Wait Time)
2	Top Waiting Objects	
2	Sync Object	Wait Time with poor CPU Utilization	(% from Object Wait Time)(%)	Wait Count
2	Condition Variable 0x92489eb7	102.166565	100.0	66
2	Stream 0xe05e5d58	0.023227	100.0	61
2	Stream momentum 0x106ea845	0.002314	100.0	1
2	Stream ../../data/cfd/missile.domn.0.2M 0x06cf4c56	0.002042	100.0	1
2	Stream density 0xd11e7140	0.001575	100.0	1
2	[Others]	0.004109	100.0	32
1	Spin and Overhead Time	64.791s (22.0% of CPU Time)
2	Top Functions with Spin or Overhead Time	
2	Function	Module	Spin and Overhead Time	(% from CPU Time)(%)
2	__kmp_fork_barrier	libiomp5.so	49.620231	16.8
2	[OpenMP dispatcher]	libiomp5.so	9.498943	3.2
2	__kmp_join_barrier	libiomp5.so	1.879756	0.6
2	__kmp_fork_call	libiomp5.so	0.941964	0.3
2	_INTERNAL_26_______src_kmp_dispatch_cpp_20354e55::test_then_inc<int>	libiomp5.so	0.569896	0.2
2	[Others]	N/A	2.280363	0.8
0	Collection and Platform Info	
1	Application Command Line	euler3d_cpu "../../data/cfd/missile.domn.0.2M" 
1	Operating System	3.10.0-1160.15.2.1chaos.ch6.x86_64 NAME="Red Hat Enterprise Linux Server" VERSION="7.9 (Maipo)" ID="rhel" ID_LIKE="fedora" VARIANT="Server" VARIANT_ID="server" VERSION_ID="7.9" PRETTY_NAME="Red Hat Enterprise Linux Server 7.9 (Maipo)" ANSI_COLOR="0;31" CPE_NAME="cpe:/o:redhat:enterprise_linux:7.9:GA:server" HOME_URL="https://www.redhat.com/" BUG_REPORT_URL="https://bugzilla.redhat.com/"  REDHAT_BUGZILLA_PRODUCT="Red Hat Enterprise Linux 7" REDHAT_BUGZILLA_PRODUCT_VERSION=7.9 REDHAT_SUPPORT_PRODUCT="Red Hat Enterprise Linux" REDHAT_SUPPORT_PRODUCT_VERSION="7.9"
1	Computer Name	quartz1822
1	Result Size	26873970
1	Collection start time	02:55:30 22/04/2021 UTC
1	Collection stop time	02:55:43 22/04/2021 UTC
1	Collector Type	User-mode sampling and tracing
1	CPU	
2	Name	Intel(R) Xeon(R) Processor code named Broadwell
2	Frequency	2095147084
2	Logical CPU Count	72
