Hierarchy Level	Metric Name	Metric Value
0	Elapsed Time	18.588450
1	Paused Time	0.0
0	Effective CPU Utilization	4.8% (3.440 out of 72 logical CPUs)
1	OpenMP Analysis. Collection Time	18.588450
2	Serial Time (outside parallel regions)	1.972s (10.6%)
3	Top Serial Hotspots (outside parallel regions)	
3	Function	Module	Serial CPU Time
3	std::ostream::flush	libstdc++.so.6	0.970013
3	std::istream::_M_extract<float>	libstdc++.so.6	0.389995
3	std::ostream::_M_insert<double>	libstdc++.so.6	0.179989
3	__kmp_join_call	libiomp5.so	0.170034
3	std::istream::operator>>	libstdc++.so.6	0.050005
3	[Others]	N/A	0.069996
2	Parallel Region Time	16.616s (89.4%)
3	Estimated Ideal Time	16.426s (88.4%)
3	OpenMP Potential Gain	0.190s (1.0%)
1	Total Thread Count	4
2	Thread Oversubscription	0s (0.0% of CPU Time)
1	Wait Time with poor CPU Utilization	3.088s (100.0% of Wait Time)
2	Top Waiting Objects	
2	Sync Object	Wait Time with poor CPU Utilization	(% from Object Wait Time)(%)	Wait Count
2	Condition Variable 0x74c978ed	3.070624	100.0	3
2	Stream 0x8c39dc02	0.007528	100.0	16
2	Stream momentum 0x106ea845	0.002419	100.0	1
2	Stream density 0xd11e7140	0.002257	100.0	1
2	Stream 0x24647b5a	0.001549	100.0	1
2	[Others]	0.003327	100.0	9
1	Spin and Overhead Time	5.435s (7.8% of CPU Time)
2	Top Functions with Spin or Overhead Time	
2	Function	Module	Spin and Overhead Time	(% from CPU Time)(%)
2	__kmp_fork_barrier	libiomp5.so	3.850724	5.6
2	__kmp_fork_call	libiomp5.so	0.713961	1.0
2	[OpenMP dispatcher]	libiomp5.so	0.269996	0.4
2	__kmp_join_call	libiomp5.so	0.220059	0.3
2	__kmp_join_barrier	libiomp5.so	0.109995	0.2
2	[Others]	N/A	0.270632	0.4
0	Collection and Platform Info	
1	Application Command Line	euler3d_cpu "../../data/cfd/fvcorr.domn.097K" 
1	Operating System	3.10.0-1160.15.2.1chaos.ch6.x86_64 NAME="Red Hat Enterprise Linux Server" VERSION="7.9 (Maipo)" ID="rhel" ID_LIKE="fedora" VARIANT="Server" VARIANT_ID="server" VERSION_ID="7.9" PRETTY_NAME="Red Hat Enterprise Linux Server 7.9 (Maipo)" ANSI_COLOR="0;31" CPE_NAME="cpe:/o:redhat:enterprise_linux:7.9:GA:server" HOME_URL="https://www.redhat.com/" BUG_REPORT_URL="https://bugzilla.redhat.com/"  REDHAT_BUGZILLA_PRODUCT="Red Hat Enterprise Linux 7" REDHAT_BUGZILLA_PRODUCT_VERSION=7.9 REDHAT_SUPPORT_PRODUCT="Red Hat Enterprise Linux" REDHAT_SUPPORT_PRODUCT_VERSION="7.9"
1	Computer Name	quartz1822
1	Result Size	20160918
1	Collection start time	02:53:25 22/04/2021 UTC
1	Collection stop time	02:53:43 22/04/2021 UTC
1	Collector Type	User-mode sampling and tracing
1	CPU	
2	Name	Intel(R) Xeon(R) Processor code named Broadwell
2	Frequency	2095146969
2	Logical CPU Count	72
