Hierarchy Level	Metric Name	Metric Value
0	Elapsed Time	9.464488
1	SP GFLOPS	25.522813
1	DP GFLOPS	0.0
1	x87 GFLOPS	0.0
1	CPI Rate	0.596207
1	Average CPU Frequency	2809222259.831809
1	Total Thread Count	9
0	Effective Physical Core Utilization	20.5% (7.397 out of 36)
1	Effective Logical Core Utilization	10.3% (7.427 out of 72)
1	Serial Time (outside parallel regions)	1.501s (15.9%)
2	Top Serial Hotspots (outside parallel regions)	
2	Function	Module	Serial CPU Time
2	[Outside any known module]	[Unknown]	0.496147
2	[Loop@0x4064b2 in compute_flux]	euler3d_cpu	0.080185
2	____strtof_l_internal	libc-2.17.so	0.075174
2	__GI___printf_fp_l	libc-2.17.so	0.055127
2	[Loop@0x3d9a0 in ____strtof_l_internal]	libc-2.17.so	0.045104
2	[Others]	N/A	0.581343
1	Parallel Region Time	7.963s (84.1%)
2	Estimated Ideal Time	7.745s (81.8%)
2	OpenMP Potential Gain	0.218s (2.3%)
0	Memory Bound	35.2
1	Cache Bound	9.3
1	DRAM Bound	2.6
1	NUMA: % of Remote Accesses	0.0
0	Vectorization	100.0
1	Instruction Mix	
2	SP FLOPs	23.8
3	Packed	100.0
4	128-bit	100.0
4	256-bit	0.0
3	Scalar	0.0
2	DP FLOPs	0.0
3	Packed	0.0
4	128-bit	0.0
4	256-bit	0.0
3	Scalar	0.0
2	x87 FLOPs	0.0
2	Non-FP	76.2
1	FP Arith/Mem Rd Instr. Ratio	1.036424
1	FP Arith/Mem Wr Instr. Ratio	2.601205
0	Collection and Platform Info	
1	Application Command Line	euler3d_cpu "../../data/cfd/fvcorr.domn.097K" 
1	Operating System	3.10.0-1160.15.2.1chaos.ch6.x86_64 NAME="Red Hat Enterprise Linux Server" VERSION="7.9 (Maipo)" ID="rhel" ID_LIKE="fedora" VARIANT="Server" VARIANT_ID="server" VERSION_ID="7.9" PRETTY_NAME="Red Hat Enterprise Linux Server 7.9 (Maipo)" ANSI_COLOR="0;31" CPE_NAME="cpe:/o:redhat:enterprise_linux:7.9:GA:server" HOME_URL="https://www.redhat.com/" BUG_REPORT_URL="https://bugzilla.redhat.com/"  REDHAT_BUGZILLA_PRODUCT="Red Hat Enterprise Linux 7" REDHAT_BUGZILLA_PRODUCT_VERSION=7.9 REDHAT_SUPPORT_PRODUCT="Red Hat Enterprise Linux" REDHAT_SUPPORT_PRODUCT_VERSION="7.9"
1	Computer Name	quartz1822
1	Result Size	46712713
1	Collection start time	02:52:54 22/04/2021 UTC
1	Collection stop time	02:53:03 22/04/2021 UTC
1	Collector Type	Driverless Perf per-process sampling
1	CPU	
2	Name	Intel(R) Xeon(R) Processor code named Broadwell
2	Frequency	2095146998
2	Logical CPU Count	72
