Hierarchy Level	Metric Name	Metric Value
0	Elapsed Time	10.993850
1	Paused Time	0.0
0	Effective CPU Utilization	9.1% (6.540 out of 72 logical CPUs)
1	OpenMP Analysis. Collection Time	10.993850
2	Serial Time (outside parallel regions)	2.106s (19.2%)
3	Top Serial Hotspots (outside parallel regions)	
3	Function	Module	Serial CPU Time
3	std::ostream::flush	libstdc++.so.6	1.070016
3	std::istream::_M_extract<float>	libstdc++.so.6	0.430002
3	std::ostream::_M_insert<double>	libstdc++.so.6	0.189983
3	__kmp_join_call	libiomp5.so	0.169986
3	__kmp_get_global_thread_id_reg	libiomp5.so	0.040000
3	[Others]	N/A	0.029978
2	Parallel Region Time	8.888s (80.8%)
3	Estimated Ideal Time	8.669s (78.8%)
3	OpenMP Potential Gain	0.220s (2.0%)
1	Total Thread Count	9
2	Thread Oversubscription	0s (0.0% of CPU Time)
1	Wait Time with poor CPU Utilization	9.066s (100.0% of Wait Time)
2	Top Waiting Objects	
2	Sync Object	Wait Time with poor CPU Utilization	(% from Object Wait Time)(%)	Wait Count
2	Condition Variable 0x74c978ed	9.056192	100.0	13
2	Stream momentum 0x106ea845	0.002245	100.0	1
2	Stream ../../data/cfd/fvcorr.domn.097K 0x06cf4c56	0.002157	100.0	1
2	Stream density 0xd11e7140	0.001872	100.0	1
2	Stream density_energy 0x78491cd7	0.001471	100.0	1
2	[Others]	0.002056	100.0	21
1	Spin and Overhead Time	13.172s (15.5% of CPU Time)
2	Top Functions with Spin or Overhead Time	
2	Function	Module	Spin and Overhead Time	(% from CPU Time)(%)
2	__kmp_fork_barrier	libiomp5.so	10.810424	12.7
2	__kmp_fork_call	libiomp5.so	0.752923	0.9
2	[OpenMP dispatcher]	libiomp5.so	0.499962	0.6
2	__kmp_join_barrier	libiomp5.so	0.409997	0.5
2	__kmp_join_call	libiomp5.so	0.209955	0.2
2	[Others]	N/A	0.489228	0.6
0	Collection and Platform Info	
1	Application Command Line	euler3d_cpu "../../data/cfd/fvcorr.domn.097K" 
1	Operating System	3.10.0-1160.15.2.1chaos.ch6.x86_64 NAME="Red Hat Enterprise Linux Server" VERSION="7.9 (Maipo)" ID="rhel" ID_LIKE="fedora" VARIANT="Server" VARIANT_ID="server" VERSION_ID="7.9" PRETTY_NAME="Red Hat Enterprise Linux Server 7.9 (Maipo)" ANSI_COLOR="0;31" CPE_NAME="cpe:/o:redhat:enterprise_linux:7.9:GA:server" HOME_URL="https://www.redhat.com/" BUG_REPORT_URL="https://bugzilla.redhat.com/"  REDHAT_BUGZILLA_PRODUCT="Red Hat Enterprise Linux 7" REDHAT_BUGZILLA_PRODUCT_VERSION=7.9 REDHAT_SUPPORT_PRODUCT="Red Hat Enterprise Linux" REDHAT_SUPPORT_PRODUCT_VERSION="7.9"
1	Computer Name	quartz1822
1	Result Size	20626585
1	Collection start time	02:52:25 22/04/2021 UTC
1	Collection stop time	02:52:37 22/04/2021 UTC
1	Collector Type	User-mode sampling and tracing
1	CPU	
2	Name	Intel(R) Xeon(R) Processor code named Broadwell
2	Frequency	2095146977
2	Logical CPU Count	72
