Hierarchy Level	Metric Name	Metric Value
0	Elapsed Time	21.235743
1	SP GFLOPS	27.530983
1	DP GFLOPS	0.0
1	x87 GFLOPS	0.0
1	CPI Rate	0.571133
1	Average CPU Frequency	2787506886.538107
1	Total Thread Count	9
0	Effective Physical Core Utilization	21.2% (7.646 out of 36)
1	Effective Logical Core Utilization	10.7% (7.729 out of 72)
1	Serial Time (outside parallel regions)	2.831s (13.3%)
2	Top Serial Hotspots (outside parallel regions)	
2	Function	Module	Serial CPU Time
2	[Outside any known module]	[Unknown]	0.977258
2	____strtof_l_internal	libc-2.17.so	0.150347
2	[Loop@0x3d9a0 in ____strtof_l_internal]	libc-2.17.so	0.150347
2	[Loop@0x4064b2 in compute_flux]	euler3d_cpu	0.075174
2	std::istreambuf_iterator<char, std::char_traits<char>>::_M_get	libstdc++.so.6.0.20	0.060139
2	[Others]	N/A	1.232849
1	Parallel Region Time	18.404s (86.7%)
2	Estimated Ideal Time	18.152s (85.5%)
2	OpenMP Potential Gain	0.253s (1.2%)
0	Memory Bound	34.7
1	Cache Bound	7.7
1	DRAM Bound	3.2
1	NUMA: % of Remote Accesses	0.0
0	Vectorization	100.0
1	Instruction Mix	
2	SP FLOPs	24.6
3	Packed	100.0
4	128-bit	100.0
4	256-bit	0.0
3	Scalar	0.0
2	DP FLOPs	0.0
3	Packed	0.0
4	128-bit	0.0
4	256-bit	0.0
3	Scalar	0.0
2	x87 FLOPs	0.0
2	Non-FP	75.4
1	FP Arith/Mem Rd Instr. Ratio	1.087093
1	FP Arith/Mem Wr Instr. Ratio	2.709525
0	Collection and Platform Info	
1	Application Command Line	euler3d_cpu "../../data/cfd/missile.domn.0.2M" 
1	Operating System	3.10.0-1160.15.2.1chaos.ch6.x86_64 NAME="Red Hat Enterprise Linux Server" VERSION="7.9 (Maipo)" ID="rhel" ID_LIKE="fedora" VARIANT="Server" VARIANT_ID="server" VERSION_ID="7.9" PRETTY_NAME="Red Hat Enterprise Linux Server 7.9 (Maipo)" ANSI_COLOR="0;31" CPE_NAME="cpe:/o:redhat:enterprise_linux:7.9:GA:server" HOME_URL="https://www.redhat.com/" BUG_REPORT_URL="https://bugzilla.redhat.com/"  REDHAT_BUGZILLA_PRODUCT="Red Hat Enterprise Linux 7" REDHAT_BUGZILLA_PRODUCT_VERSION=7.9 REDHAT_SUPPORT_PRODUCT="Red Hat Enterprise Linux" REDHAT_SUPPORT_PRODUCT_VERSION="7.9"
1	Computer Name	quartz1822
1	Result Size	81237495
1	Collection start time	02:58:38 22/04/2021 UTC
1	Collection stop time	02:58:59 22/04/2021 UTC
1	Collector Type	Driverless Perf per-process sampling
1	CPU	
2	Name	Intel(R) Xeon(R) Processor code named Broadwell
2	Frequency	2095147045
2	Logical CPU Count	72
