Hierarchy Level	Metric Name	Metric Value
0	Elapsed Time	6.442538
1	Paused Time	0.0
0	Effective CPU Utilization	8.0% (5.725 out of 72 logical CPUs)
1	OpenMP Analysis. Collection Time	6.442538
2	Serial Time (outside parallel regions)	4.602s (71.4%)
3	Top Serial Hotspots (outside parallel regions)	
3	Function	Module	Serial CPU Time
3	main	kmeans_omp	2.790141
3	____strtod_l_internal	libc.so.6	0.809926
3	__intel_sse2_strtok	kmeans_omp	0.439962
3	fgets	libc.so.6	0.159992
3	__libc_start_main	libc.so.6	0.090000
3	[Others]	N/A	0.119979
2	Parallel Region Time	1.841s (28.6%)
3	Estimated Ideal Time	1.806s (28.0%)
3	OpenMP Potential Gain	0.035s (0.5%)
1	Total Thread Count	18
2	Thread Oversubscription	0s (0.0% of CPU Time)
1	Wait Time with poor CPU Utilization	0.281s (100.0% of Wait Time)
2	Top Waiting Objects	
2	Sync Object	Wait Time with poor CPU Utilization	(% from Object Wait Time)(%)	Wait Count
2	Condition Variable 0x74c978ed	0.278842	100.0	13
2	Stream ../../data/kmeans/819200.txt 0x553bf5bb	0.001813	100.0	1
2	Stream 0x5260701b	0.000185	100.0	1
2	Stream 0x8924e8bf	0.000183	100.0	3
2	Stream /proc/cpuinfo 0xe7e979f8	0.000097	100.0	2
2	[Others]	0.000072	100.0	6
1	Spin and Overhead Time	1.450s (3.8% of CPU Time)
2	Top Functions with Spin or Overhead Time	
2	Function	Module	Spin and Overhead Time	(% from CPU Time)(%)
2	__kmp_fork_barrier	libiomp5.so	0.839954	2.2
2	__kmp_barrier	libiomp5.so	0.569905	1.5
2	__kmp_get_global_thread_id_reg	libiomp5.so	0.040000	0.1
0	Collection and Platform Info	
1	Application Command Line	kmeans_omp "-n" "18" "-i" "../../data/kmeans/819200.txt" 
1	Operating System	3.10.0-1160.15.2.1chaos.ch6.x86_64 NAME="Red Hat Enterprise Linux Server" VERSION="7.9 (Maipo)" ID="rhel" ID_LIKE="fedora" VARIANT="Server" VARIANT_ID="server" VERSION_ID="7.9" PRETTY_NAME="Red Hat Enterprise Linux Server 7.9 (Maipo)" ANSI_COLOR="0;31" CPE_NAME="cpe:/o:redhat:enterprise_linux:7.9:GA:server" HOME_URL="https://www.redhat.com/" BUG_REPORT_URL="https://bugzilla.redhat.com/"  REDHAT_BUGZILLA_PRODUCT="Red Hat Enterprise Linux 7" REDHAT_BUGZILLA_PRODUCT_VERSION=7.9 REDHAT_SUPPORT_PRODUCT="Red Hat Enterprise Linux" REDHAT_SUPPORT_PRODUCT_VERSION="7.9"
1	Computer Name	quartz2140
1	Result Size	4800256
1	Collection start time	02:58:49 22/04/2021 UTC
1	Collection stop time	02:58:56 22/04/2021 UTC
1	Collector Type	User-mode sampling and tracing
1	CPU	
2	Name	Intel(R) Xeon(R) Processor code named Broadwell
2	Frequency	2095146946
2	Logical CPU Count	72
