Hierarchy Level	Metric Name	Metric Value
0	Elapsed Time	2.086762
1	SP GFLOPS	2.587746
1	DP GFLOPS	0.0
1	x87 GFLOPS	0.0
1	CPI Rate	0.703255
1	Average CPU Frequency	2729861607.440392
1	Total Thread Count	18
0	Effective Physical Core Utilization	8.5% (3.066 out of 36)
1	Effective Logical Core Utilization	4.0% (2.892 out of 72)
1	Serial Time (outside parallel regions)	1.794s (85.9%)
2	Top Serial Hotspots (outside parallel regions)	
2	Function	Module	Serial CPU Time
2	[Outside any known module]	[Unknown]	0.385892
2	____strtod_l_internal	libc-2.17.so	0.375869
2	__intel_sse2_strtok	kmeans_omp	0.195452
2	__GI_strlen	libc-2.17.so	0.130301
2	[Loop@0x403d77 in __intel_sse2_strtok]	kmeans_omp	0.100232
2	[Others]	N/A	0.511181
1	Parallel Region Time	0.293s (14.1%)
2	Estimated Ideal Time	0.230s (11.0%)
2	OpenMP Potential Gain	0.063s (3.0%)
0	Memory Bound	42.2
1	Cache Bound	31.4
1	DRAM Bound	0.0
1	NUMA: % of Remote Accesses	0.0
0	Vectorization	100.0
1	Instruction Mix	
2	SP FLOPs	6.7
3	Packed	100.0
4	128-bit	100.0
4	256-bit	0.0
3	Scalar	0.0
2	DP FLOPs	0.0
3	Packed	0.0
4	128-bit	0.0
4	256-bit	0.0
3	Scalar	0.0
2	x87 FLOPs	0.0
2	Non-FP	93.3
1	FP Arith/Mem Rd Instr. Ratio	0.317116
1	FP Arith/Mem Wr Instr. Ratio	0.903589
0	Collection and Platform Info	
1	Application Command Line	kmeans_omp "-n" "18" "-i" "../../data/kmeans/819200.txt" 
1	Operating System	3.10.0-1160.15.2.1chaos.ch6.x86_64 NAME="Red Hat Enterprise Linux Server" VERSION="7.9 (Maipo)" ID="rhel" ID_LIKE="fedora" VARIANT="Server" VARIANT_ID="server" VERSION_ID="7.9" PRETTY_NAME="Red Hat Enterprise Linux Server 7.9 (Maipo)" ANSI_COLOR="0;31" CPE_NAME="cpe:/o:redhat:enterprise_linux:7.9:GA:server" HOME_URL="https://www.redhat.com/" BUG_REPORT_URL="https://bugzilla.redhat.com/"  REDHAT_BUGZILLA_PRODUCT="Red Hat Enterprise Linux 7" REDHAT_BUGZILLA_PRODUCT_VERSION=7.9 REDHAT_SUPPORT_PRODUCT="Red Hat Enterprise Linux" REDHAT_SUPPORT_PRODUCT_VERSION="7.9"
1	Computer Name	quartz2140
1	Result Size	6309877
1	Collection start time	02:59:09 22/04/2021 UTC
1	Collection stop time	02:59:12 22/04/2021 UTC
1	Collector Type	Driverless Perf per-process sampling
1	CPU	
2	Name	Intel(R) Xeon(R) Processor code named Broadwell
2	Frequency	2095146745
2	Logical CPU Count	72
