Hierarchy Level	Metric Name	Metric Value
0	Elapsed Time	4.801176
1	Paused Time	0.0
0	Effective CPU Utilization	10.8% (7.751 out of 72 logical CPUs)
1	OpenMP Analysis. Collection Time	4.801176
2	Serial Time (outside parallel regions)	2.798s (58.3%)
3	Top Serial Hotspots (outside parallel regions)	
3	Function	Module	Serial CPU Time
3	main	kmeans_omp	1.700060
3	____strtod_l_internal	libc.so.6	0.409980
3	__intel_sse2_strtok	kmeans_omp	0.229977
3	fgets	libc.so.6	0.099988
3	__libc_start_main	libc.so.6	0.069999
3	[Others]	N/A	0.099996
2	Parallel Region Time	2.004s (41.7%)
3	Estimated Ideal Time	1.933s (40.3%)
3	OpenMP Potential Gain	0.071s (1.5%)
1	Total Thread Count	18
2	Thread Oversubscription	0s (0.0% of CPU Time)
1	Wait Time with poor CPU Utilization	0.256s (100.0% of Wait Time)
2	Top Waiting Objects	
2	Sync Object	Wait Time with poor CPU Utilization	(% from Object Wait Time)(%)	Wait Count
2	Condition Variable 0x74c978ed	0.253584	100.0	13
2	Stream ../../data/kmeans/kdd_cup.txt 0x553bf5bb	0.001469	100.0	1
2	Stream 0x7d1b82d9	0.000867	100.0	7
2	Stream 0x5260701b	0.000300	100.0	1
2	Stream /proc/cpuinfo 0xe7e979f8	0.000100	100.0	2
2	[Others]	0.000066	100.0	5
1	Spin and Overhead Time	2.210s (5.6% of CPU Time)
2	Top Functions with Spin or Overhead Time	
2	Function	Module	Spin and Overhead Time	(% from CPU Time)(%)
2	__kmp_barrier	libiomp5.so	1.249831	3.2
2	__kmp_fork_barrier	libiomp5.so	0.829955	2.1
2	_INTERNAL_25_______src_kmp_barrier_cpp_ddfed41b::__kmp_wait_template<kmp_flag_64, (int)1, (bool)0, (bool)1>	libiomp5.so	0.069999	0.2
2	__kmp_get_global_thread_id_reg	libiomp5.so	0.040000	0.1
2	__kmp_fork_call	libiomp5.so	0.010057	0.0
2	sched_yield	libc.so.6	0.009998	0.0
0	Collection and Platform Info	
1	Application Command Line	kmeans_omp "-n" "18" "-i" "../../data/kmeans/kdd_cup.txt" 
1	Operating System	3.10.0-1160.15.2.1chaos.ch6.x86_64 NAME="Red Hat Enterprise Linux Server" VERSION="7.9 (Maipo)" ID="rhel" ID_LIKE="fedora" VARIANT="Server" VARIANT_ID="server" VERSION_ID="7.9" PRETTY_NAME="Red Hat Enterprise Linux Server 7.9 (Maipo)" ANSI_COLOR="0;31" CPE_NAME="cpe:/o:redhat:enterprise_linux:7.9:GA:server" HOME_URL="https://www.redhat.com/" BUG_REPORT_URL="https://bugzilla.redhat.com/"  REDHAT_BUGZILLA_PRODUCT="Red Hat Enterprise Linux 7" REDHAT_BUGZILLA_PRODUCT_VERSION=7.9 REDHAT_SUPPORT_PRODUCT="Red Hat Enterprise Linux" REDHAT_SUPPORT_PRODUCT_VERSION="7.9"
1	Computer Name	quartz2140
1	Result Size	4887139
1	Collection start time	03:01:28 22/04/2021 UTC
1	Collection stop time	03:01:33 22/04/2021 UTC
1	Collector Type	User-mode sampling and tracing
1	CPU	
2	Name	Intel(R) Xeon(R) Processor code named Broadwell
2	Frequency	2095146925
2	Logical CPU Count	72
