Hierarchy Level	Metric Name	Metric Value
0	Elapsed Time	1.448702
1	SP GFLOPS	3.230483
1	DP GFLOPS	0.0
1	x87 GFLOPS	0.0
1	CPI Rate	0.800452
1	Average CPU Frequency	2701395656.948979
1	Total Thread Count	18
0	Effective Physical Core Utilization	10.4% (3.751 out of 36)
1	Effective Logical Core Utilization	5.7% (4.096 out of 72)
1	Serial Time (outside parallel regions)	1.124s (77.6%)
2	Top Serial Hotspots (outside parallel regions)	
2	Function	Module	Serial CPU Time
2	____strtod_l_internal	libc-2.17.so	0.310718
2	[Outside any known module]	[Unknown]	0.235544
2	__intel_sse2_strtok	kmeans_omp	0.105243
2	[Loop@0x403d77 in __intel_sse2_strtok]	kmeans_omp	0.060139
2	__GI_strlen	libc-2.17.so	0.055127
2	[Others]	N/A	0.270625
1	Parallel Region Time	0.325s (22.4%)
2	Estimated Ideal Time	0.270s (18.6%)
2	OpenMP Potential Gain	0.055s (3.8%)
0	Memory Bound	44.1
1	Cache Bound	32.9
1	DRAM Bound	0.0
1	NUMA: % of Remote Accesses	0.0
0	Vectorization	100.0
1	Instruction Mix	
2	SP FLOPs	7.5
3	Packed	100.0
4	128-bit	100.0
4	256-bit	0.0
3	Scalar	0.0
2	DP FLOPs	0.0
3	Packed	0.0
4	128-bit	0.0
4	256-bit	0.0
3	Scalar	0.0
2	x87 FLOPs	0.0
2	Non-FP	92.5
1	FP Arith/Mem Rd Instr. Ratio	0.303375
1	FP Arith/Mem Wr Instr. Ratio	1.115848
0	Collection and Platform Info	
1	Application Command Line	kmeans_omp "-n" "18" "-i" "../../data/kmeans/kdd_cup.txt" 
1	Operating System	3.10.0-1160.15.2.1chaos.ch6.x86_64 NAME="Red Hat Enterprise Linux Server" VERSION="7.9 (Maipo)" ID="rhel" ID_LIKE="fedora" VARIANT="Server" VARIANT_ID="server" VERSION_ID="7.9" PRETTY_NAME="Red Hat Enterprise Linux Server 7.9 (Maipo)" ANSI_COLOR="0;31" CPE_NAME="cpe:/o:redhat:enterprise_linux:7.9:GA:server" HOME_URL="https://www.redhat.com/" BUG_REPORT_URL="https://bugzilla.redhat.com/"  REDHAT_BUGZILLA_PRODUCT="Red Hat Enterprise Linux 7" REDHAT_BUGZILLA_PRODUCT_VERSION=7.9 REDHAT_SUPPORT_PRODUCT="Red Hat Enterprise Linux" REDHAT_SUPPORT_PRODUCT_VERSION="7.9"
1	Computer Name	quartz2140
1	Result Size	6097461
1	Collection start time	03:01:47 22/04/2021 UTC
1	Collection stop time	03:01:48 22/04/2021 UTC
1	Collector Type	Driverless Perf per-process sampling
1	CPU	
2	Name	Intel(R) Xeon(R) Processor code named Broadwell
2	Frequency	2095146886
2	Logical CPU Count	72
