Hierarchy Level	Metric Name	Metric Value
0	Elapsed Time	1.836498
1	Paused Time	0.0
0	Effective CPU Utilization	8.7% (6.259 out of 72 logical CPUs)
1	OpenMP Analysis. Collection Time	1.836498
2	Serial Time (outside parallel regions)	1.533s (83.5%)
3	Top Serial Hotspots (outside parallel regions)	
3	Function	Module	Serial CPU Time
3	main	kmeans_omp	0.790013
3	____strtod_l_internal	libc.so.6	0.189997
3	__intel_sse2_strtok	kmeans_omp	0.079992
3	__kmp_get_global_thread_id_reg	libiomp5.so	0.040000
3	__libc_start_main	libc.so.6	0.020000
3	[Others]	N/A	0.059999
2	Parallel Region Time	0.303s (16.5%)
3	Estimated Ideal Time	0.295s (16.1%)
3	OpenMP Potential Gain	0.008s (0.5%)
1	Total Thread Count	36
2	Thread Oversubscription	0s (0.0% of CPU Time)
1	Wait Time with poor CPU Utilization	1.786s (100.0% of Wait Time)
2	Top Waiting Objects	
2	Sync Object	Wait Time with poor CPU Utilization	(% from Object Wait Time)(%)	Wait Count
2	Condition Variable 0x74c978ed	1.748526	100.0	31
2	Stream 0x8924e8bf	0.035325	100.0	36
2	Stream ../../data/kmeans/204800.txt 0x553bf5bb	0.001325	100.0	1
2	Stream 0x5260701b	0.000696	100.0	1
2	Mutex 0x6cb3026d	0.000456	100.0	7
2	[Others]	0.000167	100.0	6
1	Spin and Overhead Time	3.290s (22.3% of CPU Time)
2	Top Functions with Spin or Overhead Time	
2	Function	Module	Spin and Overhead Time	(% from CPU Time)(%)
2	__kmp_fork_barrier	libiomp5.so	2.899788	19.6
2	__kmp_barrier	libiomp5.so	0.339877	2.3
2	__kmp_get_global_thread_id_reg	libiomp5.so	0.040000	0.3
2	__kmp_fork_call	libiomp5.so	0.010000	0.1
0	Collection and Platform Info	
1	Application Command Line	kmeans_omp "-n" "36" "-i" "../../data/kmeans/204800.txt" 
1	Operating System	3.10.0-1160.15.2.1chaos.ch6.x86_64 NAME="Red Hat Enterprise Linux Server" VERSION="7.9 (Maipo)" ID="rhel" ID_LIKE="fedora" VARIANT="Server" VARIANT_ID="server" VERSION_ID="7.9" PRETTY_NAME="Red Hat Enterprise Linux Server 7.9 (Maipo)" ANSI_COLOR="0;31" CPE_NAME="cpe:/o:redhat:enterprise_linux:7.9:GA:server" HOME_URL="https://www.redhat.com/" BUG_REPORT_URL="https://bugzilla.redhat.com/"  REDHAT_BUGZILLA_PRODUCT="Red Hat Enterprise Linux 7" REDHAT_BUGZILLA_PRODUCT_VERSION=7.9 REDHAT_SUPPORT_PRODUCT="Red Hat Enterprise Linux" REDHAT_SUPPORT_PRODUCT_VERSION="7.9"
1	Computer Name	quartz2140
1	Result Size	4418374
1	Collection start time	02:55:50 22/04/2021 UTC
1	Collection stop time	02:55:53 22/04/2021 UTC
1	Collector Type	User-mode sampling and tracing
1	CPU	
2	Name	Intel(R) Xeon(R) Processor code named Broadwell
2	Frequency	2095146717
2	Logical CPU Count	72
