Hierarchy Level	Metric Name	Metric Value
0	Elapsed Time	1.532120
1	Paused Time	0.0
0	Effective CPU Utilization	2.1% (1.537 out of 72 logical CPUs)
1	OpenMP Analysis. Collection Time	1.532120
2	Serial Time (outside parallel regions)	1.177s (76.8%)
3	Top Serial Hotspots (outside parallel regions)	
3	Function	Module	Serial CPU Time
3	main	kmeans_omp	0.730022
3	____strtod_l_internal	libc.so.6	0.179980
3	__intel_sse2_strtok	kmeans_omp	0.089986
3	__kmp_get_global_thread_id_reg	libiomp5.so	0.040000
3	fgets	libc.so.6	0.030010
3	[Others]	N/A	0.030001
2	Parallel Region Time	0.355s (23.2%)
3	Estimated Ideal Time	0.331s (21.6%)
3	OpenMP Potential Gain	0.024s (1.5%)
1	Total Thread Count	4
2	Thread Oversubscription	0s (0.0% of CPU Time)
1	Wait Time with poor CPU Utilization	0.003s (100.0% of Wait Time)
2	Top Waiting Objects	
2	Sync Object	Wait Time with poor CPU Utilization	(% from Object Wait Time)(%)	Wait Count
2	Stream ../../data/kmeans/204800.txt 0x553bf5bb	0.001684	100.0	1
2	Stream 0x5260701b	0.000839	100.0	1
2	Stream 0x8924e8bf	0.000221	100.0	4
2	Stream /proc/cpuinfo 0xe7e979f8	0.000061	100.0	1
2	Stream /proc/meminfo 0x4db4d73b	0.000013	100.0	1
2	[Others]	0.000034	100.0	3
1	Spin and Overhead Time	0.180s (7.1% of CPU Time)
2	Top Functions with Spin or Overhead Time	
2	Function	Module	Spin and Overhead Time	(% from CPU Time)(%)
2	__kmp_barrier	libiomp5.so	0.079975	3.2
2	__kmp_fork_barrier	libiomp5.so	0.059993	2.4
2	__kmp_get_global_thread_id_reg	libiomp5.so	0.040000	1.6
0	Collection and Platform Info	
1	Application Command Line	kmeans_omp "-n" "4" "-i" "../../data/kmeans/204800.txt" 
1	Operating System	3.10.0-1160.15.2.1chaos.ch6.x86_64 NAME="Red Hat Enterprise Linux Server" VERSION="7.9 (Maipo)" ID="rhel" ID_LIKE="fedora" VARIANT="Server" VARIANT_ID="server" VERSION_ID="7.9" PRETTY_NAME="Red Hat Enterprise Linux Server 7.9 (Maipo)" ANSI_COLOR="0;31" CPE_NAME="cpe:/o:redhat:enterprise_linux:7.9:GA:server" HOME_URL="https://www.redhat.com/" BUG_REPORT_URL="https://bugzilla.redhat.com/"  REDHAT_BUGZILLA_PRODUCT="Red Hat Enterprise Linux 7" REDHAT_BUGZILLA_PRODUCT_VERSION=7.9 REDHAT_SUPPORT_PRODUCT="Red Hat Enterprise Linux" REDHAT_SUPPORT_PRODUCT_VERSION="7.9"
1	Computer Name	quartz2140
1	Result Size	3755273
1	Collection start time	02:57:33 22/04/2021 UTC
1	Collection stop time	02:57:35 22/04/2021 UTC
1	Collector Type	User-mode sampling and tracing
1	CPU	
2	Name	Intel(R) Xeon(R) Processor code named Broadwell
2	Frequency	2095146674
2	Logical CPU Count	72
