Hierarchy Level	Metric Name	Metric Value
0	Elapsed Time	6.733224
1	Paused Time	0.0
0	Effective CPU Utilization	2.3% (1.691 out of 72 logical CPUs)
1	OpenMP Analysis. Collection Time	6.733224
2	Serial Time (outside parallel regions)	4.939s (73.4%)
3	Top Serial Hotspots (outside parallel regions)	
3	Function	Module	Serial CPU Time
3	main	kmeans_omp	3.170118
3	____strtod_l_internal	libc.so.6	1.009912
3	__intel_sse2_strtok	kmeans_omp	0.409973
3	__libc_start_main	libc.so.6	0.120000
3	fgets	libc.so.6	0.080000
3	[Others]	N/A	0.082087
2	Parallel Region Time	1.794s (26.6%)
3	Estimated Ideal Time	1.662s (24.7%)
3	OpenMP Potential Gain	0.132s (2.0%)
1	Total Thread Count	4
2	Thread Oversubscription	0s (0.0% of CPU Time)
1	Wait Time with poor CPU Utilization	0.006s (100.0% of Wait Time)
2	Top Waiting Objects	
2	Sync Object	Wait Time with poor CPU Utilization	(% from Object Wait Time)(%)	Wait Count
2	Stream 0x8924e8bf	0.003764	100.0	103
2	Stream ../../data/kmeans/819200.txt 0x553bf5bb	0.001496	100.0	1
2	Stream 0x5260701b	0.000918	100.0	1
2	Stream /proc/cpuinfo 0xe7e979f8	0.000125	100.0	2
2	Stream /proc/meminfo 0x4db4d73b	0.000015	100.0	1
2	[Others]	0.000039	100.0	3
1	Spin and Overhead Time	0.672s (5.6% of CPU Time)
2	Top Functions with Spin or Overhead Time	
2	Function	Module	Spin and Overhead Time	(% from CPU Time)(%)
2	__kmp_barrier	libiomp5.so	0.570006	4.7
2	__kmp_fork_barrier	libiomp5.so	0.049997	0.4
2	__kmp_get_global_thread_id_reg	libiomp5.so	0.040000	0.3
2	__kmp_fork_call	libiomp5.so	0.012091	0.1
0	Collection and Platform Info	
1	Application Command Line	kmeans_omp "-n" "4" "-i" "../../data/kmeans/819200.txt" 
1	Operating System	3.10.0-1160.15.2.1chaos.ch6.x86_64 NAME="Red Hat Enterprise Linux Server" VERSION="7.9 (Maipo)" ID="rhel" ID_LIKE="fedora" VARIANT="Server" VARIANT_ID="server" VERSION_ID="7.9" PRETTY_NAME="Red Hat Enterprise Linux Server 7.9 (Maipo)" ANSI_COLOR="0;31" CPE_NAME="cpe:/o:redhat:enterprise_linux:7.9:GA:server" HOME_URL="https://www.redhat.com/" BUG_REPORT_URL="https://bugzilla.redhat.com/"  REDHAT_BUGZILLA_PRODUCT="Red Hat Enterprise Linux 7" REDHAT_BUGZILLA_PRODUCT_VERSION=7.9 REDHAT_SUPPORT_PRODUCT="Red Hat Enterprise Linux" REDHAT_SUPPORT_PRODUCT_VERSION="7.9"
1	Computer Name	quartz2140
1	Result Size	4155334
1	Collection start time	03:00:08 22/04/2021 UTC
1	Collection stop time	03:00:15 22/04/2021 UTC
1	Collector Type	User-mode sampling and tracing
1	CPU	
2	Name	Intel(R) Xeon(R) Processor code named Broadwell
2	Frequency	2095146959
2	Logical CPU Count	72
