Hierarchy Level	Metric Name	Metric Value
0	Elapsed Time	2.277654
1	SP GFLOPS	3.161152
1	DP GFLOPS	0.0
1	x87 GFLOPS	0.0
1	CPI Rate	0.717269
1	Average CPU Frequency	2721372085.490775
1	Total Thread Count	4
0	Effective Physical Core Utilization	6.5% (2.330 out of 36)
1	Effective Logical Core Utilization	3.2% (2.304 out of 72)
1	Serial Time (outside parallel regions)	1.187s (52.1%)
2	Top Serial Hotspots (outside parallel regions)	
2	Function	Module	Serial CPU Time
2	____strtod_l_internal	libc-2.17.so	0.255591
2	[Outside any known module]	[Unknown]	0.165382
2	__intel_sse2_strtok	kmeans_omp	0.165382
2	[Loop@0x403d77 in __intel_sse2_strtok]	kmeans_omp	0.105243
2	__GI_strlen	libc-2.17.so	0.090208
2	[Others]	N/A	0.320741
1	Parallel Region Time	1.091s (47.9%)
2	Estimated Ideal Time	1.034s (45.4%)
2	OpenMP Potential Gain	0.057s (2.5%)
0	Memory Bound	53.9
1	Cache Bound	8.5
1	DRAM Bound	31.0
1	NUMA: % of Remote Accesses	0.0
0	Vectorization	82.6
1	Instruction Mix	
2	SP FLOPs	14.9
3	Packed	82.6
4	128-bit	82.6
4	256-bit	0.0
3	Scalar	17.4
2	DP FLOPs	0.0
3	Packed	0.0
4	128-bit	0.0
4	256-bit	0.0
3	Scalar	0.0
2	x87 FLOPs	0.0
2	Non-FP	85.1
1	FP Arith/Mem Rd Instr. Ratio	0.650618
1	FP Arith/Mem Wr Instr. Ratio	1.974193
0	Collection and Platform Info	
1	Application Command Line	kmeans_omp "-n" "4" "-i" "../../data/kmeans/kdd_cup.txt" 
1	Operating System	3.10.0-1160.15.2.1chaos.ch6.x86_64 NAME="Red Hat Enterprise Linux Server" VERSION="7.9 (Maipo)" ID="rhel" ID_LIKE="fedora" VARIANT="Server" VARIANT_ID="server" VERSION_ID="7.9" PRETTY_NAME="Red Hat Enterprise Linux Server 7.9 (Maipo)" ANSI_COLOR="0;31" CPE_NAME="cpe:/o:redhat:enterprise_linux:7.9:GA:server" HOME_URL="https://www.redhat.com/" BUG_REPORT_URL="https://bugzilla.redhat.com/"  REDHAT_BUGZILLA_PRODUCT="Red Hat Enterprise Linux 7" REDHAT_BUGZILLA_PRODUCT_VERSION=7.9 REDHAT_SUPPORT_PRODUCT="Red Hat Enterprise Linux" REDHAT_SUPPORT_PRODUCT_VERSION="7.9"
1	Computer Name	quartz2140
1	Result Size	5554023
1	Collection start time	03:03:01 22/04/2021 UTC
1	Collection stop time	03:03:03 22/04/2021 UTC
1	Collector Type	Driverless Perf per-process sampling
1	CPU	
2	Name	Intel(R) Xeon(R) Processor code named Broadwell
2	Frequency	2095147259
2	Logical CPU Count	72
