Hierarchy Level	Metric Name	Metric Value
0	Elapsed Time	2.403290
1	SP GFLOPS	2.097129
1	DP GFLOPS	0.0
1	x87 GFLOPS	0.0
1	CPI Rate	0.709292
1	Average CPU Frequency	2679726623.188317
1	Total Thread Count	9
0	Effective Physical Core Utilization	7.2% (2.591 out of 36)
1	Effective Logical Core Utilization	3.6% (2.580 out of 72)
1	Serial Time (outside parallel regions)	1.880s (78.2%)
2	Top Serial Hotspots (outside parallel regions)	
2	Function	Module	Serial CPU Time
2	____strtod_l_internal	libc-2.17.so	0.451042
2	__intel_sse2_strtok	kmeans_omp	0.310718
2	[Outside any known module]	[Unknown]	0.275637
2	[Loop@0x403d77 in __intel_sse2_strtok]	kmeans_omp	0.140324
2	__GI_strlen	libc-2.17.so	0.105243
2	[Others]	N/A	0.516193
1	Parallel Region Time	0.523s (21.8%)
2	Estimated Ideal Time	0.491s (20.4%)
2	OpenMP Potential Gain	0.032s (1.3%)
0	Memory Bound	52.7
1	Cache Bound	35.0
1	DRAM Bound	0.0
1	NUMA: % of Remote Accesses	0.0
0	Vectorization	100.0
1	Instruction Mix	
2	SP FLOPs	7.4
3	Packed	100.0
4	128-bit	100.0
4	256-bit	0.0
3	Scalar	0.0
2	DP FLOPs	0.0
3	Packed	0.0
4	128-bit	0.0
4	256-bit	0.0
3	Scalar	0.0
2	x87 FLOPs	0.0
2	Non-FP	92.6
1	FP Arith/Mem Rd Instr. Ratio	0.308701
1	FP Arith/Mem Wr Instr. Ratio	0.883256
0	Collection and Platform Info	
1	Application Command Line	kmeans_omp "-n" "9" "-i" "../../data/kmeans/819200.txt" 
1	Operating System	3.10.0-1160.15.2.1chaos.ch6.x86_64 NAME="Red Hat Enterprise Linux Server" VERSION="7.9 (Maipo)" ID="rhel" ID_LIKE="fedora" VARIANT="Server" VARIANT_ID="server" VERSION_ID="7.9" PRETTY_NAME="Red Hat Enterprise Linux Server 7.9 (Maipo)" ANSI_COLOR="0;31" CPE_NAME="cpe:/o:redhat:enterprise_linux:7.9:GA:server" HOME_URL="https://www.redhat.com/" BUG_REPORT_URL="https://bugzilla.redhat.com/"  REDHAT_BUGZILLA_PRODUCT="Red Hat Enterprise Linux 7" REDHAT_BUGZILLA_PRODUCT_VERSION=7.9 REDHAT_SUPPORT_PRODUCT="Red Hat Enterprise Linux" REDHAT_SUPPORT_PRODUCT_VERSION="7.9"
1	Computer Name	quartz2140
1	Result Size	6000925
1	Collection start time	02:59:49 22/04/2021 UTC
1	Collection stop time	02:59:51 22/04/2021 UTC
1	Collector Type	Driverless Perf per-process sampling
1	CPU	
2	Name	Intel(R) Xeon(R) Processor code named Broadwell
2	Frequency	2095146837
2	Logical CPU Count	72
