Hierarchy Level	Metric Name	Metric Value
0	Elapsed Time	6.252757
1	Paused Time	0.0
0	Effective CPU Utilization	4.6% (3.311 out of 72 logical CPUs)
1	OpenMP Analysis. Collection Time	6.252757
2	Serial Time (outside parallel regions)	4.394s (70.3%)
3	Top Serial Hotspots (outside parallel regions)	
3	Function	Module	Serial CPU Time
3	main	kmeans_omp	2.820116
3	____strtod_l_internal	libc.so.6	0.719918
3	__intel_sse2_strtok	kmeans_omp	0.389950
3	fgets	libc.so.6	0.140004
3	__libc_start_main	libc.so.6	0.080000
3	[Others]	N/A	0.130012
2	Parallel Region Time	1.859s (29.7%)
3	Estimated Ideal Time	1.832s (29.3%)
3	OpenMP Potential Gain	0.027s (0.4%)
1	Total Thread Count	9
2	Thread Oversubscription	0s (0.0% of CPU Time)
1	Wait Time with poor CPU Utilization	0.028s (100.0% of Wait Time)
2	Top Waiting Objects	
2	Sync Object	Wait Time with poor CPU Utilization	(% from Object Wait Time)(%)	Wait Count
2	Condition Variable 0x74c978ed	0.025694	100.0	5
2	Stream 0x5260701b	0.000833	100.0	1
2	Stream 0x8924e8bf	0.000768	100.0	10
2	Stream ../../data/kmeans/819200.txt 0x553bf5bb	0.000646	100.0	1
2	Stream /proc/cpuinfo 0xe7e979f8	0.000063	100.0	1
2	[Others]	0.000050	100.0	4
1	Spin and Overhead Time	0.500s (2.4% of CPU Time)
2	Top Functions with Spin or Overhead Time	
2	Function	Module	Spin and Overhead Time	(% from CPU Time)(%)
2	__kmp_fork_barrier	libiomp5.so	0.249993	1.2
2	__kmp_barrier	libiomp5.so	0.200000	0.9
2	__kmp_get_global_thread_id_reg	libiomp5.so	0.040000	0.2
2	_INTERNAL_23_______src_kmp_sched_cpp_20354e55::__kmp_itt_metadata_loop	libiomp5.so	0.010001	0.0
0	Collection and Platform Info	
1	Application Command Line	kmeans_omp "-n" "9" "-i" "../../data/kmeans/819200.txt" 
1	Operating System	3.10.0-1160.15.2.1chaos.ch6.x86_64 NAME="Red Hat Enterprise Linux Server" VERSION="7.9 (Maipo)" ID="rhel" ID_LIKE="fedora" VARIANT="Server" VARIANT_ID="server" VERSION_ID="7.9" PRETTY_NAME="Red Hat Enterprise Linux Server 7.9 (Maipo)" ANSI_COLOR="0;31" CPE_NAME="cpe:/o:redhat:enterprise_linux:7.9:GA:server" HOME_URL="https://www.redhat.com/" BUG_REPORT_URL="https://bugzilla.redhat.com/"  REDHAT_BUGZILLA_PRODUCT="Red Hat Enterprise Linux 7" REDHAT_BUGZILLA_PRODUCT_VERSION=7.9 REDHAT_SUPPORT_PRODUCT="Red Hat Enterprise Linux" REDHAT_SUPPORT_PRODUCT_VERSION="7.9"
1	Computer Name	quartz2140
1	Result Size	4370196
1	Collection start time	02:59:29 22/04/2021 UTC
1	Collection stop time	02:59:35 22/04/2021 UTC
1	Collector Type	User-mode sampling and tracing
1	CPU	
2	Name	Intel(R) Xeon(R) Processor code named Broadwell
2	Frequency	2095147107
2	Logical CPU Count	72
