Hierarchy Level	Metric Name	Metric Value
0	Elapsed Time	1.787313
1	SP GFLOPS	3.625560
1	DP GFLOPS	0.0
1	x87 GFLOPS	0.0
1	CPI Rate	0.757258
1	Average CPU Frequency	2658196728.243221
1	Total Thread Count	9
0	Effective Physical Core Utilization	8.8% (3.160 out of 36)
1	Effective Logical Core Utilization	4.3% (3.129 out of 72)
1	Serial Time (outside parallel regions)	1.216s (68.0%)
2	Top Serial Hotspots (outside parallel regions)	
2	Function	Module	Serial CPU Time
2	____strtod_l_internal	libc-2.17.so	0.285660
2	[Outside any known module]	[Unknown]	0.185429
2	__intel_sse2_strtok	kmeans_omp	0.165382
2	__GI_strlen	libc-2.17.so	0.125290
2	[Loop@0x403d77 in __intel_sse2_strtok]	kmeans_omp	0.065151
2	[Others]	N/A	0.320741
1	Parallel Region Time	0.572s (32.0%)
2	Estimated Ideal Time	0.500s (28.0%)
2	OpenMP Potential Gain	0.072s (4.0%)
0	Memory Bound	55.2
1	Cache Bound	35.0
1	DRAM Bound	0.0
1	NUMA: % of Remote Accesses	0.0
0	Vectorization	100.0
1	Instruction Mix	
2	SP FLOPs	11.0
3	Packed	100.0
4	128-bit	100.0
4	256-bit	0.0
3	Scalar	0.0
2	DP FLOPs	0.0
3	Packed	0.0
4	128-bit	0.0
4	256-bit	0.0
3	Scalar	0.0
2	x87 FLOPs	0.0
2	Non-FP	89.0
1	FP Arith/Mem Rd Instr. Ratio	0.453959
1	FP Arith/Mem Wr Instr. Ratio	1.531871
0	Collection and Platform Info	
1	Application Command Line	kmeans_omp "-n" "9" "-i" "../../data/kmeans/kdd_cup.txt" 
1	Operating System	3.10.0-1160.15.2.1chaos.ch6.x86_64 NAME="Red Hat Enterprise Linux Server" VERSION="7.9 (Maipo)" ID="rhel" ID_LIKE="fedora" VARIANT="Server" VARIANT_ID="server" VERSION_ID="7.9" PRETTY_NAME="Red Hat Enterprise Linux Server 7.9 (Maipo)" ANSI_COLOR="0;31" CPE_NAME="cpe:/o:redhat:enterprise_linux:7.9:GA:server" HOME_URL="https://www.redhat.com/" BUG_REPORT_URL="https://bugzilla.redhat.com/"  REDHAT_BUGZILLA_PRODUCT="Red Hat Enterprise Linux 7" REDHAT_BUGZILLA_PRODUCT_VERSION=7.9 REDHAT_SUPPORT_PRODUCT="Red Hat Enterprise Linux" REDHAT_SUPPORT_PRODUCT_VERSION="7.9"
1	Computer Name	quartz2140
1	Result Size	5838927
1	Collection start time	03:02:24 22/04/2021 UTC
1	Collection stop time	03:02:26 22/04/2021 UTC
1	Collector Type	Driverless Perf per-process sampling
1	CPU	
2	Name	Intel(R) Xeon(R) Processor code named Broadwell
2	Frequency	2095146887
2	Logical CPU Count	72
