Hierarchy Level	Metric Name	Metric Value
0	Elapsed Time	2.104198
1	SP GFLOPS	1.026521
1	DP GFLOPS	0.0
1	x87 GFLOPS	0.0
1	CPI Rate	0.606745
1	Average CPU Frequency	2753740752.055630
1	Total Thread Count	18
0	Effective Physical Core Utilization	4.2% (1.499 out of 36)
1	Effective Logical Core Utilization	2.1% (1.505 out of 72)
1	Serial Time (outside parallel regions)	1.967s (93.5%)
2	Top Serial Hotspots (outside parallel regions)	
2	Function	Module	Serial CPU Time
2	[Loop at line 98 in computeTempCPU]	3D	0.195452
2	[Outside any known module]	[Unknown]	0.145336
2	[Loop@0x467a0 in __mpn_divrem]	libc-2.17.so	0.135313
2	[Loop at line 98 in computeTempCPU]	3D	0.110255
2	[Loop at line 98 in computeTempCPU]	3D	0.110255
2	[Others]	N/A	1.027375
1	Parallel Region Time	0.137s (6.5%)
2	Estimated Ideal Time	0.031s (1.5%)
2	OpenMP Potential Gain	0.106s (5.0%)
0	Memory Bound	5.1
1	Cache Bound	2.2
1	DRAM Bound	0.0
1	NUMA: % of Remote Accesses	0.0
0	Vectorization	0.0
1	Instruction Mix	
2	SP FLOPs	7.9
3	Packed	0.0
4	128-bit	0.0
4	256-bit	0.0
3	Scalar	100.0
2	DP FLOPs	0.0
3	Packed	0.0
4	128-bit	0.0
4	256-bit	0.0
3	Scalar	0.0
2	x87 FLOPs	0.0
2	Non-FP	92.1
1	FP Arith/Mem Rd Instr. Ratio	0.289847
1	FP Arith/Mem Wr Instr. Ratio	1.008375
0	Collection and Platform Info	
1	Application Command Line	3D "512" "4" "100" "../../data/hotspot3D/power_512x4" "../../data/hotspot3D/temp_512x4" "output.txt" 
1	Operating System	3.10.0-1160.15.2.1chaos.ch6.x86_64 NAME="Red Hat Enterprise Linux Server" VERSION="7.9 (Maipo)" ID="rhel" ID_LIKE="fedora" VARIANT="Server" VARIANT_ID="server" VERSION_ID="7.9" PRETTY_NAME="Red Hat Enterprise Linux Server 7.9 (Maipo)" ANSI_COLOR="0;31" CPE_NAME="cpe:/o:redhat:enterprise_linux:7.9:GA:server" HOME_URL="https://www.redhat.com/" BUG_REPORT_URL="https://bugzilla.redhat.com/"  REDHAT_BUGZILLA_PRODUCT="Red Hat Enterprise Linux 7" REDHAT_BUGZILLA_PRODUCT_VERSION=7.9 REDHAT_SUPPORT_PRODUCT="Red Hat Enterprise Linux" REDHAT_SUPPORT_PRODUCT_VERSION="7.9"
1	Computer Name	quartz178
1	Result Size	6712248
1	Collection start time	21:40:58 21/04/2021 UTC
1	Collection stop time	21:41:00 21/04/2021 UTC
1	Collector Type	Driverless Perf per-process sampling
1	CPU	
2	Name	Intel(R) Xeon(R) Processor code named Broadwell
2	Frequency	2095145947
2	Logical CPU Count	72
