Hierarchy Level	Metric Name	Metric Value
0	Elapsed Time	11.140785
1	Paused Time	0.0
0	Effective CPU Utilization	1.4% (1.042 out of 72 logical CPUs)
1	OpenMP Analysis. Collection Time	11.140785
2	Serial Time (outside parallel regions)	10.944s (98.2%)
3	Top Serial Hotspots (outside parallel regions)	
3	Function	Module	Serial CPU Time
3	readinput	3D	3.520106
3	readinput	3D	3.510072
3	sprintf	libc.so.6	1.259986
3	computeTempCPU	3D	0.940000
3	__isoc99_sscanf	libc.so.6	0.839851
3	[Others]	N/A	0.369986
2	Parallel Region Time	0.197s (1.8%)
3	Estimated Ideal Time	0.075s (0.7%)
3	OpenMP Potential Gain	0.122s (1.1%)
1	Total Thread Count	18
2	Thread Oversubscription	0s (0.0% of CPU Time)
1	Wait Time with poor CPU Utilization	41.722s (100.0% of Wait Time)
2	Top Waiting Objects	
2	Sync Object	Wait Time with poor CPU Utilization	(% from Object Wait Time)(%)	Wait Count
2	Condition Variable 0x74c978ed	41.709469	100.0	28
2	Stream output.txt 0x9b2d8550	0.009365	100.0	1
2	Stream ../../data/hotspot3D/temp_512x8 0xe7042568	0.001451	100.0	1
2	Stream 0x0ebaa020	0.000603	100.0	1
2	Stream ../../data/hotspot3D/power_512x8 0x9a09e8a7	0.000538	100.0	1
2	[Others]	0.000675	100.0	13
1	Spin and Overhead Time	5.580s (32.5% of CPU Time)
2	Top Functions with Spin or Overhead Time	
2	Function	Module	Spin and Overhead Time	(% from CPU Time)(%)
2	__kmp_fork_barrier	libiomp5.so	3.369972	19.6
2	__kmpc_barrier	libiomp5.so	2.180007	12.7
2	__kmp_get_global_thread_id_reg	libiomp5.so	0.029998	0.2
0	Collection and Platform Info	
1	Application Command Line	3D "512" "8" "100" "../../data/hotspot3D/power_512x8" "../../data/hotspot3D/temp_512x8" "output.txt" 
1	Operating System	3.10.0-1160.15.2.1chaos.ch6.x86_64 NAME="Red Hat Enterprise Linux Server" VERSION="7.9 (Maipo)" ID="rhel" ID_LIKE="fedora" VARIANT="Server" VARIANT_ID="server" VERSION_ID="7.9" PRETTY_NAME="Red Hat Enterprise Linux Server 7.9 (Maipo)" ANSI_COLOR="0;31" CPE_NAME="cpe:/o:redhat:enterprise_linux:7.9:GA:server" HOME_URL="https://www.redhat.com/" BUG_REPORT_URL="https://bugzilla.redhat.com/"  REDHAT_BUGZILLA_PRODUCT="Red Hat Enterprise Linux 7" REDHAT_BUGZILLA_PRODUCT_VERSION=7.9 REDHAT_SUPPORT_PRODUCT="Red Hat Enterprise Linux" REDHAT_SUPPORT_PRODUCT_VERSION="7.9"
1	Computer Name	quartz178
1	Result Size	4808001
1	Collection start time	21:43:28 21/04/2021 UTC
1	Collection stop time	21:43:39 21/04/2021 UTC
1	Collector Type	User-mode sampling and tracing
1	CPU	
2	Name	Intel(R) Xeon(R) Processor code named Broadwell
2	Frequency	2095146100
2	Logical CPU Count	72
