Hierarchy Level	Metric Name	Metric Value
0	Elapsed Time	4.496208
1	SP GFLOPS	0.920777
1	DP GFLOPS	0.0
1	x87 GFLOPS	0.0
1	CPI Rate	0.838593
1	Average CPU Frequency	2678469254.508301
1	Total Thread Count	36
0	Effective Physical Core Utilization	3.6% (1.303 out of 36)
1	Effective Logical Core Utilization	2.9% (2.109 out of 72)
1	Serial Time (outside parallel regions)	4.112s (91.5%)
2	Top Serial Hotspots (outside parallel regions)	
2	Function	Module	Serial CPU Time
2	[Loop at line 98 in computeTempCPU]	3D	0.676564
2	[Loop@0x467a0 in __mpn_divrem]	libc-2.17.so	0.370857
2	[Outside any known module]	[Unknown]	0.270625
2	_IO_vfscanf	libc-2.17.so	0.230533
2	__GI___printf_fp_l	libc-2.17.so	0.165382
2	[Others]	N/A	1.949506
1	Parallel Region Time	0.384s (8.5%)
2	Estimated Ideal Time	0.071s (1.6%)
2	OpenMP Potential Gain	0.313s (7.0%)
0	Memory Bound	6.4
1	Cache Bound	6.3
1	DRAM Bound	0.0
1	NUMA: % of Remote Accesses	0.0
0	Vectorization	0.0
1	Instruction Mix	
2	SP FLOPs	6.8
3	Packed	0.0
4	128-bit	0.0
4	256-bit	0.0
3	Scalar	100.0
2	DP FLOPs	0.0
3	Packed	0.0
4	128-bit	0.0
4	256-bit	0.0
3	Scalar	0.0
2	x87 FLOPs	0.0
2	Non-FP	93.2
1	FP Arith/Mem Rd Instr. Ratio	0.241273
1	FP Arith/Mem Wr Instr. Ratio	0.828059
0	Collection and Platform Info	
1	Application Command Line	3D "512" "8" "100" "../../data/hotspot3D/power_512x8" "../../data/hotspot3D/temp_512x8" "output.txt" 
1	Operating System	3.10.0-1160.15.2.1chaos.ch6.x86_64 NAME="Red Hat Enterprise Linux Server" VERSION="7.9 (Maipo)" ID="rhel" ID_LIKE="fedora" VARIANT="Server" VARIANT_ID="server" VERSION_ID="7.9" PRETTY_NAME="Red Hat Enterprise Linux Server 7.9 (Maipo)" ANSI_COLOR="0;31" CPE_NAME="cpe:/o:redhat:enterprise_linux:7.9:GA:server" HOME_URL="https://www.redhat.com/" BUG_REPORT_URL="https://bugzilla.redhat.com/"  REDHAT_BUGZILLA_PRODUCT="Red Hat Enterprise Linux 7" REDHAT_BUGZILLA_PRODUCT_VERSION=7.9 REDHAT_SUPPORT_PRODUCT="Red Hat Enterprise Linux" REDHAT_SUPPORT_PRODUCT_VERSION="7.9"
1	Computer Name	quartz178
1	Result Size	10894607
1	Collection start time	21:43:05 21/04/2021 UTC
1	Collection stop time	21:43:09 21/04/2021 UTC
1	Collector Type	Driverless Perf per-process sampling
1	CPU	
2	Name	Intel(R) Xeon(R) Processor code named Broadwell
2	Frequency	2095146280
2	Logical CPU Count	72
