Hierarchy Level	Metric Name	Metric Value
0	Elapsed Time	6.277471
1	Paused Time	0.0
0	Effective CPU Utilization	1.4% (0.990 out of 72 logical CPUs)
1	OpenMP Analysis. Collection Time	6.277471
2	Serial Time (outside parallel regions)	6.120s (97.5%)
3	Top Serial Hotspots (outside parallel regions)	
3	Function	Module	Serial CPU Time
3	readinput	3D	1.880101
3	readinput	3D	1.850062
3	sprintf	libc.so.6	0.610002
3	__isoc99_sscanf	libc.so.6	0.589863
3	computeTempCPU	3D	0.479995
3	[Others]	N/A	0.199972
2	Parallel Region Time	0.157s (2.5%)
3	Estimated Ideal Time	0.022s (0.3%)
3	OpenMP Potential Gain	0.136s (2.2%)
1	Total Thread Count	36
2	Thread Oversubscription	0s (0.0% of CPU Time)
1	Wait Time with poor CPU Utilization	41.011s (100.0% of Wait Time)
2	Top Waiting Objects	
2	Sync Object	Wait Time with poor CPU Utilization	(% from Object Wait Time)(%)	Wait Count
2	Condition Variable 0x74c978ed	40.994387	100.0	67
2	Stream 0xeb52f6e2	0.010493	100.0	44
2	Stream output.txt 0x9b2d8550	0.003254	100.0	1
2	Stream ../../data/hotspot3D/temp_512x4 0xe7042568	0.001176	100.0	1
2	Stream ../../data/hotspot3D/power_512x4 0x9a09e8a7	0.001025	100.0	1
2	[Others]	0.000543	100.0	12
1	Spin and Overhead Time	11.880s (65.9% of CPU Time)
2	Top Functions with Spin or Overhead Time	
2	Function	Module	Spin and Overhead Time	(% from CPU Time)(%)
2	__kmp_fork_barrier	libiomp5.so	6.969861	38.7
2	__kmpc_barrier	libiomp5.so	4.860149	27.0
2	__kmp_get_global_thread_id_reg	libiomp5.so	0.040000	0.2
2	__kmp_fork_call	libiomp5.so	0.010000	0.1
0	Collection and Platform Info	
1	Application Command Line	3D "512" "4" "100" "../../data/hotspot3D/power_512x4" "../../data/hotspot3D/temp_512x4" "output.txt" 
1	Operating System	3.10.0-1160.15.2.1chaos.ch6.x86_64 NAME="Red Hat Enterprise Linux Server" VERSION="7.9 (Maipo)" ID="rhel" ID_LIKE="fedora" VARIANT="Server" VARIANT_ID="server" VERSION_ID="7.9" PRETTY_NAME="Red Hat Enterprise Linux Server 7.9 (Maipo)" ANSI_COLOR="0;31" CPE_NAME="cpe:/o:redhat:enterprise_linux:7.9:GA:server" HOME_URL="https://www.redhat.com/" BUG_REPORT_URL="https://bugzilla.redhat.com/"  REDHAT_BUGZILLA_PRODUCT="Red Hat Enterprise Linux 7" REDHAT_BUGZILLA_PRODUCT_VERSION=7.9 REDHAT_SUPPORT_PRODUCT="Red Hat Enterprise Linux" REDHAT_SUPPORT_PRODUCT_VERSION="7.9"
1	Computer Name	quartz178
1	Result Size	5068413
1	Collection start time	21:39:54 21/04/2021 UTC
1	Collection stop time	21:40:00 21/04/2021 UTC
1	Collector Type	User-mode sampling and tracing
1	CPU	
2	Name	Intel(R) Xeon(R) Processor code named Broadwell
2	Frequency	2095146171
2	Logical CPU Count	72
