Hierarchy Level	Metric Name	Metric Value
0	Elapsed Time	0.701135
1	Paused Time	0.0
0	Effective CPU Utilization	0.5% (0.326 out of 72 logical CPUs)
1	OpenMP Analysis. Collection Time	0.701135
2	Serial Time (outside parallel regions)	0.676s (96.5%)
3	Top Serial Hotspots (outside parallel regions)	
3	Function	Module	Serial CPU Time
3	readinput	3D	0.070000
3	readinput	3D	0.060003
3	__kmp_get_global_thread_id_reg	libiomp5.so	0.030000
3	sprintf	libc.so.6	0.016619
3	__fopen_internal	libc.so.6	0.013381
3	[Others]	N/A	0.029992
2	Parallel Region Time	0.025s (3.5%)
3	Estimated Ideal Time	0.011s (1.6%)
3	OpenMP Potential Gain	0.014s (2.0%)
1	Total Thread Count	36
2	Thread Oversubscription	0s (0.0% of CPU Time)
1	Wait Time with poor CPU Utilization	2.112s (100.0% of Wait Time)
2	Top Waiting Objects	
2	Sync Object	Wait Time with poor CPU Utilization	(% from Object Wait Time)(%)	Wait Count
2	Condition Variable 0x74c978ed	2.096282	100.0	36
2	Stream output.txt 0x9b2d8550	0.006375	100.0	1
2	Stream 0xeb52f6e2	0.004042	100.0	7
2	Mutex 0x6cb3026d	0.001678	100.0	6
2	Stream ../../data/hotspot3D/power_64x8 0x9a09e8a7	0.001591	100.0	1
2	[Others]	0.001955	100.0	7
1	Spin and Overhead Time	5.340s (96.4% of CPU Time)
2	Top Functions with Spin or Overhead Time	
2	Function	Module	Spin and Overhead Time	(% from CPU Time)(%)
2	__kmp_fork_barrier	libiomp5.so	4.839717	87.4
2	__kmpc_barrier	libiomp5.so	0.460293	8.3
2	__kmp_get_global_thread_id_reg	libiomp5.so	0.030000	0.5
2	__kmp_fork_call	libiomp5.so	0.010000	0.2
0	Collection and Platform Info	
1	Application Command Line	3D "64" "8" "100" "../../data/hotspot3D/power_64x8" "../../data/hotspot3D/temp_64x8" "output.txt" 
1	Operating System	3.10.0-1160.15.2.1chaos.ch6.x86_64 NAME="Red Hat Enterprise Linux Server" VERSION="7.9 (Maipo)" ID="rhel" ID_LIKE="fedora" VARIANT="Server" VARIANT_ID="server" VERSION_ID="7.9" PRETTY_NAME="Red Hat Enterprise Linux Server 7.9 (Maipo)" ANSI_COLOR="0;31" CPE_NAME="cpe:/o:redhat:enterprise_linux:7.9:GA:server" HOME_URL="https://www.redhat.com/" BUG_REPORT_URL="https://bugzilla.redhat.com/"  REDHAT_BUGZILLA_PRODUCT="Red Hat Enterprise Linux 7" REDHAT_BUGZILLA_PRODUCT_VERSION=7.9 REDHAT_SUPPORT_PRODUCT="Red Hat Enterprise Linux" REDHAT_SUPPORT_PRODUCT_VERSION="7.9"
1	Computer Name	quartz178
1	Result Size	4396367
1	Collection start time	21:45:48 21/04/2021 UTC
1	Collection stop time	21:45:49 21/04/2021 UTC
1	Collector Type	User-mode sampling and tracing
1	CPU	
2	Name	Intel(R) Xeon(R) Processor code named Broadwell
2	Frequency	2095145823
2	Logical CPU Count	72
