Hierarchy Level	Metric Name	Metric Value
0	Elapsed Time	2.834639
1	Paused Time	0.0
0	Effective CPU Utilization	1.4% (0.973 out of 72 logical CPUs)
1	OpenMP Analysis. Collection Time	2.834639
2	Serial Time (outside parallel regions)	2.709s (95.6%)
3	Top Serial Hotspots (outside parallel regions)	
3	Function	Module	Serial CPU Time
3	readinput	3D	0.880037
3	readinput	3D	0.840018
3	sprintf	libc.so.6	0.269998
3	__isoc99_sscanf	libc.so.6	0.219961
3	computeTempCPU	3D	0.199999
3	[Others]	N/A	0.149986
2	Parallel Region Time	0.125s (4.4%)
3	Estimated Ideal Time	0.064s (2.3%)
3	OpenMP Potential Gain	0.062s (2.2%)
1	Total Thread Count	4
2	Thread Oversubscription	0s (0.0% of CPU Time)
1	Wait Time with poor CPU Utilization	1.100s (100.0% of Wait Time)
2	Top Waiting Objects	
2	Sync Object	Wait Time with poor CPU Utilization	(% from Object Wait Time)(%)	Wait Count
2	Condition Variable 0x74c978ed	1.093671	100.0	3
2	Stream output.txt 0x9b2d8550	0.002635	100.0	1
2	Stream ../../data/hotspot3D/power_512x2 0x9a09e8a7	0.001718	100.0	1
2	Stream ../../data/hotspot3D/temp_512x2 0xe7042568	0.000598	100.0	1
2	Stream 0x0ebaa020	0.000528	100.0	1
2	[Others]	0.000432	100.0	7
1	Spin and Overhead Time	0.860s (23.8% of CPU Time)
2	Top Functions with Spin or Overhead Time	
2	Function	Module	Spin and Overhead Time	(% from CPU Time)(%)
2	__kmp_fork_barrier	libiomp5.so	0.589996	16.3
2	__kmpc_barrier	libiomp5.so	0.240004	6.6
2	__kmp_get_global_thread_id_reg	libiomp5.so	0.030000	0.8
0	Collection and Platform Info	
1	Application Command Line	3D "512" "2" "100" "../../data/hotspot3D/power_512x2" "../../data/hotspot3D/temp_512x2" "output.txt" 
1	Operating System	3.10.0-1160.15.2.1chaos.ch6.x86_64 NAME="Red Hat Enterprise Linux Server" VERSION="7.9 (Maipo)" ID="rhel" ID_LIKE="fedora" VARIANT="Server" VARIANT_ID="server" VERSION_ID="7.9" PRETTY_NAME="Red Hat Enterprise Linux Server 7.9 (Maipo)" ANSI_COLOR="0;31" CPE_NAME="cpe:/o:redhat:enterprise_linux:7.9:GA:server" HOME_URL="https://www.redhat.com/" BUG_REPORT_URL="https://bugzilla.redhat.com/"  REDHAT_BUGZILLA_PRODUCT="Red Hat Enterprise Linux 7" REDHAT_BUGZILLA_PRODUCT_VERSION=7.9 REDHAT_SUPPORT_PRODUCT="Red Hat Enterprise Linux" REDHAT_SUPPORT_PRODUCT_VERSION="7.9"
1	Computer Name	quartz178
1	Result Size	4211112
1	Collection start time	21:39:19 21/04/2021 UTC
1	Collection stop time	21:39:22 21/04/2021 UTC
1	Collector Type	User-mode sampling and tracing
1	CPU	
2	Name	Intel(R) Xeon(R) Processor code named Broadwell
2	Frequency	2095146051
2	Logical CPU Count	72
