Hierarchy Level	Metric Name	Metric Value
0	Elapsed Time	5.458425
1	Paused Time	0.0
0	Effective CPU Utilization	1.4% (1.011 out of 72 logical CPUs)
1	OpenMP Analysis. Collection Time	5.458425
2	Serial Time (outside parallel regions)	5.319s (97.4%)
3	Top Serial Hotspots (outside parallel regions)	
3	Function	Module	Serial CPU Time
3	readinput	3D	1.800259
3	readinput	3D	1.790035
3	sprintf	libc.so.6	0.518679
3	__isoc99_sscanf	libc.so.6	0.429714
3	computeTempCPU	3D	0.380000
3	[Others]	N/A	0.191353
2	Parallel Region Time	0.140s (2.6%)
3	Estimated Ideal Time	0.126s (2.3%)
3	OpenMP Potential Gain	0.014s (0.3%)
1	Total Thread Count	4
2	Thread Oversubscription	0s (0.0% of CPU Time)
1	Wait Time with poor CPU Utilization	2.737s (100.0% of Wait Time)
2	Top Waiting Objects	
2	Sync Object	Wait Time with poor CPU Utilization	(% from Object Wait Time)(%)	Wait Count
2	Condition Variable 0x74c978ed	2.730887	100.0	3
2	Stream output.txt 0x9b2d8550	0.003869	100.0	1
2	Stream 0xeb52f6e2	0.000688	100.0	7
2	Stream 0x0ebaa020	0.000556	100.0	1
2	Stream ../../data/hotspot3D/power_512x4 0x9a09e8a7	0.000512	100.0	1
2	[Others]	0.000594	100.0	6
1	Spin and Overhead Time	0.720s (11.6% of CPU Time)
2	Top Functions with Spin or Overhead Time	
2	Function	Module	Spin and Overhead Time	(% from CPU Time)(%)
2	__kmp_fork_barrier	libiomp5.so	0.599988	9.6
2	__kmpc_barrier	libiomp5.so	0.079957	1.3
2	__kmp_get_global_thread_id_reg	libiomp5.so	0.030000	0.5
2	__kmp_fork_call	libiomp5.so	0.010040	0.2
0	Collection and Platform Info	
1	Application Command Line	3D "512" "4" "100" "../../data/hotspot3D/power_512x4" "../../data/hotspot3D/temp_512x4" "output.txt" 
1	Operating System	3.10.0-1160.15.2.1chaos.ch6.x86_64 NAME="Red Hat Enterprise Linux Server" VERSION="7.9 (Maipo)" ID="rhel" ID_LIKE="fedora" VARIANT="Server" VARIANT_ID="server" VERSION_ID="7.9" PRETTY_NAME="Red Hat Enterprise Linux Server 7.9 (Maipo)" ANSI_COLOR="0;31" CPE_NAME="cpe:/o:redhat:enterprise_linux:7.9:GA:server" HOME_URL="https://www.redhat.com/" BUG_REPORT_URL="https://bugzilla.redhat.com/"  REDHAT_BUGZILLA_PRODUCT="Red Hat Enterprise Linux 7" REDHAT_BUGZILLA_PRODUCT_VERSION=7.9 REDHAT_SUPPORT_PRODUCT="Red Hat Enterprise Linux" REDHAT_SUPPORT_PRODUCT_VERSION="7.9"
1	Computer Name	quartz178
1	Result Size	4365885
1	Collection start time	21:41:57 21/04/2021 UTC
1	Collection stop time	21:42:03 21/04/2021 UTC
1	Collector Type	User-mode sampling and tracing
1	CPU	
2	Name	Intel(R) Xeon(R) Processor code named Broadwell
2	Frequency	2095145983
2	Logical CPU Count	72
