Hierarchy Level	Metric Name	Metric Value
0	Elapsed Time	0.166766
1	SP GFLOPS	0.0
1	DP GFLOPS	0.0
1	x87 GFLOPS	0.0
1	CPI Rate	0.640000
1	Average CPU Frequency	3047484738.909091
1	Total Thread Count	4
0	Effective Physical Core Utilization	2.3% (0.841 out of 36)
1	Effective Logical Core Utilization	1.0% (0.721 out of 72)
1	Serial Time (outside parallel regions)	0.159s (95.2%)
2	Top Serial Hotspots (outside parallel regions)	
2	Function	Module	Serial CPU Time
2	[Outside any known module]	[Unknown]	0.030070
2	[Loop at line 98 in computeTempCPU]	3D	0.010023
2	[Loop@0x467a0 in __mpn_divrem]	libc-2.17.so	0.010023
2	fgets	libc-2.17.so	0.010023
2	func@0x7efe0	libittnotify_collector.so	0.005012
2	[Others]	N/A	0.025058
1	Parallel Region Time	0.008s (4.8%)
2	Estimated Ideal Time	0.006s (3.7%)
2	OpenMP Potential Gain	0.002s (1.1%)
0	Memory Bound	37.1
1	Cache Bound	13.4
1	DRAM Bound	26.8
1	NUMA: % of Remote Accesses	0.0
0	Vectorization	0.0
1	Instruction Mix	
2	SP FLOPs	0.0
3	Packed	0.0
4	128-bit	0.0
4	256-bit	0.0
3	Scalar	0.0
2	DP FLOPs	0.0
3	Packed	0.0
4	128-bit	0.0
4	256-bit	0.0
3	Scalar	0.0
2	x87 FLOPs	0.0
2	Non-FP	100.0
1	FP Arith/Mem Rd Instr. Ratio	0.0
1	FP Arith/Mem Wr Instr. Ratio	0.0
0	Collection and Platform Info	
1	Application Command Line	3D "64" "8" "100" "../../data/hotspot3D/power_64x8" "../../data/hotspot3D/temp_64x8" "output.txt" 
1	Operating System	3.10.0-1160.15.2.1chaos.ch6.x86_64 NAME="Red Hat Enterprise Linux Server" VERSION="7.9 (Maipo)" ID="rhel" ID_LIKE="fedora" VARIANT="Server" VARIANT_ID="server" VERSION_ID="7.9" PRETTY_NAME="Red Hat Enterprise Linux Server 7.9 (Maipo)" ANSI_COLOR="0;31" CPE_NAME="cpe:/o:redhat:enterprise_linux:7.9:GA:server" HOME_URL="https://www.redhat.com/" BUG_REPORT_URL="https://bugzilla.redhat.com/"  REDHAT_BUGZILLA_PRODUCT="Red Hat Enterprise Linux 7" REDHAT_BUGZILLA_PRODUCT_VERSION=7.9 REDHAT_SUPPORT_PRODUCT="Red Hat Enterprise Linux" REDHAT_SUPPORT_PRODUCT_VERSION="7.9"
1	Computer Name	quartz178
1	Result Size	3879804
1	Collection start time	21:47:40 21/04/2021 UTC
1	Collection stop time	21:47:40 21/04/2021 UTC
1	Collector Type	Driverless Perf per-process sampling
1	CPU	
2	Name	Intel(R) Xeon(R) Processor code named Broadwell
2	Frequency	2095145758
2	Logical CPU Count	72
