Hierarchy Level	Metric Name	Metric Value
0	Elapsed Time	11.160384
1	Paused Time	0.0
0	Effective CPU Utilization	1.5% (1.048 out of 72 logical CPUs)
1	OpenMP Analysis. Collection Time	11.160384
2	Serial Time (outside parallel regions)	10.949s (98.1%)
3	Top Serial Hotspots (outside parallel regions)	
3	Function	Module	Serial CPU Time
3	readinput	3D	3.570058
3	readinput	3D	3.530074
3	sprintf	libc.so.6	1.224704
3	computeTempCPU	3D	0.919999
3	__isoc99_sscanf	libc.so.6	0.909895
3	[Others]	N/A	0.365268
2	Parallel Region Time	0.211s (1.9%)
3	Estimated Ideal Time	0.138s (1.2%)
3	OpenMP Potential Gain	0.074s (0.7%)
1	Total Thread Count	9
2	Thread Oversubscription	0s (0.0% of CPU Time)
1	Wait Time with poor CPU Utilization	18.956s (100.0% of Wait Time)
2	Top Waiting Objects	
2	Sync Object	Wait Time with poor CPU Utilization	(% from Object Wait Time)(%)	Wait Count
2	Condition Variable 0x74c978ed	18.946506	100.0	11
2	Stream output.txt 0x9b2d8550	0.007406	100.0	1
2	Stream ../../data/hotspot3D/temp_512x8 0xe7042568	0.000706	100.0	1
2	Stream 0xeb52f6e2	0.000622	100.0	6
2	Stream ../../data/hotspot3D/power_512x8 0x9a09e8a7	0.000612	100.0	1
2	[Others]	0.000326	100.0	9
1	Spin and Overhead Time	2.270s (16.3% of CPU Time)
2	Top Functions with Spin or Overhead Time	
2	Function	Module	Spin and Overhead Time	(% from CPU Time)(%)
2	__kmp_fork_barrier	libiomp5.so	1.599957	11.5
2	__kmpc_barrier	libiomp5.so	0.629969	4.5
2	__kmp_get_global_thread_id_reg	libiomp5.so	0.040000	0.3
0	Collection and Platform Info	
1	Application Command Line	3D "512" "8" "100" "../../data/hotspot3D/power_512x8" "../../data/hotspot3D/temp_512x8" "output.txt" 
1	Operating System	3.10.0-1160.15.2.1chaos.ch6.x86_64 NAME="Red Hat Enterprise Linux Server" VERSION="7.9 (Maipo)" ID="rhel" ID_LIKE="fedora" VARIANT="Server" VARIANT_ID="server" VERSION_ID="7.9" PRETTY_NAME="Red Hat Enterprise Linux Server 7.9 (Maipo)" ANSI_COLOR="0;31" CPE_NAME="cpe:/o:redhat:enterprise_linux:7.9:GA:server" HOME_URL="https://www.redhat.com/" BUG_REPORT_URL="https://bugzilla.redhat.com/"  REDHAT_BUGZILLA_PRODUCT="Red Hat Enterprise Linux 7" REDHAT_BUGZILLA_PRODUCT_VERSION=7.9 REDHAT_SUPPORT_PRODUCT="Red Hat Enterprise Linux" REDHAT_SUPPORT_PRODUCT_VERSION="7.9"
1	Computer Name	quartz178
1	Result Size	4543903
1	Collection start time	21:44:15 21/04/2021 UTC
1	Collection stop time	21:44:27 21/04/2021 UTC
1	Collector Type	User-mode sampling and tracing
1	CPU	
2	Name	Intel(R) Xeon(R) Processor code named Broadwell
2	Frequency	2095146169
2	Logical CPU Count	72
