Reading Profile files in hotspot-log/tau_exec/1024/profile.*

NODE 0;CONTEXT 0;THREAD 0:
---------------------------------------------------------------------------------------
%Time    Exclusive    Inclusive       #Call      #Subrs  Inclusive Name
              msec   total msec                          usec/call 
---------------------------------------------------------------------------------------
100.0        1,435        1,503           1          10    1503376 .TAU application
  4.3           65           65           3           0      21743 cudaMalloc
  0.1            1            1           3           0        575 cudaMemcpy
  0.0        0.687        0.687           3           0        229 cudaFree
  0.0        0.068        0.068           1           0         68 cudaLaunchKernel: calculate_temp(int, float*, float*, float*, int, int, int, int, float, float, float, float, float, float)
---------------------------------------------------------------------------------------

USER EVENTS Profile :NODE 0, CONTEXT 0, THREAD 0
---------------------------------------------------------------------------------------
NumSamples   MaxValue   MinValue  MeanValue  Std. Dev.  Event Name
---------------------------------------------------------------------------------------
         1  4.194E+06  4.194E+06  4.194E+06          0  Bytes copied from Device to Host
         1  4.194E+06  4.194E+06  4.194E+06          0  Bytes copied from Device to Host : cudaMemcpy
         2  4.194E+06  4.194E+06  4.194E+06          0  Bytes copied from Host to Device
         2  4.194E+06  4.194E+06  4.194E+06          0  Bytes copied from Host to Device : cudaMemcpy
---------------------------------------------------------------------------------------

NODE 0;CONTEXT 0;THREAD 1:
---------------------------------------------------------------------------------------
%Time    Exclusive    Inclusive       #Call      #Subrs  Inclusive Name
              msec   total msec                          usec/call 
---------------------------------------------------------------------------------------
100.0            1            2           1           4       2250 .TAU application
 25.5        0.573        0.573           2           0        286 Memory copy Host to Device
 17.4        0.391        0.391           1           0        391 Memory copy Device to Host
  2.3        0.052        0.052           1           0         52 calculate_temp(int, float*, float*, float*, int, int, int, int, float, float, float, float, float, float)
---------------------------------------------------------------------------------------

USER EVENTS Profile :NODE 0, CONTEXT 0, THREAD 1
---------------------------------------------------------------------------------------
NumSamples   MaxValue   MinValue  MeanValue  Std. Dev.  Event Name
---------------------------------------------------------------------------------------
         1         12         12         12          0  Allocatable Blocks Per SM given Registers used (Blocks)
         1         12         12         12          0  Allocatable Blocks Per SM given Registers used (Blocks) : calculate_temp(int, float*, float*, float*, int, int, int, int, float, float, float, float, float, float)
         1         16         16         16          0  Allocatable Blocks Per SM given Shared Memory usage (Blocks)
         1         16         16         16          0  Allocatable Blocks Per SM given Shared Memory usage (Blocks) : calculate_temp(int, float*, float*, float*, int, int, int, int, float, float, float, float, float, float)
         1          2          2          2          0  Allocatable Blocks per SM given Thread count (Blocks)
         1          2          2          2          0  Allocatable Blocks per SM given Thread count (Blocks) : calculate_temp(int, float*, float*, float*, int, int, int, int, float, float, float, float, float, float)
         1        256        256        256          0  Block Size
         1        256        256        256          0  Block Size : calculate_temp(int, float*, float*, float*, int, int, int, int, float, float, float, float, float, float)
         1  4.194E+06  4.194E+06  4.194E+06          0  Bytes copied from Device to Host
         1  4.194E+06  4.194E+06  4.194E+06          0  Bytes copied from Device to Host : Memory copy Device to Host
         2  4.194E+06  4.194E+06  4.194E+06          0  Bytes copied from Host to Device
         2  4.194E+06  4.194E+06  4.194E+06          0  Bytes copied from Host to Device : Memory copy Host to Device
         1          2          2          2          0  GPU Occupancy (Warps)
         1          2          2          2          0  GPU Occupancy (Warps) : calculate_temp(int, float*, float*, float*, int, int, int, int, float, float, float, float, float, float)
         1          0          0          0          0  Local Memory (bytes per thread)
         1          0          0          0          0  Local Memory (bytes per thread) : calculate_temp(int, float*, float*, float*, int, int, int, int, float, float, float, float, float, float)
         1         40         40         40          0  Local Registers (per thread)
         1         40         40         40          0  Local Registers (per thread) : calculate_temp(int, float*, float*, float*, int, int, int, int, float, float, float, float, float, float)
         1          0          0          0          0  Shared Dynamic Memory (bytes)
         1          0          0          0          0  Shared Dynamic Memory (bytes) : calculate_temp(int, float*, float*, float*, int, int, int, int, float, float, float, float, float, float)
         1       3072       3072       3072          0  Shared Static Memory (bytes)
         1       3072       3072       3072          0  Shared Static Memory (bytes) : calculate_temp(int, float*, float*, float*, int, int, int, int, float, float, float, float, float, float)
---------------------------------------------------------------------------------------

NODE 0;CONTEXT 0;THREAD 2:
---------------------------------------------------------------------------------------
%Time    Exclusive    Inclusive       #Call      #Subrs  Inclusive Name
              msec   total msec                          usec/call 
---------------------------------------------------------------------------------------
100.0          138          138           1           0     138582 .TAU application

FUNCTION SUMMARY (total):
---------------------------------------------------------------------------------------
%Time    Exclusive    Inclusive       #Call      #Subrs  Inclusive Name
              msec   total msec                          usec/call 
---------------------------------------------------------------------------------------
100.0        1,575        1,644           3          14     548069 .TAU application
  4.0           65           65           3           0      21743 cudaMalloc
  0.1            1            1           3           0        575 cudaMemcpy
  0.0        0.687        0.687           3           0        229 cudaFree
  0.0        0.573        0.573           2           0        286 Memory copy Host to Device
  0.0        0.391        0.391           1           0        391 Memory copy Device to Host
  0.0        0.068        0.068           1           0         68 cudaLaunchKernel: calculate_temp(int, float*, float*, float*, int, int, int, int, float, float, float, float, float, float)
  0.0        0.052        0.052           1           0         52 calculate_temp(int, float*, float*, float*, int, int, int, int, float, float, float, float, float, float)

FUNCTION SUMMARY (mean):
---------------------------------------------------------------------------------------
%Time    Exclusive    Inclusive       #Call      #Subrs  Inclusive Name
              msec   total msec                          usec/call 
---------------------------------------------------------------------------------------
100.0          525          548           1     4.66667     548069 .TAU application
  4.0           21           21           1           0      21743 cudaMalloc
  0.1        0.575        0.575           1           0        575 cudaMemcpy
  0.0        0.229        0.229           1           0        229 cudaFree
  0.0        0.191        0.191    0.666667           0        286 Memory copy Host to Device
  0.0         0.13         0.13    0.333333           0        391 Memory copy Device to Host
  0.0       0.0227       0.0227    0.333333           0         68 cudaLaunchKernel: calculate_temp(int, float*, float*, float*, int, int, int, int, float, float, float, float, float, float)
  0.0       0.0173       0.0173    0.333333           0         52 calculate_temp(int, float*, float*, float*, int, int, int, int, float, float, float, float, float, float)
