Reading Profile files in hotspot-log/tau_exec/512/profile.*

NODE 0;CONTEXT 0;THREAD 0:
---------------------------------------------------------------------------------------
%Time    Exclusive    Inclusive       #Call      #Subrs  Inclusive Name
              msec   total msec                          usec/call 
---------------------------------------------------------------------------------------
100.0          413          478           1          10     478091 .TAU application
 13.3           63           63           3           0      21244 cudaMalloc
  0.1        0.696        0.696           3           0        232 cudaMemcpy
  0.1        0.466        0.466           3           0        155 cudaFree
  0.0        0.064        0.064           1           0         64 cudaLaunchKernel: calculate_temp(int, float*, float*, float*, int, int, int, int, float, float, float, float, float, float)
---------------------------------------------------------------------------------------

USER EVENTS Profile :NODE 0, CONTEXT 0, THREAD 0
---------------------------------------------------------------------------------------
NumSamples   MaxValue   MinValue  MeanValue  Std. Dev.  Event Name
---------------------------------------------------------------------------------------
         1  1.049E+06  1.049E+06  1.049E+06          0  Bytes copied from Device to Host
         1  1.049E+06  1.049E+06  1.049E+06          0  Bytes copied from Device to Host : cudaMemcpy
         2  1.049E+06  1.049E+06  1.049E+06          0  Bytes copied from Host to Device
         2  1.049E+06  1.049E+06  1.049E+06          0  Bytes copied from Host to Device : cudaMemcpy
---------------------------------------------------------------------------------------

NODE 0;CONTEXT 0;THREAD 1:
---------------------------------------------------------------------------------------
%Time    Exclusive    Inclusive       #Call      #Subrs  Inclusive Name
              msec   total msec                          usec/call 
---------------------------------------------------------------------------------------
100.0         0.82        0.901           1           4        901 .TAU application
  5.1        0.046        0.046           2           0         23 Memory copy Host to Device
  2.1       0.0185       0.0185           1           0         18 Memory copy Device to Host
  1.9       0.0168       0.0168           1           0         17 calculate_temp(int, float*, float*, float*, int, int, int, int, float, float, float, float, float, float)
---------------------------------------------------------------------------------------

USER EVENTS Profile :NODE 0, CONTEXT 0, THREAD 1
---------------------------------------------------------------------------------------
NumSamples   MaxValue   MinValue  MeanValue  Std. Dev.  Event Name
---------------------------------------------------------------------------------------
         1         12         12         12          0  Allocatable Blocks Per SM given Registers used (Blocks)
         1         12         12         12          0  Allocatable Blocks Per SM given Registers used (Blocks) : calculate_temp(int, float*, float*, float*, int, int, int, int, float, float, float, float, float, float)
         1         16         16         16          0  Allocatable Blocks Per SM given Shared Memory usage (Blocks)
         1         16         16         16          0  Allocatable Blocks Per SM given Shared Memory usage (Blocks) : calculate_temp(int, float*, float*, float*, int, int, int, int, float, float, float, float, float, float)
         1          2          2          2          0  Allocatable Blocks per SM given Thread count (Blocks)
         1          2          2          2          0  Allocatable Blocks per SM given Thread count (Blocks) : calculate_temp(int, float*, float*, float*, int, int, int, int, float, float, float, float, float, float)
         1        256        256        256          0  Block Size
         1        256        256        256          0  Block Size : calculate_temp(int, float*, float*, float*, int, int, int, int, float, float, float, float, float, float)
         1  1.049E+06  1.049E+06  1.049E+06          0  Bytes copied from Device to Host
         1  1.049E+06  1.049E+06  1.049E+06          0  Bytes copied from Device to Host : Memory copy Device to Host
         2  1.049E+06  1.049E+06  1.049E+06          0  Bytes copied from Host to Device
         2  1.049E+06  1.049E+06  1.049E+06          0  Bytes copied from Host to Device : Memory copy Host to Device
         1          2          2          2          0  GPU Occupancy (Warps)
         1          2          2          2          0  GPU Occupancy (Warps) : calculate_temp(int, float*, float*, float*, int, int, int, int, float, float, float, float, float, float)
         1          0          0          0          0  Local Memory (bytes per thread)
         1          0          0          0          0  Local Memory (bytes per thread) : calculate_temp(int, float*, float*, float*, int, int, int, int, float, float, float, float, float, float)
         1         40         40         40          0  Local Registers (per thread)
         1         40         40         40          0  Local Registers (per thread) : calculate_temp(int, float*, float*, float*, int, int, int, int, float, float, float, float, float, float)
         1          0          0          0          0  Shared Dynamic Memory (bytes)
         1          0          0          0          0  Shared Dynamic Memory (bytes) : calculate_temp(int, float*, float*, float*, int, int, int, int, float, float, float, float, float, float)
         1       3072       3072       3072          0  Shared Static Memory (bytes)
         1       3072       3072       3072          0  Shared Static Memory (bytes) : calculate_temp(int, float*, float*, float*, int, int, int, int, float, float, float, float, float, float)
---------------------------------------------------------------------------------------

NODE 0;CONTEXT 0;THREAD 2:
---------------------------------------------------------------------------------------
%Time    Exclusive    Inclusive       #Call      #Subrs  Inclusive Name
              msec   total msec                          usec/call 
---------------------------------------------------------------------------------------
100.0          139          139           1           0     139103 .TAU application

FUNCTION SUMMARY (total):
---------------------------------------------------------------------------------------
%Time    Exclusive    Inclusive       #Call      #Subrs  Inclusive Name
              msec   total msec                          usec/call 
---------------------------------------------------------------------------------------
100.0          553          618           3          14     206032 .TAU application
 10.3           63           63           3           0      21244 cudaMalloc
  0.1        0.696        0.696           3           0        232 cudaMemcpy
  0.1        0.466        0.466           3           0        155 cudaFree
  0.0        0.064        0.064           1           0         64 cudaLaunchKernel: calculate_temp(int, float*, float*, float*, int, int, int, int, float, float, float, float, float, float)
  0.0        0.046        0.046           2           0         23 Memory copy Host to Device
  0.0       0.0185       0.0185           1           0         18 Memory copy Device to Host
  0.0       0.0168       0.0168           1           0         17 calculate_temp(int, float*, float*, float*, int, int, int, int, float, float, float, float, float, float)

FUNCTION SUMMARY (mean):
---------------------------------------------------------------------------------------
%Time    Exclusive    Inclusive       #Call      #Subrs  Inclusive Name
              msec   total msec                          usec/call 
---------------------------------------------------------------------------------------
100.0          184          206           1     4.66667     206032 .TAU application
 10.3           21           21           1           0      21244 cudaMalloc
  0.1        0.232        0.232           1           0        232 cudaMemcpy
  0.1        0.155        0.155           1           0        155 cudaFree
  0.0       0.0213       0.0213    0.333333           0         64 cudaLaunchKernel: calculate_temp(int, float*, float*, float*, int, int, int, int, float, float, float, float, float, float)
  0.0       0.0153       0.0153    0.666667           0         23 Memory copy Host to Device
  0.0      0.00617      0.00617    0.333333           0         19 Memory copy Device to Host
  0.0      0.00558      0.00558    0.333333           0         17 calculate_temp(int, float*, float*, float*, int, int, int, int, float, float, float, float, float, float)
