Reading Profile files in hotspot-log/tau_exec/64/profile.*

NODE 0;CONTEXT 0;THREAD 0:
---------------------------------------------------------------------------------------
%Time    Exclusive    Inclusive       #Call      #Subrs  Inclusive Name
              msec   total msec                          usec/call 
---------------------------------------------------------------------------------------
100.0           71          135           1          10     135850 .TAU application
 46.6           63           63           3           0      21102 cudaMalloc
  0.3        0.363        0.363           3           0        121 cudaMemcpy
  0.2        0.259        0.259           3           0         86 cudaFree
  0.0        0.059        0.059           1           0         59 cudaLaunchKernel: calculate_temp(int, float*, float*, float*, int, int, int, int, float, float, float, float, float, float)
---------------------------------------------------------------------------------------

USER EVENTS Profile :NODE 0, CONTEXT 0, THREAD 0
---------------------------------------------------------------------------------------
NumSamples   MaxValue   MinValue  MeanValue  Std. Dev.  Event Name
---------------------------------------------------------------------------------------
         1  1.638E+04  1.638E+04  1.638E+04          0  Bytes copied from Device to Host
         1  1.638E+04  1.638E+04  1.638E+04          0  Bytes copied from Device to Host : cudaMemcpy
         2  1.638E+04  1.638E+04  1.638E+04          0  Bytes copied from Host to Device
         2  1.638E+04  1.638E+04  1.638E+04          0  Bytes copied from Host to Device : cudaMemcpy
---------------------------------------------------------------------------------------

NODE 0;CONTEXT 0;THREAD 1:
---------------------------------------------------------------------------------------
%Time    Exclusive    Inclusive       #Call      #Subrs  Inclusive Name
              msec   total msec                          usec/call 
---------------------------------------------------------------------------------------
100.0        0.363        0.378           1           4        378 .TAU application
  1.8      0.00675      0.00675           2           0          3 Memory copy Host to Device
  1.6        0.006        0.006           1           0          6 calculate_temp(int, float*, float*, float*, int, int, int, int, float, float, float, float, float, float)
  0.7      0.00275      0.00275           1           0          3 Memory copy Device to Host
---------------------------------------------------------------------------------------

USER EVENTS Profile :NODE 0, CONTEXT 0, THREAD 1
---------------------------------------------------------------------------------------
NumSamples   MaxValue   MinValue  MeanValue  Std. Dev.  Event Name
---------------------------------------------------------------------------------------
         1         12         12         12          0  Allocatable Blocks Per SM given Registers used (Blocks)
         1         12         12         12          0  Allocatable Blocks Per SM given Registers used (Blocks) : calculate_temp(int, float*, float*, float*, int, int, int, int, float, float, float, float, float, float)
         1         16         16         16          0  Allocatable Blocks Per SM given Shared Memory usage (Blocks)
         1         16         16         16          0  Allocatable Blocks Per SM given Shared Memory usage (Blocks) : calculate_temp(int, float*, float*, float*, int, int, int, int, float, float, float, float, float, float)
         1          2          2          2          0  Allocatable Blocks per SM given Thread count (Blocks)
         1          2          2          2          0  Allocatable Blocks per SM given Thread count (Blocks) : calculate_temp(int, float*, float*, float*, int, int, int, int, float, float, float, float, float, float)
         1        256        256        256          0  Block Size
         1        256        256        256          0  Block Size : calculate_temp(int, float*, float*, float*, int, int, int, int, float, float, float, float, float, float)
         1  1.638E+04  1.638E+04  1.638E+04          0  Bytes copied from Device to Host
         1  1.638E+04  1.638E+04  1.638E+04          0  Bytes copied from Device to Host : Memory copy Device to Host
         2  1.638E+04  1.638E+04  1.638E+04          0  Bytes copied from Host to Device
         2  1.638E+04  1.638E+04  1.638E+04          0  Bytes copied from Host to Device : Memory copy Host to Device
         1          2          2          2          0  GPU Occupancy (Warps)
         1          2          2          2          0  GPU Occupancy (Warps) : calculate_temp(int, float*, float*, float*, int, int, int, int, float, float, float, float, float, float)
         1          0          0          0          0  Local Memory (bytes per thread)
         1          0          0          0          0  Local Memory (bytes per thread) : calculate_temp(int, float*, float*, float*, int, int, int, int, float, float, float, float, float, float)
         1         40         40         40          0  Local Registers (per thread)
         1         40         40         40          0  Local Registers (per thread) : calculate_temp(int, float*, float*, float*, int, int, int, int, float, float, float, float, float, float)
         1          0          0          0          0  Shared Dynamic Memory (bytes)
         1          0          0          0          0  Shared Dynamic Memory (bytes) : calculate_temp(int, float*, float*, float*, int, int, int, int, float, float, float, float, float, float)
         1       3072       3072       3072          0  Shared Static Memory (bytes)
         1       3072       3072       3072          0  Shared Static Memory (bytes) : calculate_temp(int, float*, float*, float*, int, int, int, int, float, float, float, float, float, float)
---------------------------------------------------------------------------------------

NODE 0;CONTEXT 0;THREAD 2:
---------------------------------------------------------------------------------------
%Time    Exclusive    Inclusive       #Call      #Subrs  Inclusive Name
              msec   total msec                          usec/call 
---------------------------------------------------------------------------------------
100.0          138          138           1           0     138709 .TAU application

FUNCTION SUMMARY (total):
---------------------------------------------------------------------------------------
%Time    Exclusive    Inclusive       #Call      #Subrs  Inclusive Name
              msec   total msec                          usec/call 
---------------------------------------------------------------------------------------
100.0          210          274           3          14      91646 .TAU application
 23.0           63           63           3           0      21102 cudaMalloc
  0.1        0.363        0.363           3           0        121 cudaMemcpy
  0.1        0.259        0.259           3           0         86 cudaFree
  0.0        0.059        0.059           1           0         59 cudaLaunchKernel: calculate_temp(int, float*, float*, float*, int, int, int, int, float, float, float, float, float, float)
  0.0      0.00675      0.00675           2           0          3 Memory copy Host to Device
  0.0        0.006        0.006           1           0          6 calculate_temp(int, float*, float*, float*, int, int, int, int, float, float, float, float, float, float)
  0.0      0.00275      0.00275           1           0          3 Memory copy Device to Host

FUNCTION SUMMARY (mean):
---------------------------------------------------------------------------------------
%Time    Exclusive    Inclusive       #Call      #Subrs  Inclusive Name
              msec   total msec                          usec/call 
---------------------------------------------------------------------------------------
100.0           70           91           1     4.66667      91646 .TAU application
 23.0           21           21           1           0      21102 cudaMalloc
  0.1        0.121        0.121           1           0        121 cudaMemcpy
  0.1       0.0863       0.0863           1           0         86 cudaFree
  0.0       0.0197       0.0197    0.333333           0         59 cudaLaunchKernel: calculate_temp(int, float*, float*, float*, int, int, int, int, float, float, float, float, float, float)
  0.0      0.00225      0.00225    0.666667           0          3 Memory copy Host to Device
  0.0        0.002        0.002    0.333333           0          6 calculate_temp(int, float*, float*, float*, int, int, int, int, float, float, float, float, float, float)
  0.0     0.000917     0.000917    0.333333           0          3 Memory copy Device to Host
