==76802== NVPROF is profiling process 76802, command: b+tree file ../../data/b+tree/mil.txt command ../../data/b+tree/command.txt
==76802== Some kernel(s) will be replayed on device 0 in order to collect all events/metrics.
==76802== Profiling application: b+tree file ../../data/b+tree/mil.txt command ../../data/b+tree/command.txt
==76802== Profiling result:
==76802== Event result:
Invocations                                Event Name         Min         Max         Avg       Total
Device "Tesla V100-SXM2-16GB (0)"
    Kernel: findRangeK
          1                     fb_subp0_read_sectors      119573      119573      119573      119573
          1                     fb_subp1_read_sectors      118600      118600      118600      118600
          1                    fb_subp0_write_sectors       46160       46160       46160       46160
          1                    fb_subp1_write_sectors       46297       46297       46297       46297
          1              l2_subp0_write_sector_misses       45975       45975       45975       45975
          1              l2_subp1_write_sector_misses       45847       45847       45847       45847
          1               l2_subp0_read_sector_misses      119163      119163      119163      119163
          1               l2_subp1_read_sector_misses      118998      118998      118998      118998
          1          l2_subp0_read_tex_sector_queries      305707      305707      305707      305707
          1          l2_subp1_read_tex_sector_queries      307398      307398      307398      307398
          1         l2_subp0_write_tex_sector_queries       30016       30016       30016       30016
          1         l2_subp1_write_tex_sector_queries       29984       29984       29984       29984
          1             l2_subp0_read_tex_hit_sectors      207025      207025      207025      207025
          1             l2_subp1_read_tex_hit_sectors      208910      208910      208910      208910
          1            l2_subp0_write_tex_hit_sectors       29453       29453       29453       29453
          1            l2_subp1_write_tex_hit_sectors       29421       29421       29421       29421
          1        l2_subp0_total_read_sector_queries      305388      305388      305388      305388
          1        l2_subp1_total_read_sector_queries      307672      307672      307672      307672
          1       l2_subp0_total_write_sector_queries       41856       41856       41856       41856
          1       l2_subp1_total_write_sector_queries       41769       41769       41769       41769
          1       l2_subp0_read_sysmem_sector_queries           0           0           0           0
          1       l2_subp1_read_sysmem_sector_queries           0           0           0           0
          1      l2_subp0_write_sysmem_sector_queries           0           0           0           0
          1      l2_subp1_write_sysmem_sector_queries           5           5           5           5
          1                         elapsed_cycles_sm     5875368     5875368     5875368     5875368
          1                           prof_trigger_00           0           0           0           0
          1                           prof_trigger_01           0           0           0           0
          1                           prof_trigger_02           0           0           0           0
          1                           prof_trigger_03           0           0           0           0
          1                           prof_trigger_04           0           0           0           0
          1                           prof_trigger_05           0           0           0           0
          1                           prof_trigger_06           0           0           0           0
          1                           prof_trigger_07           0           0           0           0
          1                            warps_launched       48000       48000       48000       48000
          1                              inst_issued0    12995783    12995783    12995783    12995783
          1                              inst_issued1     7489554     7489554     7489554     7489554
          1                             inst_executed     7467902     7467902     7467902     7467902
          1                      thread_inst_executed  1413136016  1413136016  1413136016  1413136016
          1   not_predicated_off_thread_inst_executed  1351209074  1351209074  1351209074  1351209074
          1                             active_cycles     5375118     5375118     5375118     5375118
          1                              active_warps  4915363620  4915363620  4915363620  4915363620
          1                               shared_atom           0           0           0           0
          1                           sm_cta_launched        6000        6000        6000        6000
          1                           shared_atom_cas           0           0           0           0
          1                               shared_load           0           0           0           0
          1                              shared_store           0           0           0           0
          1                              generic_load           0           0           0           0
          1                             generic_store           0           0           0           0
          1                               global_load     1019958     1019958     1019958     1019958
          1                              global_store      102000      102000      102000      102000
          1                                local_load           0           0           0           0
          1                               local_store           0           0           0           0
          1                                atom_count           0           0           0           0
          1                                gred_count           0           0           0           0
          1                    shared_ld_transactions           0           0           0           0
          1                    shared_st_transactions           0           0           0           0
          1                   shared_ld_bank_conflict           0           0           0           0
          1                   shared_st_bank_conflict           0           0           0           0
          1                           global_atom_cas           0           0           0           0
          1                          active_cycles_pm     5152685     5152685     5152685     5152685
          1                           active_warps_pm   286966532   286966532   286966532   286966532
          1                         elapsed_cycles_pm     5824494     5824494     5824494     5824494
          1                inst_executed_fp16_pipe_s0           0           0           0           0
          1                inst_executed_fp16_pipe_s1           0           0           0           0
          1                inst_executed_fp16_pipe_s2           0           0           0           0
          1                inst_executed_fp16_pipe_s3           0           0           0           0
          1                inst_executed_fp64_pipe_s0           0           0           0           0
          1                inst_executed_fp64_pipe_s1           0           0           0           0
          1                inst_executed_fp64_pipe_s2           0           0           0           0
          1                inst_executed_fp64_pipe_s3           0           0           0           0
          1                 inst_executed_fma_pipe_s0      515948      515948      515948      515948
          1                 inst_executed_fma_pipe_s1      515924      515924      515924      515924
          1                 inst_executed_fma_pipe_s2      515756      515756      515756      515756
          1                 inst_executed_fma_pipe_s3      515660      515660      515660      515660
          1              tensor_pipe_active_cycles_s0           0           0           0           0
          1              tensor_pipe_active_cycles_s1           0           0           0           0
          1              tensor_pipe_active_cycles_s2           0           0           0           0
          1              tensor_pipe_active_cycles_s3           0           0           0           0
          1                      pcie_tx_active_pulse           0           0           0           0
          1                      pcie_rx_active_pulse           0           0           0           0
          1                         active_cycles_sys       67703       67703       67703       67703
          1                        elapsed_cycles_sys       67703       67703       67703       67703
    Kernel: findK
          1                     fb_subp0_read_sectors      130322      130322      130322      130322
          1                     fb_subp1_read_sectors      130787      130787      130787      130787
          1                    fb_subp0_write_sectors       55837       55837       55837       55837
          1                    fb_subp1_write_sectors       55861       55861       55861       55861
          1              l2_subp0_write_sector_misses       47792       47792       47792       47792
          1              l2_subp1_write_sector_misses       47879       47879       47879       47879
          1               l2_subp0_read_sector_misses      125264      125264      125264      125264
          1               l2_subp1_read_sector_misses      125739      125739      125739      125739
          1          l2_subp0_read_tex_sector_queries      285430      285430      285430      285430
          1          l2_subp1_read_tex_sector_queries      287590      287590      287590      287590
          1         l2_subp0_write_tex_sector_queries       24960       24960       24960       24960
          1         l2_subp1_write_tex_sector_queries       25040       25040       25040       25040
          1             l2_subp0_read_tex_hit_sectors      183332      183332      183332      183332
          1             l2_subp1_read_tex_hit_sectors      185494      185494      185494      185494
          1            l2_subp0_write_tex_hit_sectors       24804       24804       24804       24804
          1            l2_subp1_write_tex_hit_sectors       24883       24883       24883       24883
          1        l2_subp0_total_read_sector_queries      285186      285186      285186      285186
          1        l2_subp1_total_read_sector_queries      287787      287787      287787      287787
          1       l2_subp0_total_write_sector_queries       25006       25006       25006       25006
          1       l2_subp1_total_write_sector_queries       25101       25101       25101       25101
          1       l2_subp0_read_sysmem_sector_queries           0           0           0           0
          1       l2_subp1_read_sysmem_sector_queries           0           0           0           0
          1      l2_subp0_write_sysmem_sector_queries           0           0           0           0
          1      l2_subp1_write_sysmem_sector_queries           5           5           5           5
          1                         elapsed_cycles_sm   117217636   117217636   117217636   117217636
          1                           prof_trigger_00           0           0           0           0
          1                           prof_trigger_01           0           0           0           0
          1                           prof_trigger_02           0           0           0           0
          1                           prof_trigger_03           0           0           0           0
          1                           prof_trigger_04           0           0           0           0
          1                           prof_trigger_05           0           0           0           0
          1                           prof_trigger_06           0           0           0           0
          1                           prof_trigger_07           0           0           0           0
          1                            warps_launched       80000       80000       80000       80000
          1                              inst_issued0    17476435    17476435    17476435    17476435
          1                              inst_issued1     7945613     7945613     7945613     7945613
          1                             inst_executed    60754032    60754032    60754032    60754032
          1                      thread_inst_executed  1894535565  1894535565  1894535565  1894535565
          1   not_predicated_off_thread_inst_executed  1821951778  1821951778  1821951778  1821951778
          1                             active_cycles   115504970   115504970   115504970   115504970
          1                              active_warps  6745503924  6745503924  6745503924  6745503924
          1                               shared_atom           0           0           0           0
          1                           sm_cta_launched       10000       10000       10000       10000
          1                           shared_atom_cas           0           0           0           0
          1                               shared_load           0           0           0           0
          1                              shared_store           0           0           0           0
          1                              generic_load           0           0           0           0
          1                             generic_store           0           0           0           0
          1                               global_load      839593      839593      839593      839593
          1                              global_store       50000       50000       50000       50000
          1                                local_load           0           0           0           0
          1                               local_store           0           0           0           0
          1                                atom_count           0           0           0           0
          1                                gred_count           0           0           0           0
          1                    shared_ld_transactions           0           0           0           0
          1                    shared_st_transactions           0           0           0           0
          1                   shared_ld_bank_conflict           0           0           0           0
          1                   shared_st_bank_conflict           0           0           0           0
          1                           global_atom_cas           0           0           0           0
          1                          active_cycles_pm     6478262     6478262     6478262     6478262
          1                           active_warps_pm   331680798   331680798   331680798   331680798
          1                         elapsed_cycles_pm     7173266     7173266     7173266     7173266
          1                inst_executed_fp16_pipe_s0           0           0           0           0
          1                inst_executed_fp16_pipe_s1           0           0           0           0
          1                inst_executed_fp16_pipe_s2           0           0           0           0
          1                inst_executed_fp16_pipe_s3           0           0           0           0
          1                inst_executed_fp64_pipe_s0           0           0           0           0
          1                inst_executed_fp64_pipe_s1           0           0           0           0
          1                inst_executed_fp64_pipe_s2           0           0           0           0
          1                inst_executed_fp64_pipe_s3           0           0           0           0
          1                 inst_executed_fma_pipe_s0      589690      589690      589690      589690
          1                 inst_executed_fma_pipe_s1      589495      589495      589495      589495
          1                 inst_executed_fma_pipe_s2      589219      589219      589219      589219
          1                 inst_executed_fma_pipe_s3      589968      589968      589968      589968
          1              tensor_pipe_active_cycles_s0           0           0           0           0
          1              tensor_pipe_active_cycles_s1           0           0           0           0
          1              tensor_pipe_active_cycles_s2           0           0           0           0
          1              tensor_pipe_active_cycles_s3           0           0           0           0
          1                      pcie_tx_active_pulse           0           0           0           0
          1                      pcie_rx_active_pulse           0           0           0           0
          1                         active_cycles_sys       83490       83490       83490       83490
          1                        elapsed_cycles_sys       83490       83490       83490       83490

==76802== Metric result:
Invocations                               Metric Name                                               Metric Description         Min         Max         Avg
Device "Tesla V100-SXM2-16GB (0)"
    Kernel: findRangeK
          1                             inst_per_warp                                            Instructions per warp  946.909917  946.909917  946.909917
          1                         branch_efficiency                                                Branch Efficiency      91.81%      91.81%      91.81%
          1                 warp_execution_efficiency                                        Warp Execution Efficiency      97.16%      97.16%      97.16%
          1         warp_nonpred_execution_efficiency                         Warp Non-Predicated Execution Efficiency      92.90%      92.90%      92.90%
          1                      inst_replay_overhead                                      Instruction Replay Overhead    0.002899    0.002899    0.002899
          1      shared_load_transactions_per_request                      Shared Memory Load Transactions Per Request    0.000000    0.000000    0.000000
          1     shared_store_transactions_per_request                     Shared Memory Store Transactions Per Request    0.000000    0.000000    0.000000
          1       local_load_transactions_per_request                       Local Memory Load Transactions Per Request    0.000000    0.000000    0.000000
          1      local_store_transactions_per_request                      Local Memory Store Transactions Per Request    0.000000    0.000000    0.000000
          1              gld_transactions_per_request                             Global Load Transactions Per Request    2.245335    2.245335    2.245335
          1              gst_transactions_per_request                            Global Store Transactions Per Request    1.000000    1.000000    1.000000
          1                 shared_store_transactions                                        Shared Store Transactions           0           0           0
          1                  shared_load_transactions                                         Shared Load Transactions           0           0           0
          1                   local_load_transactions                                          Local Load Transactions           0           0           0
          1                  local_store_transactions                                         Local Store Transactions           0           0           0
          1                          gld_transactions                                         Global Load Transactions     2195843     2195843     2195843
          1                          gst_transactions                                        Global Store Transactions       60000       60000       60000
          1                  sysmem_read_transactions                                  System Memory Read Transactions           0           0           0
          1                 sysmem_write_transactions                                 System Memory Write Transactions           5           5           5
          1                      l2_read_transactions                                             L2 Read Transactions      613060      613060      613060
          1                     l2_write_transactions                                            L2 Write Transactions       83625       83625       83625
          1                    dram_read_transactions                                  Device Memory Read Transactions      238161      238161      238161
          1                   dram_write_transactions                                 Device Memory Write Transactions       91822       91822       91822
          1                           global_hit_rate                                Global Hit Rate in unified l1/tex      74.25%      74.25%      74.25%
          1                            local_hit_rate                                                   Local Hit Rate       0.00%       0.00%       0.00%
          1                  gld_requested_throughput                                 Requested Global Load Throughput  769.20GB/s  769.20GB/s  769.20GB/s
          1                  gst_requested_throughput                                Requested Global Store Throughput  7.3359GB/s  7.3359GB/s  7.3359GB/s
          1                            gld_throughput                                           Global Load Throughput  1193.2GB/s  1193.2GB/s  1193.2GB/s
          1                            gst_throughput                                          Global Store Throughput  32.604GB/s  32.604GB/s  32.604GB/s
          1                     local_memory_overhead                                            Local Memory Overhead      13.43%      13.43%      13.43%
          1                        tex_cache_hit_rate                                           Unified Cache Hit Rate      70.81%      70.81%      70.81%
          1                      l2_tex_read_hit_rate                                      L2 Hit Rate (Texture Reads)      67.84%      67.84%      67.84%
          1                     l2_tex_write_hit_rate                                     L2 Hit Rate (Texture Writes)      98.12%      98.12%      98.12%
          1                      dram_read_throughput                                    Device Memory Read Throughput  129.42GB/s  129.42GB/s  129.42GB/s
          1                     dram_write_throughput                                   Device Memory Write Throughput  49.896GB/s  49.896GB/s  49.896GB/s
          1                      tex_cache_throughput                       Unified cache to Multiprocessor throughput  2889.1GB/s  2889.1GB/s  2889.1GB/s
          1                    l2_tex_read_throughput                                    L2 Throughput (Texture Reads)  333.16GB/s  333.16GB/s  333.16GB/s
          1                   l2_tex_write_throughput                                   L2 Throughput (Texture Writes)  32.604GB/s  32.604GB/s  32.604GB/s
          1                        l2_read_throughput                                            L2 Throughput (Reads)  333.14GB/s  333.14GB/s  333.14GB/s
          1                       l2_write_throughput                                           L2 Throughput (Writes)  45.442GB/s  45.442GB/s  45.442GB/s
          1                    sysmem_read_throughput                                    System Memory Read Throughput  0.00000B/s  0.00000B/s  0.00000B/s
          1                   sysmem_write_throughput                                   System Memory Write Throughput  2.7822MB/s  2.7822MB/s  2.7822MB/s
          1                     local_load_throughput                                     Local Memory Load Throughput  0.00000B/s  0.00000B/s  0.00000B/s
          1                    local_store_throughput                                    Local Memory Store Throughput  0.00000B/s  0.00000B/s  0.00000B/s
          1                    shared_load_throughput                                    Shared Memory Load Throughput  0.00000B/s  0.00000B/s  0.00000B/s
          1                   shared_store_throughput                                   Shared Memory Store Throughput  0.00000B/s  0.00000B/s  0.00000B/s
          1                            gld_efficiency                                    Global Memory Load Efficiency      64.46%      64.46%      64.46%
          1                            gst_efficiency                                   Global Memory Store Efficiency      22.50%      22.50%      22.50%
          1                    tex_cache_transactions                     Unified cache to Multiprocessor transactions     1329182     1329182     1329182
          1                             flop_count_dp                      Floating Point Operations(Double Precision)           0           0           0
          1                         flop_count_dp_add                  Floating Point Operations(Double Precision Add)           0           0           0
          1                         flop_count_dp_fma                  Floating Point Operations(Double Precision FMA)           0           0           0
          1                         flop_count_dp_mul                  Floating Point Operations(Double Precision Mul)           0           0           0
          1                             flop_count_sp                      Floating Point Operations(Single Precision)           0           0           0
          1                         flop_count_sp_add                  Floating Point Operations(Single Precision Add)           0           0           0
          1                         flop_count_sp_fma                  Floating Point Operations(Single Precision FMA)           0           0           0
          1                         flop_count_sp_mul                   Floating Point Operation(Single Precision Mul)           0           0           0
          1                     flop_count_sp_special              Floating Point Operations(Single Precision Special)           0           0           0
          1                             inst_executed                                            Instructions Executed     7467902     7467902     7467902
          1                               inst_issued                                              Instructions Issued     7489554     7489554     7489554
          1                          dram_utilization                                        Device Memory Utilization     Low (3)     Low (3)     Low (3)
          1                        sysmem_utilization                                        System Memory Utilization     Low (1)     Low (1)     Low (1)
          1                          stall_inst_fetch                         Issue Stall Reasons (Instructions Fetch)       2.88%       2.88%       2.88%
          1                     stall_exec_dependency                       Issue Stall Reasons (Execution Dependency)       8.55%       8.55%       8.55%
          1                   stall_memory_dependency                               Issue Stall Reasons (Data Request)      56.26%      56.26%      56.26%
          1                             stall_texture                                    Issue Stall Reasons (Texture)       0.01%       0.01%       0.01%
          1                                stall_sync                            Issue Stall Reasons (Synchronization)      25.31%      25.31%      25.31%
          1                               stall_other                                      Issue Stall Reasons (Other)       0.97%       0.97%       0.97%
          1          stall_constant_memory_dependency                         Issue Stall Reasons (Immediate constant)       0.37%       0.37%       0.37%
          1                           stall_pipe_busy                                  Issue Stall Reasons (Pipe Busy)       1.60%       1.60%       1.60%
          1                         shared_efficiency                                         Shared Memory Efficiency       0.00%       0.00%       0.00%
          1                                inst_fp_32                                          FP Instructions(Single)           0           0           0
          1                                inst_fp_64                                          FP Instructions(Double)           0           0           0
          1                              inst_integer                                             Integer Instructions   127981758   127981758   127981758
          1                          inst_bit_convert                                         Bit-Convert Instructions           0           0           0
          1                              inst_control                                        Control-Flow Instructions    35292000    35292000    35292000
          1                        inst_compute_ld_st                                          Load/Store Instructions    28928286    28928286    28928286
          1                                 inst_misc                                                Misc Instructions    18432000    18432000    18432000
          1           inst_inter_thread_communication                                        Inter-Thread Instructions           0           0           0
          1                               issue_slots                                                      Issue Slots     7489554     7489554     7489554
          1                                 cf_issued                                 Issued Control-Flow Instructions     1408698     1408698     1408698
          1                               cf_executed                               Executed Control-Flow Instructions     1408698     1408698     1408698
          1                               ldst_issued                                   Issued Load/Store Instructions     1457958     1457958     1457958
          1                             ldst_executed                                 Executed Load/Store Instructions     1457958     1457958     1457958
          1                       atomic_transactions                                              Atomic Transactions           0           0           0
          1           atomic_transactions_per_request                                  Atomic Transactions Per Request    0.000000    0.000000    0.000000
          1                      l2_atomic_throughput                                  L2 Throughput (Atomic requests)  0.00000B/s  0.00000B/s  0.00000B/s
          1                    l2_atomic_transactions                                L2 Transactions (Atomic requests)           0           0           0
          1                  l2_tex_read_transactions                                  L2 Transactions (Texture Reads)      613105      613105      613105
          1                     stall_memory_throttle                            Issue Stall Reasons (Memory Throttle)       0.97%       0.97%       0.97%
          1                        stall_not_selected                               Issue Stall Reasons (Not Selected)       3.09%       3.09%       3.09%
          1                 l2_tex_write_transactions                                 L2 Transactions (Texture Writes)       60000       60000       60000
          1             nvlink_total_data_transmitted                                    NVLink Total Data Transmitted        4320        4320        4320
          1                nvlink_total_data_received                                       NVLink Total Data Received        3776        3776        3776
          1              nvlink_user_data_transmitted                                     NVLink User Data Transmitted         384         384         384
          1                 nvlink_user_data_received                                        NVLink User Data Received        1856        1856        1856
          1          nvlink_overhead_data_transmitted                                 NVLink Overhead Data Transmitted      91.11%      91.11%      91.11%
          1             nvlink_overhead_data_received                                    NVLink Overhead Data Received      50.85%      50.85%      50.85%
          1      nvlink_total_nratom_data_transmitted                             NVLink Total Nratom Data Transmitted           0           0           0
          1       nvlink_user_nratom_data_transmitted                              NVLink User Nratom Data Transmitted           0           0           0
          1       nvlink_total_ratom_data_transmitted                              NVLink Total Ratom Data Transmitted           0           0           0
          1        nvlink_user_ratom_data_transmitted                               NVLink User Ratom Data Transmitted           0           0           0
          1       nvlink_total_write_data_transmitted                              NVLink Total Write Data Transmitted         384         384         384
          1        nvlink_user_write_data_transmitted                               NVLink User Write Data Transmitted         128         128         128
          1                nvlink_transmit_throughput                                       NVLink Transmit Throughput  75.120MB/s  75.120MB/s  75.120MB/s
          1                 nvlink_receive_throughput                                        NVLink Receive Throughput  65.660MB/s  65.660MB/s  65.660MB/s
          1       nvlink_total_response_data_received                              NVLink Total Response Data Received        1936        1936        1936
          1        nvlink_user_response_data_received                               NVLink User Response Data Received        1344        1344        1344
          1                             flop_count_hp                        Floating Point Operations(Half Precision)           0           0           0
          1                         flop_count_hp_add                    Floating Point Operations(Half Precision Add)           0           0           0
          1                         flop_count_hp_mul                     Floating Point Operation(Half Precision Mul)           0           0           0
          1                         flop_count_hp_fma                    Floating Point Operations(Half Precision FMA)           0           0           0
          1                                inst_fp_16                                            HP Instructions(Half)           0           0           0
          1                                       ipc                                                     Executed IPC    0.553439    0.553439    0.553439
          1                                issued_ipc                                                       Issued IPC    1.458959    1.458959    1.458959
          1                    issue_slot_utilization                                           Issue Slot Utilization      36.47%      36.47%      36.47%
          1                             sm_efficiency                                          Multiprocessor Activity      88.38%      88.38%      88.38%
          1                        achieved_occupancy                                               Achieved Occupancy    0.935181    0.935181    0.935181
          1                  eligible_warps_per_cycle                                  Eligible Warps Per Active Cycle    3.141024    3.141024    3.141024
          1                        shared_utilization                                        Shared Memory Utilization    Idle (0)    Idle (0)    Idle (0)
          1                            l2_utilization                                             L2 Cache Utilization     Low (1)     Low (1)     Low (1)
          1                           tex_utilization                                        Unified Cache Utilization     Low (3)     Low (3)     Low (3)
          1                       ldst_fu_utilization                             Load/Store Function Unit Utilization     Low (3)     Low (3)     Low (3)
          1                         cf_fu_utilization                           Control-Flow Function Unit Utilization     Low (2)     Low (2)     Low (2)
          1                        tex_fu_utilization                                Texture Function Unit Utilization    Idle (0)    Idle (0)    Idle (0)
          1                    special_fu_utilization                                Special Function Unit Utilization    Idle (0)    Idle (0)    Idle (0)
          1             half_precision_fu_utilization                         Half-Precision Function Unit Utilization    Idle (0)    Idle (0)    Idle (0)
          1           single_precision_fu_utilization                       Single-Precision Function Unit Utilization     Low (2)     Low (2)     Low (2)
          1           double_precision_fu_utilization                       Double-Precision Function Unit Utilization    Idle (0)    Idle (0)    Idle (0)
          1                        flop_hp_efficiency                                       FLOP Efficiency(Peak Half)       0.00%       0.00%       0.00%
          1                        flop_sp_efficiency                                     FLOP Efficiency(Peak Single)       0.00%       0.00%       0.00%
          1                        flop_dp_efficiency                                     FLOP Efficiency(Peak Double)       0.00%       0.00%       0.00%
          1                   sysmem_read_utilization                                   System Memory Read Utilization    Idle (0)    Idle (0)    Idle (0)
          1                  sysmem_write_utilization                                  System Memory Write Utilization     Low (1)     Low (1)     Low (1)
          1       nvlink_data_transmission_efficiency                              NVLink Data Transmission Efficiency       0.02%       0.02%       0.02%
          1            nvlink_data_receive_efficiency                                   NVLink Data Receive Efficiency       0.01%       0.01%       0.01%
          1                            stall_sleeping                                   Issue Stall Reasons (Sleeping)       0.00%       0.00%       0.00%
          1               pcie_total_data_transmitted                                      PCIe Total Data Transmitted           0           0           0
          1                  pcie_total_data_received                                         PCIe Total Data Received           0           0           0
          1                inst_executed_global_loads                         Warp level instructions for global loads      977958      977958      977958
          1                 inst_executed_local_loads                          Warp level instructions for local loads           0           0           0
          1                inst_executed_shared_loads                         Warp level instructions for shared loads           0           0           0
          1               inst_executed_surface_loads                        Warp level instructions for surface loads           0           0           0
          1               inst_executed_global_stores                        Warp level instructions for global stores       60000       60000       60000
          1                inst_executed_local_stores                         Warp level instructions for local stores           0           0           0
          1               inst_executed_shared_stores                        Warp level instructions for shared stores           0           0           0
          1              inst_executed_surface_stores                       Warp level instructions for surface stores           0           0           0
          1              inst_executed_global_atomics             Warp level instructions for global atom and atom cas           0           0           0
          1           inst_executed_global_reductions                    Warp level instructions for global reductions           0           0           0
          1             inst_executed_surface_atomics            Warp level instructions for surface atom and atom cas           0           0           0
          1          inst_executed_surface_reductions                   Warp level instructions for surface reductions           0           0           0
          1              inst_executed_shared_atomics             Warp level shared instructions for atom and atom CAS           0           0           0
          1                     inst_executed_tex_ops                              Warp level instructions for texture           0           0           0
          1                           dram_read_bytes                           Total bytes read from DRAM to L2 cache     7621152     7621152     7621152
          1                          dram_write_bytes                        Total bytes written from L2 cache to DRAM     2938304     2938304     2938304
          1                      global_load_requests         Total number of global load requests from Multiprocessor      977958      977958      977958
          1                       local_load_requests          Total number of local load requests from Multiprocessor           0           0           0
          1                     surface_load_requests        Total number of surface load requests from Multiprocessor           0           0           0
          1                     global_store_requests        Total number of global store requests from Multiprocessor       60000       60000       60000
          1                      local_store_requests         Total number of local store requests from Multiprocessor           0           0           0
          1                    surface_store_requests       Total number of surface store requests from Multiprocessor           0           0           0
          1                    global_atomic_requests       Total number of global atomic requests from Multiprocessor           0           0           0
          1                 global_reduction_requests    Total number of global reduction requests from Multiprocessor           0           0           0
          1                   surface_atomic_requests      Total number of surface atomic requests from Multiprocessor           0           0           0
          1                surface_reduction_requests   Total number of surface reduction requests from Multiprocessor           0           0           0
          1                      l2_global_load_bytes             Bytes read from L2 for misses in L1 for global loads    18035776    18035776    18035776
          1                       l2_local_load_bytes              Bytes read from L2 for misses in L1 for local loads           0           0           0
          1                     l2_surface_load_bytes            Bytes read from L2 for misses in L1 for surface loads           0           0           0
          1              l2_global_atomic_store_bytes                   Bytes written to L2 from L1 for global atomics           0           0           0
          1               l2_local_global_store_bytes         Bytes written to L2 from L1 for local and global stores.     1920000     1920000     1920000
          1                    l2_surface_store_bytes           Bytes read from L2 for misses in L1 for surface stores           0           0           0
          1                         sysmem_read_bytes                                         System Memory Read Bytes           0           0           0
          1                        sysmem_write_bytes                                        System Memory Write Bytes         160         160         160
          1                           l2_tex_hit_rate                                                L2 Cache Hit Rate      70.54%      70.54%      70.54%
          1                     texture_load_requests        Total number of texture Load requests from Multiprocessor           0           0           0
          1           tensor_precision_fu_utilization                       Tensor-Precision Function Unit Utilization    Idle (0)    Idle (0)    Idle (0)
    Kernel: findK
          1                             inst_per_warp                                            Instructions per warp  759.425400  759.425400  759.425400
          1                         branch_efficiency                                                Branch Efficiency      93.62%      93.62%      93.62%
          1                 warp_execution_efficiency                                        Warp Execution Efficiency      97.45%      97.45%      97.45%
          1         warp_nonpred_execution_efficiency                         Warp Non-Predicated Execution Efficiency      93.72%      93.72%      93.72%
          1                      inst_replay_overhead                                      Instruction Replay Overhead    0.002433    0.002433    0.002433
          1      shared_load_transactions_per_request                      Shared Memory Load Transactions Per Request    0.000000    0.000000    0.000000
          1     shared_store_transactions_per_request                     Shared Memory Store Transactions Per Request    0.000000    0.000000    0.000000
          1       local_load_transactions_per_request                       Local Memory Load Transactions Per Request    0.000000    0.000000    0.000000
          1      local_store_transactions_per_request                      Local Memory Store Transactions Per Request    0.000000    0.000000    0.000000
          1              gld_transactions_per_request                             Global Load Transactions Per Request    2.198683    2.198683    2.198683
          1              gst_transactions_per_request                            Global Store Transactions Per Request    1.000000    1.000000    1.000000
          1                 shared_store_transactions                                        Shared Store Transactions           0           0           0
          1                  shared_load_transactions                                         Shared Load Transactions           0           0           0
          1                   local_load_transactions                                          Local Load Transactions           0           0           0
          1                  local_store_transactions                                         Local Store Transactions           0           0           0
          1                          gld_transactions                                         Global Load Transactions     1845999     1845999     1845999
          1                          gst_transactions                                        Global Store Transactions       50000       50000       50000
          1                  sysmem_read_transactions                                  System Memory Read Transactions           0           0           0
          1                 sysmem_write_transactions                                 System Memory Write Transactions           5           5           5
          1                      l2_read_transactions                                             L2 Read Transactions      572973      572973      572973
          1                     l2_write_transactions                                            L2 Write Transactions       50107       50107       50107
          1                    dram_read_transactions                                  Device Memory Read Transactions      251003      251003      251003
          1                   dram_write_transactions                                 Device Memory Write Transactions       95671       95671       95671
          1                           global_hit_rate                                Global Hit Rate in unified l1/tex      71.82%      71.82%      71.82%
          1                            local_hit_rate                                                   Local Hit Rate       0.00%       0.00%       0.00%
          1                  gld_requested_throughput                                 Requested Global Load Throughput  538.00GB/s  538.00GB/s  538.00GB/s
          1                  gst_requested_throughput                                Requested Global Store Throughput  5.1125GB/s  5.1125GB/s  5.1125GB/s
          1                            gld_throughput                                           Global Load Throughput  838.90GB/s  838.90GB/s  838.90GB/s
          1                            gst_throughput                                          Global Store Throughput  22.722GB/s  22.722GB/s  22.722GB/s
          1                     local_memory_overhead                                            Local Memory Overhead      14.22%      14.22%      14.22%
          1                        tex_cache_hit_rate                                           Unified Cache Hit Rate      67.95%      67.95%      67.95%
          1                      l2_tex_read_hit_rate                                      L2 Hit Rate (Texture Reads)      64.37%      64.37%      64.37%
          1                     l2_tex_write_hit_rate                                     L2 Hit Rate (Texture Writes)      99.37%      99.37%      99.37%
          1                      dram_read_throughput                                    Device Memory Read Throughput  114.07GB/s  114.07GB/s  114.07GB/s
          1                     dram_write_throughput                                   Device Memory Write Throughput  43.477GB/s  43.477GB/s  43.477GB/s
          1                      tex_cache_throughput                       Unified cache to Multiprocessor throughput  2134.1GB/s  2134.1GB/s  2134.1GB/s
          1                    l2_tex_read_throughput                                    L2 Throughput (Texture Reads)  260.40GB/s  260.40GB/s  260.40GB/s
          1                   l2_tex_write_throughput                                   L2 Throughput (Texture Writes)  22.722GB/s  22.722GB/s  22.722GB/s
          1                        l2_read_throughput                                            L2 Throughput (Reads)  260.38GB/s  260.38GB/s  260.38GB/s
          1                       l2_write_throughput                                           L2 Throughput (Writes)  22.771GB/s  22.771GB/s  22.771GB/s
          1                    sysmem_read_throughput                                    System Memory Read Throughput  0.00000B/s  0.00000B/s  0.00000B/s
          1                   sysmem_write_throughput                                   System Memory Write Throughput  2.3267MB/s  2.3267MB/s  2.3267MB/s
          1                     local_load_throughput                                     Local Memory Load Throughput  0.00000B/s  0.00000B/s  0.00000B/s
          1                    local_store_throughput                                    Local Memory Store Throughput  0.00000B/s  0.00000B/s  0.00000B/s
          1                    shared_load_throughput                                    Shared Memory Load Throughput  0.00000B/s  0.00000B/s  0.00000B/s
          1                   shared_store_throughput                                   Shared Memory Store Throughput  0.00000B/s  0.00000B/s  0.00000B/s
          1                            gld_efficiency                                    Global Memory Load Efficiency      64.13%      64.13%      64.13%
          1                            gst_efficiency                                   Global Memory Store Efficiency      22.50%      22.50%      22.50%
          1                    tex_cache_transactions                     Unified cache to Multiprocessor transactions     1174009     1174009     1174009
          1                             flop_count_dp                      Floating Point Operations(Double Precision)           0           0           0
          1                         flop_count_dp_add                  Floating Point Operations(Double Precision Add)           0           0           0
          1                         flop_count_dp_fma                  Floating Point Operations(Double Precision FMA)           0           0           0
          1                         flop_count_dp_mul                  Floating Point Operations(Double Precision Mul)           0           0           0
          1                             flop_count_sp                      Floating Point Operations(Single Precision)           0           0           0
          1                         flop_count_sp_add                  Floating Point Operations(Single Precision Add)           0           0           0
          1                         flop_count_sp_fma                  Floating Point Operations(Single Precision FMA)           0           0           0
          1                         flop_count_sp_mul                   Floating Point Operation(Single Precision Mul)           0           0           0
          1                     flop_count_sp_special              Floating Point Operations(Single Precision Special)           0           0           0
          1                             inst_executed                                            Instructions Executed    60754032    60754032    60754032
          1                               inst_issued                                              Instructions Issued     7945613     7945613     7945613
          1                          dram_utilization                                        Device Memory Utilization     Low (2)     Low (2)     Low (2)
          1                        sysmem_utilization                                        System Memory Utilization     Low (1)     Low (1)     Low (1)
          1                          stall_inst_fetch                         Issue Stall Reasons (Instructions Fetch)       3.19%       3.19%       3.19%
          1                     stall_exec_dependency                       Issue Stall Reasons (Execution Dependency)       8.97%       8.97%       8.97%
          1                   stall_memory_dependency                               Issue Stall Reasons (Data Request)      48.46%      48.46%      48.46%
          1                             stall_texture                                    Issue Stall Reasons (Texture)       0.01%       0.01%       0.01%
          1                                stall_sync                            Issue Stall Reasons (Synchronization)      33.89%      33.89%      33.89%
          1                               stall_other                                      Issue Stall Reasons (Other)       0.79%       0.79%       0.79%
          1          stall_constant_memory_dependency                         Issue Stall Reasons (Immediate constant)       0.35%       0.35%       0.35%
          1                           stall_pipe_busy                                  Issue Stall Reasons (Pipe Busy)       1.19%       1.19%       1.19%
          1                         shared_efficiency                                         Shared Memory Efficiency       0.00%       0.00%       0.00%
          1                                inst_fp_32                                          FP Instructions(Single)           0           0           0
          1                                inst_fp_64                                          FP Instructions(Double)           0           0           0
          1                              inst_integer                                             Integer Instructions   118545946   118545946   118545946
          1                          inst_bit_convert                                         Bit-Convert Instructions           0           0           0
          1                              inst_control                                        Control-Flow Instructions    43480000    43480000    43480000
          1                        inst_compute_ld_st                                          Load/Store Instructions    24120991    24120991    24120991
          1                                 inst_misc                                                Misc Instructions    40970000    40970000    40970000
          1           inst_inter_thread_communication                                        Inter-Thread Instructions           0           0           0
          1                               issue_slots                                                      Issue Slots     7945613     7945613     7945613
          1                                 cf_issued                                 Issued Control-Flow Instructions     1788452     1788452     1788452
          1                               cf_executed                               Executed Control-Flow Instructions     1788452     1788452     1788452
          1                               ldst_issued                                   Issued Load/Store Instructions     1369593     1369593     1369593
          1                             ldst_executed                                 Executed Load/Store Instructions     1369593     1369593     1369593
          1                       atomic_transactions                                              Atomic Transactions           0           0           0
          1           atomic_transactions_per_request                                  Atomic Transactions Per Request    0.000000    0.000000    0.000000
          1                      l2_atomic_throughput                                  L2 Throughput (Atomic requests)  0.00000B/s  0.00000B/s  0.00000B/s
          1                    l2_atomic_transactions                                L2 Transactions (Atomic requests)           0           0           0
          1                  l2_tex_read_transactions                                  L2 Transactions (Texture Reads)      573020      573020      573020
          1                     stall_memory_throttle                            Issue Stall Reasons (Memory Throttle)       0.87%       0.87%       0.87%
          1                        stall_not_selected                               Issue Stall Reasons (Not Selected)       2.29%       2.29%       2.29%
          1                 l2_tex_write_transactions                                 L2 Transactions (Texture Writes)       50000       50000       50000
          1             nvlink_total_data_transmitted                                    NVLink Total Data Transmitted        4080        4080        4080
          1                nvlink_total_data_received                                       NVLink Total Data Received        3392        3392        3392
          1              nvlink_user_data_transmitted                                     NVLink User Data Transmitted         384         384         384
          1                 nvlink_user_data_received                                        NVLink User Data Received        1632        1632        1632
          1          nvlink_overhead_data_transmitted                                 NVLink Overhead Data Transmitted      90.59%      90.59%      90.59%
          1             nvlink_overhead_data_received                                    NVLink Overhead Data Received      51.89%      51.89%      51.89%
          1      nvlink_total_nratom_data_transmitted                             NVLink Total Nratom Data Transmitted           0           0           0
          1       nvlink_user_nratom_data_transmitted                              NVLink User Nratom Data Transmitted           0           0           0
          1       nvlink_total_ratom_data_transmitted                              NVLink Total Ratom Data Transmitted           0           0           0
          1        nvlink_user_ratom_data_transmitted                               NVLink User Ratom Data Transmitted           0           0           0
          1       nvlink_total_write_data_transmitted                              NVLink Total Write Data Transmitted         384         384         384
          1        nvlink_user_write_data_transmitted                               NVLink User Write Data Transmitted         128         128         128
          1                nvlink_transmit_throughput                                       NVLink Transmit Throughput  59.332MB/s  59.332MB/s  59.332MB/s
          1                 nvlink_receive_throughput                                        NVLink Receive Throughput  49.327MB/s  49.327MB/s  49.327MB/s
          1       nvlink_total_response_data_received                              NVLink Total Response Data Received        2384        2384        2384
          1        nvlink_user_response_data_received                               NVLink User Response Data Received        1696        1696        1696
          1                             flop_count_hp                        Floating Point Operations(Half Precision)           0           0           0
          1                         flop_count_hp_add                    Floating Point Operations(Half Precision Add)           0           0           0
          1                         flop_count_hp_mul                     Floating Point Operation(Half Precision Mul)           0           0           0
          1                         flop_count_hp_fma                    Floating Point Operations(Half Precision FMA)           0           0           0
          1                                inst_fp_16                                            HP Instructions(Half)           0           0           0
          1                                       ipc                                                     Executed IPC    1.254056    1.254056    1.254056
          1                                issued_ipc                                                       Issued IPC    1.257107    1.257107    1.257107
          1                    issue_slot_utilization                                           Issue Slot Utilization      31.43%      31.43%      31.43%
          1                             sm_efficiency                                          Multiprocessor Activity      90.69%      90.69%      90.69%
          1                        achieved_occupancy                                               Achieved Occupancy    0.912502    0.912502    0.912502
          1                  eligible_warps_per_cycle                                  Eligible Warps Per Active Cycle    2.404707    2.404707    2.404707
          1                        shared_utilization                                        Shared Memory Utilization    Idle (0)    Idle (0)    Idle (0)
          1                            l2_utilization                                             L2 Cache Utilization     Low (1)     Low (1)     Low (1)
          1                           tex_utilization                                        Unified Cache Utilization     Low (2)     Low (2)     Low (2)
          1                       ldst_fu_utilization                             Load/Store Function Unit Utilization     Low (3)     Low (3)     Low (3)
          1                         cf_fu_utilization                           Control-Flow Function Unit Utilization     Low (2)     Low (2)     Low (2)
          1                        tex_fu_utilization                                Texture Function Unit Utilization    Idle (0)    Idle (0)    Idle (0)
          1                    special_fu_utilization                                Special Function Unit Utilization    Idle (0)    Idle (0)    Idle (0)
          1             half_precision_fu_utilization                         Half-Precision Function Unit Utilization    Idle (0)    Idle (0)    Idle (0)
          1           single_precision_fu_utilization                       Single-Precision Function Unit Utilization     Low (2)     Low (2)     Low (2)
          1           double_precision_fu_utilization                       Double-Precision Function Unit Utilization    Idle (0)    Idle (0)    Idle (0)
          1                        flop_hp_efficiency                                       FLOP Efficiency(Peak Half)       0.00%       0.00%       0.00%
          1                        flop_sp_efficiency                                     FLOP Efficiency(Peak Single)       0.00%       0.00%       0.00%
          1                        flop_dp_efficiency                                     FLOP Efficiency(Peak Double)       0.00%       0.00%       0.00%
          1                   sysmem_read_utilization                                   System Memory Read Utilization    Idle (0)    Idle (0)    Idle (0)
          1                  sysmem_write_utilization                                  System Memory Write Utilization     Low (1)     Low (1)     Low (1)
          1       nvlink_data_transmission_efficiency                              NVLink Data Transmission Efficiency       0.01%       0.01%       0.01%
          1            nvlink_data_receive_efficiency                                   NVLink Data Receive Efficiency       0.01%       0.01%       0.01%
          1                            stall_sleeping                                   Issue Stall Reasons (Sleeping)       0.00%       0.00%       0.00%
          1               pcie_total_data_transmitted                                      PCIe Total Data Transmitted           0           0           0
          1                  pcie_total_data_received                                         PCIe Total Data Received           0           0           0
          1                inst_executed_global_loads                         Warp level instructions for global loads      839593      839593      839593
          1                 inst_executed_local_loads                          Warp level instructions for local loads           0           0           0
          1                inst_executed_shared_loads                         Warp level instructions for shared loads           0           0           0
          1               inst_executed_surface_loads                        Warp level instructions for surface loads           0           0           0
          1               inst_executed_global_stores                        Warp level instructions for global stores       50000       50000       50000
          1                inst_executed_local_stores                         Warp level instructions for local stores           0           0           0
          1               inst_executed_shared_stores                        Warp level instructions for shared stores           0           0           0
          1              inst_executed_surface_stores                       Warp level instructions for surface stores           0           0           0
          1              inst_executed_global_atomics             Warp level instructions for global atom and atom cas           0           0           0
          1           inst_executed_global_reductions                    Warp level instructions for global reductions           0           0           0
          1             inst_executed_surface_atomics            Warp level instructions for surface atom and atom cas           0           0           0
          1          inst_executed_surface_reductions                   Warp level instructions for surface reductions           0           0           0
          1              inst_executed_shared_atomics             Warp level shared instructions for atom and atom CAS           0           0           0
          1                     inst_executed_tex_ops                              Warp level instructions for texture           0           0           0
          1                           dram_read_bytes                           Total bytes read from DRAM to L2 cache     8032096     8032096     8032096
          1                          dram_write_bytes                        Total bytes written from L2 cache to DRAM     3061472     3061472     3061472
          1                      global_load_requests         Total number of global load requests from Multiprocessor      839593      839593      839593
          1                       local_load_requests          Total number of local load requests from Multiprocessor           0           0           0
          1                     surface_load_requests        Total number of surface load requests from Multiprocessor           0           0           0
          1                     global_store_requests        Total number of global store requests from Multiprocessor       50000       50000       50000
          1                      local_store_requests         Total number of local store requests from Multiprocessor           0           0           0
          1                    surface_store_requests       Total number of surface store requests from Multiprocessor           0           0           0
          1                    global_atomic_requests       Total number of global atomic requests from Multiprocessor           0           0           0
          1                 global_reduction_requests    Total number of global reduction requests from Multiprocessor           0           0           0
          1                   surface_atomic_requests      Total number of surface atomic requests from Multiprocessor           0           0           0
          1                surface_reduction_requests   Total number of surface reduction requests from Multiprocessor           0           0           0
          1                      l2_global_load_bytes             Bytes read from L2 for misses in L1 for global loads    16873248    16873248    16873248
          1                       l2_local_load_bytes              Bytes read from L2 for misses in L1 for local loads           0           0           0
          1                     l2_surface_load_bytes            Bytes read from L2 for misses in L1 for surface loads           0           0           0
          1              l2_global_atomic_store_bytes                   Bytes written to L2 from L1 for global atomics           0           0           0
          1               l2_local_global_store_bytes         Bytes written to L2 from L1 for local and global stores.     1600000     1600000     1600000
          1                    l2_surface_store_bytes           Bytes read from L2 for misses in L1 for surface stores           0           0           0
          1                         sysmem_read_bytes                                         System Memory Read Bytes           0           0           0
          1                        sysmem_write_bytes                                        System Memory Write Bytes         160         160         160
          1                           l2_tex_hit_rate                                                L2 Cache Hit Rate      67.17%      67.17%      67.17%
          1                     texture_load_requests        Total number of texture Load requests from Multiprocessor           0           0           0
          1           tensor_precision_fu_utilization                       Tensor-Precision Function Unit Utilization    Idle (0)    Idle (0)    Idle (0)
