Hierarchy Level	Metric Name	Metric Value
0	Elapsed Time	0.294706
1	Paused Time	0.0
0	Effective CPU Utilization	0.3% (0.242 out of 72 logical CPUs)
1	OpenMP Analysis. Collection Time	0.294706
2	Serial Time (outside parallel regions)	0.262s (88.9%)
3	Top Serial Hotspots (outside parallel regions)	
3	Function	Module	Serial CPU Time
3	__kmp_get_global_thread_id_reg	libiomp5.so	0.030000
3	_IO_fprintf	libc.so.6	0.010000
3	main	srad1	0.009998
2	Parallel Region Time	0.033s (11.1%)
3	Estimated Ideal Time	0.023s (7.9%)
3	OpenMP Potential Gain	0.009s (3.2%)
1	Total Thread Count	18
2	Thread Oversubscription	0s (0.0% of CPU Time)
1	Wait Time with poor CPU Utilization	0.300s (100.0% of Wait Time)
2	Top Waiting Objects	
2	Sync Object	Wait Time with poor CPU Utilization	(% from Object Wait Time)(%)	Wait Count
2	Condition Variable 0x74c978ed	0.297311	100.0	13
2	Stream image_out.pgm 0xff4f6b54	0.002203	100.0	1
2	Stream 0x2e4a07a1	0.000327	100.0	1
2	Stream /proc/cpuinfo 0xcffaa93e	0.000050	100.0	1
2	Stream /sys/kernel/mm/transparent_hugepage/enabled 0xf222eef6	0.000013	100.0	1
2	[Others]	0.000043	100.0	4
1	Spin and Overhead Time	1.480s (95.5% of CPU Time)
2	Top Functions with Spin or Overhead Time	
2	Function	Module	Spin and Overhead Time	(% from CPU Time)(%)
2	__kmp_fork_barrier	libiomp5.so	1.419974	91.6
2	__kmp_get_global_thread_id_reg	libiomp5.so	0.030000	1.9
2	_INTERNAL_25_______src_kmp_runtime_cpp_ddfed41b::__kmp_itt_stack_callee_enter	libiomp5.so	0.010040	0.6
2	__kmp_join_call	libiomp5.so	0.010001	0.6
2	__kmp_fork_call	libiomp5.so	0.010001	0.6
0	Collection and Platform Info	
1	Application Command Line	srad1 "100" "0.5" "128" "512" "18" 
1	Operating System	3.10.0-1160.15.2.1chaos.ch6.x86_64 NAME="Red Hat Enterprise Linux Server" VERSION="7.9 (Maipo)" ID="rhel" ID_LIKE="fedora" VARIANT="Server" VARIANT_ID="server" VERSION_ID="7.9" PRETTY_NAME="Red Hat Enterprise Linux Server 7.9 (Maipo)" ANSI_COLOR="0;31" CPE_NAME="cpe:/o:redhat:enterprise_linux:7.9:GA:server" HOME_URL="https://www.redhat.com/" BUG_REPORT_URL="https://bugzilla.redhat.com/"  REDHAT_BUGZILLA_PRODUCT="Red Hat Enterprise Linux 7" REDHAT_BUGZILLA_PRODUCT_VERSION=7.9 REDHAT_SUPPORT_PRODUCT="Red Hat Enterprise Linux" REDHAT_SUPPORT_PRODUCT_VERSION="7.9"
1	Computer Name	quartz1453
1	Result Size	3884874
1	Collection start time	20:30:53 22/04/2021 UTC
1	Collection stop time	20:30:53 22/04/2021 UTC
1	Collector Type	User-mode sampling and tracing
1	CPU	
2	Name	Intel(R) Xeon(R) Processor code named Broadwell
2	Frequency	2095146159
2	Logical CPU Count	72
