Hierarchy Level	Metric Name	Metric Value
0	Elapsed Time	0.353137
1	Paused Time	0.0
0	Effective CPU Utilization	0.3% (0.200 out of 72 logical CPUs)
1	OpenMP Analysis. Collection Time	0.353137
2	Serial Time (outside parallel regions)	0.325s (92.1%)
3	Top Serial Hotspots (outside parallel regions)	
3	Function	Module	Serial CPU Time
3	__kmp_get_global_thread_id_reg	libiomp5.so	0.029997
3	[Outside any known module]	[Unknown]	0.010000
3	__kmp_fork_call	libiomp5.so	0.010000
2	Parallel Region Time	0.028s (7.9%)
3	Estimated Ideal Time	0.017s (4.7%)
3	OpenMP Potential Gain	0.011s (3.2%)
1	Total Thread Count	36
2	Thread Oversubscription	0s (0.0% of CPU Time)
1	Wait Time with poor CPU Utilization	1.838s (100.0% of Wait Time)
2	Top Waiting Objects	
2	Sync Object	Wait Time with poor CPU Utilization	(% from Object Wait Time)(%)	Wait Count
2	Condition Variable 0x74c978ed	1.834117	100.0	31
2	Stream image_out.pgm 0xff4f6b54	0.001688	100.0	1
2	Mutex 0x6cb3026d	0.001663	100.0	8
2	Stream 0x2e4a07a1	0.000331	100.0	1
2	Stream /proc/cpuinfo 0xcffaa93e	0.000082	100.0	2
2	[Others]	0.000055	100.0	5
1	Spin and Overhead Time	3.130s (97.8% of CPU Time)
2	Top Functions with Spin or Overhead Time	
2	Function	Module	Spin and Overhead Time	(% from CPU Time)(%)
2	__kmp_fork_barrier	libiomp5.so	3.040013	95.0
2	__kmp_get_global_thread_id_reg	libiomp5.so	0.029997	0.9
2	__kmp_join_barrier	libiomp5.so	0.020020	0.6
2	_INTERNAL_23_______src_kmp_sched_cpp_20354e55::__kmp_itt_metadata_loop	libiomp5.so	0.010002	0.3
2	__kmp_join_call	libiomp5.so	0.010001	0.3
2	[Others]	N/A	0.019993	0.6
0	Collection and Platform Info	
1	Application Command Line	srad1 "100" "0.5" "128" "64" "36" 
1	Operating System	3.10.0-1160.15.2.1chaos.ch6.x86_64 NAME="Red Hat Enterprise Linux Server" VERSION="7.9 (Maipo)" ID="rhel" ID_LIKE="fedora" VARIANT="Server" VARIANT_ID="server" VERSION_ID="7.9" PRETTY_NAME="Red Hat Enterprise Linux Server 7.9 (Maipo)" ANSI_COLOR="0;31" CPE_NAME="cpe:/o:redhat:enterprise_linux:7.9:GA:server" HOME_URL="https://www.redhat.com/" BUG_REPORT_URL="https://bugzilla.redhat.com/"  REDHAT_BUGZILLA_PRODUCT="Red Hat Enterprise Linux 7" REDHAT_BUGZILLA_PRODUCT_VERSION=7.9 REDHAT_SUPPORT_PRODUCT="Red Hat Enterprise Linux" REDHAT_SUPPORT_PRODUCT_VERSION="7.9"
1	Computer Name	quartz1453
1	Result Size	4003246
1	Collection start time	20:24:01 22/04/2021 UTC
1	Collection stop time	20:24:02 22/04/2021 UTC
1	Collector Type	User-mode sampling and tracing
1	CPU	
2	Name	Intel(R) Xeon(R) Processor code named Broadwell
2	Frequency	2095146521
2	Logical CPU Count	72
