Hierarchy Level	Metric Name	Metric Value
0	Elapsed Time	0.145453
1	Paused Time	0.0
0	Effective CPU Utilization	0.3% (0.211 out of 72 logical CPUs)
1	OpenMP Analysis. Collection Time	0.145453
2	Serial Time (outside parallel regions)	0.116s (79.8%)
3	Top Serial Hotspots (outside parallel regions)	
3	Function	Module	Serial CPU Time
3	__kmp_get_global_thread_id_reg	libiomp5.so	0.030000
3	__kmp_fork_call	libiomp5.so	0.010063
2	Parallel Region Time	0.029s (20.2%)
3	Estimated Ideal Time	0.025s (17.4%)
3	OpenMP Potential Gain	0.004s (2.9%)
1	Total Thread Count	4
2	Thread Oversubscription	0s (0.0% of CPU Time)
1	Wait Time with poor CPU Utilization	0.002s (100.0% of Wait Time)
2	Top Waiting Objects	
2	Sync Object	Wait Time with poor CPU Utilization	(% from Object Wait Time)(%)	Wait Count
2	Stream image_out.pgm 0xff4f6b54	0.001462	100.0	1
2	Stream 0x2e4a07a1	0.000111	100.0	1
2	Stream /proc/cpuinfo 0xcffaa93e	0.000048	100.0	1
2	Stream /proc/meminfo 0x1efd06c1	0.000014	100.0	1
2	Stream /proc/meminfo 0x6de01cba	0.000011	100.0	1
2	[Others]	0.000027	100.0	3
1	Spin and Overhead Time	0.160s (84.2% of CPU Time)
2	Top Functions with Spin or Overhead Time	
2	Function	Module	Spin and Overhead Time	(% from CPU Time)(%)
2	__kmp_fork_barrier	libiomp5.so	0.110014	57.9
2	__kmp_get_global_thread_id_reg	libiomp5.so	0.030000	15.8
2	__kmp_fork_call	libiomp5.so	0.010063	5.3
2	__kmp_join_call	libiomp5.so	0.009937	5.2
0	Collection and Platform Info	
1	Application Command Line	srad1 "100" "0.5" "64" "512" "4" 
1	Operating System	3.10.0-1160.15.2.1chaos.ch6.x86_64 NAME="Red Hat Enterprise Linux Server" VERSION="7.9 (Maipo)" ID="rhel" ID_LIKE="fedora" VARIANT="Server" VARIANT_ID="server" VERSION_ID="7.9" PRETTY_NAME="Red Hat Enterprise Linux Server 7.9 (Maipo)" ANSI_COLOR="0;31" CPE_NAME="cpe:/o:redhat:enterprise_linux:7.9:GA:server" HOME_URL="https://www.redhat.com/" BUG_REPORT_URL="https://bugzilla.redhat.com/"  REDHAT_BUGZILLA_PRODUCT="Red Hat Enterprise Linux 7" REDHAT_BUGZILLA_PRODUCT_VERSION=7.9 REDHAT_SUPPORT_PRODUCT="Red Hat Enterprise Linux" REDHAT_SUPPORT_PRODUCT_VERSION="7.9"
1	Computer Name	quartz1453
1	Result Size	3773129
1	Collection start time	20:23:32 22/04/2021 UTC
1	Collection stop time	20:23:33 22/04/2021 UTC
1	Collector Type	User-mode sampling and tracing
1	CPU	
2	Name	Intel(R) Xeon(R) Processor code named Broadwell
2	Frequency	2095145936
2	Logical CPU Count	72
