Hierarchy Level	Metric Name	Metric Value
0	Elapsed Time	0.166810
1	SP GFLOPS	0.0
1	DP GFLOPS	0.0
1	x87 GFLOPS	0.0
1	CPI Rate	0.905660
1	Average CPU Frequency	2755260440.547945
1	Total Thread Count	9
0	Effective Physical Core Utilization	4.0% (1.427 out of 36)
1	Effective Logical Core Utilization	1.6% (1.142 out of 72)
1	Serial Time (outside parallel regions)	0.153s (91.6%)
2	Top Serial Hotspots (outside parallel regions)	
2	Function	Module	Serial CPU Time
2	[Outside any known module]	[Unknown]	0.055127
2	_itoa_word	libc-2.17.so	0.005012
2	strchrnul	libc-2.17.so	0.005012
2	_IO_old_init	libc-2.17.so	0.005012
1	Parallel Region Time	0.014s (8.4%)
2	Estimated Ideal Time	0.011s (6.3%)
2	OpenMP Potential Gain	0.003s (2.1%)
0	Memory Bound	40.2
1	Cache Bound	8.9
1	DRAM Bound	8.9
1	NUMA: % of Remote Accesses	0.0
0	Vectorization	0.0
1	Instruction Mix	
2	SP FLOPs	0.0
3	Packed	0.0
4	128-bit	0.0
4	256-bit	0.0
3	Scalar	0.0
2	DP FLOPs	0.0
3	Packed	0.0
4	128-bit	0.0
4	256-bit	0.0
3	Scalar	0.0
2	x87 FLOPs	0.0
2	Non-FP	100.0
1	FP Arith/Mem Rd Instr. Ratio	0.0
1	FP Arith/Mem Wr Instr. Ratio	0.0
0	Collection and Platform Info	
1	Application Command Line	srad1 "100" "0.5" "512" "128" "9" 
1	Operating System	3.10.0-1160.15.2.1chaos.ch6.x86_64 NAME="Red Hat Enterprise Linux Server" VERSION="7.9 (Maipo)" ID="rhel" ID_LIKE="fedora" VARIANT="Server" VARIANT_ID="server" VERSION_ID="7.9" PRETTY_NAME="Red Hat Enterprise Linux Server 7.9 (Maipo)" ANSI_COLOR="0;31" CPE_NAME="cpe:/o:redhat:enterprise_linux:7.9:GA:server" HOME_URL="https://www.redhat.com/" BUG_REPORT_URL="https://bugzilla.redhat.com/"  REDHAT_BUGZILLA_PRODUCT="Red Hat Enterprise Linux 7" REDHAT_BUGZILLA_PRODUCT_VERSION=7.9 REDHAT_SUPPORT_PRODUCT="Red Hat Enterprise Linux" REDHAT_SUPPORT_PRODUCT_VERSION="7.9"
1	Computer Name	quartz1453
1	Result Size	4017065
1	Collection start time	20:44:34 22/04/2021 UTC
1	Collection stop time	20:44:34 22/04/2021 UTC
1	Collector Type	Driverless Perf per-process sampling
1	CPU	
2	Name	Intel(R) Xeon(R) Processor code named Broadwell
2	Frequency	2095145960
2	Logical CPU Count	72
