Hierarchy Level	Metric Name	Metric Value
0	Elapsed Time	0.277650
1	Paused Time	0.0
0	Effective CPU Utilization	1.8% (1.275 out of 72 logical CPUs)
1	OpenMP Analysis. Collection Time	0.277650
2	Serial Time (outside parallel regions)	0.209s (75.4%)
3	Top Serial Hotspots (outside parallel regions)	
3	Function	Module	Serial CPU Time
3	__kmp_get_global_thread_id_reg	libiomp5.so	0.050000
3	_IO_fprintf	libc.so.6	0.030000
3	__kmp_join_call	libiomp5.so	0.009997
2	Parallel Region Time	0.068s (24.6%)
3	Estimated Ideal Time	0.051s (18.2%)
3	OpenMP Potential Gain	0.018s (6.3%)
1	Total Thread Count	9
2	Thread Oversubscription	0s (0.0% of CPU Time)
1	Wait Time with poor CPU Utilization	0.021s (100.0% of Wait Time)
2	Top Waiting Objects	
2	Sync Object	Wait Time with poor CPU Utilization	(% from Object Wait Time)(%)	Wait Count
2	Condition Variable 0x74c978ed	0.018057	100.0	5
2	Stream image_out.pgm 0xff4f6b54	0.002716	100.0	1
2	Stream 0x2e4a07a1	0.000483	100.0	1
2	Stream /proc/cpuinfo 0xcffaa93e	0.000055	100.0	1
2	Stream /proc/meminfo 0x1efd06c1	0.000014	100.0	1
2	[Others]	0.000043	100.0	4
1	Spin and Overhead Time	1.020s (74.5% of CPU Time)
2	Top Functions with Spin or Overhead Time	
2	Function	Module	Spin and Overhead Time	(% from CPU Time)(%)
2	__kmp_fork_barrier	libiomp5.so	0.920010	67.2
2	__kmp_get_global_thread_id_reg	libiomp5.so	0.050000	3.6
2	__kmp_join_call	libiomp5.so	0.029998	2.2
2	__kmp_fork_call	libiomp5.so	0.010019	0.7
2	__kmp_join_barrier	libiomp5.so	0.009999	0.7
0	Collection and Platform Info	
1	Application Command Line	srad1 "100" "0.5" "512" "512" "9" 
1	Operating System	3.10.0-1160.15.2.1chaos.ch6.x86_64 NAME="Red Hat Enterprise Linux Server" VERSION="7.9 (Maipo)" ID="rhel" ID_LIKE="fedora" VARIANT="Server" VARIANT_ID="server" VERSION_ID="7.9" PRETTY_NAME="Red Hat Enterprise Linux Server 7.9 (Maipo)" ANSI_COLOR="0;31" CPE_NAME="cpe:/o:redhat:enterprise_linux:7.9:GA:server" HOME_URL="https://www.redhat.com/" BUG_REPORT_URL="https://bugzilla.redhat.com/"  REDHAT_BUGZILLA_PRODUCT="Red Hat Enterprise Linux 7" REDHAT_BUGZILLA_PRODUCT_VERSION=7.9 REDHAT_SUPPORT_PRODUCT="Red Hat Enterprise Linux" REDHAT_SUPPORT_PRODUCT_VERSION="7.9"
1	Computer Name	quartz1453
1	Result Size	3872419
1	Collection start time	20:48:33 22/04/2021 UTC
1	Collection stop time	20:48:34 22/04/2021 UTC
1	Collector Type	User-mode sampling and tracing
1	CPU	
2	Name	Intel(R) Xeon(R) Processor code named Broadwell
2	Frequency	2095147694
2	Logical CPU Count	72
