Hierarchy Level	Metric Name	Metric Value
0	Elapsed Time	2.492362
1	SP GFLOPS	0.0
1	DP GFLOPS	24.049513
1	x87 GFLOPS	0.0
1	CPI Rate	0.425057
1	Average CPU Frequency	2679253106.806236
1	Total Thread Count	18
0	Effective Physical Core Utilization	41.2% (14.836 out of 36)
1	Effective Logical Core Utilization	20.5% (14.729 out of 72)
1	Serial Time (outside parallel regions)	0.304s (12.2%)
2	Top Serial Hotspots (outside parallel regions)	
2	Function	Module	Serial CPU Time
2	[Outside any known module]	[Unknown]	0.150347
2	random_r	libc-2.17.so	0.020046
2	[Loop@0x4019f7 in main]	lavaMD	0.005012
2	random	libc-2.17.so	0.005012
2	rand	libc-2.17.so	0.005012
2	[Others]	N/A	0.005012
1	Parallel Region Time	2.188s (87.8%)
2	Estimated Ideal Time	2.031s (81.5%)
2	OpenMP Potential Gain	0.157s (6.3%)
0	Memory Bound	8.5
1	Cache Bound	5.0
1	DRAM Bound	0.0
1	NUMA: % of Remote Accesses	0.0
0	Vectorization	0.0
1	Instruction Mix	
2	SP FLOPs	0.0
3	Packed	0.0
4	128-bit	0.0
4	256-bit	0.0
3	Scalar	0.0
2	DP FLOPs	32.3
3	Packed	0.0
4	128-bit	0.0
4	256-bit	0.0
3	Scalar	100.0
2	x87 FLOPs	0.0
2	Non-FP	67.7
1	FP Arith/Mem Rd Instr. Ratio	1.054268
1	FP Arith/Mem Wr Instr. Ratio	2.509821
0	Collection and Platform Info	
1	Application Command Line	lavaMD "-cores" "18" "-boxes1d" "20" 
1	Operating System	3.10.0-1160.15.2.1chaos.ch6.x86_64 NAME="Red Hat Enterprise Linux Server" VERSION="7.9 (Maipo)" ID="rhel" ID_LIKE="fedora" VARIANT="Server" VARIANT_ID="server" VERSION_ID="7.9" PRETTY_NAME="Red Hat Enterprise Linux Server 7.9 (Maipo)" ANSI_COLOR="0;31" CPE_NAME="cpe:/o:redhat:enterprise_linux:7.9:GA:server" HOME_URL="https://www.redhat.com/" BUG_REPORT_URL="https://bugzilla.redhat.com/"  REDHAT_BUGZILLA_PRODUCT="Red Hat Enterprise Linux 7" REDHAT_BUGZILLA_PRODUCT_VERSION=7.9 REDHAT_SUPPORT_PRODUCT="Red Hat Enterprise Linux" REDHAT_SUPPORT_PRODUCT_VERSION="7.9"
1	Computer Name	quartz3070
1	Result Size	17964484
1	Collection start time	23:43:46 21/04/2021 UTC
1	Collection stop time	23:43:48 21/04/2021 UTC
1	Collector Type	Driverless Perf per-process sampling
1	CPU	
2	Name	Intel(R) Xeon(R) Processor code named Broadwell
2	Frequency	2095147932
2	Logical CPU Count	72
