Hierarchy Level	Metric Name	Metric Value
0	Elapsed Time	63.434095
1	Paused Time	0.0
0	Effective CPU Utilization	23.7% (17.055 out of 72 logical CPUs)
1	OpenMP Analysis. Collection Time	63.434095
2	Serial Time (outside parallel regions)	2.327s (3.7%)
3	Top Serial Hotspots (outside parallel regions)	
3	Function	Module	Serial CPU Time
3	main	lavaMD	1.270018
3	rand	libc.so.6	0.559986
3	[Outside any known module]	[Unknown]	0.040000
3	ompc_set_num_threads	libiomp5.so	0.040000
3	func@0x401390	lavaMD	0.009996
2	Parallel Region Time	61.107s (96.3%)
3	Estimated Ideal Time	59.976s (94.5%)
3	OpenMP Potential Gain	1.131s (1.8%)
1	Total Thread Count	18
2	Thread Oversubscription	0s (0.0% of CPU Time)
1	Wait Time with poor CPU Utilization	20.096s (100.0% of Wait Time)
2	Top Waiting Objects	
2	Sync Object	Wait Time with poor CPU Utilization	(% from Object Wait Time)(%)	Wait Count
2	Condition Variable 0x74c978ed	13.717730	100.0	28
2	Condition Variable 0x8c09b9c8	6.377715	100.0	1
2	Stream 0x14cedaf4	0.000391	100.0	1
2	Stream /proc/cpuinfo 0xd02b7e51	0.000063	100.0	1
2	Mutex 0x6cb3026d	0.000038	100.0	3
2	[Others]	0.000046	100.0	4
1	Spin and Overhead Time	3.880s (0.4% of CPU Time)
2	Top Functions with Spin or Overhead Time	
2	Function	Module	Spin and Overhead Time	(% from CPU Time)(%)
2	__kmp_fork_barrier	libiomp5.so	3.299964	0.3
2	__kmp_join_call	libiomp5.so	0.339999	0.0
2	__kmp_join_barrier	libiomp5.so	0.199998	0.0
2	ompc_set_num_threads	libiomp5.so	0.040000	0.0
0	Collection and Platform Info	
1	Application Command Line	lavaMD "-cores" "18" "-boxes1d" "60" 
1	Operating System	3.10.0-1160.15.2.1chaos.ch6.x86_64 NAME="Red Hat Enterprise Linux Server" VERSION="7.9 (Maipo)" ID="rhel" ID_LIKE="fedora" VARIANT="Server" VARIANT_ID="server" VERSION_ID="7.9" PRETTY_NAME="Red Hat Enterprise Linux Server 7.9 (Maipo)" ANSI_COLOR="0;31" CPE_NAME="cpe:/o:redhat:enterprise_linux:7.9:GA:server" HOME_URL="https://www.redhat.com/" BUG_REPORT_URL="https://bugzilla.redhat.com/"  REDHAT_BUGZILLA_PRODUCT="Red Hat Enterprise Linux 7" REDHAT_BUGZILLA_PRODUCT_VERSION=7.9 REDHAT_SUPPORT_PRODUCT="Red Hat Enterprise Linux" REDHAT_SUPPORT_PRODUCT_VERSION="7.9"
1	Computer Name	quartz3070
1	Result Size	25582566
1	Collection start time	00:13:41 22/04/2021 UTC
1	Collection stop time	00:14:45 22/04/2021 UTC
1	Collector Type	User-mode sampling and tracing
1	CPU	
2	Name	Intel(R) Xeon(R) Processor code named Broadwell
2	Frequency	2095148009
2	Logical CPU Count	72
