Hierarchy Level	Metric Name	Metric Value
0	Elapsed Time	101.357714
1	SP GFLOPS	0.0
1	DP GFLOPS	27.969398
1	x87 GFLOPS	0.0
1	CPI Rate	0.413936
1	Average CPU Frequency	2597699270.469788
1	Total Thread Count	18
0	Effective Physical Core Utilization	47.3% (17.024 out of 36)
1	Effective Logical Core Utilization	23.7% (17.036 out of 72)
1	Serial Time (outside parallel regions)	3.373s (3.3%)
2	Top Serial Hotspots (outside parallel regions)	
2	Function	Module	Serial CPU Time
2	[Outside any known module]	[Unknown]	1.603705
2	[Loop@0x401849 in main]	lavaMD	0.481112
2	random_r	libc-2.17.so	0.390903
2	random	libc-2.17.so	0.345799
2	[Loop@0x40197e in main]	lavaMD	0.125289
2	[Others]	N/A	0.290672
1	Parallel Region Time	97.985s (96.7%)
2	Estimated Ideal Time	96.340s (95.0%)
2	OpenMP Potential Gain	1.645s (1.6%)
0	Memory Bound	9.3
1	Cache Bound	5.6
1	DRAM Bound	0.0
1	NUMA: % of Remote Accesses	0.0
0	Vectorization	0.0
1	Instruction Mix	
2	SP FLOPs	0.0
3	Packed	0.0
4	128-bit	0.0
4	256-bit	0.0
3	Scalar	0.0
2	DP FLOPs	33.9
3	Packed	0.0
4	128-bit	0.0
4	256-bit	0.0
3	Scalar	100.0
2	x87 FLOPs	0.0
2	Non-FP	66.1
1	FP Arith/Mem Rd Instr. Ratio	1.115137
1	FP Arith/Mem Wr Instr. Ratio	2.629817
0	Collection and Platform Info	
1	Application Command Line	lavaMD "-cores" "18" "-boxes1d" "70" 
1	Operating System	3.10.0-1160.15.2.1chaos.ch6.x86_64 NAME="Red Hat Enterprise Linux Server" VERSION="7.9 (Maipo)" ID="rhel" ID_LIKE="fedora" VARIANT="Server" VARIANT_ID="server" VERSION_ID="7.9" PRETTY_NAME="Red Hat Enterprise Linux Server 7.9 (Maipo)" ANSI_COLOR="0;31" CPE_NAME="cpe:/o:redhat:enterprise_linux:7.9:GA:server" HOME_URL="https://www.redhat.com/" BUG_REPORT_URL="https://bugzilla.redhat.com/"  REDHAT_BUGZILLA_PRODUCT="Red Hat Enterprise Linux 7" REDHAT_BUGZILLA_PRODUCT_VERSION=7.9 REDHAT_SUPPORT_PRODUCT="Red Hat Enterprise Linux" REDHAT_SUPPORT_PRODUCT_VERSION="7.9"
1	Computer Name	quartz3070
1	Result Size	495560157
1	Collection start time	00:36:10 22/04/2021 UTC
1	Collection stop time	00:37:51 22/04/2021 UTC
1	Collector Type	Driverless Perf per-process sampling
1	CPU	
2	Name	Intel(R) Xeon(R) Processor code named Broadwell
2	Frequency	2095148005
2	Logical CPU Count	72
