Hierarchy Level	Metric Name	Metric Value
0	Elapsed Time	1.761505
1	SP GFLOPS	0.0
1	DP GFLOPS	31.728601
1	x87 GFLOPS	0.0
1	CPI Rate	0.466211
1	Average CPU Frequency	2601009427.926695
1	Total Thread Count	36
0	Effective Physical Core Utilization	61.3% (22.067 out of 36)
1	Effective Logical Core Utilization	32.0% (23.005 out of 72)
1	Serial Time (outside parallel regions)	0.456s (25.9%)
2	Top Serial Hotspots (outside parallel regions)	
2	Function	Module	Serial CPU Time
2	[Outside any known module]	[Unknown]	0.245567
2	[Loop@0x401849 in main]	lavaMD	0.015035
2	func@0x7efe0	libittnotify_collector.so	0.005012
2	write	libpthread-2.17.so	0.005012
2	[Loop@0x40197e in main]	lavaMD	0.005012
2	[Others]	N/A	0.010023
1	Parallel Region Time	1.305s (74.1%)
2	Estimated Ideal Time	1.108s (62.9%)
2	OpenMP Potential Gain	0.197s (11.2%)
0	Memory Bound	5.7
1	Cache Bound	3.4
1	DRAM Bound	0.2
1	NUMA: % of Remote Accesses	0.0
0	Vectorization	0.0
1	Instruction Mix	
2	SP FLOPs	0.0
3	Packed	0.0
4	128-bit	0.0
4	256-bit	0.0
3	Scalar	0.0
2	DP FLOPs	28.9
3	Packed	0.0
4	128-bit	0.0
4	256-bit	0.0
3	Scalar	100.0
2	x87 FLOPs	0.0
2	Non-FP	71.1
1	FP Arith/Mem Rd Instr. Ratio	0.934933
1	FP Arith/Mem Wr Instr. Ratio	2.289336
0	Collection and Platform Info	
1	Application Command Line	lavaMD "-cores" "36" "-boxes1d" "20" 
1	Operating System	3.10.0-1160.15.2.1chaos.ch6.x86_64 NAME="Red Hat Enterprise Linux Server" VERSION="7.9 (Maipo)" ID="rhel" ID_LIKE="fedora" VARIANT="Server" VARIANT_ID="server" VERSION_ID="7.9" PRETTY_NAME="Red Hat Enterprise Linux Server 7.9 (Maipo)" ANSI_COLOR="0;31" CPE_NAME="cpe:/o:redhat:enterprise_linux:7.9:GA:server" HOME_URL="https://www.redhat.com/" BUG_REPORT_URL="https://bugzilla.redhat.com/"  REDHAT_BUGZILLA_PRODUCT="Red Hat Enterprise Linux 7" REDHAT_BUGZILLA_PRODUCT_VERSION=7.9 REDHAT_SUPPORT_PRODUCT="Red Hat Enterprise Linux" REDHAT_SUPPORT_PRODUCT_VERSION="7.9"
1	Computer Name	quartz3070
1	Result Size	20785942
1	Collection start time	23:42:59 21/04/2021 UTC
1	Collection stop time	23:43:01 21/04/2021 UTC
1	Collector Type	Driverless Perf per-process sampling
1	CPU	
2	Name	Intel(R) Xeon(R) Processor code named Broadwell
2	Frequency	2095148368
2	Logical CPU Count	72
