Hierarchy Level	Metric Name	Metric Value
0	Elapsed Time	10.649923
1	SP GFLOPS	0.0
1	DP GFLOPS	48.017321
1	x87 GFLOPS	0.0
1	CPI Rate	0.424187
1	Average CPU Frequency	2596078813.190113
1	Total Thread Count	36
0	Effective Physical Core Utilization	82.9% (29.861 out of 36)
1	Effective Logical Core Utilization	41.9% (30.160 out of 72)
1	Serial Time (outside parallel regions)	1.190s (11.2%)
2	Top Serial Hotspots (outside parallel regions)	
2	Function	Module	Serial CPU Time
2	[Outside any known module]	[Unknown]	0.546262
2	[Loop@0x401849 in main]	lavaMD	0.115266
2	random	libc-2.17.so	0.085197
2	random_r	libc-2.17.so	0.050116
2	rand	libc-2.17.so	0.040093
2	[Others]	N/A	0.065151
1	Parallel Region Time	9.460s (88.8%)
2	Estimated Ideal Time	8.929s (83.8%)
2	OpenMP Potential Gain	0.530s (5.0%)
0	Memory Bound	8.9
1	Cache Bound	5.4
1	DRAM Bound	0.0
1	NUMA: % of Remote Accesses	0.0
0	Vectorization	0.0
1	Instruction Mix	
2	SP FLOPs	0.0
3	Packed	0.0
4	128-bit	0.0
4	256-bit	0.0
3	Scalar	0.0
2	DP FLOPs	33.2
3	Packed	0.0
4	128-bit	0.0
4	256-bit	0.0
3	Scalar	100.0
2	x87 FLOPs	0.0
2	Non-FP	66.8
1	FP Arith/Mem Rd Instr. Ratio	1.087766
1	FP Arith/Mem Wr Instr. Ratio	2.585945
0	Collection and Platform Info	
1	Application Command Line	lavaMD "-cores" "36" "-boxes1d" "40" 
1	Operating System	3.10.0-1160.15.2.1chaos.ch6.x86_64 NAME="Red Hat Enterprise Linux Server" VERSION="7.9 (Maipo)" ID="rhel" ID_LIKE="fedora" VARIANT="Server" VARIANT_ID="server" VERSION_ID="7.9" PRETTY_NAME="Red Hat Enterprise Linux Server 7.9 (Maipo)" ANSI_COLOR="0;31" CPE_NAME="cpe:/o:redhat:enterprise_linux:7.9:GA:server" HOME_URL="https://www.redhat.com/" BUG_REPORT_URL="https://bugzilla.redhat.com/"  REDHAT_BUGZILLA_PRODUCT="Red Hat Enterprise Linux 7" REDHAT_BUGZILLA_PRODUCT_VERSION=7.9 REDHAT_SUPPORT_PRODUCT="Red Hat Enterprise Linux" REDHAT_SUPPORT_PRODUCT_VERSION="7.9"
1	Computer Name	quartz3070
1	Result Size	117834969
1	Collection start time	23:51:19 21/04/2021 UTC
1	Collection stop time	23:51:29 21/04/2021 UTC
1	Collector Type	Driverless Perf per-process sampling
1	CPU	
2	Name	Intel(R) Xeon(R) Processor code named Broadwell
2	Frequency	2095148096
2	Logical CPU Count	72
