Hierarchy Level	Metric Name	Metric Value
0	Elapsed Time	20.015107
1	Paused Time	0.0
0	Effective CPU Utilization	43.9% (31.610 out of 72 logical CPUs)
1	OpenMP Analysis. Collection Time	20.015107
2	Serial Time (outside parallel regions)	2.038s (10.2%)
3	Top Serial Hotspots (outside parallel regions)	
3	Function	Module	Serial CPU Time
3	main	lavaMD	0.780008
3	rand	libc.so.6	0.279997
3	[Outside any known module]	[Unknown]	0.030000
3	ompc_set_num_threads	libiomp5.so	0.030000
3	KMPNativeAffinity::Mask::~Mask	libiomp5.so	0.010000
3	func@0x401390	lavaMD	0.009996
2	Parallel Region Time	17.977s (89.8%)
3	Estimated Ideal Time	17.417s (87.0%)
3	OpenMP Potential Gain	0.561s (2.8%)
1	Total Thread Count	36
2	Thread Oversubscription	0s (0.0% of CPU Time)
1	Wait Time with poor CPU Utilization	25.388s (100.0% of Wait Time)
2	Top Waiting Objects	
2	Sync Object	Wait Time with poor CPU Utilization	(% from Object Wait Time)(%)	Wait Count
2	Condition Variable 0x74c978ed	21.168303	100.0	67
2	Condition Variable 0x8c09b9c8	4.219340	100.0	1
2	Stream 0x14cedaf4	0.000394	100.0	1
2	Mutex 0x6cb3026d	0.000250	100.0	6
2	Stream /proc/cpuinfo 0xd02b7e51	0.000094	100.0	2
2	[Others]	0.000050	100.0	4
1	Spin and Overhead Time	8.220s (1.3% of CPU Time)
2	Top Functions with Spin or Overhead Time	
2	Function	Module	Spin and Overhead Time	(% from CPU Time)(%)
2	__kmp_fork_barrier	libiomp5.so	6.839807	1.1
2	__kmp_join_barrier	libiomp5.so	0.969965	0.2
2	__kmp_join_call	libiomp5.so	0.369998	0.1
2	ompc_set_num_threads	libiomp5.so	0.030000	0.0
2	_INTERNAL_26_______src_z_Linux_util_cpp_20354e55::__kmp_itt_thread_name	libiomp5.so	0.010000	0.0
0	Collection and Platform Info	
1	Application Command Line	lavaMD "-cores" "36" "-boxes1d" "50" 
1	Operating System	3.10.0-1160.15.2.1chaos.ch6.x86_64 NAME="Red Hat Enterprise Linux Server" VERSION="7.9 (Maipo)" ID="rhel" ID_LIKE="fedora" VARIANT="Server" VARIANT_ID="server" VERSION_ID="7.9" PRETTY_NAME="Red Hat Enterprise Linux Server 7.9 (Maipo)" ANSI_COLOR="0;31" CPE_NAME="cpe:/o:redhat:enterprise_linux:7.9:GA:server" HOME_URL="https://www.redhat.com/" BUG_REPORT_URL="https://bugzilla.redhat.com/"  REDHAT_BUGZILLA_PRODUCT="Red Hat Enterprise Linux 7" REDHAT_BUGZILLA_PRODUCT_VERSION=7.9 REDHAT_SUPPORT_PRODUCT="Red Hat Enterprise Linux" REDHAT_SUPPORT_PRODUCT_VERSION="7.9"
1	Computer Name	quartz3070
1	Result Size	17307706
1	Collection start time	23:58:33 21/04/2021 UTC
1	Collection stop time	23:58:53 21/04/2021 UTC
1	Collector Type	User-mode sampling and tracing
1	CPU	
2	Name	Intel(R) Xeon(R) Processor code named Broadwell
2	Frequency	2095148048
2	Logical CPU Count	72
