Hierarchy Level	Metric Name	Metric Value
0	Elapsed Time	33.308396
1	Paused Time	0.0
0	Effective CPU Utilization	45.5% (32.781 out of 72 logical CPUs)
1	OpenMP Analysis. Collection Time	33.308396
2	Serial Time (outside parallel regions)	2.538s (7.6%)
3	Top Serial Hotspots (outside parallel regions)	
3	Function	Module	Serial CPU Time
3	main	lavaMD	1.170037
3	rand	libc.so.6	0.669963
3	[Outside any known module]	[Unknown]	0.040000
3	ompc_set_num_threads	libiomp5.so	0.040000
3	__kmp_fork_call	libiomp5.so	0.010000
2	Parallel Region Time	30.771s (92.4%)
3	Estimated Ideal Time	30.213s (90.7%)
3	OpenMP Potential Gain	0.558s (1.7%)
1	Total Thread Count	36
2	Thread Oversubscription	0s (0.0% of CPU Time)
1	Wait Time with poor CPU Utilization	22.996s (100.0% of Wait Time)
2	Top Waiting Objects	
2	Sync Object	Wait Time with poor CPU Utilization	(% from Object Wait Time)(%)	Wait Count
2	Condition Variable 0x74c978ed	17.264046	100.0	67
2	Condition Variable 0x8c09b9c8	5.730501	100.0	1
2	Stream /proc/cpuinfo 0xd02b7e51	0.001049	100.0	2
2	Stream 0x14cedaf4	0.000385	100.0	1
2	Mutex 0x6cb3026d	0.000061	100.0	5
2	[Others]	0.000055	100.0	4
1	Spin and Overhead Time	7.709s (0.7% of CPU Time)
2	Top Functions with Spin or Overhead Time	
2	Function	Module	Spin and Overhead Time	(% from CPU Time)(%)
2	__kmp_fork_barrier	libiomp5.so	6.818829	0.6
2	__kmp_join_barrier	libiomp5.so	0.470000	0.0
2	__kmp_join_call	libiomp5.so	0.369994	0.0
2	ompc_set_num_threads	libiomp5.so	0.040000	0.0
2	__kmp_fork_call	libiomp5.so	0.010000	0.0
0	Collection and Platform Info	
1	Application Command Line	lavaMD "-cores" "36" "-boxes1d" "60" 
1	Operating System	3.10.0-1160.15.2.1chaos.ch6.x86_64 NAME="Red Hat Enterprise Linux Server" VERSION="7.9 (Maipo)" ID="rhel" ID_LIKE="fedora" VARIANT="Server" VARIANT_ID="server" VERSION_ID="7.9" PRETTY_NAME="Red Hat Enterprise Linux Server 7.9 (Maipo)" ANSI_COLOR="0;31" CPE_NAME="cpe:/o:redhat:enterprise_linux:7.9:GA:server" HOME_URL="https://www.redhat.com/" BUG_REPORT_URL="https://bugzilla.redhat.com/"  REDHAT_BUGZILLA_PRODUCT="Red Hat Enterprise Linux 7" REDHAT_BUGZILLA_PRODUCT_VERSION=7.9 REDHAT_SUPPORT_PRODUCT="Red Hat Enterprise Linux" REDHAT_SUPPORT_PRODUCT_VERSION="7.9"
1	Computer Name	quartz3070
1	Result Size	26551086
1	Collection start time	00:11:30 22/04/2021 UTC
1	Collection stop time	00:12:04 22/04/2021 UTC
1	Collector Type	User-mode sampling and tracing
1	CPU	
2	Name	Intel(R) Xeon(R) Processor code named Broadwell
2	Frequency	2095147990
2	Logical CPU Count	72
