Hierarchy Level	Metric Name	Metric Value
0	Elapsed Time	115.157543
1	SP GFLOPS	0.0
1	DP GFLOPS	52.433465
1	x87 GFLOPS	0.0
1	CPI Rate	0.421124
1	Average CPU Frequency	2595810905.995777
1	Total Thread Count	36
0	Effective Physical Core Utilization	89.8% (32.317 out of 36)
1	Effective Logical Core Utilization	45.4% (32.663 out of 72)
1	Serial Time (outside parallel regions)	7.610s (6.6%)
2	Top Serial Hotspots (outside parallel regions)	
2	Function	Module	Serial CPU Time
2	[Outside any known module]	[Unknown]	3.858916
2	[Loop@0x401849 in main]	lavaMD	1.112571
2	random_r	libc-2.17.so	0.912107
2	random	libc-2.17.so	0.761760
2	rand	libc-2.17.so	0.280648
2	[Others]	N/A	0.441019
1	Parallel Region Time	107.547s (93.4%)
2	Estimated Ideal Time	104.958s (91.1%)
2	OpenMP Potential Gain	2.589s (2.2%)
0	Memory Bound	9.4
1	Cache Bound	5.6
1	DRAM Bound	0.1
1	NUMA: % of Remote Accesses	0.0
0	Vectorization	0.0
1	Instruction Mix	
2	SP FLOPs	0.0
3	Packed	0.0
4	128-bit	0.0
4	256-bit	0.0
3	Scalar	0.0
2	DP FLOPs	33.8
3	Packed	0.0
4	128-bit	0.0
4	256-bit	0.0
3	Scalar	100.0
2	x87 FLOPs	0.0
2	Non-FP	66.2
1	FP Arith/Mem Rd Instr. Ratio	1.108777
1	FP Arith/Mem Wr Instr. Ratio	2.615704
0	Collection and Platform Info	
1	Application Command Line	lavaMD "-cores" "36" "-boxes1d" "90" 
1	Operating System	3.10.0-1160.15.2.1chaos.ch6.x86_64 NAME="Red Hat Enterprise Linux Server" VERSION="7.9 (Maipo)" ID="rhel" ID_LIKE="fedora" VARIANT="Server" VARIANT_ID="server" VERSION_ID="7.9" PRETTY_NAME="Red Hat Enterprise Linux Server 7.9 (Maipo)" ANSI_COLOR="0;31" CPE_NAME="cpe:/o:redhat:enterprise_linux:7.9:GA:server" HOME_URL="https://www.redhat.com/" BUG_REPORT_URL="https://bugzilla.redhat.com/"  REDHAT_BUGZILLA_PRODUCT="Red Hat Enterprise Linux 7" REDHAT_BUGZILLA_PRODUCT_VERSION=7.9 REDHAT_SUPPORT_PRODUCT="Red Hat Enterprise Linux" REDHAT_SUPPORT_PRODUCT_VERSION="7.9"
1	Computer Name	quartz3070
1	Result Size	702332029
1	Collection start time	01:43:30 22/04/2021 UTC
1	Collection stop time	01:45:25 22/04/2021 UTC
1	Collector Type	Driverless Perf per-process sampling
1	CPU	
2	Name	Intel(R) Xeon(R) Processor code named Broadwell
2	Frequency	2095148008
2	Logical CPU Count	72
