Hierarchy Level	Metric Name	Metric Value
0	Elapsed Time	1160.860682
1	SP GFLOPS	0.0
1	DP GFLOPS	7.181570
1	x87 GFLOPS	0.0
1	CPI Rate	0.415994
1	Average CPU Frequency	3148603195.275568
1	Total Thread Count	4
0	Effective CPU Utilization	5.0
1	Average Effective CPU Utilization	3.630 out of 72
1	Serial Time (outside parallel regions)	10.692s (0.9%)
2	Top Serial Hotspots (outside parallel regions)	
2	Function	Module	Serial CPU Time
2	[Outside any known module]	[Unknown]	5.322300
2	[Loop@0x401849 in main]	lavaMD	1.543567
2	random_r	libc-2.17.so	1.132617
2	random	libc-2.17.so	0.932154
2	[Loop@0x40197e in main]	lavaMD	0.471089
2	[Others]	N/A	0.561297
1	Parallel Region Time	1150.169s (99.1%)
2	Estimated Ideal Time	1114.547s (96.0%)
2	OpenMP Potential Gain	35.622s (3.1%)
0	Memory Bound	9.8
1	Cache Bound	5.5
1	DRAM Bound	0.3
1	NUMA: % of Remote Accesses	52.0
0	Vectorization	0.0
1	Instruction Mix	
2	SP FLOPs	0.0
3	Packed	0.0
4	128-bit	0.0
4	256-bit	0.0
3	Scalar	0.0
2	DP FLOPs	34.0
3	Packed	0.0
4	128-bit	0.0
4	256-bit	0.0
3	Scalar	100.0
2	x87 FLOPs	0.0
2	Non-FP	66.0
1	FP Arith/Mem Rd Instr. Ratio	1.115727
1	FP Arith/Mem Wr Instr. Ratio	2.628956
0	Collection and Platform Info	
1	Application Command Line	lavaMD "-cores" "4" "-boxes1d" "100" 
1	Operating System	3.10.0-1160.15.2.1chaos.ch6.x86_64 NAME="Red Hat Enterprise Linux Server" VERSION="7.9 (Maipo)" ID="rhel" ID_LIKE="fedora" VARIANT="Server" VARIANT_ID="server" VERSION_ID="7.9" PRETTY_NAME="Red Hat Enterprise Linux Server 7.9 (Maipo)" ANSI_COLOR="0;31" CPE_NAME="cpe:/o:redhat:enterprise_linux:7.9:GA:server" HOME_URL="https://www.redhat.com/" BUG_REPORT_URL="https://bugzilla.redhat.com/"  REDHAT_BUGZILLA_PRODUCT="Red Hat Enterprise Linux 7" REDHAT_BUGZILLA_PRODUCT_VERSION=7.9 REDHAT_SUPPORT_PRODUCT="Red Hat Enterprise Linux" REDHAT_SUPPORT_PRODUCT_VERSION="7.9"
1	Computer Name	quartz1532
1	Result Size	726694105
1	Collection start time	16:22:14 22/04/2021 UTC
1	Collection stop time	16:41:35 22/04/2021 UTC
1	Collector Type	Driverless Perf per-process sampling
1	CPU	
2	Name	Intel(R) Xeon(R) Processor code named Broadwell
2	Frequency	2095146999
2	Logical CPU Count	72
