Hierarchy Level	Metric Name	Metric Value
0	Elapsed Time	1123.945037
1	Paused Time	0.0
0	Effective CPU Utilization	5.4% (3.857 out of 72 logical CPUs)
1	OpenMP Analysis. Collection Time	1123.945037
2	Serial Time (outside parallel regions)	9.267s (0.8%)
3	Top Serial Hotspots (outside parallel regions)	
3	Function	Module	Serial CPU Time
3	main	lavaMD	5.919092
3	rand	libc.so.6	2.440915
3	func@0x401390	lavaMD	0.079993
3	[Outside any known module]	[Unknown]	0.040000
3	ompc_set_num_threads	libiomp5.so	0.040000
2	Parallel Region Time	1114.678s (99.2%)
3	Estimated Ideal Time	1081.590s (96.2%)
3	OpenMP Potential Gain	33.088s (2.9%)
1	Total Thread Count	4
2	Thread Oversubscription	0s (0.0% of CPU Time)
1	Wait Time with poor CPU Utilization	133.504s (100.0% of Wait Time)
2	Top Waiting Objects	
2	Sync Object	Wait Time with poor CPU Utilization	(% from Object Wait Time)(%)	Wait Count
2	Condition Variable 0x74c978ed	67.228198	100.0	3
2	Condition Variable 0x8c09b9c8	66.275248	100.0	1
2	Stream 0x14cedaf4	0.000462	100.0	1
2	Stream /proc/cpuinfo 0xd02b7e51	0.000098	100.0	2
2	Stream /proc/meminfo 0x24ccb214	0.000014	100.0	1
2	[Others]	0.000035	100.0	3
1	Spin and Overhead Time	0.650s (0.0% of CPU Time)
2	Top Functions with Spin or Overhead Time	
2	Function	Module	Spin and Overhead Time	(% from CPU Time)(%)
2	__kmp_fork_barrier	libiomp5.so	0.409998	0.0
2	__kmp_join_call	libiomp5.so	0.199999	0.0
2	ompc_set_num_threads	libiomp5.so	0.040000	0.0
0	Collection and Platform Info	
1	Application Command Line	lavaMD "-cores" "4" "-boxes1d" "100" 
1	Operating System	3.10.0-1160.15.2.1chaos.ch6.x86_64 NAME="Red Hat Enterprise Linux Server" VERSION="7.9 (Maipo)" ID="rhel" ID_LIKE="fedora" VARIANT="Server" VARIANT_ID="server" VERSION_ID="7.9" PRETTY_NAME="Red Hat Enterprise Linux Server 7.9 (Maipo)" ANSI_COLOR="0;31" CPE_NAME="cpe:/o:redhat:enterprise_linux:7.9:GA:server" HOME_URL="https://www.redhat.com/" BUG_REPORT_URL="https://bugzilla.redhat.com/"  REDHAT_BUGZILLA_PRODUCT="Red Hat Enterprise Linux 7" REDHAT_BUGZILLA_PRODUCT_VERSION=7.9 REDHAT_SUPPORT_PRODUCT="Red Hat Enterprise Linux" REDHAT_SUPPORT_PRODUCT_VERSION="7.9"
1	Computer Name	quartz3070
1	Result Size	90140496
1	Collection start time	03:16:39 22/04/2021 UTC
1	Collection stop time	03:35:23 22/04/2021 UTC
1	Collector Type	User-mode sampling and tracing
1	CPU	
2	Name	Intel(R) Xeon(R) Processor code named Broadwell
2	Frequency	2095147999
2	Logical CPU Count	72
