Hierarchy Level	Metric Name	Metric Value
0	Elapsed Time	31.038145
1	SP GFLOPS	0.0
1	DP GFLOPS	6.898296
1	x87 GFLOPS	0.0
1	CPI Rate	0.416784
1	Average CPU Frequency	3003376413.892910
1	Total Thread Count	4
0	Effective Physical Core Utilization	10.2% (3.657 out of 36)
1	Effective Logical Core Utilization	5.1% (3.664 out of 72)
1	Serial Time (outside parallel regions)	0.403s (1.3%)
2	Top Serial Hotspots (outside parallel regions)	
2	Function	Module	Serial CPU Time
2	[Outside any known module]	[Unknown]	0.145336
2	random	libc-2.17.so	0.050116
2	random_r	libc-2.17.so	0.045104
2	[Loop@0x401849 in main]	lavaMD	0.030069
2	[Loop@0x4016eb in main]	lavaMD	0.015035
2	[Others]	N/A	0.015035
1	Parallel Region Time	30.635s (98.7%)
2	Estimated Ideal Time	29.013s (93.5%)
2	OpenMP Potential Gain	1.622s (5.2%)
0	Memory Bound	9.5
1	Cache Bound	5.7
1	DRAM Bound	0.0
1	NUMA: % of Remote Accesses	0.0
0	Vectorization	0.0
1	Instruction Mix	
2	SP FLOPs	0.0
3	Packed	0.0
4	128-bit	0.0
4	256-bit	0.0
3	Scalar	0.0
2	DP FLOPs	33.8
3	Packed	0.0
4	128-bit	0.0
4	256-bit	0.0
3	Scalar	100.0
2	x87 FLOPs	0.0
2	Non-FP	66.2
1	FP Arith/Mem Rd Instr. Ratio	1.111079
1	FP Arith/Mem Wr Instr. Ratio	2.623726
0	Collection and Platform Info	
1	Application Command Line	lavaMD "-cores" "4" "-boxes1d" "30" 
1	Operating System	3.10.0-1160.15.2.1chaos.ch6.x86_64 NAME="Red Hat Enterprise Linux Server" VERSION="7.9 (Maipo)" ID="rhel" ID_LIKE="fedora" VARIANT="Server" VARIANT_ID="server" VERSION_ID="7.9" PRETTY_NAME="Red Hat Enterprise Linux Server 7.9 (Maipo)" ANSI_COLOR="0;31" CPE_NAME="cpe:/o:redhat:enterprise_linux:7.9:GA:server" HOME_URL="https://www.redhat.com/" BUG_REPORT_URL="https://bugzilla.redhat.com/"  REDHAT_BUGZILLA_PRODUCT="Red Hat Enterprise Linux 7" REDHAT_BUGZILLA_PRODUCT_VERSION=7.9 REDHAT_SUPPORT_PRODUCT="Red Hat Enterprise Linux" REDHAT_SUPPORT_PRODUCT_VERSION="7.9"
1	Computer Name	quartz3070
1	Result Size	47135275
1	Collection start time	23:49:51 21/04/2021 UTC
1	Collection stop time	23:50:22 21/04/2021 UTC
1	Collector Type	Driverless Perf per-process sampling
1	CPU	
2	Name	Intel(R) Xeon(R) Processor code named Broadwell
2	Frequency	2095148033
2	Logical CPU Count	72
