Hierarchy Level	Metric Name	Metric Value
0	Elapsed Time	140.910219
1	SP GFLOPS	0.0
1	DP GFLOPS	7.250585
1	x87 GFLOPS	0.0
1	CPI Rate	0.412675
1	Average CPU Frequency	3072489055.955171
1	Total Thread Count	4
0	Effective Physical Core Utilization	10.3% (3.715 out of 36)
1	Effective Logical Core Utilization	5.2% (3.721 out of 72)
1	Serial Time (outside parallel regions)	1.524s (1.1%)
2	Top Serial Hotspots (outside parallel regions)	
2	Function	Module	Serial CPU Time
2	[Outside any known module]	[Unknown]	0.691598
2	[Loop@0x401849 in main]	lavaMD	0.215498
2	random_r	libc-2.17.so	0.195452
2	random	libc-2.17.so	0.130301
2	[Loop@0x40197e in main]	lavaMD	0.065151
2	[Others]	N/A	0.130301
1	Parallel Region Time	139.386s (98.9%)
2	Estimated Ideal Time	133.478s (94.7%)
2	OpenMP Potential Gain	5.908s (4.2%)
0	Memory Bound	9.3
1	Cache Bound	5.5
1	DRAM Bound	0.0
1	NUMA: % of Remote Accesses	0.0
0	Vectorization	0.0
1	Instruction Mix	
2	SP FLOPs	0.0
3	Packed	0.0
4	128-bit	0.0
4	256-bit	0.0
3	Scalar	0.0
2	DP FLOPs	34.0
3	Packed	0.0
4	128-bit	0.0
4	256-bit	0.0
3	Scalar	100.0
2	x87 FLOPs	0.0
2	Non-FP	66.0
1	FP Arith/Mem Rd Instr. Ratio	1.115896
1	FP Arith/Mem Wr Instr. Ratio	2.629103
0	Collection and Platform Info	
1	Application Command Line	lavaMD "-cores" "4" "-boxes1d" "50" 
1	Operating System	3.10.0-1160.15.2.1chaos.ch6.x86_64 NAME="Red Hat Enterprise Linux Server" VERSION="7.9 (Maipo)" ID="rhel" ID_LIKE="fedora" VARIANT="Server" VARIANT_ID="server" VERSION_ID="7.9" PRETTY_NAME="Red Hat Enterprise Linux Server 7.9 (Maipo)" ANSI_COLOR="0;31" CPE_NAME="cpe:/o:redhat:enterprise_linux:7.9:GA:server" HOME_URL="https://www.redhat.com/" BUG_REPORT_URL="https://bugzilla.redhat.com/"  REDHAT_BUGZILLA_PRODUCT="Red Hat Enterprise Linux 7" REDHAT_BUGZILLA_PRODUCT_VERSION=7.9 REDHAT_SUPPORT_PRODUCT="Red Hat Enterprise Linux" REDHAT_SUPPORT_PRODUCT_VERSION="7.9"
1	Computer Name	quartz3070
1	Result Size	206075750
1	Collection start time	00:08:36 22/04/2021 UTC
1	Collection stop time	00:10:57 22/04/2021 UTC
1	Collector Type	Driverless Perf per-process sampling
1	CPU	
2	Name	Intel(R) Xeon(R) Processor code named Broadwell
2	Frequency	2095148004
2	Logical CPU Count	72
