Hierarchy Level	Metric Name	Metric Value
0	Elapsed Time	0.766006
1	Paused Time	0.0
0	Effective CPU Utilization	7.4% (5.327 out of 72 logical CPUs)
1	OpenMP Analysis. Collection Time	0.766006
2	Serial Time (outside parallel regions)	0.205s (26.7%)
3	Top Serial Hotspots (outside parallel regions)	
3	Function	Module	Serial CPU Time
3	ompc_set_num_threads	libiomp5.so	0.030000
3	OS_BARESYSCALL_DoCallAsmIntel64Linux	libc-dynamic.so	0.010000
3	__kmp_fork_call	libiomp5.so	0.010000
2	Parallel Region Time	0.561s (73.3%)
3	Estimated Ideal Time	0.454s (59.2%)
3	OpenMP Potential Gain	0.108s (14.0%)
1	Total Thread Count	9
2	Thread Oversubscription	0s (0.0% of CPU Time)
1	Wait Time with poor CPU Utilization	0.132s (100.0% of Wait Time)
2	Top Waiting Objects	
2	Sync Object	Wait Time with poor CPU Utilization	(% from Object Wait Time)(%)	Wait Count
2	Condition Variable 0x74c978ed	0.117318	100.0	6
2	Condition Variable 0x8c09b9c8	0.013911	100.0	1
2	Stream 0x14cedaf4	0.000317	100.0	1
2	Stream /proc/cpuinfo 0xd02b7e51	0.000051	100.0	1
2	Stream /proc/meminfo 0x24ccb214	0.000012	100.0	1
2	[Others]	0.000031	100.0	3
1	Spin and Overhead Time	1.130s (21.9% of CPU Time)
2	Top Functions with Spin or Overhead Time	
2	Function	Module	Spin and Overhead Time	(% from CPU Time)(%)
2	__kmp_fork_barrier	libiomp5.so	0.719968	13.9
2	__kmp_join_call	libiomp5.so	0.249999	4.8
2	__kmp_join_barrier	libiomp5.so	0.119999	2.3
2	ompc_set_num_threads	libiomp5.so	0.030000	0.6
2	__kmp_fork_call	libiomp5.so	0.010000	0.2
0	Collection and Platform Info	
1	Application Command Line	lavaMD "-cores" "9" "-boxes1d" "10" 
1	Operating System	3.10.0-1160.15.2.1chaos.ch6.x86_64 NAME="Red Hat Enterprise Linux Server" VERSION="7.9 (Maipo)" ID="rhel" ID_LIKE="fedora" VARIANT="Server" VARIANT_ID="server" VERSION_ID="7.9" PRETTY_NAME="Red Hat Enterprise Linux Server 7.9 (Maipo)" ANSI_COLOR="0;31" CPE_NAME="cpe:/o:redhat:enterprise_linux:7.9:GA:server" HOME_URL="https://www.redhat.com/" BUG_REPORT_URL="https://bugzilla.redhat.com/"  REDHAT_BUGZILLA_PRODUCT="Red Hat Enterprise Linux 7" REDHAT_BUGZILLA_PRODUCT_VERSION=7.9 REDHAT_SUPPORT_PRODUCT="Red Hat Enterprise Linux" REDHAT_SUPPORT_PRODUCT_VERSION="7.9"
1	Computer Name	quartz3070
1	Result Size	3871150
1	Collection start time	23:41:17 21/04/2021 UTC
1	Collection stop time	23:41:18 21/04/2021 UTC
1	Collector Type	User-mode sampling and tracing
1	CPU	
2	Name	Intel(R) Xeon(R) Processor code named Broadwell
2	Frequency	2095148379
2	Logical CPU Count	72
