Hierarchy Level	Metric Name	Metric Value
0	Elapsed Time	278.627097
1	SP GFLOPS	0.0
1	DP GFLOPS	15.218751
1	x87 GFLOPS	0.0
1	CPI Rate	0.414092
1	Average CPU Frequency	2833066681.823649
1	Total Thread Count	9
0	Effective Physical Core Utilization	23.6% (8.483 out of 36)
1	Effective Logical Core Utilization	11.8% (8.519 out of 72)
1	Serial Time (outside parallel regions)	4.911s (1.8%)
2	Top Serial Hotspots (outside parallel regions)	
2	Function	Module	Serial CPU Time
2	[Outside any known module]	[Unknown]	2.500778
2	[Loop@0x401849 in main]	lavaMD	0.806864
2	random_r	libc-2.17.so	0.571320
2	random	libc-2.17.so	0.430996
2	[Loop@0x40197e in main]	lavaMD	0.195452
2	[Others]	N/A	0.275637
1	Parallel Region Time	273.716s (98.2%)
2	Estimated Ideal Time	267.773s (96.1%)
2	OpenMP Potential Gain	5.943s (2.1%)
0	Memory Bound	9.3
1	Cache Bound	5.5
1	DRAM Bound	0.1
1	NUMA: % of Remote Accesses	0.0
0	Vectorization	0.0
1	Instruction Mix	
2	SP FLOPs	0.0
3	Packed	0.0
4	128-bit	0.0
4	256-bit	0.0
3	Scalar	0.0
2	DP FLOPs	33.9
3	Packed	0.0
4	128-bit	0.0
4	256-bit	0.0
3	Scalar	100.0
2	x87 FLOPs	0.0
2	Non-FP	66.1
1	FP Arith/Mem Rd Instr. Ratio	1.112819
1	FP Arith/Mem Wr Instr. Ratio	2.627981
0	Collection and Platform Info	
1	Application Command Line	lavaMD "-cores" "9" "-boxes1d" "80" 
1	Operating System	3.10.0-1160.15.2.1chaos.ch6.x86_64 NAME="Red Hat Enterprise Linux Server" VERSION="7.9 (Maipo)" ID="rhel" ID_LIKE="fedora" VARIANT="Server" VARIANT_ID="server" VERSION_ID="7.9" PRETTY_NAME="Red Hat Enterprise Linux Server 7.9 (Maipo)" ANSI_COLOR="0;31" CPE_NAME="cpe:/o:redhat:enterprise_linux:7.9:GA:server" HOME_URL="https://www.redhat.com/" BUG_REPORT_URL="https://bugzilla.redhat.com/"  REDHAT_BUGZILLA_PRODUCT="Red Hat Enterprise Linux 7" REDHAT_BUGZILLA_PRODUCT_VERSION=7.9 REDHAT_SUPPORT_PRODUCT="Red Hat Enterprise Linux" REDHAT_SUPPORT_PRODUCT_VERSION="7.9"
1	Computer Name	quartz3070
1	Result Size	601883696
1	Collection start time	01:15:21 22/04/2021 UTC
1	Collection stop time	01:20:00 22/04/2021 UTC
1	Collector Type	Driverless Perf per-process sampling
1	CPU	
2	Name	Intel(R) Xeon(R) Processor code named Broadwell
2	Frequency	2095148000
2	Logical CPU Count	72
