Hierarchy Level	Metric Name	Metric Value
0	Elapsed Time	0.126534
1	Paused Time	0.0
0	Effective CPU Utilization	0.3% (0.237 out of 72 logical CPUs)
1	Total Thread Count	1
2	Thread Oversubscription	0s (0.0% of CPU Time)
1	Wait Time with poor CPU Utilization	0.003s (100.0% of Wait Time)
2	Top Waiting Objects	
2	Sync Object	Wait Time with poor CPU Utilization	(% from Object Wait Time)(%)	Wait Count
2	Stream result.txt 0x2c80b7a6	0.002361	100.0	1
2	Stream 0x8315f811	0.000369	100.0	1
2	Stream /proc/cpuinfo 0x189f01ee	0.000100	100.0	2
2	Stream /proc/meminfo 0x7e6a5f31	0.000012	100.0	1
2	Stream /proc/meminfo 0x5718006a	0.000011	100.0	1
2	[Others]	0.000020	100.0	2
1	Spin and Overhead Time	0.040s (57.2% of CPU Time)
2	Top Functions with Spin or Overhead Time	
2	Function	Module	Spin and Overhead Time	(% from CPU Time)(%)
2	__kmp_get_global_thread_id_reg	libiomp5.so	0.030000	42.9
2	__kmp_fork_call	libiomp5.so	0.010049	14.4
0	Collection and Platform Info	
1	Application Command Line	needle "2048" "10" "9" 
1	Operating System	3.10.0-1160.15.2.1chaos.ch6.x86_64 NAME="Red Hat Enterprise Linux Server" VERSION="7.9 (Maipo)" ID="rhel" ID_LIKE="fedora" VARIANT="Server" VARIANT_ID="server" VERSION_ID="7.9" PRETTY_NAME="Red Hat Enterprise Linux Server 7.9 (Maipo)" ANSI_COLOR="0;31" CPE_NAME="cpe:/o:redhat:enterprise_linux:7.9:GA:server" HOME_URL="https://www.redhat.com/" BUG_REPORT_URL="https://bugzilla.redhat.com/"  REDHAT_BUGZILLA_PRODUCT="Red Hat Enterprise Linux 7" REDHAT_BUGZILLA_PRODUCT_VERSION=7.9 REDHAT_SUPPORT_PRODUCT="Red Hat Enterprise Linux" REDHAT_SUPPORT_PRODUCT_VERSION="7.9"
1	Computer Name	quartz945
1	Result Size	3459788
1	Collection start time	00:49:55 22/04/2021 UTC
1	Collection stop time	00:49:55 22/04/2021 UTC
1	Collector Type	User-mode sampling and tracing
1	CPU	
2	Name	Intel(R) Xeon(R) Processor code named Broadwell
2	Frequency	2095147506
2	Logical CPU Count	72
