Reading Profile files in kmeans-log/tau_exec/../../data/kmeans/100.txt/profile.*

NODE 0;CONTEXT 0;THREAD 0:
---------------------------------------------------------------------------------------
%Time    Exclusive    Inclusive       #Call      #Subrs  Inclusive Name
              msec   total msec                          usec/call 
---------------------------------------------------------------------------------------
100.0           58          305           1          40     305633 .TAU application
 80.7          246          246           4           0      61643 cudaMalloc
  0.1        0.277        0.277           4           0         69 cudaFree
  0.1        0.233        0.233           7           0         33 cudaMemcpy
  0.0        0.094        0.094           2           0         47 cudaLaunchKernel: kmeansPoint(float*, int, int, int, int*, float*, float*, int*)
  0.0        0.058        0.058           1           0         58 cudaLaunchKernel: invert_mapping(float*, float*, int, int)
  0.0         0.03         0.03           6           0          5 cudaBindTexture
  0.0        0.025        0.025           2           0         12 cudaThreadSynchronize
  0.0        0.016        0.016           9           0          2 cudaCreateChannelDesc
  0.0        0.016        0.016           2           0          8 cudaMemcpyToSymbol
  0.0        0.008        0.008           3           0          3 cudaSetDevice
---------------------------------------------------------------------------------------

USER EVENTS Profile :NODE 0, CONTEXT 0, THREAD 0
---------------------------------------------------------------------------------------
NumSamples   MaxValue   MinValue  MeanValue  Std. Dev.  Event Name
---------------------------------------------------------------------------------------
         2        400        400        400          0  Bytes copied from Device to Host
         2        400        400        400          0  Bytes copied from Device to Host : cudaMemcpy
         7   1.36E+04        400       2446       4555  Bytes copied from Host to Device
         5   1.36E+04        400       3152       5226  Bytes copied from Host to Device : cudaMemcpy
         2        680        680        680          0  Bytes copied from Host to Device : cudaMemcpyToSymbol
---------------------------------------------------------------------------------------

NODE 0;CONTEXT 0;THREAD 1:
---------------------------------------------------------------------------------------
%Time    Exclusive    Inclusive       #Call      #Subrs  Inclusive Name
              msec   total msec                          usec/call 
---------------------------------------------------------------------------------------
100.0         0.49         0.55           1          12        550 .TAU application
  4.0       0.0222       0.0222           2           0         11 kmeansPoint(float*, int, int, int, int*, float*, float*, int*)
  3.6         0.02         0.02           2           0         10 Context Synchronize
  1.3      0.00725      0.00725           1           0          7 invert_mapping(float*, float*, int, int)
  1.2      0.00675      0.00675           5           0          1 Memory copy Host to Device
  0.6       0.0035       0.0035           2           0          2 Memory copy Device to Host
---------------------------------------------------------------------------------------

USER EVENTS Profile :NODE 0, CONTEXT 0, THREAD 1
---------------------------------------------------------------------------------------
NumSamples   MaxValue   MinValue  MeanValue  Std. Dev.  Event Name
---------------------------------------------------------------------------------------
         3         10          8      9.333     0.9428  Allocatable Blocks Per SM given Registers used (Blocks)
         1          8          8          8          0  Allocatable Blocks Per SM given Registers used (Blocks) : invert_mapping(float*, float*, int, int)
         2         10         10         10          0  Allocatable Blocks Per SM given Registers used (Blocks) : kmeansPoint(float*, int, int, int, int*, float*, float*, int*)
         3       1024       1024       1024          0  Allocatable Blocks Per SM given Shared Memory usage (Blocks)
         1       1024       1024       1024          0  Allocatable Blocks Per SM given Shared Memory usage (Blocks) : invert_mapping(float*, float*, int, int)
         2       1024       1024       1024          0  Allocatable Blocks Per SM given Shared Memory usage (Blocks) : kmeansPoint(float*, int, int, int, int*, float*, float*, int*)
         3          2          2          2          0  Allocatable Blocks per SM given Thread count (Blocks)
         1          2          2          2          0  Allocatable Blocks per SM given Thread count (Blocks) : invert_mapping(float*, float*, int, int)
         2          2          2          2          0  Allocatable Blocks per SM given Thread count (Blocks) : kmeansPoint(float*, int, int, int, int*, float*, float*, int*)
         3        256        256        256          0  Block Size
         1        256        256        256          0  Block Size : invert_mapping(float*, float*, int, int)
         2        256        256        256          0  Block Size : kmeansPoint(float*, int, int, int, int*, float*, float*, int*)
         2        400        400        400          0  Bytes copied from Device to Host
         2        400        400        400          0  Bytes copied from Device to Host : Memory copy Device to Host
         5   1.36E+04        400       3152       5226  Bytes copied from Host to Device
         5   1.36E+04        400       3152       5226  Bytes copied from Host to Device : Memory copy Host to Device
         3         16         16         16          0  GPU Occupancy (Warps)
         1         16         16         16          0  GPU Occupancy (Warps) : invert_mapping(float*, float*, int, int)
         2         16         16         16          0  GPU Occupancy (Warps) : kmeansPoint(float*, int, int, int, int*, float*, float*, int*)
         3          0          0          0          0  Local Memory (bytes per thread)
         1          0          0          0          0  Local Memory (bytes per thread) : invert_mapping(float*, float*, int, int)
         2          0          0          0          0  Local Memory (bytes per thread) : kmeansPoint(float*, int, int, int, int*, float*, float*, int*)
         3         28         22         24      2.828  Local Registers (per thread)
         1         28         28         28          0  Local Registers (per thread) : invert_mapping(float*, float*, int, int)
         2         22         22         22          0  Local Registers (per thread) : kmeansPoint(float*, int, int, int, int*, float*, float*, int*)
         3          0          0          0          0  Shared Dynamic Memory (bytes)
         1          0          0          0          0  Shared Dynamic Memory (bytes) : invert_mapping(float*, float*, int, int)
         2          0          0          0          0  Shared Dynamic Memory (bytes) : kmeansPoint(float*, int, int, int, int*, float*, float*, int*)
         3          0          0          0          0  Shared Static Memory (bytes)
         1          0          0          0          0  Shared Static Memory (bytes) : invert_mapping(float*, float*, int, int)
         2          0          0          0          0  Shared Static Memory (bytes) : kmeansPoint(float*, int, int, int, int*, float*, float*, int*)
---------------------------------------------------------------------------------------

NODE 0;CONTEXT 0;THREAD 2:
---------------------------------------------------------------------------------------
%Time    Exclusive    Inclusive       #Call      #Subrs  Inclusive Name
              msec   total msec                          usec/call 
---------------------------------------------------------------------------------------
100.0          137          137           1           0     137702 .TAU application

FUNCTION SUMMARY (total):
---------------------------------------------------------------------------------------
%Time    Exclusive    Inclusive       #Call      #Subrs  Inclusive Name
              msec   total msec                          usec/call 
---------------------------------------------------------------------------------------
100.0          196          443           3          52     147962 .TAU application
 55.5          246          246           4           0      61643 cudaMalloc
  0.1        0.277        0.277           4           0         69 cudaFree
  0.1        0.233        0.233           7           0         33 cudaMemcpy
  0.0        0.094        0.094           2           0         47 cudaLaunchKernel: kmeansPoint(float*, int, int, int, int*, float*, float*, int*)
  0.0        0.058        0.058           1           0         58 cudaLaunchKernel: invert_mapping(float*, float*, int, int)
  0.0         0.03         0.03           6           0          5 cudaBindTexture
  0.0        0.025        0.025           2           0         12 cudaThreadSynchronize
  0.0       0.0222       0.0222           2           0         11 kmeansPoint(float*, int, int, int, int*, float*, float*, int*)
  0.0         0.02         0.02           2           0         10 Context Synchronize
  0.0        0.016        0.016           9           0          2 cudaCreateChannelDesc
  0.0        0.016        0.016           2           0          8 cudaMemcpyToSymbol
  0.0        0.008        0.008           3           0          3 cudaSetDevice
  0.0      0.00725      0.00725           1           0          7 invert_mapping(float*, float*, int, int)
  0.0      0.00675      0.00675           5           0          1 Memory copy Host to Device
  0.0       0.0035       0.0035           2           0          2 Memory copy Device to Host

FUNCTION SUMMARY (mean):
---------------------------------------------------------------------------------------
%Time    Exclusive    Inclusive       #Call      #Subrs  Inclusive Name
              msec   total msec                          usec/call 
---------------------------------------------------------------------------------------
100.0           65          147           1     17.3333     147962 .TAU application
 55.5           82           82     1.33333           0      61643 cudaMalloc
  0.1       0.0923       0.0923     1.33333           0         69 cudaFree
  0.1       0.0777       0.0777     2.33333           0         33 cudaMemcpy
  0.0       0.0313       0.0313    0.666667           0         47 cudaLaunchKernel: kmeansPoint(float*, int, int, int, int*, float*, float*, int*)
  0.0       0.0193       0.0193    0.333333           0         58 cudaLaunchKernel: invert_mapping(float*, float*, int, int)
  0.0         0.01         0.01           2           0          5 cudaBindTexture
  0.0      0.00833      0.00833    0.666667           0         13 cudaThreadSynchronize
  0.0      0.00742      0.00742    0.666667           0         11 kmeansPoint(float*, int, int, int, int*, float*, float*, int*)
  0.0      0.00667      0.00667    0.666667           0         10 Context Synchronize
  0.0      0.00533      0.00533           3           0          2 cudaCreateChannelDesc
  0.0      0.00533      0.00533    0.666667           0          8 cudaMemcpyToSymbol
  0.0      0.00267      0.00267           1           0          3 cudaSetDevice
  0.0      0.00242      0.00242    0.333333           0          7 invert_mapping(float*, float*, int, int)
  0.0      0.00225      0.00225     1.66667           0          1 Memory copy Host to Device
  0.0      0.00117      0.00117    0.666667           0          2 Memory copy Device to Host
