Reading Profile files in kmeans-log/tau_exec/../../data/kmeans/819200.txt/profile.*

NODE 0;CONTEXT 0;THREAD 0:
---------------------------------------------------------------------------------------
%Time    Exclusive    Inclusive       #Call      #Subrs  Inclusive Name
              msec   total msec                          usec/call 
---------------------------------------------------------------------------------------
100.0        2,489        2,760           1          40    2760147 .TAU application
  9.2          254          254           4           0      63512 cudaMalloc
  0.5           13           13           7           0       1887 cudaMemcpy
  0.1            1            1           4           0        388 cudaFree
  0.0            1            1           2           0        600 cudaThreadSynchronize
  0.0        0.142        0.142           2           0         71 cudaLaunchKernel: kmeansPoint(float*, int, int, int, int*, float*, float*, int*)
  0.0        0.074        0.074           1           0         74 cudaLaunchKernel: invert_mapping(float*, float*, int, int)
  0.0        0.034        0.034           6           0          6 cudaBindTexture
  0.0        0.021        0.021           2           0         10 cudaMemcpyToSymbol
  0.0        0.018        0.018           9           0          2 cudaCreateChannelDesc
  0.0        0.017        0.017           3           0          6 cudaSetDevice
---------------------------------------------------------------------------------------

USER EVENTS Profile :NODE 0, CONTEXT 0, THREAD 0
---------------------------------------------------------------------------------------
NumSamples   MaxValue   MinValue  MeanValue  Std. Dev.  Event Name
---------------------------------------------------------------------------------------
         2  3.277E+06  3.277E+06  3.277E+06          0  Bytes copied from Device to Host
         2  3.277E+06  3.277E+06  3.277E+06          0  Bytes copied from Device to Host : cudaMemcpy
         7  1.114E+08        680  1.685E+07  3.863E+07  Bytes copied from Host to Device
         5  1.114E+08        680  2.359E+07  4.393E+07  Bytes copied from Host to Device : cudaMemcpy
         2        680        680        680          0  Bytes copied from Host to Device : cudaMemcpyToSymbol
---------------------------------------------------------------------------------------

NODE 0;CONTEXT 0;THREAD 1:
---------------------------------------------------------------------------------------
%Time    Exclusive    Inclusive       #Call      #Subrs  Inclusive Name
              msec   total msec                          usec/call 
---------------------------------------------------------------------------------------
100.0           38           53           1          12      53510 .TAU application
 21.2           11           11           5           0       2272 Memory copy Host to Device
  4.3            2            2           1           0       2309 invert_mapping(float*, float*, int, int)
  2.3            1            1           2           0        614 kmeansPoint(float*, int, int, int, int*, float*, float*, int*)
  0.7        0.384        0.384           2           0        192 Memory copy Device to Host
  0.0        0.009        0.009           2           0          4 Context Synchronize
---------------------------------------------------------------------------------------

USER EVENTS Profile :NODE 0, CONTEXT 0, THREAD 1
---------------------------------------------------------------------------------------
NumSamples   MaxValue   MinValue  MeanValue  Std. Dev.  Event Name
---------------------------------------------------------------------------------------
         3         10          8      9.333     0.9428  Allocatable Blocks Per SM given Registers used (Blocks)
         1          8          8          8          0  Allocatable Blocks Per SM given Registers used (Blocks) : invert_mapping(float*, float*, int, int)
         2         10         10         10          0  Allocatable Blocks Per SM given Registers used (Blocks) : kmeansPoint(float*, int, int, int, int*, float*, float*, int*)
         3       1024       1024       1024          0  Allocatable Blocks Per SM given Shared Memory usage (Blocks)
         1       1024       1024       1024          0  Allocatable Blocks Per SM given Shared Memory usage (Blocks) : invert_mapping(float*, float*, int, int)
         2       1024       1024       1024          0  Allocatable Blocks Per SM given Shared Memory usage (Blocks) : kmeansPoint(float*, int, int, int, int*, float*, float*, int*)
         3          2          2          2          0  Allocatable Blocks per SM given Thread count (Blocks)
         1          2          2          2          0  Allocatable Blocks per SM given Thread count (Blocks) : invert_mapping(float*, float*, int, int)
         2          2          2          2          0  Allocatable Blocks per SM given Thread count (Blocks) : kmeansPoint(float*, int, int, int, int*, float*, float*, int*)
         3        256        256        256          0  Block Size
         1        256        256        256          0  Block Size : invert_mapping(float*, float*, int, int)
         2        256        256        256          0  Block Size : kmeansPoint(float*, int, int, int, int*, float*, float*, int*)
         2  3.277E+06  3.277E+06  3.277E+06          0  Bytes copied from Device to Host
         2  3.277E+06  3.277E+06  3.277E+06          0  Bytes copied from Device to Host : Memory copy Device to Host
         5  1.114E+08        680  2.359E+07  4.393E+07  Bytes copied from Host to Device
         5  1.114E+08        680  2.359E+07  4.393E+07  Bytes copied from Host to Device : Memory copy Host to Device
         3         16         16         16          0  GPU Occupancy (Warps)
         1         16         16         16          0  GPU Occupancy (Warps) : invert_mapping(float*, float*, int, int)
         2         16         16         16          0  GPU Occupancy (Warps) : kmeansPoint(float*, int, int, int, int*, float*, float*, int*)
         3          0          0          0          0  Local Memory (bytes per thread)
         1          0          0          0          0  Local Memory (bytes per thread) : invert_mapping(float*, float*, int, int)
         2          0          0          0          0  Local Memory (bytes per thread) : kmeansPoint(float*, int, int, int, int*, float*, float*, int*)
         3         28         22         24      2.828  Local Registers (per thread)
         1         28         28         28          0  Local Registers (per thread) : invert_mapping(float*, float*, int, int)
         2         22         22         22          0  Local Registers (per thread) : kmeansPoint(float*, int, int, int, int*, float*, float*, int*)
         3          0          0          0          0  Shared Dynamic Memory (bytes)
         1          0          0          0          0  Shared Dynamic Memory (bytes) : invert_mapping(float*, float*, int, int)
         2          0          0          0          0  Shared Dynamic Memory (bytes) : kmeansPoint(float*, int, int, int, int*, float*, float*, int*)
         3          0          0          0          0  Shared Static Memory (bytes)
         1          0          0          0          0  Shared Static Memory (bytes) : invert_mapping(float*, float*, int, int)
         2          0          0          0          0  Shared Static Memory (bytes) : kmeansPoint(float*, int, int, int, int*, float*, float*, int*)
---------------------------------------------------------------------------------------

NODE 0;CONTEXT 0;THREAD 2:
---------------------------------------------------------------------------------------
%Time    Exclusive    Inclusive       #Call      #Subrs  Inclusive Name
              msec   total msec                          usec/call 
---------------------------------------------------------------------------------------
100.0          135          135           1           0     135826 .TAU application

FUNCTION SUMMARY (total):
---------------------------------------------------------------------------------------
%Time    Exclusive    Inclusive       #Call      #Subrs  Inclusive Name
              msec   total msec                          usec/call 
---------------------------------------------------------------------------------------
100.0        2,663        2,949           3          52     983161 .TAU application
  8.6          254          254           4           0      63512 cudaMalloc
  0.4           13           13           7           0       1887 cudaMemcpy
  0.4           11           11           5           0       2272 Memory copy Host to Device
  0.1            2            2           1           0       2309 invert_mapping(float*, float*, int, int)
  0.1            1            1           4           0        388 cudaFree
  0.0            1            1           2           0        614 kmeansPoint(float*, int, int, int, int*, float*, float*, int*)
  0.0            1            1           2           0        600 cudaThreadSynchronize
  0.0        0.384        0.384           2           0        192 Memory copy Device to Host
  0.0        0.142        0.142           2           0         71 cudaLaunchKernel: kmeansPoint(float*, int, int, int, int*, float*, float*, int*)
  0.0        0.074        0.074           1           0         74 cudaLaunchKernel: invert_mapping(float*, float*, int, int)
  0.0        0.034        0.034           6           0          6 cudaBindTexture
  0.0        0.021        0.021           2           0         10 cudaMemcpyToSymbol
  0.0        0.018        0.018           9           0          2 cudaCreateChannelDesc
  0.0        0.017        0.017           3           0          6 cudaSetDevice
  0.0        0.009        0.009           2           0          4 Context Synchronize

FUNCTION SUMMARY (mean):
---------------------------------------------------------------------------------------
%Time    Exclusive    Inclusive       #Call      #Subrs  Inclusive Name
              msec   total msec                          usec/call 
---------------------------------------------------------------------------------------
100.0          887          983           1     17.3333     983161 .TAU application
  8.6           84           84     1.33333           0      63512 cudaMalloc
  0.4            4            4     2.33333           0       1887 cudaMemcpy
  0.4            3            3     1.66667           0       2272 Memory copy Host to Device
  0.1         0.77         0.77    0.333333           0       2309 invert_mapping(float*, float*, int, int)
  0.1        0.517        0.517     1.33333           0        388 cudaFree
  0.0        0.409        0.409    0.666667           0        614 kmeansPoint(float*, int, int, int, int*, float*, float*, int*)
  0.0          0.4          0.4    0.666667           0        600 cudaThreadSynchronize
  0.0        0.128        0.128    0.666667           0        192 Memory copy Device to Host
  0.0       0.0473       0.0473    0.666667           0         71 cudaLaunchKernel: kmeansPoint(float*, int, int, int, int*, float*, float*, int*)
  0.0       0.0247       0.0247    0.333333           0         74 cudaLaunchKernel: invert_mapping(float*, float*, int, int)
  0.0       0.0113       0.0113           2           0          6 cudaBindTexture
  0.0        0.007        0.007    0.666667           0         10 cudaMemcpyToSymbol
  0.0        0.006        0.006           3           0          2 cudaCreateChannelDesc
  0.0      0.00567      0.00567           1           0          6 cudaSetDevice
  0.0        0.003        0.003    0.666667           0          4 Context Synchronize
