Hierarchy Level	Metric Name	Metric Value
0	Elapsed Time	0.278198
1	Paused Time	0.0
0	Effective CPU Utilization	0.4% (0.255 out of 72 logical CPUs)
1	OpenMP Analysis. Collection Time	0.278198
2	Serial Time (outside parallel regions)	0.257s (92.2%)
3	Top Serial Hotspots (outside parallel regions)	
3	Function	Module	Serial CPU Time
3	__kmp_get_global_thread_id_reg	libiomp5.so	0.029991
3	bpnn_randomize_weights	backprop	0.010013
3	__kmp_fork_call	libiomp5.so	0.010000
3	memcmp	libc-dynamic.so	0.009996
2	Parallel Region Time	0.022s (7.8%)
3	Estimated Ideal Time	0.013s (4.7%)
3	OpenMP Potential Gain	0.008s (3.0%)
1	Total Thread Count	18
2	Thread Oversubscription	0s (0.0% of CPU Time)
1	Wait Time with poor CPU Utilization	0.309s (100.0% of Wait Time)
2	Top Waiting Objects	
2	Sync Object	Wait Time with poor CPU Utilization	(% from Object Wait Time)(%)	Wait Count
2	Condition Variable 0x74c978ed	0.307830	100.0	12
2	Stream 0x1fde4e35	0.000818	100.0	1
2	Stream /proc/cpuinfo 0x1dcde512	0.000107	100.0	2
2	Stream /sys/kernel/mm/transparent_hugepage/enabled 0xb47ee8ca	0.000013	100.0	1
2	Stream /proc/meminfo 0xd037d555	0.000012	100.0	1
2	[Others]	0.000028	100.0	3
1	Spin and Overhead Time	1.010s (93.5% of CPU Time)
2	Top Functions with Spin or Overhead Time	
2	Function	Module	Spin and Overhead Time	(% from CPU Time)(%)
2	__kmp_fork_barrier	libiomp5.so	0.829692	76.8
2	__kmp_barrier	libiomp5.so	0.130304	12.1
2	__kmp_get_global_thread_id_reg	libiomp5.so	0.029991	2.8
2	__kmp_fork_call	libiomp5.so	0.010000	0.9
2	__kmp_join_barrier	libiomp5.so	0.009976	0.9
0	Collection and Platform Info	
1	Application Command Line	backprop "65536" 
1	Operating System	3.10.0-1160.15.2.1chaos.ch6.x86_64 NAME="Red Hat Enterprise Linux Server" VERSION="7.9 (Maipo)" ID="rhel" ID_LIKE="fedora" VARIANT="Server" VARIANT_ID="server" VERSION_ID="7.9" PRETTY_NAME="Red Hat Enterprise Linux Server 7.9 (Maipo)" ANSI_COLOR="0;31" CPE_NAME="cpe:/o:redhat:enterprise_linux:7.9:GA:server" HOME_URL="https://www.redhat.com/" BUG_REPORT_URL="https://bugzilla.redhat.com/"  REDHAT_BUGZILLA_PRODUCT="Red Hat Enterprise Linux 7" REDHAT_BUGZILLA_PRODUCT_VERSION=7.9 REDHAT_SUPPORT_PRODUCT="Red Hat Enterprise Linux" REDHAT_SUPPORT_PRODUCT_VERSION="7.9"
1	Computer Name	quartz2744
1	Result Size	3940321
1	Collection start time	20:59:31 21/04/2021 UTC
1	Collection stop time	20:59:32 21/04/2021 UTC
1	Collector Type	User-mode sampling and tracing
1	CPU	
2	Name	Intel(R) Xeon(R) Processor code named Broadwell
2	Frequency	2095147834
2	Logical CPU Count	72
