Hierarchy Level	Metric Name	Metric Value
0	Elapsed Time	0.194384
1	Paused Time	0.0
0	Effective CPU Utilization	0.1% (0.052 out of 72 logical CPUs)
1	OpenMP Analysis. Collection Time	0.194384
2	Serial Time (outside parallel regions)	0.180s (92.6%)
3	Top Serial Hotspots (outside parallel regions)	
3	Function	Module	Serial CPU Time
3	__kmp_get_global_thread_id_reg	libiomp5.so	0.040000
2	Parallel Region Time	0.014s (7.4%)
3	Estimated Ideal Time	0.009s (4.9%)
3	OpenMP Potential Gain	0.005s (2.5%)
1	Total Thread Count	18
2	Thread Oversubscription	0s (0.0% of CPU Time)
1	Wait Time with poor CPU Utilization	0.221s (100.0% of Wait Time)
2	Top Waiting Objects	
2	Sync Object	Wait Time with poor CPU Utilization	(% from Object Wait Time)(%)	Wait Count
2	Condition Variable 0x74c978ed	0.220056	100.0	11
2	Stream 0x1fde4e35	0.000637	100.0	1
2	Stream /proc/cpuinfo 0x1dcde512	0.000059	100.0	1
2	Mutex 0x6cb3026d	0.000056	100.0	4
2	Stream /proc/meminfo 0xd037d555	0.000013	100.0	1
2	[Others]	0.000032	100.0	3
1	Spin and Overhead Time	0.660s (98.5% of CPU Time)
2	Top Functions with Spin or Overhead Time	
2	Function	Module	Spin and Overhead Time	(% from CPU Time)(%)
2	__kmp_fork_barrier	libiomp5.so	0.569952	85.1
2	__kmp_barrier	libiomp5.so	0.050036	7.5
2	__kmp_get_global_thread_id_reg	libiomp5.so	0.040000	6.0
0	Collection and Platform Info	
1	Application Command Line	backprop "8192" 
1	Operating System	3.10.0-1160.15.2.1chaos.ch6.x86_64 NAME="Red Hat Enterprise Linux Server" VERSION="7.9 (Maipo)" ID="rhel" ID_LIKE="fedora" VARIANT="Server" VARIANT_ID="server" VERSION_ID="7.9" PRETTY_NAME="Red Hat Enterprise Linux Server 7.9 (Maipo)" ANSI_COLOR="0;31" CPE_NAME="cpe:/o:redhat:enterprise_linux:7.9:GA:server" HOME_URL="https://www.redhat.com/" BUG_REPORT_URL="https://bugzilla.redhat.com/"  REDHAT_BUGZILLA_PRODUCT="Red Hat Enterprise Linux 7" REDHAT_BUGZILLA_PRODUCT_VERSION=7.9 REDHAT_SUPPORT_PRODUCT="Red Hat Enterprise Linux" REDHAT_SUPPORT_PRODUCT_VERSION="7.9"
1	Computer Name	quartz2744
1	Result Size	3663861
1	Collection start time	20:53:02 21/04/2021 UTC
1	Collection stop time	20:53:03 21/04/2021 UTC
1	Collector Type	User-mode sampling and tracing
1	CPU	
2	Name	Intel(R) Xeon(R) Processor code named Broadwell
2	Frequency	2095147571
2	Logical CPU Count	72
