Hierarchy Level	Metric Name	Metric Value
0	Elapsed Time	0.127735
1	Paused Time	0.0
0	Effective CPU Utilization	0.0% (0.000 out of 72 logical CPUs)
1	OpenMP Analysis. Collection Time	0.127735
2	Serial Time (outside parallel regions)	0.115s (90.1%)
3	Top Serial Hotspots (outside parallel regions)	
3	Function	Module	Serial CPU Time
3	__kmp_get_global_thread_id_reg	libiomp5.so	0.030000
3	__kmp_fork_call	libiomp5.so	0.010068
2	Parallel Region Time	0.013s (9.9%)
3	Estimated Ideal Time	0.010s (7.6%)
3	OpenMP Potential Gain	0.003s (2.3%)
1	Total Thread Count	4
2	Thread Oversubscription	0s (0.0% of CPU Time)
1	Wait Time with poor CPU Utilization	0.001s (100.0% of Wait Time)
2	Top Waiting Objects	
2	Sync Object	Wait Time with poor CPU Utilization	(% from Object Wait Time)(%)	Wait Count
2	Stream 0x1fde4e35	0.001173	100.0	1
2	Stream /proc/cpuinfo 0x1dcde512	0.000049	100.0	1
2	Stream /proc/meminfo 0xd037d555	0.000030	100.0	1
2	Stream /sys/kernel/mm/transparent_hugepage/enabled 0xb47ee8ca	0.000010	100.0	1
2	Stream /proc/sys/vm/nr_hugepages 0x9781eafd	0.000010	100.0	1
2	Stream /proc/meminfo 0x38ab9f8e	0.000009	100.0	1
1	Spin and Overhead Time	0.080s (100.0% of CPU Time)
2	Top Functions with Spin or Overhead Time	
2	Function	Module	Spin and Overhead Time	(% from CPU Time)(%)
2	__kmp_get_global_thread_id_reg	libiomp5.so	0.030000	37.5
2	__kmp_fork_barrier	libiomp5.so	0.030000	37.5
2	__kmp_fork_call	libiomp5.so	0.010068	12.6
2	__kmp_join_call	libiomp5.so	0.009932	12.4
0	Collection and Platform Info	
1	Application Command Line	backprop "8192" 
1	Operating System	3.10.0-1160.15.2.1chaos.ch6.x86_64 NAME="Red Hat Enterprise Linux Server" VERSION="7.9 (Maipo)" ID="rhel" ID_LIKE="fedora" VARIANT="Server" VARIANT_ID="server" VERSION_ID="7.9" PRETTY_NAME="Red Hat Enterprise Linux Server 7.9 (Maipo)" ANSI_COLOR="0;31" CPE_NAME="cpe:/o:redhat:enterprise_linux:7.9:GA:server" HOME_URL="https://www.redhat.com/" BUG_REPORT_URL="https://bugzilla.redhat.com/"  REDHAT_BUGZILLA_PRODUCT="Red Hat Enterprise Linux 7" REDHAT_BUGZILLA_PRODUCT_VERSION=7.9 REDHAT_SUPPORT_PRODUCT="Red Hat Enterprise Linux" REDHAT_SUPPORT_PRODUCT_VERSION="7.9"
1	Computer Name	quartz2744
1	Result Size	3608019
1	Collection start time	20:54:08 21/04/2021 UTC
1	Collection stop time	20:54:08 21/04/2021 UTC
1	Collector Type	User-mode sampling and tracing
1	CPU	
2	Name	Intel(R) Xeon(R) Processor code named Broadwell
2	Frequency	2095146963
2	Logical CPU Count	72
