Hierarchy Level	Metric Name	Metric Value
0	Elapsed Time	0.173415
1	Paused Time	0.0
0	Effective CPU Utilization	0.0% (0.000 out of 72 logical CPUs)
1	OpenMP Analysis. Collection Time	0.173415
2	Serial Time (outside parallel regions)	0.163s (94.1%)
3	Top Serial Hotspots (outside parallel regions)	
3	Function	Module	Serial CPU Time
3	__kmp_get_global_thread_id_reg	libiomp5.so	0.030000
3	__pthread_create_2_1	libpthread.so.0	0.010000
2	Parallel Region Time	0.010s (5.9%)
3	Estimated Ideal Time	0.003s (1.6%)
3	OpenMP Potential Gain	0.007s (4.3%)
1	Total Thread Count	9
2	Thread Oversubscription	0s (0.0% of CPU Time)
1	Wait Time with poor CPU Utilization	0.026s (100.0% of Wait Time)
2	Top Waiting Objects	
2	Sync Object	Wait Time with poor CPU Utilization	(% from Object Wait Time)(%)	Wait Count
2	Condition Variable 0x74c978ed	0.025363	100.0	6
2	Stream 0x1fde4e35	0.000961	100.0	1
2	Stream /proc/cpuinfo 0x1dcde512	0.000049	100.0	1
2	Mutex 0x6cb3026d	0.000026	100.0	1
2	Stream /sys/kernel/mm/transparent_hugepage/enabled 0xb47ee8ca	0.000015	100.0	1
2	[Others]	0.000031	100.0	3
1	Spin and Overhead Time	0.310s (100.0% of CPU Time)
2	Top Functions with Spin or Overhead Time	
2	Function	Module	Spin and Overhead Time	(% from CPU Time)(%)
2	__kmp_fork_barrier	libiomp5.so	0.219926	70.9
2	__kmp_barrier	libiomp5.so	0.050074	16.2
2	__kmp_get_global_thread_id_reg	libiomp5.so	0.030000	9.7
2	__pthread_create_2_1	libpthread.so.0	0.010000	3.2
0	Collection and Platform Info	
1	Application Command Line	backprop "4096" 
1	Operating System	3.10.0-1160.15.2.1chaos.ch6.x86_64 NAME="Red Hat Enterprise Linux Server" VERSION="7.9 (Maipo)" ID="rhel" ID_LIKE="fedora" VARIANT="Server" VARIANT_ID="server" VERSION_ID="7.9" PRETTY_NAME="Red Hat Enterprise Linux Server 7.9 (Maipo)" ANSI_COLOR="0;31" CPE_NAME="cpe:/o:redhat:enterprise_linux:7.9:GA:server" HOME_URL="https://www.redhat.com/" BUG_REPORT_URL="https://bugzilla.redhat.com/"  REDHAT_BUGZILLA_PRODUCT="Red Hat Enterprise Linux 7" REDHAT_BUGZILLA_PRODUCT_VERSION=7.9 REDHAT_SUPPORT_PRODUCT="Red Hat Enterprise Linux" REDHAT_SUPPORT_PRODUCT_VERSION="7.9"
1	Computer Name	quartz2744
1	Result Size	3594577
1	Collection start time	20:51:27 21/04/2021 UTC
1	Collection stop time	20:51:28 21/04/2021 UTC
1	Collector Type	User-mode sampling and tracing
1	CPU	
2	Name	Intel(R) Xeon(R) Processor code named Broadwell
2	Frequency	2095148663
2	Logical CPU Count	72
