Hierarchy Level	Metric Name	Metric Value
0	Elapsed Time	0.210658
1	Paused Time	0.0
0	Effective CPU Utilization	0.5% (0.387 out of 72 logical CPUs)
1	OpenMP Analysis. Collection Time	0.210658
2	Serial Time (outside parallel regions)	0.192s (91.2%)
3	Top Serial Hotspots (outside parallel regions)	
3	Function	Module	Serial CPU Time
3	__kmp_get_global_thread_id_reg	libiomp5.so	0.040000
3	__pthread_create_2_1	libpthread.so.0	0.010000
3	rand	libc.so.6	0.009986
3	alloc_2d_dbl	backprop	0.009907
2	Parallel Region Time	0.019s (8.8%)
3	Estimated Ideal Time	0.012s (5.8%)
3	OpenMP Potential Gain	0.006s (3.0%)
1	Total Thread Count	9
2	Thread Oversubscription	0s (0.0% of CPU Time)
1	Wait Time with poor CPU Utilization	0.036s (100.0% of Wait Time)
2	Top Waiting Objects	
2	Sync Object	Wait Time with poor CPU Utilization	(% from Object Wait Time)(%)	Wait Count
2	Condition Variable 0x74c978ed	0.035134	100.0	4
2	Stream 0x1fde4e35	0.001015	100.0	1
2	Stream /proc/cpuinfo 0x1dcde512	0.000105	100.0	2
2	Mutex 0x6cb3026d	0.000073	100.0	1
2	Stream /proc/meminfo 0xd037d555	0.000014	100.0	1
2	[Others]	0.000038	100.0	3
1	Spin and Overhead Time	0.300s (78.9% of CPU Time)
2	Top Functions with Spin or Overhead Time	
2	Function	Module	Spin and Overhead Time	(% from CPU Time)(%)
2	__kmp_fork_barrier	libiomp5.so	0.239865	63.1
2	__kmp_get_global_thread_id_reg	libiomp5.so	0.040000	10.5
2	__kmp_barrier	libiomp5.so	0.010014	2.6
2	__pthread_create_2_1	libpthread.so.0	0.010000	2.6
0	Collection and Platform Info	
1	Application Command Line	backprop "65536" 
1	Operating System	3.10.0-1160.15.2.1chaos.ch6.x86_64 NAME="Red Hat Enterprise Linux Server" VERSION="7.9 (Maipo)" ID="rhel" ID_LIKE="fedora" VARIANT="Server" VARIANT_ID="server" VERSION_ID="7.9" PRETTY_NAME="Red Hat Enterprise Linux Server 7.9 (Maipo)" ANSI_COLOR="0;31" CPE_NAME="cpe:/o:redhat:enterprise_linux:7.9:GA:server" HOME_URL="https://www.redhat.com/" BUG_REPORT_URL="https://bugzilla.redhat.com/"  REDHAT_BUGZILLA_PRODUCT="Red Hat Enterprise Linux 7" REDHAT_BUGZILLA_PRODUCT_VERSION=7.9 REDHAT_SUPPORT_PRODUCT="Red Hat Enterprise Linux" REDHAT_SUPPORT_PRODUCT_VERSION="7.9"
1	Computer Name	quartz2744
1	Result Size	3637689
1	Collection start time	21:00:04 21/04/2021 UTC
1	Collection stop time	21:00:05 21/04/2021 UTC
1	Collector Type	User-mode sampling and tracing
1	CPU	
2	Name	Intel(R) Xeon(R) Processor code named Broadwell
2	Frequency	2095148849
2	Logical CPU Count	72
